This is pdfTeX, Version 3.141592653-2.6-1.40.22 (TeX Live 2021) (preloaded format=pdflatex 2022.1.27)  17 FEB 2022 20:59
entering extended mode
 restricted \write18 enabled.
 %&-line parsing enabled.
**research_paper.tex
(./research_paper.tex
LaTeX2e <2020-10-01> patch level 4
L3 programming layer <2021-05-07> (./bmstu.cls
Document Class: bmstu 2021/11/01 v1.0 BMSTU class
(/usr/share/texlive/texmf-dist/tex/latex/extsizes/extreport.cls
Document Class: extreport 1996/10/08 v1.0 Non Standard LaTeX document class
(/usr/share/texlive/texmf-dist/tex/latex/extsizes/size14.clo
File: size14.clo 1999/11/11 v1.4a NON-Standard LaTeX file (size option)
)
(/usr/share/texlive/texmf-dist/tex/latex/base/exscale.sty
Package: exscale 2018/09/24 v2.1i Standard LaTeX package exscale
LaTeX Font Info:    Redeclaring symbol font `largesymbols' on input line 57.
LaTeX Font Info:    Overwriting symbol font `largesymbols' in version `normal'
(Font)                  OMX/cmex/m/n --> OMX/cmex/m/n on input line 57.
LaTeX Font Info:    Overwriting symbol font `largesymbols' in version `bold'
(Font)                  OMX/cmex/m/n --> OMX/cmex/m/n on input line 57.
\big@size=\dimen138
)
\c@part=\count179
\c@chapter=\count180
\c@section=\count181
\c@subsection=\count182
\c@subsubsection=\count183
\c@paragraph=\count184
\c@subparagraph=\count185
\c@figure=\count186
\c@table=\count187
\abovecaptionskip=\skip47
\belowcaptionskip=\skip48
\bibindent=\dimen139
)
(/usr/share/texlive/texmf-dist/tex/latex/base/fontenc.sty
Package: fontenc 2020/08/10 v2.0s Standard LaTeX package

(/usr/share/texlive/texmf-dist/tex/latex/cyrillic/t2aenc.def
File: t2aenc.def 2005/09/27 v1.0i Cyrillic encoding definition file
Now handling font encoding T2A ...
... processing UTF-8 mapping file for font encoding T2A

(/usr/share/texlive/texmf-dist/tex/latex/base/t2aenc.dfu
File: t2aenc.dfu 2019/11/14 v1.2k UTF-8 support for inputenc
   defining Unicode char U+00A4 (decimal 164)
   defining Unicode char U+00A7 (decimal 167)
   defining Unicode char U+00AB (decimal 171)
   defining Unicode char U+00BB (decimal 187)
   defining Unicode char U+0131 (decimal 305)
   defining Unicode char U+0237 (decimal 567)
   defining Unicode char U+0400 (decimal 1024)
   defining Unicode char U+0401 (decimal 1025)
   defining Unicode char U+0402 (decimal 1026)
   defining Unicode char U+0403 (decimal 1027)
   defining Unicode char U+0404 (decimal 1028)
   defining Unicode char U+0405 (decimal 1029)
   defining Unicode char U+0406 (decimal 1030)
   defining Unicode char U+0407 (decimal 1031)
   defining Unicode char U+0408 (decimal 1032)
   defining Unicode char U+0409 (decimal 1033)
   defining Unicode char U+040A (decimal 1034)
   defining Unicode char U+040B (decimal 1035)
   defining Unicode char U+040C (decimal 1036)
   defining Unicode char U+040D (decimal 1037)
   defining Unicode char U+040E (decimal 1038)
   defining Unicode char U+040F (decimal 1039)
   defining Unicode char U+0410 (decimal 1040)
   defining Unicode char U+0411 (decimal 1041)
   defining Unicode char U+0412 (decimal 1042)
   defining Unicode char U+0413 (decimal 1043)
   defining Unicode char U+0414 (decimal 1044)
   defining Unicode char U+0415 (decimal 1045)
   defining Unicode char U+0416 (decimal 1046)
   defining Unicode char U+0417 (decimal 1047)
   defining Unicode char U+0418 (decimal 1048)
   defining Unicode char U+0419 (decimal 1049)
   defining Unicode char U+041A (decimal 1050)
   defining Unicode char U+041B (decimal 1051)
   defining Unicode char U+041C (decimal 1052)
   defining Unicode char U+041D (decimal 1053)
   defining Unicode char U+041E (decimal 1054)
   defining Unicode char U+041F (decimal 1055)
   defining Unicode char U+0420 (decimal 1056)
   defining Unicode char U+0421 (decimal 1057)
   defining Unicode char U+0422 (decimal 1058)
   defining Unicode char U+0423 (decimal 1059)
   defining Unicode char U+0424 (decimal 1060)
   defining Unicode char U+0425 (decimal 1061)
   defining Unicode char U+0426 (decimal 1062)
   defining Unicode char U+0427 (decimal 1063)
   defining Unicode char U+0428 (decimal 1064)
   defining Unicode char U+0429 (decimal 1065)
   defining Unicode char U+042A (decimal 1066)
   defining Unicode char U+042B (decimal 1067)
   defining Unicode char U+042C (decimal 1068)
   defining Unicode char U+042D (decimal 1069)
   defining Unicode char U+042E (decimal 1070)
   defining Unicode char U+042F (decimal 1071)
   defining Unicode char U+0430 (decimal 1072)
   defining Unicode char U+0431 (decimal 1073)
   defining Unicode char U+0432 (decimal 1074)
   defining Unicode char U+0433 (decimal 1075)
   defining Unicode char U+0434 (decimal 1076)
   defining Unicode char U+0435 (decimal 1077)
   defining Unicode char U+0436 (decimal 1078)
   defining Unicode char U+0437 (decimal 1079)
   defining Unicode char U+0438 (decimal 1080)
   defining Unicode char U+0439 (decimal 1081)
   defining Unicode char U+043A (decimal 1082)
   defining Unicode char U+043B (decimal 1083)
   defining Unicode char U+043C (decimal 1084)
   defining Unicode char U+043D (decimal 1085)
   defining Unicode char U+043E (decimal 1086)
   defining Unicode char U+043F (decimal 1087)
   defining Unicode char U+0440 (decimal 1088)
   defining Unicode char U+0441 (decimal 1089)
   defining Unicode char U+0442 (decimal 1090)
   defining Unicode char U+0443 (decimal 1091)
   defining Unicode char U+0444 (decimal 1092)
   defining Unicode char U+0445 (decimal 1093)
   defining Unicode char U+0446 (decimal 1094)
   defining Unicode char U+0447 (decimal 1095)
   defining Unicode char U+0448 (decimal 1096)
   defining Unicode char U+0449 (decimal 1097)
   defining Unicode char U+044A (decimal 1098)
   defining Unicode char U+044B (decimal 1099)
   defining Unicode char U+044C (decimal 1100)
   defining Unicode char U+044D (decimal 1101)
   defining Unicode char U+044E (decimal 1102)
   defining Unicode char U+044F (decimal 1103)
   defining Unicode char U+0450 (decimal 1104)
   defining Unicode char U+0451 (decimal 1105)
   defining Unicode char U+0452 (decimal 1106)
   defining Unicode char U+0453 (decimal 1107)
   defining Unicode char U+0454 (decimal 1108)
   defining Unicode char U+0455 (decimal 1109)
   defining Unicode char U+0456 (decimal 1110)
   defining Unicode char U+0457 (decimal 1111)
   defining Unicode char U+0458 (decimal 1112)
   defining Unicode char U+0459 (decimal 1113)
   defining Unicode char U+045A (decimal 1114)
   defining Unicode char U+045B (decimal 1115)
   defining Unicode char U+045C (decimal 1116)
   defining Unicode char U+045D (decimal 1117)
   defining Unicode char U+045E (decimal 1118)
   defining Unicode char U+045F (decimal 1119)
   defining Unicode char U+0490 (decimal 1168)
   defining Unicode char U+0491 (decimal 1169)
   defining Unicode char U+0492 (decimal 1170)
   defining Unicode char U+0493 (decimal 1171)
   defining Unicode char U+0496 (decimal 1174)
   defining Unicode char U+0497 (decimal 1175)
   defining Unicode char U+0498 (decimal 1176)
   defining Unicode char U+0499 (decimal 1177)
   defining Unicode char U+049A (decimal 1178)
   defining Unicode char U+049B (decimal 1179)
   defining Unicode char U+049C (decimal 1180)
   defining Unicode char U+049D (decimal 1181)
   defining Unicode char U+04A0 (decimal 1184)
   defining Unicode char U+04A1 (decimal 1185)
   defining Unicode char U+04A2 (decimal 1186)
   defining Unicode char U+04A3 (decimal 1187)
   defining Unicode char U+04A4 (decimal 1188)
   defining Unicode char U+04A5 (decimal 1189)
   defining Unicode char U+04AA (decimal 1194)
   defining Unicode char U+04AB (decimal 1195)
   defining Unicode char U+04AE (decimal 1198)
   defining Unicode char U+04AF (decimal 1199)
   defining Unicode char U+04B0 (decimal 1200)
   defining Unicode char U+04B1 (decimal 1201)
   defining Unicode char U+04B2 (decimal 1202)
   defining Unicode char U+04B3 (decimal 1203)
   defining Unicode char U+04B6 (decimal 1206)
   defining Unicode char U+04B7 (decimal 1207)
   defining Unicode char U+04B8 (decimal 1208)
   defining Unicode char U+04B9 (decimal 1209)
   defining Unicode char U+04BA (decimal 1210)
   defining Unicode char U+04BB (decimal 1211)
   defining Unicode char U+04C0 (decimal 1216)
   defining Unicode char U+04C1 (decimal 1217)
   defining Unicode char U+04C2 (decimal 1218)
   defining Unicode char U+04D0 (decimal 1232)
   defining Unicode char U+04D1 (decimal 1233)
   defining Unicode char U+04D2 (decimal 1234)
   defining Unicode char U+04D3 (decimal 1235)
   defining Unicode char U+04D4 (decimal 1236)
   defining Unicode char U+04D5 (decimal 1237)
   defining Unicode char U+04D6 (decimal 1238)
   defining Unicode char U+04D7 (decimal 1239)
   defining Unicode char U+04D8 (decimal 1240)
   defining Unicode char U+04D9 (decimal 1241)
   defining Unicode char U+04DA (decimal 1242)
   defining Unicode char U+04DB (decimal 1243)
   defining Unicode char U+04DC (decimal 1244)
   defining Unicode char U+04DD (decimal 1245)
   defining Unicode char U+04DE (decimal 1246)
   defining Unicode char U+04DF (decimal 1247)
   defining Unicode char U+04E2 (decimal 1250)
   defining Unicode char U+04E3 (decimal 1251)
   defining Unicode char U+04E4 (decimal 1252)
   defining Unicode char U+04E5 (decimal 1253)
   defining Unicode char U+04E6 (decimal 1254)
   defining Unicode char U+04E7 (decimal 1255)
   defining Unicode char U+04E8 (decimal 1256)
   defining Unicode char U+04E9 (decimal 1257)
   defining Unicode char U+04EC (decimal 1260)
   defining Unicode char U+04ED (decimal 1261)
   defining Unicode char U+04EE (decimal 1262)
   defining Unicode char U+04EF (decimal 1263)
   defining Unicode char U+04F0 (decimal 1264)
   defining Unicode char U+04F1 (decimal 1265)
   defining Unicode char U+04F2 (decimal 1266)
   defining Unicode char U+04F3 (decimal 1267)
   defining Unicode char U+04F4 (decimal 1268)
   defining Unicode char U+04F5 (decimal 1269)
   defining Unicode char U+04F8 (decimal 1272)
   defining Unicode char U+04F9 (decimal 1273)
   defining Unicode char U+200C (decimal 8204)
   defining Unicode char U+2013 (decimal 8211)
   defining Unicode char U+2014 (decimal 8212)
   defining Unicode char U+2018 (decimal 8216)
   defining Unicode char U+2019 (decimal 8217)
   defining Unicode char U+201C (decimal 8220)
   defining Unicode char U+201D (decimal 8221)
   defining Unicode char U+201E (decimal 8222)
   defining Unicode char U+2030 (decimal 8240)
   defining Unicode char U+2031 (decimal 8241)
   defining Unicode char U+2116 (decimal 8470)
   defining Unicode char U+2329 (decimal 9001)
   defining Unicode char U+232A (decimal 9002)
   defining Unicode char U+2423 (decimal 9251)
   defining Unicode char U+27E8 (decimal 10216)
   defining Unicode char U+27E9 (decimal 10217)
   defining Unicode char U+FB00 (decimal 64256)
   defining Unicode char U+FB01 (decimal 64257)
   defining Unicode char U+FB02 (decimal 64258)
   defining Unicode char U+FB03 (decimal 64259)
   defining Unicode char U+FB04 (decimal 64260)
   defining Unicode char U+FB05 (decimal 64261)
   defining Unicode char U+FB06 (decimal 64262)
))
LaTeX Font Info:    Trying to load font information for T2A+cmr on input line 1
12.

(/usr/share/texlive/texmf-dist/tex/latex/cyrillic/t2acmr.fd
File: t2acmr.fd 2001/08/11 v1.0a Computer Modern Cyrillic font definitions
))
(/usr/share/texlive/texmf-dist/tex/latex/base/inputenc.sty
Package: inputenc 2020/08/01 v1.3d Input encoding file
\inpenc@prehook=\toks15
\inpenc@posthook=\toks16
)
(/usr/share/texlive/texmf-dist/tex/generic/babel/babel.sty
Package: babel 2021/04/26 3.58 The Babel package

(/usr/share/texlive/texmf-dist/tex/generic/babel/babel.def
File: babel.def 2021/04/26 3.58 Babel common definitions
\babel@savecnt=\count188
\U@D=\dimen140
\l@unhyphenated=\language85

(/usr/share/texlive/texmf-dist/tex/generic/babel/txtbabel.def)
\bbl@readstream=\read2
)
\bbl@dirlevel=\count189

(/usr/share/texlive/texmf-dist/tex/generic/babel-english/english.ldf
Language: english 2017/06/06 v3.3r English support from the babel system
Package babel Info: Hyphen rules for 'canadian' set to \l@english
(babel)             (\language0). Reported on input line 102.
Package babel Info: Hyphen rules for 'australian' set to \l@ukenglish
(babel)             (\language26). Reported on input line 105.
Package babel Info: Hyphen rules for 'newzealand' set to \l@ukenglish
(babel)             (\language26). Reported on input line 108.
)
(/usr/share/texlive/texmf-dist/tex/generic/babel-russian/russianb.ldf
File: russianb.ldf 2021/01/10 1.3m Russian support for the Babel system
Language: russian 2020/09/09 1.3k Russian support for the Babel system
Package babel Info: Making " an active character on input line 124.
Package babel Info: Default for \cyrdash is provided on input line 163.
))
(/usr/share/texlive/texmf-dist/tex/latex/geometry/geometry.sty
Package: geometry 2020/01/02 v5.9 Page Geometry

(/usr/share/texlive/texmf-dist/tex/latex/graphics/keyval.sty
Package: keyval 2014/10/28 v1.15 key=value parser (DPC)
\KV@toks@=\toks17
)
(/usr/share/texlive/texmf-dist/tex/generic/iftex/ifvtex.sty
Package: ifvtex 2019/10/25 v1.7 ifvtex legacy package. Use iftex instead.

(/usr/share/texlive/texmf-dist/tex/generic/iftex/iftex.sty
Package: iftex 2020/03/06 v1.0d TeX engine tests
))
\Gm@cnth=\count190
\Gm@cntv=\count191
\c@Gm@tempcnt=\count192
\Gm@bindingoffset=\dimen141
\Gm@wd@mp=\dimen142
\Gm@odd@mp=\dimen143
\Gm@even@mp=\dimen144
\Gm@layoutwidth=\dimen145
\Gm@layoutheight=\dimen146
\Gm@layouthoffset=\dimen147
\Gm@layoutvoffset=\dimen148
\Gm@dimlist=\toks18
)
(/usr/share/texlive/texmf-dist/tex/latex/microtype/microtype.sty
Package: microtype 2021/03/14 v2.8c Micro-typographical refinements (RS)
\MT@toks=\toks19
\MT@count=\count193
LaTeX Info: Redefining \textls on input line 790.
\MT@outer@kern=\dimen149
LaTeX Info: Redefining \textmicrotypecontext on input line 1374.
\MT@listname@count=\count194

(/usr/share/texlive/texmf-dist/tex/latex/microtype/microtype-pdftex.def
File: microtype-pdftex.def 2021/03/14 v2.8c Definitions specific to pdftex (RS)

LaTeX Info: Redefining \lsstyle on input line 915.
LaTeX Info: Redefining \lslig on input line 915.
\MT@outer@space=\skip49
)
Package microtype Info: Loading configuration file microtype.cfg.

(/usr/share/texlive/texmf-dist/tex/latex/microtype/microtype.cfg
File: microtype.cfg 2021/03/14 v2.8c microtype main configuration file (RS)
))
(/usr/share/texlive/texmf-dist/tex/latex/setspace/setspace.sty
Package: setspace 2011/12/19 v6.7a set line spacing
)
(/usr/share/texlive/texmf-dist/tex/latex/tools/indentfirst.sty
Package: indentfirst 1995/11/23 v1.03 Indent first paragraph (DPC)
)
(/usr/share/texlive/texmf-dist/tex/latex/titlesec/titlesec.sty
Package: titlesec 2019/10/16 v2.13 Sectioning titles
\ttl@box=\box47
\beforetitleunit=\skip50
\aftertitleunit=\skip51
\ttl@plus=\dimen150
\ttl@minus=\dimen151
\ttl@toksa=\toks20
\titlewidth=\dimen152
\titlewidthlast=\dimen153
\titlewidthfirst=\dimen154
)
(/usr/share/texlive/texmf-dist/tex/latex/graphics/graphicx.sty
Package: graphicx 2020/09/09 v1.2b Enhanced LaTeX Graphics (DPC,SPQR)

(/usr/share/texlive/texmf-dist/tex/latex/graphics/graphics.sty
Package: graphics 2020/08/30 v1.4c Standard LaTeX Graphics (DPC,SPQR)

(/usr/share/texlive/texmf-dist/tex/latex/graphics/trig.sty
Package: trig 2016/01/03 v1.10 sin cos tan (DPC)
)
(/usr/share/texlive/texmf-dist/tex/latex/graphics-cfg/graphics.cfg
File: graphics.cfg 2016/06/04 v1.11 sample graphics configuration
)
Package graphics Info: Driver file: pdftex.def on input line 105.

(/usr/share/texlive/texmf-dist/tex/latex/graphics-def/pdftex.def
File: pdftex.def 2020/10/05 v1.2a Graphics/color driver for pdftex
))
\Gin@req@height=\dimen155
\Gin@req@width=\dimen156
)
(/usr/share/texlive/texmf-dist/tex/latex/float/float.sty
Package: float 2001/11/08 v1.3d Float enhancements (AL)
\c@float@type=\count195
\float@exts=\toks21
\float@box=\box48
\@float@everytoks=\toks22
\@floatcapt=\box49
)
(/usr/share/texlive/texmf-dist/tex/latex/wrapfig/wrapfig.sty
\wrapoverhang=\dimen157
\WF@size=\dimen158
\c@WF@wrappedlines=\count196
\WF@box=\box50
\WF@everypar=\toks23
Package: wrapfig 2003/01/31  v 3.6
)
(/usr/share/texlive/texmf-dist/tex/latex/tikzscale/tikzscale.sty
Package: tikzscale 2013/05/22 v0.2.6 tikzscale LaTeX package

(/usr/share/texlive/texmf-dist/tex/latex/etoolbox/etoolbox.sty
Package: etoolbox 2020/10/05 v2.5k e-TeX tools for LaTeX (JAW)
\etb@tempcnta=\count197
)
(/usr/share/texlive/texmf-dist/tex/latex/pgf/utilities/pgfkeys.sty
(/usr/share/texlive/texmf-dist/tex/generic/pgf/utilities/pgfkeys.code.tex
\pgfkeys@pathtoks=\toks24
\pgfkeys@temptoks=\toks25

(/usr/share/texlive/texmf-dist/tex/generic/pgf/utilities/pgfkeysfiltered.code.t
ex
\pgfkeys@tmptoks=\toks26
))) (/usr/share/texlive/texmf-dist/tex/latex/l3packages/xparse/xparse.sty
(/usr/share/texlive/texmf-dist/tex/latex/l3kernel/expl3.sty
Package: expl3 2021-05-07 L3 programming layer (loader) 

(/usr/share/texlive/texmf-dist/tex/latex/l3backend/l3backend-pdftex.def
File: l3backend-pdftex.def 2021-05-07 L3 backend support: PDF output (pdfTeX)
\l__color_backend_stack_int=\count198
\l__pdf_internal_box=\box51
))
(/usr/share/texlive/texmf-dist/tex/latex/l3packages/xparse/xparse-2020-10-01.st
y (/usr/share/texlive/texmf-dist/tex/latex/l3packages/xparse/xparse-generic.tex
))) (/usr/share/texlive/texmf-dist/tex/latex/letltxmacro/letltxmacro.sty
Package: letltxmacro 2019/12/03 v1.6 Let assignment for LaTeX macros (HO)
)
(/usr/share/texlive/texmf-dist/tex/generic/xstring/xstring.sty
(/usr/share/texlive/texmf-dist/tex/generic/xstring/xstring.tex
\integerpart=\count199
\decimalpart=\count266
)
Package: xstring 2019/02/06 v1.83 String manipulations (CT)
)
\tikzscale@measuredSize=\box52
)
(/usr/share/texlive/texmf-dist/tex/latex/tools/tabularx.sty
Package: tabularx 2020/01/15 v2.11c `tabularx' package (DPC)

(/usr/share/texlive/texmf-dist/tex/latex/tools/array.sty
Package: array 2020/10/01 v2.5c Tabular extension package (FMi)
\col@sep=\dimen159
\ar@mcellbox=\box53
\extrarowheight=\dimen160
\NC@list=\toks27
\extratabsurround=\skip52
\backup@length=\skip53
\ar@cellbox=\box54
)
\TX@col@width=\dimen161
\TX@old@table=\dimen162
\TX@old@col=\dimen163
\TX@target=\dimen164
\TX@delta=\dimen165
\TX@cols=\count267
\TX@ftn=\toks28
)
(/usr/share/texlive/texmf-dist/tex/latex/booktabs/booktabs.sty
Package: booktabs 2020/01/12 v1.61803398 Publication quality tables
\heavyrulewidth=\dimen166
\lightrulewidth=\dimen167
\cmidrulewidth=\dimen168
\belowrulesep=\dimen169
\belowbottomsep=\dimen170
\aboverulesep=\dimen171
\abovetopsep=\dimen172
\cmidrulesep=\dimen173
\cmidrulekern=\dimen174
\defaultaddspace=\dimen175
\@cmidla=\count268
\@cmidlb=\count269
\@aboverulesep=\dimen176
\@belowrulesep=\dimen177
\@thisruleclass=\count270
\@lastruleclass=\count271
\@thisrulewidth=\dimen178
)
(/usr/share/texlive/texmf-dist/tex/latex/pgfplots/pgfplots.sty
(/usr/share/texlive/texmf-dist/tex/generic/pgfplots/pgfplots.revision.tex)
Package: pgfplots 2021/05/08 v1.18 Data Visualization (1.18)

(/usr/share/texlive/texmf-dist/tex/latex/pgf/frontendlayer/tikz.sty
(/usr/share/texlive/texmf-dist/tex/latex/pgf/basiclayer/pgf.sty
(/usr/share/texlive/texmf-dist/tex/latex/pgf/utilities/pgfrcs.sty
(/usr/share/texlive/texmf-dist/tex/generic/pgf/utilities/pgfutil-common.tex
\pgfutil@everybye=\toks29
\pgfutil@tempdima=\dimen179
\pgfutil@tempdimb=\dimen180

(/usr/share/texlive/texmf-dist/tex/generic/pgf/utilities/pgfutil-common-lists.t
ex)) (/usr/share/texlive/texmf-dist/tex/generic/pgf/utilities/pgfutil-latex.def
\pgfutil@abb=\box55
) (/usr/share/texlive/texmf-dist/tex/generic/pgf/utilities/pgfrcs.code.tex
(/usr/share/texlive/texmf-dist/tex/generic/pgf/pgf.revision.tex)
Package: pgfrcs 2020/12/27 v3.1.8b (3.1.8b)
))
Package: pgf 2020/12/27 v3.1.8b (3.1.8b)

(/usr/share/texlive/texmf-dist/tex/latex/pgf/basiclayer/pgfcore.sty
(/usr/share/texlive/texmf-dist/tex/latex/pgf/systemlayer/pgfsys.sty
(/usr/share/texlive/texmf-dist/tex/generic/pgf/systemlayer/pgfsys.code.tex
Package: pgfsys 2020/12/27 v3.1.8b (3.1.8b)

(/usr/share/texlive/texmf-dist/tex/generic/pgf/utilities/pgfkeys.code.tex)
\pgf@x=\dimen181
\pgf@y=\dimen182
\pgf@xa=\dimen183
\pgf@ya=\dimen184
\pgf@xb=\dimen185
\pgf@yb=\dimen186
\pgf@xc=\dimen187
\pgf@yc=\dimen188
\pgf@xd=\dimen189
\pgf@yd=\dimen190
\w@pgf@writea=\write3
\r@pgf@reada=\read3
\c@pgf@counta=\count272
\c@pgf@countb=\count273
\c@pgf@countc=\count274
\c@pgf@countd=\count275
\t@pgf@toka=\toks30
\t@pgf@tokb=\toks31
\t@pgf@tokc=\toks32
\pgf@sys@id@count=\count276

(/usr/share/texlive/texmf-dist/tex/generic/pgf/systemlayer/pgf.cfg
File: pgf.cfg 2020/12/27 v3.1.8b (3.1.8b)
)
Driver file for pgf: pgfsys-pdftex.def

(/usr/share/texlive/texmf-dist/tex/generic/pgf/systemlayer/pgfsys-pdftex.def
File: pgfsys-pdftex.def 2020/12/27 v3.1.8b (3.1.8b)

(/usr/share/texlive/texmf-dist/tex/generic/pgf/systemlayer/pgfsys-common-pdf.de
f
File: pgfsys-common-pdf.def 2020/12/27 v3.1.8b (3.1.8b)
)))
(/usr/share/texlive/texmf-dist/tex/generic/pgf/systemlayer/pgfsyssoftpath.code.
tex
File: pgfsyssoftpath.code.tex 2020/12/27 v3.1.8b (3.1.8b)
\pgfsyssoftpath@smallbuffer@items=\count277
\pgfsyssoftpath@bigbuffer@items=\count278
)
(/usr/share/texlive/texmf-dist/tex/generic/pgf/systemlayer/pgfsysprotocol.code.
tex
File: pgfsysprotocol.code.tex 2020/12/27 v3.1.8b (3.1.8b)
)) (/usr/share/texlive/texmf-dist/tex/latex/xcolor/xcolor.sty
Package: xcolor 2016/05/11 v2.12 LaTeX color extensions (UK)

(/usr/share/texlive/texmf-dist/tex/latex/graphics-cfg/color.cfg
File: color.cfg 2016/01/02 v1.6 sample color configuration
)
Package xcolor Info: Driver file: pdftex.def on input line 225.
Package xcolor Info: Model `cmy' substituted by `cmy0' on input line 1348.
Package xcolor Info: Model `hsb' substituted by `rgb' on input line 1352.
Package xcolor Info: Model `RGB' extended on input line 1364.
Package xcolor Info: Model `HTML' substituted by `rgb' on input line 1366.
Package xcolor Info: Model `Hsb' substituted by `hsb' on input line 1367.
Package xcolor Info: Model `tHsb' substituted by `hsb' on input line 1368.
Package xcolor Info: Model `HSB' substituted by `hsb' on input line 1369.
Package xcolor Info: Model `Gray' substituted by `gray' on input line 1370.
Package xcolor Info: Model `wave' substituted by `hsb' on input line 1371.
)
(/usr/share/texlive/texmf-dist/tex/generic/pgf/basiclayer/pgfcore.code.tex
Package: pgfcore 2020/12/27 v3.1.8b (3.1.8b)

(/usr/share/texlive/texmf-dist/tex/generic/pgf/math/pgfmath.code.tex
(/usr/share/texlive/texmf-dist/tex/generic/pgf/math/pgfmathcalc.code.tex
(/usr/share/texlive/texmf-dist/tex/generic/pgf/math/pgfmathutil.code.tex)
(/usr/share/texlive/texmf-dist/tex/generic/pgf/math/pgfmathparser.code.tex
\pgfmath@dimen=\dimen191
\pgfmath@count=\count279
\pgfmath@box=\box56
\pgfmath@toks=\toks33
\pgfmath@stack@operand=\toks34
\pgfmath@stack@operation=\toks35
)
(/usr/share/texlive/texmf-dist/tex/generic/pgf/math/pgfmathfunctions.code.tex
(/usr/share/texlive/texmf-dist/tex/generic/pgf/math/pgfmathfunctions.basic.code
.tex)
(/usr/share/texlive/texmf-dist/tex/generic/pgf/math/pgfmathfunctions.trigonomet
ric.code.tex)
(/usr/share/texlive/texmf-dist/tex/generic/pgf/math/pgfmathfunctions.random.cod
e.tex)
(/usr/share/texlive/texmf-dist/tex/generic/pgf/math/pgfmathfunctions.comparison
.code.tex)
(/usr/share/texlive/texmf-dist/tex/generic/pgf/math/pgfmathfunctions.base.code.
tex)
(/usr/share/texlive/texmf-dist/tex/generic/pgf/math/pgfmathfunctions.round.code
.tex)
(/usr/share/texlive/texmf-dist/tex/generic/pgf/math/pgfmathfunctions.misc.code.
tex)
(/usr/share/texlive/texmf-dist/tex/generic/pgf/math/pgfmathfunctions.integerari
thmetics.code.tex)))
(/usr/share/texlive/texmf-dist/tex/generic/pgf/math/pgfmathfloat.code.tex
\c@pgfmathroundto@lastzeros=\count280
))
(/usr/share/texlive/texmf-dist/tex/generic/pgf/math/pgfint.code.tex)
(/usr/share/texlive/texmf-dist/tex/generic/pgf/basiclayer/pgfcorepoints.code.te
x
File: pgfcorepoints.code.tex 2020/12/27 v3.1.8b (3.1.8b)
\pgf@picminx=\dimen192
\pgf@picmaxx=\dimen193
\pgf@picminy=\dimen194
\pgf@picmaxy=\dimen195
\pgf@pathminx=\dimen196
\pgf@pathmaxx=\dimen197
\pgf@pathminy=\dimen198
\pgf@pathmaxy=\dimen199
\pgf@xx=\dimen256
\pgf@xy=\dimen257
\pgf@yx=\dimen258
\pgf@yy=\dimen259
\pgf@zx=\dimen260
\pgf@zy=\dimen261
)
(/usr/share/texlive/texmf-dist/tex/generic/pgf/basiclayer/pgfcorepathconstruct.
code.tex
File: pgfcorepathconstruct.code.tex 2020/12/27 v3.1.8b (3.1.8b)
\pgf@path@lastx=\dimen262
\pgf@path@lasty=\dimen263
)
(/usr/share/texlive/texmf-dist/tex/generic/pgf/basiclayer/pgfcorepathusage.code
.tex
File: pgfcorepathusage.code.tex 2020/12/27 v3.1.8b (3.1.8b)
\pgf@shorten@end@additional=\dimen264
\pgf@shorten@start@additional=\dimen265
)
(/usr/share/texlive/texmf-dist/tex/generic/pgf/basiclayer/pgfcorescopes.code.te
x
File: pgfcorescopes.code.tex 2020/12/27 v3.1.8b (3.1.8b)
\pgfpic=\box57
\pgf@hbox=\box58
\pgf@layerbox@main=\box59
\pgf@picture@serial@count=\count281
)
(/usr/share/texlive/texmf-dist/tex/generic/pgf/basiclayer/pgfcoregraphicstate.c
ode.tex
File: pgfcoregraphicstate.code.tex 2020/12/27 v3.1.8b (3.1.8b)
\pgflinewidth=\dimen266
)
(/usr/share/texlive/texmf-dist/tex/generic/pgf/basiclayer/pgfcoretransformation
s.code.tex
File: pgfcoretransformations.code.tex 2020/12/27 v3.1.8b (3.1.8b)
\pgf@pt@x=\dimen267
\pgf@pt@y=\dimen268
\pgf@pt@temp=\dimen269
)
(/usr/share/texlive/texmf-dist/tex/generic/pgf/basiclayer/pgfcorequick.code.tex
File: pgfcorequick.code.tex 2020/12/27 v3.1.8b (3.1.8b)
)
(/usr/share/texlive/texmf-dist/tex/generic/pgf/basiclayer/pgfcoreobjects.code.t
ex
File: pgfcoreobjects.code.tex 2020/12/27 v3.1.8b (3.1.8b)
)
(/usr/share/texlive/texmf-dist/tex/generic/pgf/basiclayer/pgfcorepathprocessing
.code.tex
File: pgfcorepathprocessing.code.tex 2020/12/27 v3.1.8b (3.1.8b)
)
(/usr/share/texlive/texmf-dist/tex/generic/pgf/basiclayer/pgfcorearrows.code.te
x
File: pgfcorearrows.code.tex 2020/12/27 v3.1.8b (3.1.8b)
\pgfarrowsep=\dimen270
)
(/usr/share/texlive/texmf-dist/tex/generic/pgf/basiclayer/pgfcoreshade.code.tex
File: pgfcoreshade.code.tex 2020/12/27 v3.1.8b (3.1.8b)
\pgf@max=\dimen271
\pgf@sys@shading@range@num=\count282
\pgf@shadingcount=\count283
)
(/usr/share/texlive/texmf-dist/tex/generic/pgf/basiclayer/pgfcoreimage.code.tex
File: pgfcoreimage.code.tex 2020/12/27 v3.1.8b (3.1.8b)

(/usr/share/texlive/texmf-dist/tex/generic/pgf/basiclayer/pgfcoreexternal.code.
tex
File: pgfcoreexternal.code.tex 2020/12/27 v3.1.8b (3.1.8b)
\pgfexternal@startupbox=\box60
))
(/usr/share/texlive/texmf-dist/tex/generic/pgf/basiclayer/pgfcorelayers.code.te
x
File: pgfcorelayers.code.tex 2020/12/27 v3.1.8b (3.1.8b)
)
(/usr/share/texlive/texmf-dist/tex/generic/pgf/basiclayer/pgfcoretransparency.c
ode.tex
File: pgfcoretransparency.code.tex 2020/12/27 v3.1.8b (3.1.8b)
)
(/usr/share/texlive/texmf-dist/tex/generic/pgf/basiclayer/pgfcorepatterns.code.
tex
File: pgfcorepatterns.code.tex 2020/12/27 v3.1.8b (3.1.8b)
)
(/usr/share/texlive/texmf-dist/tex/generic/pgf/basiclayer/pgfcorerdf.code.tex
File: pgfcorerdf.code.tex 2020/12/27 v3.1.8b (3.1.8b)
)))
(/usr/share/texlive/texmf-dist/tex/generic/pgf/modules/pgfmoduleshapes.code.tex
File: pgfmoduleshapes.code.tex 2020/12/27 v3.1.8b (3.1.8b)
\pgfnodeparttextbox=\box61
) (/usr/share/texlive/texmf-dist/tex/generic/pgf/modules/pgfmoduleplot.code.tex
File: pgfmoduleplot.code.tex 2020/12/27 v3.1.8b (3.1.8b)
)
(/usr/share/texlive/texmf-dist/tex/latex/pgf/compatibility/pgfcomp-version-0-65
.sty
Package: pgfcomp-version-0-65 2020/12/27 v3.1.8b (3.1.8b)
\pgf@nodesepstart=\dimen272
\pgf@nodesepend=\dimen273
)
(/usr/share/texlive/texmf-dist/tex/latex/pgf/compatibility/pgfcomp-version-1-18
.sty
Package: pgfcomp-version-1-18 2020/12/27 v3.1.8b (3.1.8b)
)) (/usr/share/texlive/texmf-dist/tex/latex/pgf/utilities/pgffor.sty
(/usr/share/texlive/texmf-dist/tex/latex/pgf/math/pgfmath.sty
(/usr/share/texlive/texmf-dist/tex/generic/pgf/math/pgfmath.code.tex))
(/usr/share/texlive/texmf-dist/tex/generic/pgf/utilities/pgffor.code.tex
Package: pgffor 2020/12/27 v3.1.8b (3.1.8b)

(/usr/share/texlive/texmf-dist/tex/generic/pgf/math/pgfmath.code.tex)
\pgffor@iter=\dimen274
\pgffor@skip=\dimen275
\pgffor@stack=\toks36
\pgffor@toks=\toks37
))
(/usr/share/texlive/texmf-dist/tex/generic/pgf/frontendlayer/tikz/tikz.code.tex
Package: tikz 2020/12/27 v3.1.8b (3.1.8b)

(/usr/share/texlive/texmf-dist/tex/generic/pgf/libraries/pgflibraryplothandlers
.code.tex
File: pgflibraryplothandlers.code.tex 2020/12/27 v3.1.8b (3.1.8b)
\pgf@plot@mark@count=\count284
\pgfplotmarksize=\dimen276
)
\tikz@lastx=\dimen277
\tikz@lasty=\dimen278
\tikz@lastxsaved=\dimen279
\tikz@lastysaved=\dimen280
\tikz@lastmovetox=\dimen281
\tikz@lastmovetoy=\dimen282
\tikzleveldistance=\dimen283
\tikzsiblingdistance=\dimen284
\tikz@figbox=\box62
\tikz@figbox@bg=\box63
\tikz@tempbox=\box64
\tikz@tempbox@bg=\box65
\tikztreelevel=\count285
\tikznumberofchildren=\count286
\tikznumberofcurrentchild=\count287
\tikz@fig@count=\count288

(/usr/share/texlive/texmf-dist/tex/generic/pgf/modules/pgfmodulematrix.code.tex
File: pgfmodulematrix.code.tex 2020/12/27 v3.1.8b (3.1.8b)
\pgfmatrixcurrentrow=\count289
\pgfmatrixcurrentcolumn=\count290
\pgf@matrix@numberofcolumns=\count291
)
\tikz@expandcount=\count292

(/usr/share/texlive/texmf-dist/tex/generic/pgf/frontendlayer/tikz/libraries/tik
zlibrarytopaths.code.tex
File: tikzlibrarytopaths.code.tex 2020/12/27 v3.1.8b (3.1.8b)
)))
(/usr/share/texlive/texmf-dist/tex/generic/pgfplots/pgfplots.code.tex
(/usr/share/texlive/texmf-dist/tex/generic/pgfplots/pgfplotscore.code.tex
\t@pgfplots@toka=\toks38
\t@pgfplots@tokb=\toks39
\t@pgfplots@tokc=\toks40
\pgfplots@tmpa=\dimen285
\c@pgfplots@coordindex=\count293
\c@pgfplots@scanlineindex=\count294

(/usr/share/texlive/texmf-dist/tex/generic/pgfplots/sys/pgfplotssysgeneric.code
.tex))
(/usr/share/texlive/texmf-dist/tex/generic/pgfplots/libs/pgfplotslibrary.code.t
ex)
(/usr/share/texlive/texmf-dist/tex/generic/pgfplots/oldpgfcompatib/pgfplotsoldp
gfsupp_loader.code.tex
(/usr/share/texlive/texmf-dist/tex/generic/pgf/libraries/pgflibraryfpu.code.tex
))
(/usr/share/texlive/texmf-dist/tex/generic/pgfplots/util/pgfplotsutil.code.tex
(/usr/share/texlive/texmf-dist/tex/generic/pgfplots/liststructure/pgfplotslists
tructure.code.tex)
(/usr/share/texlive/texmf-dist/tex/generic/pgfplots/liststructure/pgfplotslists
tructureext.code.tex)
(/usr/share/texlive/texmf-dist/tex/generic/pgfplots/liststructure/pgfplotsarray
.code.tex
\c@pgfplotsarray@tmp=\count295
)
(/usr/share/texlive/texmf-dist/tex/generic/pgfplots/liststructure/pgfplotsmatri
x.code.tex)
(/usr/share/texlive/texmf-dist/tex/generic/pgfplots/numtable/pgfplotstableshare
d.code.tex
\c@pgfplotstable@counta=\count296
\t@pgfplotstable@a=\toks41
)
(/usr/share/texlive/texmf-dist/tex/generic/pgfplots/liststructure/pgfplotsdeque
.code.tex)
(/usr/share/texlive/texmf-dist/tex/generic/pgfplots/util/pgfplotsbinary.code.te
x
(/usr/share/texlive/texmf-dist/tex/generic/pgfplots/util/pgfplotsbinary.data.co
de.tex))
(/usr/share/texlive/texmf-dist/tex/generic/pgfplots/util/pgfplotsutil.verb.code
.tex)
(/usr/share/texlive/texmf-dist/tex/generic/pgfplots/libs/pgflibrarypgfplots.sur
fshading.code.tex
\c@pgfplotslibrarysurf@no=\count297

(/usr/share/texlive/texmf-dist/tex/generic/pgfplots/sys/pgflibrarypgfplots.surf
shading.pgfsys-pdftex.def)))
(/usr/share/texlive/texmf-dist/tex/generic/pgfplots/util/pgfplotscolormap.code.
tex
(/usr/share/texlive/texmf-dist/tex/generic/pgfplots/util/pgfplotscolor.code.tex
))
(/usr/share/texlive/texmf-dist/tex/generic/pgfplots/pgfplotsstackedplots.code.t
ex)
(/usr/share/texlive/texmf-dist/tex/generic/pgfplots/pgfplotsplothandlers.code.t
ex
(/usr/share/texlive/texmf-dist/tex/generic/pgfplots/pgfplotsmeshplothandler.cod
e.tex
(/usr/share/texlive/texmf-dist/tex/generic/pgfplots/pgfplotsmeshplotimage.code.
tex)))
(/usr/share/texlive/texmf-dist/tex/generic/pgfplots/pgfplots.scaling.code.tex)
(/usr/share/texlive/texmf-dist/tex/generic/pgfplots/pgfplotscoordprocessing.cod
e.tex)
(/usr/share/texlive/texmf-dist/tex/generic/pgfplots/pgfplots.errorbars.code.tex
) (/usr/share/texlive/texmf-dist/tex/generic/pgfplots/pgfplots.markers.code.tex
) (/usr/share/texlive/texmf-dist/tex/generic/pgfplots/pgfplotsticks.code.tex)
(/usr/share/texlive/texmf-dist/tex/generic/pgfplots/pgfplots.paths.code.tex)
(/usr/share/texlive/texmf-dist/tex/generic/pgf/frontendlayer/tikz/libraries/tik
zlibrarydecorations.code.tex
(/usr/share/texlive/texmf-dist/tex/generic/pgf/modules/pgfmoduledecorations.cod
e.tex
\pgfdecoratedcompleteddistance=\dimen286
\pgfdecoratedremainingdistance=\dimen287
\pgfdecoratedinputsegmentcompleteddistance=\dimen288
\pgfdecoratedinputsegmentremainingdistance=\dimen289
\pgf@decorate@distancetomove=\dimen290
\pgf@decorate@repeatstate=\count298
\pgfdecorationsegmentamplitude=\dimen291
\pgfdecorationsegmentlength=\dimen292
)
\tikz@lib@dec@box=\box66
)
(/usr/share/texlive/texmf-dist/tex/generic/pgf/frontendlayer/tikz/libraries/tik
zlibrarydecorations.pathmorphing.code.tex
(/usr/share/texlive/texmf-dist/tex/generic/pgf/libraries/decorations/pgflibrary
decorations.pathmorphing.code.tex))
(/usr/share/texlive/texmf-dist/tex/generic/pgf/frontendlayer/tikz/libraries/tik
zlibrarydecorations.pathreplacing.code.tex
(/usr/share/texlive/texmf-dist/tex/generic/pgf/libraries/decorations/pgflibrary
decorations.pathreplacing.code.tex))
(/usr/share/texlive/texmf-dist/tex/generic/pgfplots/libs/tikzlibrarypgfplots.co
ntourlua.code.tex)
\pgfplots@numplots=\count299
\pgfplots@xmin@reg=\dimen293
\pgfplots@xmax@reg=\dimen294
\pgfplots@ymin@reg=\dimen295
\pgfplots@ymax@reg=\dimen296
\pgfplots@zmin@reg=\dimen297
\pgfplots@zmax@reg=\dimen298
)
(/usr/share/texlive/texmf-dist/tex/generic/pgf/frontendlayer/tikz/libraries/tik
zlibraryplotmarks.code.tex
File: tikzlibraryplotmarks.code.tex 2020/12/27 v3.1.8b (3.1.8b)

(/usr/share/texlive/texmf-dist/tex/generic/pgf/libraries/pgflibraryplotmarks.co
de.tex
File: pgflibraryplotmarks.code.tex 2020/12/27 v3.1.8b (3.1.8b)
))) (/usr/share/texlive/texmf-dist/tex/latex/listings/listings.sty
\lst@mode=\count300
\lst@gtempboxa=\box67
\lst@token=\toks42
\lst@length=\count301
\lst@currlwidth=\dimen299
\lst@column=\count302
\lst@pos=\count303
\lst@lostspace=\dimen300
\lst@width=\dimen301
\lst@newlines=\count304
\lst@lineno=\count305
\lst@maxwidth=\dimen302

(/usr/share/texlive/texmf-dist/tex/latex/listings/lstmisc.sty
File: lstmisc.sty 2020/03/24 1.8d (Carsten Heinz)
\c@lstnumber=\count306
\lst@skipnumbers=\count307
\lst@framebox=\box68
)
(/usr/share/texlive/texmf-dist/tex/latex/listings/listings.cfg
File: listings.cfg 2020/03/24 1.8d listings configuration
))
Package: listings 2020/03/24 1.8d (Carsten Heinz)

(/usr/share/texlive/texmf-dist/tex/latex/listingsutf8/listingsutf8.sty
Package: listingsutf8 2019-12-10 v1.5 Allow UTF-8 in listings input (HO)

(/usr/share/texlive/texmf-dist/tex/generic/pdftexcmds/pdftexcmds.sty
Package: pdftexcmds 2020-06-27 v0.33 Utility functions of pdfTeX for LuaTeX (HO
)

(/usr/share/texlive/texmf-dist/tex/generic/infwarerr/infwarerr.sty
Package: infwarerr 2019/12/03 v1.5 Providing info/warning/error messages (HO)
)
(/usr/share/texlive/texmf-dist/tex/generic/ltxcmds/ltxcmds.sty
Package: ltxcmds 2020-05-10 v1.25 LaTeX kernel commands for general use (HO)
)
Package pdftexcmds Info: \pdf@primitive is available.
Package pdftexcmds Info: \pdf@ifprimitive is available.
Package pdftexcmds Info: \pdfdraftmode found.
)
(/usr/share/texlive/texmf-dist/tex/generic/stringenc/stringenc.sty
Package: stringenc 2019/11/29 v1.12 Convert strings between diff. encodings (HO
)

(/usr/share/texlive/texmf-dist/tex/generic/pdfescape/pdfescape.sty
Package: pdfescape 2019/12/09 v1.15 Implements pdfTeX's escape features (HO)
)))
(/usr/share/texlive/texmf-dist/tex/latex/caption/caption.sty
Package: caption 2020/10/26 v3.5g Customizing captions (AR)

(/usr/share/texlive/texmf-dist/tex/latex/caption/caption3.sty
Package: caption3 2020/10/21 v2.2e caption3 kernel (AR)
\captionmargin=\dimen303
\captionmargin@=\dimen304
\captionwidth=\dimen305
\caption@tempdima=\dimen306
\caption@indent=\dimen307
\caption@parindent=\dimen308
\caption@hangindent=\dimen309
Package caption Info: Standard document class detected.
)
Package caption Info: Option `figurename' requires the `newfloat' package on in
put line 187.

(/usr/share/texlive/texmf-dist/tex/latex/newfloat/newfloat.sty
Package: newfloat 2019/09/02 v1.1l Defining new floating environments (AR)
Package newfloat Info: Document class `report' detected.
Package newfloat Info: `wrapfig' package detected.
)
\c@caption@flags=\count308
\c@continuedfloat=\count309
Package caption Info: float package is loaded.
Package caption Info: listings package is loaded.
Package caption Info: wrapfig package is loaded.
)
(/usr/share/texlive/texmf-dist/tex/latex/graphics/lscape.sty
Package: lscape 2020/05/28 v3.02 Landscape Pages (DPC)
)
(/usr/share/texlive/texmf-dist/tex/latex/tools/afterpage.sty
Package: afterpage 2014/10/28 v1.08 After-Page Package (DPC)
\AP@output=\toks43
\AP@partial=\box69
\AP@footins=\box70
)
(/usr/share/texlive/texmf-dist/tex/latex/amsmath/amsmath.sty
Package: amsmath 2020/09/23 v2.17i AMS math features
\@mathmargin=\skip54

For additional information on amsmath, use the `?' option.
(/usr/share/texlive/texmf-dist/tex/latex/amsmath/amstext.sty
Package: amstext 2000/06/29 v2.01 AMS text

(/usr/share/texlive/texmf-dist/tex/latex/amsmath/amsgen.sty
File: amsgen.sty 1999/11/30 v2.0 generic functions
\@emptytoks=\toks44
\ex@=\dimen310
))
(/usr/share/texlive/texmf-dist/tex/latex/amsmath/amsbsy.sty
Package: amsbsy 1999/11/29 v1.2d Bold Symbols
\pmbraise@=\dimen311
)
(/usr/share/texlive/texmf-dist/tex/latex/amsmath/amsopn.sty
Package: amsopn 2016/03/08 v2.02 operator names
)
\inf@bad=\count310
LaTeX Info: Redefining \frac on input line 234.
\uproot@=\count311
\leftroot@=\count312
LaTeX Info: Redefining \overline on input line 399.
\classnum@=\count313
\DOTSCASE@=\count314
LaTeX Info: Redefining \ldots on input line 496.
LaTeX Info: Redefining \dots on input line 499.
LaTeX Info: Redefining \cdots on input line 620.
\Mathstrutbox@=\box71
\strutbox@=\box72
\big@size=\dimen312
LaTeX Font Info:    Redeclaring font encoding OML on input line 743.
LaTeX Font Info:    Redeclaring font encoding OMS on input line 744.
\macc@depth=\count315
\c@MaxMatrixCols=\count316
\dotsspace@=\muskip16
\c@parentequation=\count317
\dspbrk@lvl=\count318
\tag@help=\toks45
\row@=\count319
\column@=\count320
\maxfields@=\count321
\andhelp@=\toks46
\eqnshift@=\dimen313
\alignsep@=\dimen314
\tagshift@=\dimen315
\tagwidth@=\dimen316
\totwidth@=\dimen317
\lineht@=\dimen318
\@envbody=\toks47
\multlinegap=\skip55
\multlinetaggap=\skip56
\mathdisplay@stack=\toks48
LaTeX Info: Redefining \[ on input line 2923.
LaTeX Info: Redefining \] on input line 2924.
)
(/usr/share/texlive/texmf-dist/tex/latex/amsfonts/amssymb.sty
Package: amssymb 2013/01/14 v3.01 AMS font symbols

(/usr/share/texlive/texmf-dist/tex/latex/amsfonts/amsfonts.sty
Package: amsfonts 2013/01/14 v3.01 Basic AMSFonts support
\symAMSa=\mathgroup4
\symAMSb=\mathgroup5
LaTeX Font Info:    Redeclaring math symbol \hbar on input line 98.
LaTeX Font Info:    Overwriting math alphabet `\mathfrak' in version `bold'
(Font)                  U/euf/m/n --> U/euf/b/n on input line 106.
))
(/usr/share/texlive/texmf-dist/tex/latex/biblatex/biblatex.sty
Package: biblatex 2020/12/31 v3.16 programmable bibliographies (PK/MW)

(/usr/share/texlive/texmf-dist/tex/latex/kvoptions/kvoptions.sty
Package: kvoptions 2020-10-07 v3.14 Key value format for package options (HO)

(/usr/share/texlive/texmf-dist/tex/generic/kvsetkeys/kvsetkeys.sty
Package: kvsetkeys 2019/12/15 v1.18 Key value parser (HO)
))
(/usr/share/texlive/texmf-dist/tex/latex/logreq/logreq.sty
Package: logreq 2010/08/04 v1.0 xml request logger
\lrq@indent=\count322

(/usr/share/texlive/texmf-dist/tex/latex/logreq/logreq.def
File: logreq.def 2010/08/04 v1.0 logreq spec v1.0
))
(/usr/share/texlive/texmf-dist/tex/latex/base/ifthen.sty
Package: ifthen 2014/09/29 v1.1c Standard LaTeX ifthen package (DPC)
)
(/usr/share/texlive/texmf-dist/tex/latex/url/url.sty
\Urlmuskip=\muskip17
Package: url 2013/09/16  ver 3.4  Verb mode for urls, etc.
)
\c@tabx@nest=\count323
\c@listtotal=\count324
\c@listcount=\count325
\c@liststart=\count326
\c@liststop=\count327
\c@citecount=\count328
\c@citetotal=\count329
\c@multicitecount=\count330
\c@multicitetotal=\count331
\c@instcount=\count332
\c@maxnames=\count333
\c@minnames=\count334
\c@maxitems=\count335
\c@minitems=\count336
\c@citecounter=\count337
\c@maxcitecounter=\count338
\c@savedcitecounter=\count339
\c@uniquelist=\count340
\c@uniquename=\count341
\c@refsection=\count342
\c@refsegment=\count343
\c@maxextratitle=\count344
\c@maxextratitleyear=\count345
\c@maxextraname=\count346
\c@maxextradate=\count347
\c@maxextraalpha=\count348
\c@abbrvpenalty=\count349
\c@highnamepenalty=\count350
\c@lownamepenalty=\count351
\c@maxparens=\count352
\c@parenlevel=\count353
\blx@tempcnta=\count354
\blx@tempcntb=\count355
\blx@tempcntc=\count356
\blx@maxsection=\count357
\blx@maxsegment@0=\count358
\blx@notetype=\count359
\blx@parenlevel@text=\count360
\blx@parenlevel@foot=\count361
\blx@sectionciteorder@0=\count362
\blx@entrysetcounter=\count363
\blx@biblioinstance=\count364
\labelnumberwidth=\skip57
\labelalphawidth=\skip58
\biblabelsep=\skip59
\bibitemsep=\skip60
\bibnamesep=\skip61
\bibinitsep=\skip62
\bibparsep=\skip63
\bibhang=\skip64
\blx@bcfin=\read4
\blx@bcfout=\write4
\blx@langwohyphens=\language86
\c@mincomprange=\count365
\c@maxcomprange=\count366
\c@mincompwidth=\count367
Package biblatex Info: Trying to load biblatex default data model...
Package biblatex Info: ... file 'blx-dm.def' found.

(/usr/share/texlive/texmf-dist/tex/latex/biblatex/blx-dm.def
File: blx-dm.def 2020/12/31 v3.16 biblatex localization (PK/MW)
)
Package biblatex Info: Trying to load biblatex style data model...
Package biblatex Info: ... file 'gost-numeric.dbx' found.

(/usr/share/texlive/texmf-dist/tex/latex/biblatex-gost/gost-numeric.dbx
File: gost-numeric.dbx 2021/05/08 v1.22 biblatex-gost data model
Package biblatex Info: Trying to load biblatex-gost data model...
Package biblatex Info: ... file 'biblatex-gost.dbx' found.

(/usr/share/texlive/texmf-dist/tex/latex/biblatex-gost/biblatex-gost.dbx
File: biblatex-gost.dbx 2021/05/08 v1.22 biblatex-gost data model
))
Package biblatex Info: Trying to load biblatex custom data model...
Package biblatex Info: ... file 'biblatex-dm.cfg' not found.
\c@afterword=\count368
\c@savedafterword=\count369
\c@annotator=\count370
\c@savedannotator=\count371
\c@author=\count372
\c@savedauthor=\count373
\c@bookauthor=\count374
\c@savedbookauthor=\count375
\c@commentator=\count376
\c@savedcommentator=\count377
\c@editor=\count378
\c@savededitor=\count379
\c@editora=\count380
\c@savededitora=\count381
\c@editorb=\count382
\c@savededitorb=\count383
\c@editorc=\count384
\c@savededitorc=\count385
\c@foreword=\count386
\c@savedforeword=\count387
\c@holder=\count388
\c@savedholder=\count389
\c@introduction=\count390
\c@savedintroduction=\count391
\c@namea=\count392
\c@savednamea=\count393
\c@nameb=\count394
\c@savednameb=\count395
\c@namec=\count396
\c@savednamec=\count397
\c@translator=\count398
\c@savedtranslator=\count399
\c@shortauthor=\count400
\c@savedshortauthor=\count401
\c@shorteditor=\count402
\c@savedshorteditor=\count403
\c@booktranslator=\count404
\c@savedbooktranslator=\count405
\c@bookcommentator=\count406
\c@savedbookcommentator=\count407
\c@bookannotator=\count408
\c@savedbookannotator=\count409
\c@bookintroduction=\count410
\c@savedbookintroduction=\count411
\c@bookforeword=\count412
\c@savedbookforeword=\count413
\c@bookafterword=\count414
\c@savedbookafterword=\count415
\c@labelname=\count416
\c@savedlabelname=\count417
\c@institution=\count418
\c@savedinstitution=\count419
\c@lista=\count420
\c@savedlista=\count421
\c@listb=\count422
\c@savedlistb=\count423
\c@listc=\count424
\c@savedlistc=\count425
\c@listd=\count426
\c@savedlistd=\count427
\c@liste=\count428
\c@savedliste=\count429
\c@listf=\count430
\c@savedlistf=\count431
\c@location=\count432
\c@savedlocation=\count433
\c@organization=\count434
\c@savedorganization=\count435
\c@origlocation=\count436
\c@savedoriglocation=\count437
\c@origpublisher=\count438
\c@savedorigpublisher=\count439
\c@publisher=\count440
\c@savedpublisher=\count441
\c@language=\count442
\c@savedlanguage=\count443
\c@origlanguage=\count444
\c@savedoriglanguage=\count445
\c@bookoriglanguage=\count446
\c@savedbookoriglanguage=\count447
\c@specdata=\count448
\c@savedspecdata=\count449
\c@credits=\count450
\c@savedcredits=\count451
\c@bookcredits=\count452
\c@savedbookcredits=\count453
\c@editioncredits=\count454
\c@savededitioncredits=\count455
\c@pageref=\count456
\c@savedpageref=\count457
\shorthandwidth=\skip65
\shortjournalwidth=\skip66
\shortserieswidth=\skip67
\shorttitlewidth=\skip68
\shortauthorwidth=\skip69
\shorteditorwidth=\skip70
\locallabelnumberwidth=\skip71
\locallabelalphawidth=\skip72
\localshorthandwidth=\skip73
\localshortjournalwidth=\skip74
\localshortserieswidth=\skip75
\localshorttitlewidth=\skip76
\localshortauthorwidth=\skip77
\localshorteditorwidth=\skip78
Package biblatex Info: Trying to load compatibility code...
Package biblatex Info: ... file 'blx-compat.def' found.

(/usr/share/texlive/texmf-dist/tex/latex/biblatex/blx-compat.def
File: blx-compat.def 2020/12/31 v3.16 biblatex compatibility (PK/MW)
)
Package biblatex Info: Trying to load generic definitions...
Package biblatex Info: ... file 'biblatex.def' found.

(/usr/share/texlive/texmf-dist/tex/latex/biblatex/biblatex.def
File: biblatex.def 2020/12/31 v3.16 biblatex compatibility (PK/MW)
\c@textcitecount=\count458
\c@textcitetotal=\count459
\c@textcitemaxnames=\count460
\c@biburlbigbreakpenalty=\count461
\c@biburlbreakpenalty=\count462
\c@biburlnumpenalty=\count463
\c@biburlucpenalty=\count464
\c@biburllcpenalty=\count465
\biburlbigskip=\muskip18
\biburlnumskip=\muskip19
\biburlucskip=\muskip20
\biburllcskip=\muskip21
\c@smartand=\count466
)
Package biblatex Info: Trying to load bibliography style 'gost-numeric'...
Package biblatex Info: ... file 'gost-numeric.bbx' found.

(/usr/share/texlive/texmf-dist/tex/latex/biblatex-gost/gost-numeric.bbx
File: gost-numeric.bbx 2021/05/08 v1.22 biblatex-gost styles
Package biblatex Info: Trying to load bibliography style 'gost-standard'...
Package biblatex Info: ... file 'gost-standard.bbx' found.

(/usr/share/texlive/texmf-dist/tex/latex/biblatex-gost/gost-standard.bbx
File: gost-standard.bbx 2021/05/08 v1.22 biblatex-gost styles
Package biblatex Info: Trying to load biblatex-gost generic definitions...
Package biblatex Info: ... file 'biblatex-gost.def' found.

(/usr/share/texlive/texmf-dist/tex/latex/biblatex-gost/biblatex-gost.def
File: biblatex-gost.def 2021/05/08 v1.22 biblatex-gost styles
)
\c@blx@gost@pointer=\count467
\c@bbx:relatedcount=\count468
\c@bbx:relatedtotal=\count469
Package biblatex Info: Redefining autocite command 'footnote'.
Package biblatex Info: Redefining autocite command 'superscript'.
))
Package biblatex Info: Trying to load citation style 'gost-numeric'...
Package biblatex Info: ... file 'gost-numeric.cbx' found.

(/usr/share/texlive/texmf-dist/tex/latex/biblatex-gost/gost-numeric.cbx
File: gost-numeric.cbx 2021/05/08 v1.22 biblatex-gost styles
Package biblatex Info: Trying to load citation style 'numeric-comp'...
Package biblatex Info: ... file 'numeric-comp.cbx' found.

(/usr/share/texlive/texmf-dist/tex/latex/biblatex/cbx/numeric-comp.cbx
File: numeric-comp.cbx 2020/12/31 v3.16 biblatex citation style (PK/MW)
\c@cbx@tempcnta=\count470
\c@cbx@tempcntb=\count471
\c@cbx@tempcntc=\count472
\c@cbx@tempcntd=\count473
Package biblatex Info: Redefining '\cite'.
Package biblatex Info: Redefining '\parencite'.
Package biblatex Info: Redefining '\footcite'.
Package biblatex Info: Redefining '\footcitetext'.
Package biblatex Info: Redefining '\smartcite'.
Package biblatex Info: Redefining '\supercite'.
Package biblatex Info: Redefining '\textcite'.
Package biblatex Info: Redefining '\textcites'.
Package biblatex Info: Redefining '\cites'.
Package biblatex Info: Redefining '\parencites'.
Package biblatex Info: Redefining '\smartcites'.
))
Package biblatex Info: Trying to load configuration file...
Package biblatex Info: ... file 'biblatex.cfg' found.

(/usr/share/texlive/texmf-dist/tex/latex/biblatex/biblatex.cfg
File: biblatex.cfg 
))
(/usr/share/texlive/texmf-dist/tex/latex/csquotes/csquotes.sty
Package: csquotes 2021-02-22 v5.2l context-sensitive quotations (JAW)
\csq@reset=\count474
\csq@gtype=\count475
\csq@glevel=\count476
\csq@qlevel=\count477
\csq@maxlvl=\count478
\csq@tshold=\count479
\csq@ltx@everypar=\toks49

(/usr/share/texlive/texmf-dist/tex/latex/csquotes/csquotes.def
File: csquotes.def 2021-02-22 v5.2l csquotes generic definitions (JAW)
)
Package csquotes Info: Trying to load configuration file 'csquotes.cfg'...
Package csquotes Info: ... configuration file loaded successfully.

(/usr/share/texlive/texmf-dist/tex/latex/csquotes/csquotes.cfg
File: csquotes.cfg 
))
(/usr/share/texlive/texmf-dist/tex/latex/hyperref/hyperref.sty
Package: hyperref 2021-02-27 v7.00k Hypertext links for LaTeX

(/usr/share/texlive/texmf-dist/tex/generic/kvdefinekeys/kvdefinekeys.sty
Package: kvdefinekeys 2019-12-19 v1.6 Define keys (HO)
)
(/usr/share/texlive/texmf-dist/tex/latex/hycolor/hycolor.sty
Package: hycolor 2020-01-27 v1.10 Color options for hyperref/bookmark (HO)
)
(/usr/share/texlive/texmf-dist/tex/latex/auxhook/auxhook.sty
Package: auxhook 2019-12-17 v1.6 Hooks for auxiliary files (HO)
)
\@linkdim=\dimen319
\Hy@linkcounter=\count480
\Hy@pagecounter=\count481

(/usr/share/texlive/texmf-dist/tex/latex/hyperref/pd1enc.def
File: pd1enc.def 2021-02-27 v7.00k Hyperref: PDFDocEncoding definition (HO)
Now handling font encoding PD1 ...
... no UTF-8 mapping file for font encoding PD1
)
(/usr/share/texlive/texmf-dist/tex/latex/hyperref/hyperref-langpatches.def
File: hyperref-langpatches.def 2021-02-27 v7.00k Hyperref: patches for babel la
nguages
)
(/usr/share/texlive/texmf-dist/tex/generic/intcalc/intcalc.sty
Package: intcalc 2019/12/15 v1.3 Expandable calculations with integers (HO)
)
(/usr/share/texlive/texmf-dist/tex/generic/etexcmds/etexcmds.sty
Package: etexcmds 2019/12/15 v1.7 Avoid name clashes with e-TeX commands (HO)
)
\Hy@SavedSpaceFactor=\count482

(/usr/share/texlive/texmf-dist/tex/latex/hyperref/puenc.def
File: puenc.def 2021-02-27 v7.00k Hyperref: PDF Unicode definition (HO)
Now handling font encoding PU ...
... no UTF-8 mapping file for font encoding PU
)
Package hyperref Info: Option `unicode' set `true' on input line 4073.
Package hyperref Info: Hyper figures OFF on input line 4192.
Package hyperref Info: Link nesting OFF on input line 4197.
Package hyperref Info: Hyper index ON on input line 4200.
Package hyperref Info: Plain pages OFF on input line 4207.
Package hyperref Info: Backreferencing OFF on input line 4212.
Package hyperref Info: Implicit mode ON; LaTeX internals redefined.
Package hyperref Info: Bookmarks ON on input line 4445.
\c@Hy@tempcnt=\count483
LaTeX Info: Redefining \url on input line 4804.
\XeTeXLinkMargin=\dimen320

(/usr/share/texlive/texmf-dist/tex/generic/bitset/bitset.sty
Package: bitset 2019/12/09 v1.3 Handle bit-vector datatype (HO)

(/usr/share/texlive/texmf-dist/tex/generic/bigintcalc/bigintcalc.sty
Package: bigintcalc 2019/12/15 v1.5 Expandable calculations on big integers (HO
)
))
\Fld@menulength=\count484
\Field@Width=\dimen321
\Fld@charsize=\dimen322
Package hyperref Info: Hyper figures OFF on input line 6075.
Package hyperref Info: Link nesting OFF on input line 6080.
Package hyperref Info: Hyper index ON on input line 6083.
Package hyperref Info: backreferencing OFF on input line 6090.
Package hyperref Info: Link coloring OFF on input line 6095.
Package hyperref Info: Link coloring with OCG OFF on input line 6100.
Package hyperref Info: PDF/A mode OFF on input line 6105.
LaTeX Info: Redefining \ref on input line 6145.
LaTeX Info: Redefining \pageref on input line 6149.

(/usr/share/texlive/texmf-dist/tex/latex/base/atbegshi-ltx.sty
Package: atbegshi-ltx 2020/08/17 v1.0a Emulation of the original atbegshi packa
ge
with kernel methods
)
\Hy@abspage=\count485
\c@Item=\count486
\c@Hfootnote=\count487
)
Package hyperref Info: Driver (autodetected): hpdftex.

(/usr/share/texlive/texmf-dist/tex/latex/hyperref/hpdftex.def
File: hpdftex.def 2021-02-27 v7.00k Hyperref driver for pdfTeX

(/usr/share/texlive/texmf-dist/tex/latex/base/atveryend-ltx.sty
Package: atveryend-ltx 2020/08/19 v1.0a Emulation of the original atvery packag
e
with kernel methods
)
\Fld@listcount=\count488
\c@bookmark@seq@number=\count489

(/usr/share/texlive/texmf-dist/tex/latex/rerunfilecheck/rerunfilecheck.sty
Package: rerunfilecheck 2019/12/05 v1.9 Rerun checks for auxiliary files (HO)

(/usr/share/texlive/texmf-dist/tex/generic/uniquecounter/uniquecounter.sty
Package: uniquecounter 2019/12/15 v1.4 Provide unlimited unique counter (HO)
)
Package uniquecounter Info: New unique counter `rerunfilecheck' on input line 2
86.
)
\Hy@SectionHShift=\skip79
)
(/usr/share/texlive/texmf-dist/tex/latex/xifthen/xifthen.sty
Package: xifthen 2015/11/05 v1.4.0 Extended ifthen features

(/usr/share/texlive/texmf-dist/tex/latex/tools/calc.sty
Package: calc 2017/05/25 v4.3 Infix arithmetic (KKT,FJ)
\calc@Acount=\count490
\calc@Bcount=\count491
\calc@Adimen=\dimen323
\calc@Bdimen=\dimen324
\calc@Askip=\skip80
\calc@Bskip=\skip81
LaTeX Info: Redefining \setlength on input line 80.
LaTeX Info: Redefining \addtolength on input line 81.
\calc@Ccount=\count492
\calc@Cskip=\skip82
)
(/usr/share/texlive/texmf-dist/tex/latex/ifmtarg/ifmtarg.sty
Package: ifmtarg 2018/04/16 v1.2b check for an empty argument
))
(/usr/share/texlive/texmf-dist/tex/generic/ulem/ulem.sty
\UL@box=\box73
\UL@hyphenbox=\box74
\UL@skip=\skip83
\UL@hook=\toks50
\UL@height=\dimen325
\UL@pe=\count493
\UL@pixel=\dimen326
\ULC@box=\box75
Package: ulem 2019/11/18
\ULdepth=\dimen327
)
(/usr/share/texlive/texmf-dist/tex/latex/stackengine/stackengine.sty
Package: stackengine 2017/02/13 v4.01\ Stacking text and objects in convenient 
ways

(/usr/share/texlive/texmf-dist/tex/generic/listofitems/listofitems.sty
(/usr/share/texlive/texmf-dist/tex/generic/listofitems/listofitems.tex
\loi_cnt_foreach_nest=\count494
\loi_nestcnt=\count495
)
Package: listofitems 2019/08/21 v1.63 Grab items in lists using user-specified 
sep char (CT)
)
\c@@stackindex=\count496
\@boxshift=\skip84
\stack@tmplength=\skip85
\temp@stkl=\skip86
\@stackedboxwidth=\skip87
\@addedbox=\box76
\@anchorbox=\box77
\stackedbox=\box78
\@centerbox=\box79
\c@ROWcellindex@=\count497
)
(/usr/share/texlive/texmf-dist/tex/latex/lastpage/lastpage.sty
Package: lastpage 2015/03/29 v1.2m Refers to last page's name (HMM; JPG)
)
\c@totfigures=\count498
\c@tottables=\count499
\c@totbibentries=\count500

(/usr/share/texlive/texmf-dist/tex/latex/totcount/totcount.sty
Package: totcount 2011/01/25 v1.2 package for gettingthe total value of LaTeX c
ounters
)
(/usr/share/texlive/texmf-dist/tex/latex/assoccnt/assoccnt.sty
Package: assoccnt 2015/09/29 v0.8-- Associate counters stepping

assoccnt.sty{} -- version v0.8
(/usr/share/texlive/texmf-dist/tex/latex/xkeyval/xkeyval.sty
Package: xkeyval 2020/11/20 v2.8 package option processing (HA)

(/usr/share/texlive/texmf-dist/tex/generic/xkeyval/xkeyval.tex
(/usr/share/texlive/texmf-dist/tex/generic/xkeyval/xkvutils.tex
\XKV@toks=\toks51
\XKV@tempa@toks=\toks52
)
\XKV@depth=\count501
File: xkeyval.tex 2014/12/03 v2.7a key=value parser (HA)
))
\c@@@assoccnt@@internalcounter=\count502
)
\c@appendixchapters=\count503
\c@appendixchapters@totc=\count504

(/usr/share/texlive/texmf-dist/tex/latex/enumitem/enumitem.sty
Package: enumitem 2019/06/20 v3.9 Customized lists
\labelindent=\skip88
\enit@outerparindent=\dimen328
\enit@toks=\toks53
\enit@inbox=\box80
\enit@count@id=\count505
\enitdp@description=\count506
)
(/usr/share/texlive/texmf-dist/tex/latex/appendix/appendix.sty
Package: appendix 2020/02/08 v1.2c extra appendix facilities
\c@@pps=\count507
\c@@ppsavesec=\count508
\c@@ppsaveapp=\count509
))
\tikzscale@accuracy=\skip89
Package csquotes Info: Checking for multilingual support...
Package csquotes Info: ... found 'babel' package.
Package csquotes Info: Adjusting default style.
Package csquotes Info: Redefining alias 'default' -> 'russian'.

(./research_paper.aux (./01-introduction.aux) (./02-analysis.aux)
(./03-classification.aux) (./04-conclusion.aux))
\openout1 = `research_paper.aux'.

LaTeX Font Info:    Checking defaults for OML/cmm/m/it on input line 5.
LaTeX Font Info:    ... okay on input line 5.
LaTeX Font Info:    Checking defaults for OMS/cmsy/m/n on input line 5.
LaTeX Font Info:    ... okay on input line 5.
LaTeX Font Info:    Checking defaults for OT1/cmr/m/n on input line 5.
LaTeX Font Info:    ... okay on input line 5.
LaTeX Font Info:    Checking defaults for T1/cmr/m/n on input line 5.
LaTeX Font Info:    ... okay on input line 5.
LaTeX Font Info:    Checking defaults for TS1/cmr/m/n on input line 5.
LaTeX Font Info:    ... okay on input line 5.
LaTeX Font Info:    Checking defaults for OMX/cmex/m/n on input line 5.
LaTeX Font Info:    ... okay on input line 5.
LaTeX Font Info:    Checking defaults for U/cmr/m/n on input line 5.
LaTeX Font Info:    ... okay on input line 5.
LaTeX Font Info:    Checking defaults for T2A/cmr/m/n on input line 5.
LaTeX Font Info:    ... okay on input line 5.
LaTeX Font Info:    Checking defaults for PD1/pdf/m/n on input line 5.
LaTeX Font Info:    ... okay on input line 5.
LaTeX Font Info:    Checking defaults for PU/pdf/m/n on input line 5.
LaTeX Font Info:    ... okay on input line 5.
LaTeX Info: Redefining \th on input line 5.

*geometry* driver: auto-detecting
*geometry* detected driver: pdftex
*geometry* verbose mode - [ preamble ] result:
* driver: pdftex
* paper: <default>
* layout: <same size as paper>
* layoutoffset:(h,v)=(0.0pt,0.0pt)
* modes: 
* h-part:(L,W,R)=(85.35826pt, 483.69687pt, 28.45274pt)
* v-part:(T,H,B)=(56.9055pt, 731.23584pt, 56.9055pt)
* \paperwidth=597.50787pt
* \paperheight=845.04684pt
* \textwidth=483.69687pt
* \textheight=731.23584pt
* \oddsidemargin=13.08827pt
* \evensidemargin=13.08827pt
* \topmargin=-54.36449pt
* \headheight=14.0pt
* \headsep=25.0pt
* \topskip=14.0pt
* \footskip=30.0pt
* \marginparwidth=15.0pt
* \marginparsep=10.0pt
* \columnsep=10.0pt
* \skip\footins=12.0pt plus 4.0pt minus 2.0pt
* \hoffset=0.0pt
* \voffset=0.0pt
* \mag=1000
* \@twocolumnfalse
* \@twosidefalse
* \@mparswitchfalse
* \@reversemarginfalse
* (1in=72.27pt=25.4mm, 1cm=28.453pt)

LaTeX Info: Redefining \microtypecontext on input line 5.
Package microtype Info: Generating PDF output.
Package microtype Info: Character protrusion enabled (level 2).
Package microtype Info: Using default protrusion set `alltext'.
Package microtype Info: Automatic font expansion enabled (level 2),
(microtype)             stretch: 20, shrink: 20, step: 1, non-selected.
Package microtype Info: Using default expansion set `alltext-nott'.
LaTeX Info: Redefining \showhyphens on input line 5.
Package microtype Info: No adjustment of tracking.
Package microtype Info: No adjustment of interword spacing.
Package microtype Info: No adjustment of character kerning.
(/usr/share/texlive/texmf-dist/tex/latex/microtype/mt-cmr.cfg
File: mt-cmr.cfg 2013/05/19 v2.2 microtype config. file: Computer Modern Roman 
(RS)
)
(/usr/share/texlive/texmf-dist/tex/context/base/mkii/supp-pdf.mkii
[Loading MPS to PDF converter (version 2006.09.02).]
\scratchcounter=\count510
\scratchdimen=\dimen329
\scratchbox=\box81
\nofMPsegments=\count511
\nofMParguments=\count512
\everyMPshowfont=\toks54
\MPscratchCnt=\count513
\MPscratchDim=\dimen330
\MPnumerator=\count514
\makeMPintoPDFobject=\count515
\everyMPtoPDFconversion=\toks55
) (/usr/share/texlive/texmf-dist/tex/latex/epstopdf-pkg/epstopdf-base.sty
Package: epstopdf-base 2020-01-24 v2.11 Base part for package epstopdf

(/usr/share/texlive/texmf-dist/tex/latex/grfext/grfext.sty
Package: grfext 2019/12/03 v1.3 Manage graphics extensions (HO)
)
Package epstopdf-base Info: Redefining graphics rule for `.eps' on input line 4
85.
Package grfext Info: Graphics extension search list:
(grfext)             [.tikz,.TIKZ,.TikZ,.pgf,.PGF,.pdf,.png,.jpg,.mps,.jpeg,.jb
ig2,.jb2,.PDF,.PNG,.JPG,.JPEG,.JBIG2,.JB2,.eps]
(grfext)             \AppendGraphicsExtensions on input line 504.

(/usr/share/texlive/texmf-dist/tex/latex/latexconfig/epstopdf-sys.cfg
File: epstopdf-sys.cfg 2010/07/13 v1.3 Configuration of (r)epstopdf for TeX Liv
e
))
Package pgfplots notification 'compat/show suggested version=true': document ha
s been generated with the most recent feature set (\pgfplotsset{compat=1.18}).

\c@lstlisting=\count516
Package caption Info: Begin \AtBeginDocument code.
Package caption Info: hyperref package is loaded.
Package caption Info: End \AtBeginDocument code.
Package newfloat Info: `float' package detected.
Package biblatex Info: Trying to load language 'russian' -> 'russian-gost'...
Package biblatex Info: ... file 'russian-gost.lbx' found.
(/usr/share/texlive/texmf-dist/tex/latex/biblatex-gost/russian-gost.lbx
File: russian-gost.lbx 2021/05/08 v1.22 biblatex-gost styles
Package biblatex Info: Trying to load language 'russian'...
Package biblatex Info: ... file 'russian.lbx' found.

(/usr/share/texlive/texmf-dist/tex/latex/biblatex/lbx/russian.lbx
File: russian.lbx 2020/12/31 v3.16 biblatex localization (PK/MW)
)
Package biblatex Info: Trying to load language 'russian'...
Package biblatex Info: ... file 'russian.lbx' found.

(/usr/share/texlive/texmf-dist/tex/latex/biblatex/lbx/russian.lbx
File: russian.lbx 2020/12/31 v3.16 biblatex localization (PK/MW)
))
Package biblatex Info: Trying to load language 'english' -> 'english-gost'...
Package biblatex Info: ... file 'english-gost.lbx' found.

(/usr/share/texlive/texmf-dist/tex/latex/biblatex-gost/english-gost.lbx
File: english-gost.lbx 2021/05/08 v1.22 biblatex-gost styles
Package biblatex Info: Trying to load language 'english'...
Package biblatex Info: ... file 'english.lbx' found.

(/usr/share/texlive/texmf-dist/tex/latex/biblatex/lbx/english.lbx
File: english.lbx 2020/12/31 v3.16 biblatex localization (PK/MW)
)
Package biblatex Info: Trying to load language 'english'...
Package biblatex Info: ... file 'english.lbx' found.

(/usr/share/texlive/texmf-dist/tex/latex/biblatex/lbx/english.lbx
File: english.lbx 2020/12/31 v3.16 biblatex localization (PK/MW)
))
Package biblatex Info: Input encoding 'utf8' detected.
Package biblatex Info: Automatic encoding selection.
(biblatex)             Assuming data encoding 'utf8'.
Package biblatex Info: Document encoding is UTF8 ....
Package biblatex Info: ... and expl3
(biblatex)             2021-05-07 L3 programming layer (loader) 
(biblatex)             is new enough (at least 2020/04/06),
(biblatex)             setting 'casechanger=expl3'.

(/usr/share/texlive/texmf-dist/tex/latex/biblatex/blx-case-expl3.sty
Package: blx-case-expl3 2020/12/31 v3.16 expl3 case changing code for biblatex
)
\openout4 = `research_paper.bcf'.

Package biblatex Info: Trying to load bibliographic data...
Package biblatex Info: ... file 'research_paper.bbl' found.

(./research_paper.bbl)
Package biblatex Info: Reference section=0 on input line 5.
Package biblatex Info: Reference segment=0 on input line 5.
Package hyperref Info: Link coloring OFF on input line 5.

(/usr/share/texlive/texmf-dist/tex/latex/hyperref/nameref.sty
Package: nameref 2021-04-02 v2.47 Cross-referencing by name of section

(/usr/share/texlive/texmf-dist/tex/latex/refcount/refcount.sty
Package: refcount 2019/12/15 v3.6 Data extraction from label references (HO)
)
(/usr/share/texlive/texmf-dist/tex/generic/gettitlestring/gettitlestring.sty
Package: gettitlestring 2019/12/15 v1.6 Cleanup title references (HO)
)
\c@section@level=\count517
)
LaTeX Info: Redefining \ref on input line 5.
LaTeX Info: Redefining \pageref on input line 5.
LaTeX Info: Redefining \nameref on input line 5.

(./research_paper.out) (./research_paper.out)
\@outlinefile=\write5
\openout5 = `research_paper.out'.

Package lastpage Info: Please have a look at the pageslts package at
(lastpage)             https://www.ctan.org/pkg/pageslts
(lastpage)             ! on input line 5.
<bmstu-logo.pdf, id=75, 500.95255pt x 591.38255pt>
File: bmstu-logo.pdf Graphic file (type pdf)
<use bmstu-logo.pdf>
Package pdftex.def Info: bmstu-logo.pdf  used on input line 7.
(pdftex.def)             Requested size: 60.26831pt x 71.14331pt.


LaTeX Font Warning: Font shape `T2A/cmr/m/n' in size <22> not available
(Font)              size <20.74> substituted on input line 7.


LaTeX Font Warning: Font shape `T2A/cmr/bx/n' in size <22> not available
(Font)              size <20.74> substituted on input line 7.


LaTeX Font Warning: Font shape `T2A/cmr/m/n' in size <20> not available
(Font)              size <20.74> substituted on input line 7.


LaTeX Font Warning: Font shape `T2A/cmr/m/it' in size <20> not available
(Font)              size <20.74> substituted on input line 7.

(/usr/share/texlive/texmf-dist/tex/latex/amsfonts/umsa.fd)
(/usr/share/texlive/texmf-dist/tex/latex/microtype/mt-msa.cfg)
(/usr/share/texlive/texmf-dist/tex/latex/amsfonts/umsb.fd)
(/usr/share/texlive/texmf-dist/tex/latex/microtype/mt-msb.cfg)
Underfull \hbox (badness 10000) in paragraph at lines 7--7
[]|$[]$
 []


Underfull \hbox (badness 10000) in paragraph at lines 7--7
[]|$[]$
 []


Underfull \hbox (badness 10000) in alignment at lines 7--7
[][][] 
 []

[1

{/usr/share/texlive/texmf-var/fonts/map/pdftex/updmap/pdftex.map

pdfTeX warning: /usr/bin/pdflatex (file /usr/share/texlive/texmf-var/fonts/map/
pdftex/updmap/pdftex.map): invalid entry for `PTMono-BoldSlanted-tlf-il2': Slan
tFont/ExtendFont can be used only with embedded Type1 fonts


pdfTeX warning: /usr/bin/pdflatex (file /usr/share/texlive/texmf-var/fonts/map/
pdftex/updmap/pdftex.map): invalid entry for `PTMono-BoldSlanted-tlf-ot1': Slan
tFont/ExtendFont can be used only with embedded Type1 fonts


pdfTeX warning: /usr/bin/pdflatex (file /usr/share/texlive/texmf-var/fonts/map/
pdftex/updmap/pdftex.map): invalid entry for `PTMono-BoldSlanted-tlf-ot2': Slan
tFont/ExtendFont can be used only with embedded Type1 fonts


pdfTeX warning: /usr/bin/pdflatex (file /usr/share/texlive/texmf-var/fonts/map/
pdftex/updmap/pdftex.map): invalid entry for `PTMono-BoldSlanted-tlf-t1--base':
 SlantFont/ExtendFont can be used only with embedded Type1 fonts


pdfTeX warning: /usr/bin/pdflatex (file /usr/share/texlive/texmf-var/fonts/map/
pdftex/updmap/pdftex.map): invalid entry for `PTMono-BoldSlanted-tlf-t2a--base'
: SlantFont/ExtendFont can be used only with embedded Type1 fonts


pdfTeX warning: /usr/bin/pdflatex (file /usr/share/texlive/texmf-var/fonts/map/
pdftex/updmap/pdftex.map): invalid entry for `PTMono-BoldSlanted-tlf-t2b--base'
: SlantFont/ExtendFont can be used only with embedded Type1 fonts


pdfTeX warning: /usr/bin/pdflatex (file /usr/share/texlive/texmf-var/fonts/map/
pdftex/updmap/pdftex.map): invalid entry for `PTMono-BoldSlanted-tlf-t2c--base'
: SlantFont/ExtendFont can be used only with embedded Type1 fonts


pdfTeX warning: /usr/bin/pdflatex (file /usr/share/texlive/texmf-var/fonts/map/
pdftex/updmap/pdftex.map): invalid entry for `PTMono-BoldSlanted-tlf-ts1--base'
: SlantFont/ExtendFont can be used only with embedded Type1 fonts


pdfTeX warning: /usr/bin/pdflatex (file /usr/share/texlive/texmf-var/fonts/map/
pdftex/updmap/pdftex.map): invalid entry for `PTMono-BoldSlanted-tlf-x2--base':
 SlantFont/ExtendFont can be used only with embedded Type1 fonts


pdfTeX warning: /usr/bin/pdflatex (file /usr/share/texlive/texmf-var/fonts/map/
pdftex/updmap/pdftex.map): invalid entry for `PTMono-Slanted-tlf-il2': SlantFon
t/ExtendFont can be used only with embedded Type1 fonts


pdfTeX warning: /usr/bin/pdflatex (file /usr/share/texlive/texmf-var/fonts/map/
pdftex/updmap/pdftex.map): invalid entry for `PTMono-Slanted-tlf-ot1': SlantFon
t/ExtendFont can be used only with embedded Type1 fonts


pdfTeX warning: /usr/bin/pdflatex (file /usr/share/texlive/texmf-var/fonts/map/
pdftex/updmap/pdftex.map): invalid entry for `PTMono-Slanted-tlf-ot2': SlantFon
t/ExtendFont can be used only with embedded Type1 fonts


pdfTeX warning: /usr/bin/pdflatex (file /usr/share/texlive/texmf-var/fonts/map/
pdftex/updmap/pdftex.map): invalid entry for `PTMono-Slanted-tlf-t1--base': Sla
ntFont/ExtendFont can be used only with embedded Type1 fonts


pdfTeX warning: /usr/bin/pdflatex (file /usr/share/texlive/texmf-var/fonts/map/
pdftex/updmap/pdftex.map): invalid entry for `PTMono-Slanted-tlf-t2a--base': Sl
antFont/ExtendFont can be used only with embedded Type1 fonts


pdfTeX warning: /usr/bin/pdflatex (file /usr/share/texlive/texmf-var/fonts/map/
pdftex/updmap/pdftex.map): invalid entry for `PTMono-Slanted-tlf-t2b--base': Sl
antFont/ExtendFont can be used only with embedded Type1 fonts


pdfTeX warning: /usr/bin/pdflatex (file /usr/share/texlive/texmf-var/fonts/map/
pdftex/updmap/pdftex.map): invalid entry for `PTMono-Slanted-tlf-t2c--base': Sl
antFont/ExtendFont can be used only with embedded Type1 fonts


pdfTeX warning: /usr/bin/pdflatex (file /usr/share/texlive/texmf-var/fonts/map/
pdftex/updmap/pdftex.map): invalid entry for `PTMono-Slanted-tlf-ts1--base': Sl
antFont/ExtendFont can be used only with embedded Type1 fonts


pdfTeX warning: /usr/bin/pdflatex (file /usr/share/texlive/texmf-var/fonts/map/
pdftex/updmap/pdftex.map): invalid entry for `PTMono-Slanted-tlf-x2--base': Sla
ntFont/ExtendFont can be used only with embedded Type1 fonts


pdfTeX warning: /usr/bin/pdflatex (file /usr/share/texlive/texmf-var/fonts/map/
pdftex/updmap/pdftex.map): invalid entry for `PTSans-CaptionBoldSlanted-tlf-il2
': SlantFont/ExtendFont can be used only with embedded Type1 fonts


pdfTeX warning: /usr/bin/pdflatex (file /usr/share/texlive/texmf-var/fonts/map/
pdftex/updmap/pdftex.map): invalid entry for `PTSans-CaptionBoldSlanted-tlf-ot1
': SlantFont/ExtendFont can be used only with embedded Type1 fonts


pdfTeX warning: /usr/bin/pdflatex (file /usr/share/texlive/texmf-var/fonts/map/
pdftex/updmap/pdftex.map): invalid entry for `PTSans-CaptionBoldSlanted-tlf-ot2
': SlantFont/ExtendFont can be used only with embedded Type1 fonts


pdfTeX warning: /usr/bin/pdflatex (file /usr/share/texlive/texmf-var/fonts/map/
pdftex/updmap/pdftex.map): invalid entry for `PTSans-CaptionBoldSlanted-tlf-t1-
-base': SlantFont/ExtendFont can be used only with embedded Type1 fonts


pdfTeX warning: /usr/bin/pdflatex (file /usr/share/texlive/texmf-var/fonts/map/
pdftex/updmap/pdftex.map): invalid entry for `PTSans-CaptionBoldSlanted-tlf-t2a
--base': SlantFont/ExtendFont can be used only with embedded Type1 fonts


pdfTeX warning: /usr/bin/pdflatex (file /usr/share/texlive/texmf-var/fonts/map/
pdftex/updmap/pdftex.map): invalid entry for `PTSans-CaptionBoldSlanted-tlf-t2b
--base': SlantFont/ExtendFont can be used only with embedded Type1 fonts


pdfTeX warning: /usr/bin/pdflatex (file /usr/share/texlive/texmf-var/fonts/map/
pdftex/updmap/pdftex.map): invalid entry for `PTSans-CaptionBoldSlanted-tlf-t2c
--base': SlantFont/ExtendFont can be used only with embedded Type1 fonts


pdfTeX warning: /usr/bin/pdflatex (file /usr/share/texlive/texmf-var/fonts/map/
pdftex/updmap/pdftex.map): invalid entry for `PTSans-CaptionBoldSlanted-tlf-ts1
--base': SlantFont/ExtendFont can be used only with embedded Type1 fonts


pdfTeX warning: /usr/bin/pdflatex (file /usr/share/texlive/texmf-var/fonts/map/
pdftex/updmap/pdftex.map): invalid entry for `PTSans-CaptionBoldSlanted-tlf-x2-
-base': SlantFont/ExtendFont can be used only with embedded Type1 fonts


pdfTeX warning: /usr/bin/pdflatex (file /usr/share/texlive/texmf-var/fonts/map/
pdftex/updmap/pdftex.map): invalid entry for `PTSans-CaptionSlanted-tlf-il2': S
lantFont/ExtendFont can be used only with embedded Type1 fonts


pdfTeX warning: /usr/bin/pdflatex (file /usr/share/texlive/texmf-var/fonts/map/
pdftex/updmap/pdftex.map): invalid entry for `PTSans-CaptionSlanted-tlf-ot1': S
lantFont/ExtendFont can be used only with embedded Type1 fonts


pdfTeX warning: /usr/bin/pdflatex (file /usr/share/texlive/texmf-var/fonts/map/
pdftex/updmap/pdftex.map): invalid entry for `PTSans-CaptionSlanted-tlf-ot2': S
lantFont/ExtendFont can be used only with embedded Type1 fonts


pdfTeX warning: /usr/bin/pdflatex (file /usr/share/texlive/texmf-var/fonts/map/
pdftex/updmap/pdftex.map): invalid entry for `PTSans-CaptionSlanted-tlf-t1--bas
e': SlantFont/ExtendFont can be used only with embedded Type1 fonts


pdfTeX warning: /usr/bin/pdflatex (file /usr/share/texlive/texmf-var/fonts/map/
pdftex/updmap/pdftex.map): invalid entry for `PTSans-CaptionSlanted-tlf-t2a--ba
se': SlantFont/ExtendFont can be used only with embedded Type1 fonts


pdfTeX warning: /usr/bin/pdflatex (file /usr/share/texlive/texmf-var/fonts/map/
pdftex/updmap/pdftex.map): invalid entry for `PTSans-CaptionSlanted-tlf-t2b--ba
se': SlantFont/ExtendFont can be used only with embedded Type1 fonts


pdfTeX warning: /usr/bin/pdflatex (file /usr/share/texlive/texmf-var/fonts/map/
pdftex/updmap/pdftex.map): invalid entry for `PTSans-CaptionSlanted-tlf-t2c--ba
se': SlantFont/ExtendFont can be used only with embedded Type1 fonts


pdfTeX warning: /usr/bin/pdflatex (file /usr/share/texlive/texmf-var/fonts/map/
pdftex/updmap/pdftex.map): invalid entry for `PTSans-CaptionSlanted-tlf-ts1--ba
se': SlantFont/ExtendFont can be used only with embedded Type1 fonts


pdfTeX warning: /usr/bin/pdflatex (file /usr/share/texlive/texmf-var/fonts/map/
pdftex/updmap/pdftex.map): invalid entry for `PTSans-CaptionSlanted-tlf-x2--bas
e': SlantFont/ExtendFont can be used only with embedded Type1 fonts


pdfTeX warning: /usr/bin/pdflatex (file /usr/share/texlive/texmf-var/fonts/map/
pdftex/updmap/pdftex.map): invalid entry for `PTSans-NarrowBoldSlanted-tlf-il2'
: SlantFont/ExtendFont can be used only with embedded Type1 fonts


pdfTeX warning: /usr/bin/pdflatex (file /usr/share/texlive/texmf-var/fonts/map/
pdftex/updmap/pdftex.map): invalid entry for `PTSans-NarrowBoldSlanted-tlf-ot1'
: SlantFont/ExtendFont can be used only with embedded Type1 fonts


pdfTeX warning: /usr/bin/pdflatex (file /usr/share/texlive/texmf-var/fonts/map/
pdftex/updmap/pdftex.map): invalid entry for `PTSans-NarrowBoldSlanted-tlf-ot2'
: SlantFont/ExtendFont can be used only with embedded Type1 fonts


pdfTeX warning: /usr/bin/pdflatex (file /usr/share/texlive/texmf-var/fonts/map/
pdftex/updmap/pdftex.map): invalid entry for `PTSans-NarrowBoldSlanted-tlf-t1--
base': SlantFont/ExtendFont can be used only with embedded Type1 fonts


pdfTeX warning: /usr/bin/pdflatex (file /usr/share/texlive/texmf-var/fonts/map/
pdftex/updmap/pdftex.map): invalid entry for `PTSans-NarrowBoldSlanted-tlf-t2a-
-base': SlantFont/ExtendFont can be used only with embedded Type1 fonts


pdfTeX warning: /usr/bin/pdflatex (file /usr/share/texlive/texmf-var/fonts/map/
pdftex/updmap/pdftex.map): invalid entry for `PTSans-NarrowBoldSlanted-tlf-t2b-
-base': SlantFont/ExtendFont can be used only with embedded Type1 fonts


pdfTeX warning: /usr/bin/pdflatex (file /usr/share/texlive/texmf-var/fonts/map/
pdftex/updmap/pdftex.map): invalid entry for `PTSans-NarrowBoldSlanted-tlf-t2c-
-base': SlantFont/ExtendFont can be used only with embedded Type1 fonts


pdfTeX warning: /usr/bin/pdflatex (file /usr/share/texlive/texmf-var/fonts/map/
pdftex/updmap/pdftex.map): invalid entry for `PTSans-NarrowBoldSlanted-tlf-ts1-
-base': SlantFont/ExtendFont can be used only with embedded Type1 fonts


pdfTeX warning: /usr/bin/pdflatex (file /usr/share/texlive/texmf-var/fonts/map/
pdftex/updmap/pdftex.map): invalid entry for `PTSans-NarrowBoldSlanted-tlf-x2--
base': SlantFont/ExtendFont can be used only with embedded Type1 fonts


pdfTeX warning: /usr/bin/pdflatex (file /usr/share/texlive/texmf-var/fonts/map/
pdftex/updmap/pdftex.map): invalid entry for `PTSans-NarrowSlanted-tlf-il2': Sl
antFont/ExtendFont can be used only with embedded Type1 fonts


pdfTeX warning: /usr/bin/pdflatex (file /usr/share/texlive/texmf-var/fonts/map/
pdftex/updmap/pdftex.map): invalid entry for `PTSans-NarrowSlanted-tlf-ot1': Sl
antFont/ExtendFont can be used only with embedded Type1 fonts


pdfTeX warning: /usr/bin/pdflatex (file /usr/share/texlive/texmf-var/fonts/map/
pdftex/updmap/pdftex.map): invalid entry for `PTSans-NarrowSlanted-tlf-ot2': Sl
antFont/ExtendFont can be used only with embedded Type1 fonts


pdfTeX warning: /usr/bin/pdflatex (file /usr/share/texlive/texmf-var/fonts/map/
pdftex/updmap/pdftex.map): invalid entry for `PTSans-NarrowSlanted-tlf-t1--base
': SlantFont/ExtendFont can be used only with embedded Type1 fonts


pdfTeX warning: /usr/bin/pdflatex (file /usr/share/texlive/texmf-var/fonts/map/
pdftex/updmap/pdftex.map): invalid entry for `PTSans-NarrowSlanted-tlf-t2a--bas
e': SlantFont/ExtendFont can be used only with embedded Type1 fonts


pdfTeX warning: /usr/bin/pdflatex (file /usr/share/texlive/texmf-var/fonts/map/
pdftex/updmap/pdftex.map): invalid entry for `PTSans-NarrowSlanted-tlf-t2b--bas
e': SlantFont/ExtendFont can be used only with embedded Type1 fonts


pdfTeX warning: /usr/bin/pdflatex (file /usr/share/texlive/texmf-var/fonts/map/
pdftex/updmap/pdftex.map): invalid entry for `PTSans-NarrowSlanted-tlf-t2c--bas
e': SlantFont/ExtendFont can be used only with embedded Type1 fonts


pdfTeX warning: /usr/bin/pdflatex (file /usr/share/texlive/texmf-var/fonts/map/
pdftex/updmap/pdftex.map): invalid entry for `PTSans-NarrowSlanted-tlf-ts1--bas
e': SlantFont/ExtendFont can be used only with embedded Type1 fonts


pdfTeX warning: /usr/bin/pdflatex (file /usr/share/texlive/texmf-var/fonts/map/
pdftex/updmap/pdftex.map): invalid entry for `PTSans-NarrowSlanted-tlf-x2--base
': SlantFont/ExtendFont can be used only with embedded Type1 fonts


pdfTeX warning: /usr/bin/pdflatex (file /usr/share/texlive/texmf-var/fonts/map/
pdftex/updmap/pdftex.map): invalid entry for `PTSerif-BoldSlanted-tlf-il2': Sla
ntFont/ExtendFont can be used only with embedded Type1 fonts


pdfTeX warning: /usr/bin/pdflatex (file /usr/share/texlive/texmf-var/fonts/map/
pdftex/updmap/pdftex.map): invalid entry for `PTSerif-BoldSlanted-tlf-ot1': Sla
ntFont/ExtendFont can be used only with embedded Type1 fonts


pdfTeX warning: /usr/bin/pdflatex (file /usr/share/texlive/texmf-var/fonts/map/
pdftex/updmap/pdftex.map): invalid entry for `PTSerif-BoldSlanted-tlf-ot2': Sla
ntFont/ExtendFont can be used only with embedded Type1 fonts


pdfTeX warning: /usr/bin/pdflatex (file /usr/share/texlive/texmf-var/fonts/map/
pdftex/updmap/pdftex.map): invalid entry for `PTSerif-BoldSlanted-tlf-t1--base'
: SlantFont/ExtendFont can be used only with embedded Type1 fonts


pdfTeX warning: /usr/bin/pdflatex (file /usr/share/texlive/texmf-var/fonts/map/
pdftex/updmap/pdftex.map): invalid entry for `PTSerif-BoldSlanted-tlf-t2a--base
': SlantFont/ExtendFont can be used only with embedded Type1 fonts


pdfTeX warning: /usr/bin/pdflatex (file /usr/share/texlive/texmf-var/fonts/map/
pdftex/updmap/pdftex.map): invalid entry for `PTSerif-BoldSlanted-tlf-t2b--base
': SlantFont/ExtendFont can be used only with embedded Type1 fonts


pdfTeX warning: /usr/bin/pdflatex (file /usr/share/texlive/texmf-var/fonts/map/
pdftex/updmap/pdftex.map): invalid entry for `PTSerif-BoldSlanted-tlf-t2c--base
': SlantFont/ExtendFont can be used only with embedded Type1 fonts


pdfTeX warning: /usr/bin/pdflatex (file /usr/share/texlive/texmf-var/fonts/map/
pdftex/updmap/pdftex.map): invalid entry for `PTSerif-BoldSlanted-tlf-ts1--base
': SlantFont/ExtendFont can be used only with embedded Type1 fonts


pdfTeX warning: /usr/bin/pdflatex (file /usr/share/texlive/texmf-var/fonts/map/
pdftex/updmap/pdftex.map): invalid entry for `PTSerif-BoldSlanted-tlf-x2--base'
: SlantFont/ExtendFont can be used only with embedded Type1 fonts


pdfTeX warning: /usr/bin/pdflatex (file /usr/share/texlive/texmf-var/fonts/map/
pdftex/updmap/pdftex.map): invalid entry for `PTSerif-BoldUprightItalic-tlf-il2
': SlantFont/ExtendFont can be used only with embedded Type1 fonts


pdfTeX warning: /usr/bin/pdflatex (file /usr/share/texlive/texmf-var/fonts/map/
pdftex/updmap/pdftex.map): invalid entry for `PTSerif-BoldUprightItalic-tlf-ot1
': SlantFont/ExtendFont can be used only with embedded Type1 fonts


pdfTeX warning: /usr/bin/pdflatex (file /usr/share/texlive/texmf-var/fonts/map/
pdftex/updmap/pdftex.map): invalid entry for `PTSerif-BoldUprightItalic-tlf-t1-
-base': SlantFont/ExtendFont can be used only with embedded Type1 fonts


pdfTeX warning: /usr/bin/pdflatex (file /usr/share/texlive/texmf-var/fonts/map/
pdftex/updmap/pdftex.map): invalid entry for `PTSerif-BoldUprightItalic-tlf-t2a
--base': SlantFont/ExtendFont can be used only with embedded Type1 fonts


pdfTeX warning: /usr/bin/pdflatex (file /usr/share/texlive/texmf-var/fonts/map/
pdftex/updmap/pdftex.map): invalid entry for `PTSerif-BoldUprightItalic-tlf-t2b
--base': SlantFont/ExtendFont can be used only with embedded Type1 fonts


pdfTeX warning: /usr/bin/pdflatex (file /usr/share/texlive/texmf-var/fonts/map/
pdftex/updmap/pdftex.map): invalid entry for `PTSerif-BoldUprightItalic-tlf-t2c
--base': SlantFont/ExtendFont can be used only with embedded Type1 fonts


pdfTeX warning: /usr/bin/pdflatex (file /usr/share/texlive/texmf-var/fonts/map/
pdftex/updmap/pdftex.map): invalid entry for `PTSerif-BoldUprightItalic-tlf-ts1
--base': SlantFont/ExtendFont can be used only with embedded Type1 fonts


pdfTeX warning: /usr/bin/pdflatex (file /usr/share/texlive/texmf-var/fonts/map/
pdftex/updmap/pdftex.map): invalid entry for `PTSerif-BoldUprightItalic-tlf-x2-
-base': SlantFont/ExtendFont can be used only with embedded Type1 fonts


pdfTeX warning: /usr/bin/pdflatex (file /usr/share/texlive/texmf-var/fonts/map/
pdftex/updmap/pdftex.map): invalid entry for `PTSerif-CaptionSlanted-tlf-il2': 
SlantFont/ExtendFont can be used only with embedded Type1 fonts


pdfTeX warning: /usr/bin/pdflatex (file /usr/share/texlive/texmf-var/fonts/map/
pdftex/updmap/pdftex.map): invalid entry for `PTSerif-CaptionSlanted-tlf-ot1': 
SlantFont/ExtendFont can be used only with embedded Type1 fonts


pdfTeX warning: /usr/bin/pdflatex (file /usr/share/texlive/texmf-var/fonts/map/
pdftex/updmap/pdftex.map): invalid entry for `PTSerif-CaptionSlanted-tlf-ot2': 
SlantFont/ExtendFont can be used only with embedded Type1 fonts


pdfTeX warning: /usr/bin/pdflatex (file /usr/share/texlive/texmf-var/fonts/map/
pdftex/updmap/pdftex.map): invalid entry for `PTSerif-CaptionSlanted-tlf-t1--ba
se': SlantFont/ExtendFont can be used only with embedded Type1 fonts


pdfTeX warning: /usr/bin/pdflatex (file /usr/share/texlive/texmf-var/fonts/map/
pdftex/updmap/pdftex.map): invalid entry for `PTSerif-CaptionSlanted-tlf-t2a--b
ase': SlantFont/ExtendFont can be used only with embedded Type1 fonts


pdfTeX warning: /usr/bin/pdflatex (file /usr/share/texlive/texmf-var/fonts/map/
pdftex/updmap/pdftex.map): invalid entry for `PTSerif-CaptionSlanted-tlf-t2b--b
ase': SlantFont/ExtendFont can be used only with embedded Type1 fonts


pdfTeX warning: /usr/bin/pdflatex (file /usr/share/texlive/texmf-var/fonts/map/
pdftex/updmap/pdftex.map): invalid entry for `PTSerif-CaptionSlanted-tlf-t2c--b
ase': SlantFont/ExtendFont can be used only with embedded Type1 fonts


pdfTeX warning: /usr/bin/pdflatex (file /usr/share/texlive/texmf-var/fonts/map/
pdftex/updmap/pdftex.map): invalid entry for `PTSerif-CaptionSlanted-tlf-ts1--b
ase': SlantFont/ExtendFont can be used only with embedded Type1 fonts


pdfTeX warning: /usr/bin/pdflatex (file /usr/share/texlive/texmf-var/fonts/map/
pdftex/updmap/pdftex.map): invalid entry for `PTSerif-CaptionSlanted-tlf-x2--ba
se': SlantFont/ExtendFont can be used only with embedded Type1 fonts


pdfTeX warning: /usr/bin/pdflatex (file /usr/share/texlive/texmf-var/fonts/map/
pdftex/updmap/pdftex.map): invalid entry for `PTSerif-CaptionUprightItalic-tlf-
il2': SlantFont/ExtendFont can be used only with embedded Type1 fonts


pdfTeX warning: /usr/bin/pdflatex (file /usr/share/texlive/texmf-var/fonts/map/
pdftex/updmap/pdftex.map): invalid entry for `PTSerif-CaptionUprightItalic-tlf-
ot1': SlantFont/ExtendFont can be used only with embedded Type1 fonts


pdfTeX warning: /usr/bin/pdflatex (file /usr/share/texlive/texmf-var/fonts/map/
pdftex/updmap/pdftex.map): invalid entry for `PTSerif-CaptionUprightItalic-tlf-
t1--base': SlantFont/ExtendFont can be used only with embedded Type1 fonts


pdfTeX warning: /usr/bin/pdflatex (file /usr/share/texlive/texmf-var/fonts/map/
pdftex/updmap/pdftex.map): invalid entry for `PTSerif-CaptionUprightItalic-tlf-
t2a--base': SlantFont/ExtendFont can be used only with embedded Type1 fonts


pdfTeX warning: /usr/bin/pdflatex (file /usr/share/texlive/texmf-var/fonts/map/
pdftex/updmap/pdftex.map): invalid entry for `PTSerif-CaptionUprightItalic-tlf-
t2b--base': SlantFont/ExtendFont can be used only with embedded Type1 fonts


pdfTeX warning: /usr/bin/pdflatex (file /usr/share/texlive/texmf-var/fonts/map/
pdftex/updmap/pdftex.map): invalid entry for `PTSerif-CaptionUprightItalic-tlf-
t2c--base': SlantFont/ExtendFont can be used only with embedded Type1 fonts


pdfTeX warning: /usr/bin/pdflatex (file /usr/share/texlive/texmf-var/fonts/map/
pdftex/updmap/pdftex.map): invalid entry for `PTSerif-CaptionUprightItalic-tlf-
ts1--base': SlantFont/ExtendFont can be used only with embedded Type1 fonts


pdfTeX warning: /usr/bin/pdflatex (file /usr/share/texlive/texmf-var/fonts/map/
pdftex/updmap/pdftex.map): invalid entry for `PTSerif-CaptionUprightItalic-tlf-
x2--base': SlantFont/ExtendFont can be used only with embedded Type1 fonts


pdfTeX warning: /usr/bin/pdflatex (file /usr/share/texlive/texmf-var/fonts/map/
pdftex/updmap/pdftex.map): invalid entry for `PTSerif-Slanted-tlf-il2': SlantFo
nt/ExtendFont can be used only with embedded Type1 fonts


pdfTeX warning: /usr/bin/pdflatex (file /usr/share/texlive/texmf-var/fonts/map/
pdftex/updmap/pdftex.map): invalid entry for `PTSerif-Slanted-tlf-ot1': SlantFo
nt/ExtendFont can be used only with embedded Type1 fonts


pdfTeX warning: /usr/bin/pdflatex (file /usr/share/texlive/texmf-var/fonts/map/
pdftex/updmap/pdftex.map): invalid entry for `PTSerif-Slanted-tlf-ot2': SlantFo
nt/ExtendFont can be used only with embedded Type1 fonts


pdfTeX warning: /usr/bin/pdflatex (file /usr/share/texlive/texmf-var/fonts/map/
pdftex/updmap/pdftex.map): invalid entry for `PTSerif-Slanted-tlf-t1--base': Sl
antFont/ExtendFont can be used only with embedded Type1 fonts


pdfTeX warning: /usr/bin/pdflatex (file /usr/share/texlive/texmf-var/fonts/map/
pdftex/updmap/pdftex.map): invalid entry for `PTSerif-Slanted-tlf-t2a--base': S
lantFont/ExtendFont can be used only with embedded Type1 fonts


pdfTeX warning: /usr/bin/pdflatex (file /usr/share/texlive/texmf-var/fonts/map/
pdftex/updmap/pdftex.map): invalid entry for `PTSerif-Slanted-tlf-t2b--base': S
lantFont/ExtendFont can be used only with embedded Type1 fonts


pdfTeX warning: /usr/bin/pdflatex (file /usr/share/texlive/texmf-var/fonts/map/
pdftex/updmap/pdftex.map): invalid entry for `PTSerif-Slanted-tlf-t2c--base': S
lantFont/ExtendFont can be used only with embedded Type1 fonts


pdfTeX warning: /usr/bin/pdflatex (file /usr/share/texlive/texmf-var/fonts/map/
pdftex/updmap/pdftex.map): invalid entry for `PTSerif-Slanted-tlf-ts1--base': S
lantFont/ExtendFont can be used only with embedded Type1 fonts


pdfTeX warning: /usr/bin/pdflatex (file /usr/share/texlive/texmf-var/fonts/map/
pdftex/updmap/pdftex.map): invalid entry for `PTSerif-Slanted-tlf-x2--base': Sl
antFont/ExtendFont can be used only with embedded Type1 fonts


pdfTeX warning: /usr/bin/pdflatex (file /usr/share/texlive/texmf-var/fonts/map/
pdftex/updmap/pdftex.map): invalid entry for `PTSerif-UprightItalic-tlf-il2': S
lantFont/ExtendFont can be used only with embedded Type1 fonts


pdfTeX warning: /usr/bin/pdflatex (file /usr/share/texlive/texmf-var/fonts/map/
pdftex/updmap/pdftex.map): invalid entry for `PTSerif-UprightItalic-tlf-ot1': S
lantFont/ExtendFont can be used only with embedded Type1 fonts


pdfTeX warning: /usr/bin/pdflatex (file /usr/share/texlive/texmf-var/fonts/map/
pdftex/updmap/pdftex.map): invalid entry for `PTSerif-UprightItalic-tlf-t1--bas
e': SlantFont/ExtendFont can be used only with embedded Type1 fonts


pdfTeX warning: /usr/bin/pdflatex (file /usr/share/texlive/texmf-var/fonts/map/
pdftex/updmap/pdftex.map): invalid entry for `PTSerif-UprightItalic-tlf-t2a--ba
se': SlantFont/ExtendFont can be used only with embedded Type1 fonts


pdfTeX warning: /usr/bin/pdflatex (file /usr/share/texlive/texmf-var/fonts/map/
pdftex/updmap/pdftex.map): invalid entry for `PTSerif-UprightItalic-tlf-t2b--ba
se': SlantFont/ExtendFont can be used only with embedded Type1 fonts


pdfTeX warning: /usr/bin/pdflatex (file /usr/share/texlive/texmf-var/fonts/map/
pdftex/updmap/pdftex.map): invalid entry for `PTSerif-UprightItalic-tlf-t2c--ba
se': SlantFont/ExtendFont can be used only with embedded Type1 fonts


pdfTeX warning: /usr/bin/pdflatex (file /usr/share/texlive/texmf-var/fonts/map/
pdftex/updmap/pdftex.map): invalid entry for `PTSerif-UprightItalic-tlf-ts1--ba
se': SlantFont/ExtendFont can be used only with embedded Type1 fonts


pdfTeX warning: /usr/bin/pdflatex (file /usr/share/texlive/texmf-var/fonts/map/
pdftex/updmap/pdftex.map): invalid entry for `PTSerif-UprightItalic-tlf-x2--bas
e': SlantFont/ExtendFont can be used only with embedded Type1 fonts


pdfTeX warning: /usr/bin/pdflatex (file /usr/share/texlive/texmf-var/fonts/map/
pdftex/updmap/pdftex.map): ambiguous entry for `UniClass[letter]': font file pr
esent but not included, will be treated as font file not present


pdfTeX warning: /usr/bin/pdflatex (file /usr/share/texlive/texmf-var/fonts/map/
pdftex/updmap/pdftex.map): invalid entry for `pcrr8rn': SlantFont/ExtendFont ca
n be used only with embedded Type1 fonts


pdfTeX warning: /usr/bin/pdflatex (file /usr/share/texlive/texmf-var/fonts/map/
pdftex/updmap/pdftex.map): fontmap entry for `pncb8y' already exists, duplicate
s ignored


pdfTeX warning: /usr/bin/pdflatex (file /usr/share/texlive/texmf-var/fonts/map/
pdftex/updmap/pdftex.map): fontmap entry for `pncbi8y' already exists, duplicat
es ignored


pdfTeX warning: /usr/bin/pdflatex (file /usr/share/texlive/texmf-var/fonts/map/
pdftex/updmap/pdftex.map): invalid entry for `pncbo8y': SlantFont/ExtendFont ca
n be used only with embedded Type1 fonts


pdfTeX warning: /usr/bin/pdflatex (file /usr/share/texlive/texmf-var/fonts/map/
pdftex/updmap/pdftex.map): fontmap entry for `pncr8y' already exists, duplicate
s ignored


pdfTeX warning: /usr/bin/pdflatex (file /usr/share/texlive/texmf-var/fonts/map/
pdftex/updmap/pdftex.map): fontmap entry for `pncri8y' already exists, duplicat
es ignored


pdfTeX warning: /usr/bin/pdflatex (file /usr/share/texlive/texmf-var/fonts/map/
pdftex/updmap/pdftex.map): invalid entry for `pncro8y': SlantFont/ExtendFont ca
n be used only with embedded Type1 fonts


pdfTeX warning: /usr/bin/pdflatex (file /usr/share/texlive/texmf-var/fonts/map/
pdftex/updmap/pdftex.map): fontmap entry for `rpxpplb' already exists, duplicat
es ignored


pdfTeX warning: /usr/bin/pdflatex (file /usr/share/texlive/texmf-var/fonts/map/
pdftex/updmap/pdftex.map): fontmap entry for `rpxpplbi' already exists, duplica
tes ignored


pdfTeX warning: /usr/bin/pdflatex (file /usr/share/texlive/texmf-var/fonts/map/
pdftex/updmap/pdftex.map): fontmap entry for `rpxpplbo' already exists, duplica
tes ignored


pdfTeX warning: /usr/bin/pdflatex (file /usr/share/texlive/texmf-var/fonts/map/
pdftex/updmap/pdftex.map): fontmap entry for `rpxpplr' already exists, duplicat
es ignored


pdfTeX warning: /usr/bin/pdflatex (file /usr/share/texlive/texmf-var/fonts/map/
pdftex/updmap/pdftex.map): fontmap entry for `rpxpplri' already exists, duplica
tes ignored


pdfTeX warning: /usr/bin/pdflatex (file /usr/share/texlive/texmf-var/fonts/map/
pdftex/updmap/pdftex.map): fontmap entry for `rpxpplro' already exists, duplica
tes ignored
} <./bmstu-logo.pdf>]

LaTeX Font Warning: Font shape `T2A/cmr/m/n' in size <16> not available
(Font)              size <17.28> substituted on input line 9.


LaTeX Font Warning: Font shape `T2A/cmr/bx/n' in size <16> not available
(Font)              size <17.28> substituted on input line 9.

(./research_paper.toc)
\tf@toc=\write6
\openout6 = `research_paper.toc'.

 [2

]
\openout2 = `01-introduction.aux'.

 (./01-introduction.tex) [3


]
\openout2 = `02-analysis.aux'.

 (./02-analysis.tex
{\cyrillictext \CYRG \cyrl \cyra \cyrv \cyra } 1.
[4




]) [5]
\openout2 = `03-classification.aux'.

 (./03-classification.tex
{\cyrillictext \CYRG \cyrl \cyra \cyrv \cyra } 2.

Underfull \hbox (badness 4048) in paragraph at lines 39--39
[]|\T2A/cmr/bx/n/14.4 (+20)  ---
 []


Underfull \hbox (badness 10000) in paragraph at lines 42--42
[]|\T2A/cmr/bx/n/14.4 (+20)  ---
 []


LaTeX Warning: `!h' float specifier changed to `!ht'.


LaTeX Warning: `!h' float specifier changed to `!ht'.

[6




]

LaTeX Warning: Text page 7 contains only floats.

[7] [8] [9]) [10]
\openout2 = `04-conclusion.aux'.

 (./04-conclusion.tex) [11




] 
AED: lastpage setting LastPage
(./research_paper.aux (./01-introduction.aux) (./02-analysis.aux)
(./03-classification.aux) (./04-conclusion.aux))

LaTeX Font Warning: Size substitutions with differences
(Font)              up to 1.28pt have occurred.

Package rerunfilecheck Info: File `research_paper.out' has not changed.
(rerunfilecheck)             Checksum: 0DE0FE0D8D945233771FE6D9B906CC67;3517.
Package logreq Info: Writing requests to 'research_paper.run.xml'.
\openout1 = `research_paper.run.xml'.

 ) 
Here is how much of TeX's memory you used:
 47103 strings out of 478862
 1008968 string characters out of 5858945
 2101345 words of memory out of 6000000
 63751 multiletter control sequences out of 15000+600000
 427590 words of font info for 148 fonts, out of 8000000 for 9000
 1137 hyphenation exceptions out of 8191
 109i,19n,117p,2228b,3053s stack positions out of 5000i,500n,10000p,200000b,80000s
{/usr/share/texlive/texmf-dist/fonts/enc/dvips/cm-super/cm-super-ts1.enc}{/us
r/share/texlive/texmf-dist/fonts/enc/dvips/cm-super/cm-super-t2a.enc}</usr/shar
e/texlive/texmf-dist/fonts/type1/public/cm-super/sfbx1440.pfb></usr/share/texli
ve/texmf-dist/fonts/type1/public/cm-super/sfbx1728.pfb></usr/share/texlive/texm
f-dist/fonts/type1/public/cm-super/sfbx2074.pfb></usr/share/texlive/texmf-dist/
fonts/type1/public/cm-super/sfrm0800.pfb></usr/share/texlive/texmf-dist/fonts/t
ype1/public/cm-super/sfrm1200.pfb></usr/share/texlive/texmf-dist/fonts/type1/pu
blic/cm-super/sfrm1440.pfb></usr/share/texlive/texmf-dist/fonts/type1/public/cm
-super/sfti1440.pfb></usr/share/texlive/texmf-dist/fonts/type1/public/cm-super/
sfti2074.pfb>
Output written on research_paper.pdf (11 pages, 333921 bytes).
PDF statistics:
 197 PDF objects out of 1000 (max. 8388607)
 173 compressed objects within 2 object streams
 36 named destinations out of 1000 (max. 500000)
 41114 words of extra memory for PDF output out of 42996 (max. 10000000)

