This is pdfTeX, Version 3.14159265-2.6-1.40.21 (TeX Live 2020) (preloaded format=pdflatex 2021.11.11)  28 NOV 2021 15:12
entering extended mode
 restricted \write18 enabled.
 %&-line parsing enabled.
**1-intro.tex
(./1-intro.tex
LaTeX2e <2020-02-02> patch level 5
L3 programming layer <2020-04-06>
! Undefined control sequence.
l.2 \chapter
            *{–í–≤–µ–¥–µ–Ω–∏–µ}
The control sequence at the end of the top line
of your error message was never \def'ed. If you have
misspelled it (e.g., `\hobx'), type `I' and the correct
spelling (e.g., `I\hbox'). Otherwise just continue,
and I'll forget about whatever was undefined.


! LaTeX Error: Missing \begin{document}.

See the LaTeX manual or LaTeX Companion for explanation.
Type  H <return>  for immediate help.
 ...                                              
                                                  
l.2 \chapter*
             {–í–≤–µ–¥–µ–Ω–∏–µ}
You're in trouble here.  Try typing  <return>  to proceed.
If that doesn't work, type  X <return>  to quit.

Missing character: There is no * in font nullfont!

! Package inputenc Error: Unicode character –í (U+0412)
(inputenc)                not set up for use with LaTeX.

See the inputenc package documentation for explanation.
Type  H <return>  for immediate help.
 ...                                              
                                                  
l.2 \chapter*{–í
                –≤–µ–¥–µ–Ω–∏–µ}
You may provide a definition with
\DeclareUnicodeCharacter 


! Package inputenc Error: Unicode character –≤ (U+0432)
(inputenc)                not set up for use with LaTeX.

See the inputenc package documentation for explanation.
Type  H <return>  for immediate help.
 ...                                              
                                                  
l.2 \chapter*{–í–≤
                  –µ–¥–µ–Ω–∏–µ}
You may provide a definition with
\DeclareUnicodeCharacter 


! Package inputenc Error: Unicode character –µ (U+0435)
(inputenc)                not set up for use with LaTeX.

See the inputenc package documentation for explanation.
Type  H <return>  for immediate help.
 ...                                              
                                                  
l.2 \chapter*{–í–≤–µ
                    –¥–µ–Ω–∏–µ}
You may provide a definition with
\DeclareUnicodeCharacter 


! Package inputenc Error: Unicode character –¥ (U+0434)
(inputenc)                not set up for use with LaTeX.

See the inputenc package documentation for explanation.
Type  H <return>  for immediate help.
 ...                                              
                                                  
l.2 \chapter*{–í–≤–µ–¥
                      –µ–Ω–∏–µ}
You may provide a definition with
\DeclareUnicodeCharacter 


! Package inputenc Error: Unicode character –µ (U+0435)
(inputenc)                not set up for use with LaTeX.

See the inputenc package documentation for explanation.
Type  H <return>  for immediate help.
 ...                                              
                                                  
l.2 \chapter*{–í–≤–µ–¥–µ
                        –Ω–∏–µ}
You may provide a definition with
\DeclareUnicodeCharacter 


! Package inputenc Error: Unicode character –Ω (U+043D)
(inputenc)                not set up for use with LaTeX.

See the inputenc package documentation for explanation.
Type  H <return>  for immediate help.
 ...                                              
                                                  
l.2 \chapter*{–í–≤–µ–¥–µ–Ω
                          –∏–µ}
You may provide a definition with
\DeclareUnicodeCharacter 


! Package inputenc Error: Unicode character –∏ (U+0438)
(inputenc)                not set up for use with LaTeX.

See the inputenc package documentation for explanation.
Type  H <return>  for immediate help.
 ...                                              
                                                  
l.2 \chapter*{–í–≤–µ–¥–µ–Ω–∏
                            –µ}
You may provide a definition with
\DeclareUnicodeCharacter 


! Package inputenc Error: Unicode character –µ (U+0435)
(inputenc)                not set up for use with LaTeX.

See the inputenc package documentation for explanation.
Type  H <return>  for immediate help.
 ...                                              
                                                  
l.2 \chapter*{–í–≤–µ–¥–µ–Ω–∏–µ
                              }
You may provide a definition with
\DeclareUnicodeCharacter 


Overfull \hbox (20.0pt too wide) in paragraph at lines 2--4
[]
 []


! Package inputenc Error: Unicode character –ú (U+041C)
(inputenc)                not set up for use with LaTeX.

See the inputenc package documentation for explanation.
Type  H <return>  for immediate help.
 ...                                              
                                                  
l.5 –ú
      —É—Ä–∞–≤—å—è –Ω–µ–ª—å–∑—è –Ω–∞–∑–≤–∞—Ç—å —Å–æ–æ–±—Ä–∞–∑–∏—Ç–µ–ª—å–Ω—ã–...

You may provide a definition with
\DeclareUnicodeCharacter 


! Package inputenc Error: Unicode character —É (U+0443)
(inputenc)                not set up for use with LaTeX.

See the inputenc package documentation for explanation.
Type  H <return>  for immediate help.
 ...                                              
                                                  
l.5 –ú—É
        —Ä–∞–≤—å—è –Ω–µ–ª—å–∑—è –Ω–∞–∑–≤–∞—Ç—å —Å–æ–æ–±—Ä–∞–∑–∏—Ç–µ–ª—å–Ω—ã–...

You may provide a definition with
\DeclareUnicodeCharacter 


! Package inputenc Error: Unicode character —Ä (U+0440)
(inputenc)                not set up for use with LaTeX.

See the inputenc package documentation for explanation.
Type  H <return>  for immediate help.
 ...                                              
                                                  
l.5 –ú—É—Ä
          –∞–≤—å—è –Ω–µ–ª—å–∑—è –Ω–∞–∑–≤–∞—Ç—å —Å–æ–æ–±—Ä–∞–∑–∏—Ç–µ–ª—å–Ω—ã–...

You may provide a definition with
\DeclareUnicodeCharacter 


! Package inputenc Error: Unicode character –∞ (U+0430)
(inputenc)                not set up for use with LaTeX.

See the inputenc package documentation for explanation.
Type  H <return>  for immediate help.
 ...                                              
                                                  
l.5 –ú—É—Ä–∞
            –≤—å—è –Ω–µ–ª—å–∑—è –Ω–∞–∑–≤–∞—Ç—å —Å–æ–æ–±—Ä–∞–∑–∏—Ç–µ–ª—å–Ω—ã–...

You may provide a definition with
\DeclareUnicodeCharacter 


! Package inputenc Error: Unicode character –≤ (U+0432)
(inputenc)                not set up for use with LaTeX.

See the inputenc package documentation for explanation.
Type  H <return>  for immediate help.
 ...                                              
                                                  
l.5 –ú—É—Ä–∞–≤
              —å—è –Ω–µ–ª—å–∑—è –Ω–∞–∑–≤–∞—Ç—å —Å–æ–æ–±—Ä–∞–∑–∏—Ç–µ–ª—å–Ω—ã–...

You may provide a definition with
\DeclareUnicodeCharacter 


! Package inputenc Error: Unicode character —å (U+044C)
(inputenc)                not set up for use with LaTeX.

See the inputenc package documentation for explanation.
Type  H <return>  for immediate help.
 ...                                              
                                                  
l.5 –ú—É—Ä–∞–≤—å
                —è –Ω–µ–ª—å–∑—è –Ω–∞–∑–≤–∞—Ç—å —Å–æ–æ–±—Ä–∞–∑–∏—Ç–µ–ª—å–Ω—ã–...

You may provide a definition with
\DeclareUnicodeCharacter 


! Package inputenc Error: Unicode character —è (U+044F)
(inputenc)                not set up for use with LaTeX.

See the inputenc package documentation for explanation.
Type  H <return>  for immediate help.
 ...                                              
                                                  
l.5 –ú—É—Ä–∞–≤—å—è
                   –Ω–µ–ª—å–∑—è –Ω–∞–∑–≤–∞—Ç—å —Å–æ–æ–±—Ä–∞–∑–∏—Ç–µ–ª—å–Ω—ã–...

You may provide a definition with
\DeclareUnicodeCharacter 


! Package inputenc Error: Unicode character –Ω (U+043D)
(inputenc)                not set up for use with LaTeX.

See the inputenc package documentation for explanation.
Type  H <return>  for immediate help.
 ...                                              
                                                  
l.5 –ú—É—Ä–∞–≤—å—è –Ω
                     –µ–ª—å–∑—è –Ω–∞–∑–≤–∞—Ç—å —Å–æ–æ–±—Ä–∞–∑–∏—Ç–µ–ª—å–Ω—ã–...

You may provide a definition with
\DeclareUnicodeCharacter 


! Package inputenc Error: Unicode character –µ (U+0435)
(inputenc)                not set up for use with LaTeX.

See the inputenc package documentation for explanation.
Type  H <return>  for immediate help.
 ...                                              
                                                  
l.5 –ú—É—Ä–∞–≤—å—è –Ω–µ
                       –ª—å–∑—è –Ω–∞–∑–≤–∞—Ç—å —Å–æ–æ–±—Ä–∞–∑–∏—Ç–µ–ª—å–Ω—ã–...

You may provide a definition with
\DeclareUnicodeCharacter 


! Package inputenc Error: Unicode character –ª (U+043B)
(inputenc)                not set up for use with LaTeX.

See the inputenc package documentation for explanation.
Type  H <return>  for immediate help.
 ...                                              
                                                  
l.5 –ú—É—Ä–∞–≤—å—è –Ω–µ–ª
                         —å–∑—è –Ω–∞–∑–≤–∞—Ç—å —Å–æ–æ–±—Ä–∞–∑–∏—Ç–µ–ª—å–Ω—ã–...

You may provide a definition with
\DeclareUnicodeCharacter 


! Package inputenc Error: Unicode character —å (U+044C)
(inputenc)                not set up for use with LaTeX.

See the inputenc package documentation for explanation.
Type  H <return>  for immediate help.
 ...                                              
                                                  
l.5 –ú—É—Ä–∞–≤—å—è –Ω–µ–ª—å
                           –∑—è –Ω–∞–∑–≤–∞—Ç—å —Å–æ–æ–±—Ä–∞–∑–∏—Ç–µ–ª—å–Ω—ã–...

You may provide a definition with
\DeclareUnicodeCharacter 


! Package inputenc Error: Unicode character –∑ (U+0437)
(inputenc)                not set up for use with LaTeX.

See the inputenc package documentation for explanation.
Type  H <return>  for immediate help.
 ...                                              
                                                  
l.5 –ú—É—Ä–∞–≤—å—è –Ω–µ–ª—å–∑
                             —è –Ω–∞–∑–≤–∞—Ç—å —Å–æ–æ–±—Ä–∞–∑–∏—Ç–µ–ª—å–Ω—ã–...

You may provide a definition with
\DeclareUnicodeCharacter 


! Package inputenc Error: Unicode character —è (U+044F)
(inputenc)                not set up for use with LaTeX.

See the inputenc package documentation for explanation.
Type  H <return>  for immediate help.
 ...                                              
                                                  
l.5 –ú—É—Ä–∞–≤—å—è –Ω–µ–ª—å–∑—è
                                –Ω–∞–∑–≤–∞—Ç—å —Å–æ–æ–±—Ä–∞–∑–∏—Ç–µ–ª—å–Ω—ã–...

You may provide a definition with
\DeclareUnicodeCharacter 


! Package inputenc Error: Unicode character –Ω (U+043D)
(inputenc)                not set up for use with LaTeX.

See the inputenc package documentation for explanation.
Type  H <return>  for immediate help.
 ...                                              
                                                  
l.5 –ú—É—Ä–∞–≤—å—è –Ω–µ–ª—å–∑—è –Ω
                                  –∞–∑–≤–∞—Ç—å —Å–æ–æ–±—Ä–∞–∑–∏—Ç–µ–ª—å–Ω—ã–...

You may provide a definition with
\DeclareUnicodeCharacter 


! Package inputenc Error: Unicode character –∞ (U+0430)
(inputenc)                not set up for use with LaTeX.

See the inputenc package documentation for explanation.
Type  H <return>  for immediate help.
 ...                                              
                                                  
l.5 –ú—É—Ä–∞–≤—å—è –Ω–µ–ª—å–∑—è –Ω–∞
                                    –∑–≤–∞—Ç—å —Å–æ–æ–±—Ä–∞–∑–∏—Ç–µ–ª—å–Ω—ã–...

You may provide a definition with
\DeclareUnicodeCharacter 


! Package inputenc Error: Unicode character –∑ (U+0437)
(inputenc)                not set up for use with LaTeX.

See the inputenc package documentation for explanation.
Type  H <return>  for immediate help.
 ...                                              
                                                  
l.5 –ú—É—Ä–∞–≤—å—è –Ω–µ–ª—å–∑—è –Ω–∞–∑
                                      –≤–∞—Ç—å —Å–æ–æ–±—Ä–∞–∑–∏—Ç–µ–ª—å–Ω—ã–...

You may provide a definition with
\DeclareUnicodeCharacter 


! Package inputenc Error: Unicode character –≤ (U+0432)
(inputenc)                not set up for use with LaTeX.

See the inputenc package documentation for explanation.
Type  H <return>  for immediate help.
 ...                                              
                                                  
l.5 –ú—É—Ä–∞–≤—å—è –Ω–µ–ª—å–∑—è –Ω–∞–∑–≤
                                        –∞—Ç—å —Å–æ–æ–±—Ä–∞–∑–∏—Ç–µ–ª—å–Ω—ã–...

You may provide a definition with
\DeclareUnicodeCharacter 


! Package inputenc Error: Unicode character –∞ (U+0430)
(inputenc)                not set up for use with LaTeX.

See the inputenc package documentation for explanation.
Type  H <return>  for immediate help.
 ...                                              
                                                  
l.5 –ú—É—Ä–∞–≤—å—è –Ω–µ–ª—å–∑—è –Ω–∞–∑–≤–∞
                                          —Ç—å —Å–æ–æ–±—Ä–∞–∑–∏—Ç–µ–ª—å–Ω—ã–...

You may provide a definition with
\DeclareUnicodeCharacter 


! Package inputenc Error: Unicode character —Ç (U+0442)
(inputenc)                not set up for use with LaTeX.

See the inputenc package documentation for explanation.
Type  H <return>  for immediate help.
 ...                                              
                                                  
l.5 –ú—É—Ä–∞–≤—å—è –Ω–µ–ª—å–∑—è –Ω–∞–∑–≤–∞—Ç
                                            —å —Å–æ–æ–±—Ä–∞–∑–∏—Ç–µ–ª—å–Ω—ã–...

You may provide a definition with
\DeclareUnicodeCharacter 


! Package inputenc Error: Unicode character —å (U+044C)
(inputenc)                not set up for use with LaTeX.

See the inputenc package documentation for explanation.
Type  H <return>  for immediate help.
 ...                                              
                                                  
l.5 –ú—É—Ä–∞–≤—å—è –Ω–µ–ª—å–∑—è –Ω–∞–∑–≤–∞—Ç—å
                                               —Å–æ–æ–±—Ä–∞–∑–∏—Ç–µ–ª—å–Ω—ã–...

You may provide a definition with
\DeclareUnicodeCharacter 


! Package inputenc Error: Unicode character —Å (U+0441)
(inputenc)                not set up for use with LaTeX.

See the inputenc package documentation for explanation.
Type  H <return>  for immediate help.
 ...                                              
                                                  
l.5 –ú—É—Ä–∞–≤—å—è –Ω–µ–ª—å–∑—è –Ω–∞–∑–≤–∞—Ç—å —Å
                                                 –æ–æ–±—Ä–∞–∑–∏—Ç–µ–ª—å–Ω—ã–...

You may provide a definition with
\DeclareUnicodeCharacter 


! Package inputenc Error: Unicode character –æ (U+043E)
(inputenc)                not set up for use with LaTeX.

See the inputenc package documentation for explanation.
Type  H <return>  for immediate help.
 ...                                              
                                                  
l.5 ...—Ä–∞–≤—å—è –Ω–µ–ª—å–∑—è –Ω–∞–∑–≤–∞—Ç—å —Å–æ
                                                  –æ–±—Ä–∞–∑–∏—Ç–µ–ª—å–Ω—ã–º...

You may provide a definition with
\DeclareUnicodeCharacter 


! Package inputenc Error: Unicode character –æ (U+043E)
(inputenc)                not set up for use with LaTeX.

See the inputenc package documentation for explanation.
Type  H <return>  for immediate help.
 ...                                              
                                                  
l.5 ...–∞–≤—å—è –Ω–µ–ª—å–∑—è –Ω–∞–∑–≤–∞—Ç—å —Å–æ–æ
                                                  –±—Ä–∞–∑–∏—Ç–µ–ª—å–Ω—ã–º. ...

You may provide a definition with
\DeclareUnicodeCharacter 


! Package inputenc Error: Unicode character –± (U+0431)
(inputenc)                not set up for use with LaTeX.

See the inputenc package documentation for explanation.
Type  H <return>  for immediate help.
 ...                                              
                                                  
l.5 ...–≤—å—è –Ω–µ–ª—å–∑—è –Ω–∞–∑–≤–∞—Ç—å —Å–æ–æ–±
                                                  —Ä–∞–∑–∏—Ç–µ–ª—å–Ω—ã–º. –û...

You may provide a definition with
\DeclareUnicodeCharacter 


! Package inputenc Error: Unicode character —Ä (U+0440)
(inputenc)                not set up for use with LaTeX.

See the inputenc package documentation for explanation.
Type  H <return>  for immediate help.
 ...                                              
                                                  
l.5 ...—å—è –Ω–µ–ª—å–∑—è –Ω–∞–∑–≤–∞—Ç—å —Å–æ–æ–±—Ä
                                                  –∞–∑–∏—Ç–µ–ª—å–Ω—ã–º. –û—Ç...

You may provide a definition with
\DeclareUnicodeCharacter 


! Package inputenc Error: Unicode character –∞ (U+0430)
(inputenc)                not set up for use with LaTeX.

See the inputenc package documentation for explanation.
Type  H <return>  for immediate help.
 ...                                              
                                                  
l.5 ...—è –Ω–µ–ª—å–∑—è –Ω–∞–∑–≤–∞—Ç—å —Å–æ–æ–±—Ä–∞
                                                  –∑–∏—Ç–µ–ª—å–Ω—ã–º. –û—Ç–¥...

You may provide a definition with
\DeclareUnicodeCharacter 


! Package inputenc Error: Unicode character –∑ (U+0437)
(inputenc)                not set up for use with LaTeX.

See the inputenc package documentation for explanation.
Type  H <return>  for immediate help.
 ...                                              
                                                  
l.5 ... –Ω–µ–ª—å–∑—è –Ω–∞–∑–≤–∞—Ç—å —Å–æ–æ–±—Ä–∞–∑
                                                  –∏—Ç–µ–ª—å–Ω—ã–º. –û—Ç–¥–µ...

You may provide a definition with
\DeclareUnicodeCharacter 


! Package inputenc Error: Unicode character –∏ (U+0438)
(inputenc)                not set up for use with LaTeX.

See the inputenc package documentation for explanation.
Type  H <return>  for immediate help.
 ...                                              
                                                  
l.5 ...Ω–µ–ª—å–∑—è –Ω–∞–∑–≤–∞—Ç—å —Å–æ–æ–±—Ä–∞–∑–∏
                                                  —Ç–µ–ª—å–Ω—ã–º. –û—Ç–¥–µ–ª...

You may provide a definition with
\DeclareUnicodeCharacter 


! Package inputenc Error: Unicode character —Ç (U+0442)
(inputenc)                not set up for use with LaTeX.

See the inputenc package documentation for explanation.
Type  H <return>  for immediate help.
 ...                                              
                                                  
l.5 ...µ–ª—å–∑—è –Ω–∞–∑–≤–∞—Ç—å —Å–æ–æ–±—Ä–∞–∑–∏—Ç
                                                  –µ–ª—å–Ω—ã–º. –û—Ç–¥–µ–ª—å...

You may provide a definition with
\DeclareUnicodeCharacter 


! Package inputenc Error: Unicode character –µ (U+0435)
(inputenc)                not set up for use with LaTeX.

See the inputenc package documentation for explanation.
Type  H <return>  for immediate help.
 ...                                              
                                                  
l.5 ...ª—å–∑—è –Ω–∞–∑–≤–∞—Ç—å —Å–æ–æ–±—Ä–∞–∑–∏—Ç–µ
                                                  –ª—å–Ω—ã–º. –û—Ç–¥–µ–ª—å–Ω...

You may provide a definition with
\DeclareUnicodeCharacter 


! Package inputenc Error: Unicode character –ª (U+043B)
(inputenc)                not set up for use with LaTeX.

See the inputenc package documentation for explanation.
Type  H <return>  for immediate help.
 ...                                              
                                                  
l.5 ...å–∑—è –Ω–∞–∑–≤–∞—Ç—å —Å–æ–æ–±—Ä–∞–∑–∏—Ç–µ–ª
                                                  —å–Ω—ã–º. –û—Ç–¥–µ–ª—å–Ω—ã...

You may provide a definition with
\DeclareUnicodeCharacter 


! Package inputenc Error: Unicode character —å (U+044C)
(inputenc)                not set up for use with LaTeX.

See the inputenc package documentation for explanation.
Type  H <return>  for immediate help.
 ...                                              
                                                  
l.5 ...∑—è –Ω–∞–∑–≤–∞—Ç—å —Å–æ–æ–±—Ä–∞–∑–∏—Ç–µ–ª—å
                                                  –Ω—ã–º. –û—Ç–¥–µ–ª—å–Ω—ã–π...

You may provide a definition with
\DeclareUnicodeCharacter 


! Package inputenc Error: Unicode character –Ω (U+043D)
(inputenc)                not set up for use with LaTeX.

See the inputenc package documentation for explanation.
Type  H <return>  for immediate help.
 ...                                              
                                                  
l.5 ...è –Ω–∞–∑–≤–∞—Ç—å —Å–æ–æ–±—Ä–∞–∑–∏—Ç–µ–ª—å–Ω
                                                  —ã–º. –û—Ç–¥–µ–ª—å–Ω—ã–π –...

You may provide a definition with
\DeclareUnicodeCharacter 


! Package inputenc Error: Unicode character —ã (U+044B)
(inputenc)                not set up for use with LaTeX.

See the inputenc package documentation for explanation.
Type  H <return>  for immediate help.
 ...                                              
                                                  
l.5 ...–Ω–∞–∑–≤–∞—Ç—å —Å–æ–æ–±—Ä–∞–∑–∏—Ç–µ–ª—å–Ω—ã
                                                  –º. –û—Ç–¥–µ–ª—å–Ω—ã–π –º—...

You may provide a definition with
\DeclareUnicodeCharacter 


! Package inputenc Error: Unicode character –º (U+043C)
(inputenc)                not set up for use with LaTeX.

See the inputenc package documentation for explanation.
Type  H <return>  for immediate help.
 ...                                              
                                                  
l.5 ...–∞–∑–≤–∞—Ç—å —Å–æ–æ–±—Ä–∞–∑–∏—Ç–µ–ª—å–Ω—ã–º
                                                  . –û—Ç–¥–µ–ª—å–Ω—ã–π –º—É—...

You may provide a definition with
\DeclareUnicodeCharacter 


! LaTeX Error: Missing \begin{document}.

See the LaTeX manual or LaTeX Companion for explanation.
Type  H <return>  for immediate help.
 ...                                              
                                                  
l.5 ...∞–∑–≤–∞—Ç—å —Å–æ–æ–±—Ä–∞–∑–∏—Ç–µ–ª—å–Ω—ã–º.
                                                   –û—Ç–¥–µ–ª—å–Ω—ã–π –º—É—Ä...

You're in trouble here.  Try typing  <return>  to proceed.
If that doesn't work, type  X <return>  to quit.

Missing character: There is no . in font nullfont!

! Package inputenc Error: Unicode character –û (U+041E)
(inputenc)                not set up for use with LaTeX.

See the inputenc package documentation for explanation.
Type  H <return>  for immediate help.
 ...                                              
                                                  
l.5 ...–≤–∞—Ç—å —Å–æ–æ–±—Ä–∞–∑–∏—Ç–µ–ª—å–Ω—ã–º. –û
                                                  —Ç–¥–µ–ª—å–Ω—ã–π –º—É—Ä–∞–...

You may provide a definition with
\DeclareUnicodeCharacter 


! Package inputenc Error: Unicode character —Ç (U+0442)
(inputenc)                not set up for use with LaTeX.

See the inputenc package documentation for explanation.
Type  H <return>  for immediate help.
 ...                                              
                                                  
l.5 ...–∞—Ç—å —Å–æ–æ–±—Ä–∞–∑–∏—Ç–µ–ª—å–Ω—ã–º. –û—Ç
                                                  –¥–µ–ª—å–Ω—ã–π –º—É—Ä–∞–≤–...

You may provide a definition with
\DeclareUnicodeCharacter 


! Package inputenc Error: Unicode character –¥ (U+0434)
(inputenc)                not set up for use with LaTeX.

See the inputenc package documentation for explanation.
Type  H <return>  for immediate help.
 ...                                              
                                                  
l.5 ...—Ç—å —Å–æ–æ–±—Ä–∞–∑–∏—Ç–µ–ª—å–Ω—ã–º. –û—Ç–¥
                                                  –µ–ª—å–Ω—ã–π –º—É—Ä–∞–≤–µ–...

You may provide a definition with
\DeclareUnicodeCharacter 


! Package inputenc Error: Unicode character –µ (U+0435)
(inputenc)                not set up for use with LaTeX.

See the inputenc package documentation for explanation.
Type  H <return>  for immediate help.
 ...                                              
                                                  
l.5 ...—å —Å–æ–æ–±—Ä–∞–∑–∏—Ç–µ–ª—å–Ω—ã–º. –û—Ç–¥–µ
                                                  –ª—å–Ω—ã–π –º—É—Ä–∞–≤–µ–π ...

You may provide a definition with
\DeclareUnicodeCharacter 


! Package inputenc Error: Unicode character –ª (U+043B)
(inputenc)                not set up for use with LaTeX.

See the inputenc package documentation for explanation.
Type  H <return>  for immediate help.
 ...                                              
                                                  
l.5 ... —Å–æ–æ–±—Ä–∞–∑–∏—Ç–µ–ª—å–Ω—ã–º. –û—Ç–¥–µ–ª
                                                  —å–Ω—ã–π –º—É—Ä–∞–≤–µ–π –Ω...

You may provide a definition with
\DeclareUnicodeCharacter 


! Package inputenc Error: Unicode character —å (U+044C)
(inputenc)                not set up for use with LaTeX.

See the inputenc package documentation for explanation.
Type  H <return>  for immediate help.
 ...                                              
                                                  
l.5 ...Å–æ–æ–±—Ä–∞–∑–∏—Ç–µ–ª—å–Ω—ã–º. –û—Ç–¥–µ–ª—å
                                                  –Ω—ã–π –º—É—Ä–∞–≤–µ–π –Ω–µ...

You may provide a definition with
\DeclareUnicodeCharacter 


! Package inputenc Error: Unicode character –Ω (U+043D)
(inputenc)                not set up for use with LaTeX.

See the inputenc package documentation for explanation.
Type  H <return>  for immediate help.
 ...                                              
                                                  
l.5 ...æ–æ–±—Ä–∞–∑–∏—Ç–µ–ª—å–Ω—ã–º. –û—Ç–¥–µ–ª—å–Ω
                                                  —ã–π –º—É—Ä–∞–≤–µ–π –Ω–µ –...

You may provide a definition with
\DeclareUnicodeCharacter 


! Package inputenc Error: Unicode character —ã (U+044B)
(inputenc)                not set up for use with LaTeX.

See the inputenc package documentation for explanation.
Type  H <return>  for immediate help.
 ...                                              
                                                  
l.5 ...æ–±—Ä–∞–∑–∏—Ç–µ–ª—å–Ω—ã–º. –û—Ç–¥–µ–ª—å–Ω—ã
                                                  –π –º—É—Ä–∞–≤–µ–π –Ω–µ –≤ ...

You may provide a definition with
\DeclareUnicodeCharacter 


! Package inputenc Error: Unicode character –π (U+0439)
(inputenc)                not set up for use with LaTeX.

See the inputenc package documentation for explanation.
Type  H <return>  for immediate help.
 ...                                              
                                                  
l.5 ...±—Ä–∞–∑–∏—Ç–µ–ª—å–Ω—ã–º. –û—Ç–¥–µ–ª—å–Ω—ã–π
                                                   –º—É—Ä–∞–≤–µ–π –Ω–µ –≤ —Å...

You may provide a definition with
\DeclareUnicodeCharacter 


! Package inputenc Error: Unicode character –º (U+043C)
(inputenc)                not set up for use with LaTeX.

See the inputenc package documentation for explanation.
Type  H <return>  for immediate help.
 ...                                              
                                                  
l.5 ...–∞–∑–∏—Ç–µ–ª—å–Ω—ã–º. –û—Ç–¥–µ–ª—å–Ω—ã–π –º
                                                  —É—Ä–∞–≤–µ–π –Ω–µ –≤ —Å–æ—...

You may provide a definition with
\DeclareUnicodeCharacter 


! Package inputenc Error: Unicode character —É (U+0443)
(inputenc)                not set up for use with LaTeX.

See the inputenc package documentation for explanation.
Type  H <return>  for immediate help.
 ...                                              
                                                  
l.5 ...–∑–∏—Ç–µ–ª—å–Ω—ã–º. –û—Ç–¥–µ–ª—å–Ω—ã–π –º—É
                                                  —Ä–∞–≤–µ–π –Ω–µ –≤ —Å–æ—Å—...

You may provide a definition with
\DeclareUnicodeCharacter 


! Package inputenc Error: Unicode character —Ä (U+0440)
(inputenc)                not set up for use with LaTeX.

See the inputenc package documentation for explanation.
Type  H <return>  for immediate help.
 ...                                              
                                                  
l.5 ...–∏—Ç–µ–ª—å–Ω—ã–º. –û—Ç–¥–µ–ª—å–Ω—ã–π –º—É—Ä
                                                  –∞–≤–µ–π –Ω–µ –≤ —Å–æ—Å—Ç–...

You may provide a definition with
\DeclareUnicodeCharacter 


! Package inputenc Error: Unicode character –∞ (U+0430)
(inputenc)                not set up for use with LaTeX.

See the inputenc package documentation for explanation.
Type  H <return>  for immediate help.
 ...                                              
                                                  
l.5 ...—Ç–µ–ª—å–Ω—ã–º. –û—Ç–¥–µ–ª—å–Ω—ã–π –º—É—Ä–∞
                                                  –≤–µ–π –Ω–µ –≤ —Å–æ—Å—Ç–æ—...

You may provide a definition with
\DeclareUnicodeCharacter 


! Package inputenc Error: Unicode character –≤ (U+0432)
(inputenc)                not set up for use with LaTeX.

See the inputenc package documentation for explanation.
Type  H <return>  for immediate help.
 ...                                              
                                                  
l.5 ...–µ–ª—å–Ω—ã–º. –û—Ç–¥–µ–ª—å–Ω—ã–π –º—É—Ä–∞–≤
                                                  –µ–π –Ω–µ –≤ —Å–æ—Å—Ç–æ—è–...

You may provide a definition with
\DeclareUnicodeCharacter 


! Package inputenc Error: Unicode character –µ (U+0435)
(inputenc)                not set up for use with LaTeX.

See the inputenc package documentation for explanation.
Type  H <return>  for immediate help.
 ...                                              
                                                  
l.5 ...–ª—å–Ω—ã–º. –û—Ç–¥–µ–ª—å–Ω—ã–π –º—É—Ä–∞–≤–µ
                                                  –π –Ω–µ –≤ —Å–æ—Å—Ç–æ—è–Ω–...

You may provide a definition with
\DeclareUnicodeCharacter 


! Package inputenc Error: Unicode character –π (U+0439)
(inputenc)                not set up for use with LaTeX.

See the inputenc package documentation for explanation.
Type  H <return>  for immediate help.
 ...                                              
                                                  
l.5 ...—å–Ω—ã–º. –û—Ç–¥–µ–ª—å–Ω—ã–π –º—É—Ä–∞–≤–µ–π
                                                   –Ω–µ –≤ —Å–æ—Å—Ç–æ—è–Ω–∏–...

You may provide a definition with
\DeclareUnicodeCharacter 


! Package inputenc Error: Unicode character –Ω (U+043D)
(inputenc)                not set up for use with LaTeX.

See the inputenc package documentation for explanation.
Type  H <return>  for immediate help.
 ...                                              
                                                  
l.5 ...Ω—ã–º. –û—Ç–¥–µ–ª—å–Ω—ã–π –º—É—Ä–∞–≤–µ–π –Ω
                                                  –µ –≤ —Å–æ—Å—Ç–æ—è–Ω–∏–∏ –...

You may provide a definition with
\DeclareUnicodeCharacter 


! Package inputenc Error: Unicode character –µ (U+0435)
(inputenc)                not set up for use with LaTeX.

See the inputenc package documentation for explanation.
Type  H <return>  for immediate help.
 ...                                              
                                                  
l.5 ...ã–º. –û—Ç–¥–µ–ª—å–Ω—ã–π –º—É—Ä–∞–≤–µ–π –Ω–µ
                                                   –≤ —Å–æ—Å—Ç–æ—è–Ω–∏–∏ –ø—...

You may provide a definition with
\DeclareUnicodeCharacter 


! Package inputenc Error: Unicode character –≤ (U+0432)
(inputenc)                not set up for use with LaTeX.

See the inputenc package documentation for explanation.
Type  H <return>  for immediate help.
 ...                                              
                                                  
l.5 .... –û—Ç–¥–µ–ª—å–Ω—ã–π –º—É—Ä–∞–≤–µ–π –Ω–µ –≤
                                                   —Å–æ—Å—Ç–æ—è–Ω–∏–∏ –ø—Ä–∏...

You may provide a definition with
\DeclareUnicodeCharacter 


! Package inputenc Error: Unicode character —Å (U+0441)
(inputenc)                not set up for use with LaTeX.

See the inputenc package documentation for explanation.
Type  H <return>  for immediate help.
 ...                                              
                                                  
l.5 ...û—Ç–¥–µ–ª—å–Ω—ã–π –º—É—Ä–∞–≤–µ–π –Ω–µ –≤ —Å
                                                  –æ—Å—Ç–æ—è–Ω–∏–∏ –ø—Ä–∏–Ω—...

You may provide a definition with
\DeclareUnicodeCharacter 


! Package inputenc Error: Unicode character –æ (U+043E)
(inputenc)                not set up for use with LaTeX.

See the inputenc package documentation for explanation.
Type  H <return>  for immediate help.
 ...                                              
                                                  
l.5 ...Ç–¥–µ–ª—å–Ω—ã–π –º—É—Ä–∞–≤–µ–π –Ω–µ –≤ —Å–æ
                                                  —Å—Ç–æ—è–Ω–∏–∏ –ø—Ä–∏–Ω—è—...

You may provide a definition with
\DeclareUnicodeCharacter 


! Package inputenc Error: Unicode character —Å (U+0441)
(inputenc)                not set up for use with LaTeX.

See the inputenc package documentation for explanation.
Type  H <return>  for immediate help.
 ...                                              
                                                  
l.5 ...¥–µ–ª—å–Ω—ã–π –º—É—Ä–∞–≤–µ–π –Ω–µ –≤ —Å–æ—Å
                                                  —Ç–æ—è–Ω–∏–∏ –ø—Ä–∏–Ω—è—Ç—...

You may provide a definition with
\DeclareUnicodeCharacter 


! Package inputenc Error: Unicode character —Ç (U+0442)
(inputenc)                not set up for use with LaTeX.

See the inputenc package documentation for explanation.
Type  H <return>  for immediate help.
 ...                                              
                                                  
l.5 ...µ–ª—å–Ω—ã–π –º—É—Ä–∞–≤–µ–π –Ω–µ –≤ —Å–æ—Å—Ç
                                                  –æ—è–Ω–∏–∏ –ø—Ä–∏–Ω—è—Ç—å ...

You may provide a definition with
\DeclareUnicodeCharacter 


! Package inputenc Error: Unicode character –æ (U+043E)
(inputenc)                not set up for use with LaTeX.

See the inputenc package documentation for explanation.
Type  H <return>  for immediate help.
 ...                                              
                                                  
l.5 ...ª—å–Ω—ã–π –º—É—Ä–∞–≤–µ–π –Ω–µ –≤ —Å–æ—Å—Ç–æ
                                                  —è–Ω–∏–∏ –ø—Ä–∏–Ω—è—Ç—å –Ω...

You may provide a definition with
\DeclareUnicodeCharacter 


! Package inputenc Error: Unicode character —è (U+044F)
(inputenc)                not set up for use with LaTeX.

See the inputenc package documentation for explanation.
Type  H <return>  for immediate help.
 ...                                              
                                                  
l.5 ...å–Ω—ã–π –º—É—Ä–∞–≤–µ–π –Ω–µ –≤ —Å–æ—Å—Ç–æ—è
                                                  –Ω–∏–∏ –ø—Ä–∏–Ω—è—Ç—å –Ω–∏...

You may provide a definition with
\DeclareUnicodeCharacter 


! Package inputenc Error: Unicode character –Ω (U+043D)
(inputenc)                not set up for use with LaTeX.

See the inputenc package documentation for explanation.
Type  H <return>  for immediate help.
 ...                                              
                                                  
l.5 ...Ω—ã–π –º—É—Ä–∞–≤–µ–π –Ω–µ –≤ —Å–æ—Å—Ç–æ—è–Ω
                                                  –∏–∏ –ø—Ä–∏–Ω—è—Ç—å –Ω–∏ –...

You may provide a definition with
\DeclareUnicodeCharacter 


! Package inputenc Error: Unicode character –∏ (U+0438)
(inputenc)                not set up for use with LaTeX.

See the inputenc package documentation for explanation.
Type  H <return>  for immediate help.
 ...                                              
                                                  
l.5 ...ã–π –º—É—Ä–∞–≤–µ–π –Ω–µ –≤ —Å–æ—Å—Ç–æ—è–Ω–∏
                                                  –∏ –ø—Ä–∏–Ω—è—Ç—å –Ω–∏ –º–...

You may provide a definition with
\DeclareUnicodeCharacter 


! Package inputenc Error: Unicode character –∏ (U+0438)
(inputenc)                not set up for use with LaTeX.

See the inputenc package documentation for explanation.
Type  H <return>  for immediate help.
 ...                                              
                                                  
l.5 ...π –º—É—Ä–∞–≤–µ–π –Ω–µ –≤ —Å–æ—Å—Ç–æ—è–Ω–∏–∏
                                                   –ø—Ä–∏–Ω—è—Ç—å –Ω–∏ –º–∞–...

You may provide a definition with
\DeclareUnicodeCharacter 


! Package inputenc Error: Unicode character –ø (U+043F)
(inputenc)                not set up for use with LaTeX.

See the inputenc package documentation for explanation.
Type  H <return>  for immediate help.
 ...                                              
                                                  
l.5 ...º—É—Ä–∞–≤–µ–π –Ω–µ –≤ —Å–æ—Å—Ç–æ—è–Ω–∏–∏ –ø
                                                  —Ä–∏–Ω—è—Ç—å –Ω–∏ –º–∞–ª–µ...

You may provide a definition with
\DeclareUnicodeCharacter 


! Package inputenc Error: Unicode character —Ä (U+0440)
(inputenc)                not set up for use with LaTeX.

See the inputenc package documentation for explanation.
Type  H <return>  for immediate help.
 ...                                              
                                                  
l.5 ...É—Ä–∞–≤–µ–π –Ω–µ –≤ —Å–æ—Å—Ç–æ—è–Ω–∏–∏ –ø—Ä
                                                  –∏–Ω—è—Ç—å –Ω–∏ –º–∞–ª–µ–π...

You may provide a definition with
\DeclareUnicodeCharacter 


! Package inputenc Error: Unicode character –∏ (U+0438)
(inputenc)                not set up for use with LaTeX.

See the inputenc package documentation for explanation.
Type  H <return>  for immediate help.
 ...                                              
                                                  
l.5 ...Ä–∞–≤–µ–π –Ω–µ –≤ —Å–æ—Å—Ç–æ—è–Ω–∏–∏ –ø—Ä–∏
                                                  –Ω—è—Ç—å –Ω–∏ –º–∞–ª–µ–π—à...

You may provide a definition with
\DeclareUnicodeCharacter 


! Package inputenc Error: Unicode character –Ω (U+043D)
(inputenc)                not set up for use with LaTeX.

See the inputenc package documentation for explanation.
Type  H <return>  for immediate help.
 ...                                              
                                                  
l.5 ...∞–≤–µ–π –Ω–µ –≤ —Å–æ—Å—Ç–æ—è–Ω–∏–∏ –ø—Ä–∏–Ω
                                                  —è—Ç—å –Ω–∏ –º–∞–ª–µ–π—à–µ...

You may provide a definition with
\DeclareUnicodeCharacter 


! Package inputenc Error: Unicode character —è (U+044F)
(inputenc)                not set up for use with LaTeX.

See the inputenc package documentation for explanation.
Type  H <return>  for immediate help.
 ...                                              
                                                  
l.5 ...≤–µ–π –Ω–µ –≤ —Å–æ—Å—Ç–æ—è–Ω–∏–∏ –ø—Ä–∏–Ω—è
                                                  —Ç—å –Ω–∏ –º–∞–ª–µ–π—à–µ–≥...

You may provide a definition with
\DeclareUnicodeCharacter 


! Package inputenc Error: Unicode character —Ç (U+0442)
(inputenc)                not set up for use with LaTeX.

See the inputenc package documentation for explanation.
Type  H <return>  for immediate help.
 ...                                              
                                                  
l.5 ...µ–π –Ω–µ –≤ —Å–æ—Å—Ç–æ—è–Ω–∏–∏ –ø—Ä–∏–Ω—è—Ç
                                                  —å –Ω–∏ –º–∞–ª–µ–π—à–µ–≥–æ...

You may provide a definition with
\DeclareUnicodeCharacter 


! Package inputenc Error: Unicode character —å (U+044C)
(inputenc)                not set up for use with LaTeX.

See the inputenc package documentation for explanation.
Type  H <return>  for immediate help.
 ...                                              
                                                  
l.5 ...π –Ω–µ –≤ —Å–æ—Å—Ç–æ—è–Ω–∏–∏ –ø—Ä–∏–Ω—è—Ç—å
                                                   –Ω–∏ –º–∞–ª–µ–π—à–µ–≥–æ —...

You may provide a definition with
\DeclareUnicodeCharacter 


! Package inputenc Error: Unicode character –Ω (U+043D)
(inputenc)                not set up for use with LaTeX.

See the inputenc package documentation for explanation.
Type  H <return>  for immediate help.
 ...                                              
                                                  
l.5 ...Ω–µ –≤ —Å–æ—Å—Ç–æ—è–Ω–∏–∏ –ø—Ä–∏–Ω—è—Ç—å –Ω
                                                  –∏ –º–∞–ª–µ–π—à–µ–≥–æ —Ä–µ...

You may provide a definition with
\DeclareUnicodeCharacter 


! Package inputenc Error: Unicode character –∏ (U+0438)
(inputenc)                not set up for use with LaTeX.

See the inputenc package documentation for explanation.
Type  H <return>  for immediate help.
 ...                                              
                                                  
l.5 ...µ –≤ —Å–æ—Å—Ç–æ—è–Ω–∏–∏ –ø—Ä–∏–Ω—è—Ç—å –Ω–∏
                                                   –º–∞–ª–µ–π—à–µ–≥–æ —Ä–µ—à...

You may provide a definition with
\DeclareUnicodeCharacter 


! Package inputenc Error: Unicode character –º (U+043C)
(inputenc)                not set up for use with LaTeX.

See the inputenc package documentation for explanation.
Type  H <return>  for immediate help.
 ...                                              
                                                  
l.5 ...≤ —Å–æ—Å—Ç–æ—è–Ω–∏–∏ –ø—Ä–∏–Ω—è—Ç—å –Ω–∏ –º
                                                  –∞–ª–µ–π—à–µ–≥–æ —Ä–µ—à–µ–...

You may provide a definition with
\DeclareUnicodeCharacter 


! Package inputenc Error: Unicode character –∞ (U+0430)
(inputenc)                not set up for use with LaTeX.

See the inputenc package documentation for explanation.
Type  H <return>  for immediate help.
 ...                                              
                                                  
l.5 ...—Å–æ—Å—Ç–æ—è–Ω–∏–∏ –ø—Ä–∏–Ω—è—Ç—å –Ω–∏ –º–∞
                                                  –ª–µ–π—à–µ–≥–æ —Ä–µ—à–µ–Ω–...

You may provide a definition with
\DeclareUnicodeCharacter 


! Package inputenc Error: Unicode character –ª (U+043B)
(inputenc)                not set up for use with LaTeX.

See the inputenc package documentation for explanation.
Type  H <return>  for immediate help.
 ...                                              
                                                  
l.5 ...–æ—Å—Ç–æ—è–Ω–∏–∏ –ø—Ä–∏–Ω—è—Ç—å –Ω–∏ –º–∞–ª
                                                  –µ–π—à–µ–≥–æ —Ä–µ—à–µ–Ω–∏—...

You may provide a definition with
\DeclareUnicodeCharacter 


! Package inputenc Error: Unicode character –µ (U+0435)
(inputenc)                not set up for use with LaTeX.

See the inputenc package documentation for explanation.
Type  H <return>  for immediate help.
 ...                                              
                                                  
l.5 ...—Å—Ç–æ—è–Ω–∏–∏ –ø—Ä–∏–Ω—è—Ç—å –Ω–∏ –º–∞–ª–µ
                                                  –π—à–µ–≥–æ —Ä–µ—à–µ–Ω–∏—è....

You may provide a definition with
\DeclareUnicodeCharacter 


! Package inputenc Error: Unicode character –π (U+0439)
(inputenc)                not set up for use with LaTeX.

See the inputenc package documentation for explanation.
Type  H <return>  for immediate help.
 ...                                              
                                                  
l.5 ...—Ç–æ—è–Ω–∏–∏ –ø—Ä–∏–Ω—è—Ç—å –Ω–∏ –º–∞–ª–µ–π
                                                  —à–µ–≥–æ —Ä–µ—à–µ–Ω–∏—è. –...

You may provide a definition with
\DeclareUnicodeCharacter 


! Package inputenc Error: Unicode character —à (U+0448)
(inputenc)                not set up for use with LaTeX.

See the inputenc package documentation for explanation.
Type  H <return>  for immediate help.
 ...                                              
                                                  
l.5 ...–æ—è–Ω–∏–∏ –ø—Ä–∏–Ω—è—Ç—å –Ω–∏ –º–∞–ª–µ–π—à
                                                  –µ–≥–æ —Ä–µ—à–µ–Ω–∏—è. –î–...

You may provide a definition with
\DeclareUnicodeCharacter 


! Package inputenc Error: Unicode character –µ (U+0435)
(inputenc)                not set up for use with LaTeX.

See the inputenc package documentation for explanation.
Type  H <return>  for immediate help.
 ...                                              
                                                  
l.5 ...—è–Ω–∏–∏ –ø—Ä–∏–Ω—è—Ç—å –Ω–∏ –º–∞–ª–µ–π—à–µ
                                                  –≥–æ —Ä–µ—à–µ–Ω–∏—è. –î–µ–...

You may provide a definition with
\DeclareUnicodeCharacter 


! Package inputenc Error: Unicode character –≥ (U+0433)
(inputenc)                not set up for use with LaTeX.

See the inputenc package documentation for explanation.
Type  H <return>  for immediate help.
 ...                                              
                                                  
l.5 ...–Ω–∏–∏ –ø—Ä–∏–Ω—è—Ç—å –Ω–∏ –º–∞–ª–µ–π—à–µ–≥
                                                  –æ —Ä–µ—à–µ–Ω–∏—è. –î–µ–ª–...

You may provide a definition with
\DeclareUnicodeCharacter 


! Package inputenc Error: Unicode character –æ (U+043E)
(inputenc)                not set up for use with LaTeX.

See the inputenc package documentation for explanation.
Type  H <return>  for immediate help.
 ...                                              
                                                  
l.5 ...–∏–∏ –ø—Ä–∏–Ω—è—Ç—å –Ω–∏ –º–∞–ª–µ–π—à–µ–≥–æ
                                                   —Ä–µ—à–µ–Ω–∏—è. –î–µ–ª–æ ...

You may provide a definition with
\DeclareUnicodeCharacter 


! Package inputenc Error: Unicode character —Ä (U+0440)
(inputenc)                not set up for use with LaTeX.

See the inputenc package documentation for explanation.
Type  H <return>  for immediate help.
 ...                                              
                                                  
l.5 ...∏ –ø—Ä–∏–Ω—è—Ç—å –Ω–∏ –º–∞–ª–µ–π—à–µ–≥–æ —Ä
                                                  –µ—à–µ–Ω–∏—è. –î–µ–ª–æ –≤ ...

You may provide a definition with
\DeclareUnicodeCharacter 


! Package inputenc Error: Unicode character –µ (U+0435)
(inputenc)                not set up for use with LaTeX.

See the inputenc package documentation for explanation.
Type  H <return>  for immediate help.
 ...                                              
                                                  
l.5 ...–ø—Ä–∏–Ω—è—Ç—å –Ω–∏ –º–∞–ª–µ–π—à–µ–≥–æ —Ä–µ
                                                  —à–µ–Ω–∏—è. –î–µ–ª–æ –≤ —Ç...

You may provide a definition with
\DeclareUnicodeCharacter 


! Package inputenc Error: Unicode character —à (U+0448)
(inputenc)                not set up for use with LaTeX.

See the inputenc package documentation for explanation.
Type  H <return>  for immediate help.
 ...                                              
                                                  
l.5 ...—Ä–∏–Ω—è—Ç—å –Ω–∏ –º–∞–ª–µ–π—à–µ–≥–æ —Ä–µ—à
                                                  –µ–Ω–∏—è. –î–µ–ª–æ –≤ —Ç–æ...

You may provide a definition with
\DeclareUnicodeCharacter 


! Package inputenc Error: Unicode character –µ (U+0435)
(inputenc)                not set up for use with LaTeX.

See the inputenc package documentation for explanation.
Type  H <return>  for immediate help.
 ...                                              
                                                  
l.5 ...–∏–Ω—è—Ç—å –Ω–∏ –º–∞–ª–µ–π—à–µ–≥–æ —Ä–µ—à–µ
                                                  –Ω–∏—è. –î–µ–ª–æ –≤ —Ç–æ–º...

You may provide a definition with
\DeclareUnicodeCharacter 


! Package inputenc Error: Unicode character –Ω (U+043D)
(inputenc)                not set up for use with LaTeX.

See the inputenc package documentation for explanation.
Type  H <return>  for immediate help.
 ...                                              
                                                  
l.5 ...–Ω—è—Ç—å –Ω–∏ –º–∞–ª–µ–π—à–µ–≥–æ —Ä–µ—à–µ–Ω
                                                  –∏—è. –î–µ–ª–æ –≤ —Ç–æ–º, ...

You may provide a definition with
\DeclareUnicodeCharacter 


! Package inputenc Error: Unicode character –∏ (U+0438)
(inputenc)                not set up for use with LaTeX.

See the inputenc package documentation for explanation.
Type  H <return>  for immediate help.
 ...                                              
                                                  
l.5 ...—è—Ç—å –Ω–∏ –º–∞–ª–µ–π—à–µ–≥–æ —Ä–µ—à–µ–Ω–∏
                                                  —è. –î–µ–ª–æ –≤ —Ç–æ–º, —á...

You may provide a definition with
\DeclareUnicodeCharacter 


! Package inputenc Error: Unicode character —è (U+044F)
(inputenc)                not set up for use with LaTeX.

See the inputenc package documentation for explanation.
Type  H <return>  for immediate help.
 ...                                              
                                                  
l.5 ...—Ç—å –Ω–∏ –º–∞–ª–µ–π—à–µ–≥–æ —Ä–µ—à–µ–Ω–∏—è
                                                  . –î–µ–ª–æ –≤ —Ç–æ–º, —á—Ç...

You may provide a definition with
\DeclareUnicodeCharacter 

Missing character: There is no . in font nullfont!

! Package inputenc Error: Unicode character –î (U+0414)
(inputenc)                not set up for use with LaTeX.

See the inputenc package documentation for explanation.
Type  H <return>  for immediate help.
 ...                                              
                                                  
l.5 ... –Ω–∏ –º–∞–ª–µ–π—à–µ–≥–æ —Ä–µ—à–µ–Ω–∏—è. –î
                                                  –µ–ª–æ –≤ —Ç–æ–º, —á—Ç–æ –...

You may provide a definition with
\DeclareUnicodeCharacter 


! Package inputenc Error: Unicode character –µ (U+0435)
(inputenc)                not set up for use with LaTeX.

See the inputenc package documentation for explanation.
Type  H <return>  for immediate help.
 ...                                              
                                                  
l.5 ...Ω–∏ –º–∞–ª–µ–π—à–µ–≥–æ —Ä–µ—à–µ–Ω–∏—è. –î–µ
                                                  –ª–æ –≤ —Ç–æ–º, —á—Ç–æ –æ–...

You may provide a definition with
\DeclareUnicodeCharacter 


! Package inputenc Error: Unicode character –ª (U+043B)
(inputenc)                not set up for use with LaTeX.

See the inputenc package documentation for explanation.
Type  H <return>  for immediate help.
 ...                                              
                                                  
l.5 ...∏ –º–∞–ª–µ–π—à–µ–≥–æ —Ä–µ—à–µ–Ω–∏—è. –î–µ–ª
                                                  –æ –≤ —Ç–æ–º, —á—Ç–æ –æ–Ω ...

You may provide a definition with
\DeclareUnicodeCharacter 


! Package inputenc Error: Unicode character –æ (U+043E)
(inputenc)                not set up for use with LaTeX.

See the inputenc package documentation for explanation.
Type  H <return>  for immediate help.
 ...                                              
                                                  
l.5 ...–º–∞–ª–µ–π—à–µ–≥–æ —Ä–µ—à–µ–Ω–∏—è. –î–µ–ª–æ
                                                   –≤ —Ç–æ–º, —á—Ç–æ –æ–Ω —É...

You may provide a definition with
\DeclareUnicodeCharacter 


! Package inputenc Error: Unicode character –≤ (U+0432)
(inputenc)                not set up for use with LaTeX.

See the inputenc package documentation for explanation.
Type  H <return>  for immediate help.
 ...                                              
                                                  
l.5 ...∞–ª–µ–π—à–µ–≥–æ —Ä–µ—à–µ–Ω–∏—è. –î–µ–ª–æ –≤
                                                   —Ç–æ–º, —á—Ç–æ –æ–Ω —É—Å—...

You may provide a definition with
\DeclareUnicodeCharacter 


! Package inputenc Error: Unicode character —Ç (U+0442)
(inputenc)                not set up for use with LaTeX.

See the inputenc package documentation for explanation.
Type  H <return>  for immediate help.
 ...                                              
                                                  
l.5 ...–µ–π—à–µ–≥–æ —Ä–µ—à–µ–Ω–∏—è. –î–µ–ª–æ –≤ —Ç
                                                  –æ–º, —á—Ç–æ –æ–Ω —É—Å—Ç—Ä...

You may provide a definition with
\DeclareUnicodeCharacter 


! Package inputenc Error: Unicode character –æ (U+043E)
(inputenc)                not set up for use with LaTeX.

See the inputenc package documentation for explanation.
Type  H <return>  for immediate help.
 ...                                              
                                                  
l.5 ...–π—à–µ–≥–æ —Ä–µ—à–µ–Ω–∏—è. –î–µ–ª–æ –≤ —Ç–æ
                                                  –º, —á—Ç–æ –æ–Ω —É—Å—Ç—Ä–æ...

You may provide a definition with
\DeclareUnicodeCharacter 


! Package inputenc Error: Unicode character –º (U+043C)
(inputenc)                not set up for use with LaTeX.

See the inputenc package documentation for explanation.
Type  H <return>  for immediate help.
 ...                                              
                                                  
l.5 ...—à–µ–≥–æ —Ä–µ—à–µ–Ω–∏—è. –î–µ–ª–æ –≤ —Ç–æ–º
                                                  , —á—Ç–æ –æ–Ω —É—Å—Ç—Ä–æ–µ...

You may provide a definition with
\DeclareUnicodeCharacter 

Missing character: There is no , in font nullfont!

! Package inputenc Error: Unicode character —á (U+0447)
(inputenc)                not set up for use with LaTeX.

See the inputenc package documentation for explanation.
Type  H <return>  for immediate help.
 ...                                              
                                                  
l.5 ...–≥–æ —Ä–µ—à–µ–Ω–∏—è. –î–µ–ª–æ –≤ —Ç–æ–º, —á
                                                  —Ç–æ –æ–Ω —É—Å—Ç—Ä–æ–µ–Ω –...

You may provide a definition with
\DeclareUnicodeCharacter 


! Package inputenc Error: Unicode character —Ç (U+0442)
(inputenc)                not set up for use with LaTeX.

See the inputenc package documentation for explanation.
Type  H <return>  for immediate help.
 ...                                              
                                                  
l.5 ...–æ —Ä–µ—à–µ–Ω–∏—è. –î–µ–ª–æ –≤ —Ç–æ–º, —á—Ç
                                                  –æ –æ–Ω —É—Å—Ç—Ä–æ–µ–Ω –∫—...

You may provide a definition with
\DeclareUnicodeCharacter 


! Package inputenc Error: Unicode character –æ (U+043E)
(inputenc)                not set up for use with LaTeX.

See the inputenc package documentation for explanation.
Type  H <return>  for immediate help.
 ...                                              
                                                  
l.5 ... —Ä–µ—à–µ–Ω–∏—è. –î–µ–ª–æ –≤ —Ç–æ–º, —á—Ç–æ
                                                   –æ–Ω —É—Å—Ç—Ä–æ–µ–Ω –∫—Ä–...
(That makes 100 errors; please try again.) 
Here is how much of TeX's memory you used:
 44 strings out of 480616
 721 string characters out of 5906381
 239630 words of memory out of 6000000
 16039 multiletter control sequences out of 15000+600000
 532338 words of font info for 24 fonts, out of 8000000 for 9000
 1137 hyphenation exceptions out of 8191
 12i,0n,15p,589b,22s stack positions out of 5000i,500n,10000p,200000b,80000s

!  ==> Fatal error occurred, no output PDF file produced!
