This is pdfTeX, Version 3.14159265-2.6-1.40.21 (TeX Live 2020) (preloaded format=pdflatex 2021.11.11)  28 NOV 2021 15:12
entering extended mode
 restricted \write18 enabled.
 %&-line parsing enabled.
**3-design.tex
(./3-design.tex
LaTeX2e <2020-02-02> patch level 5
L3 programming layer <2020-04-06>
! Undefined control sequence.
l.1 \chapter
            {–ö–æ–Ω—Å—Ç—Ä—É–∫—Ç–æ—Ä—Å–∫–∞—è —á–∞—Å—Ç—å}
The control sequence at the end of the top line
of your error message was never \def'ed. If you have
misspelled it (e.g., `\hobx'), type `I' and the correct
spelling (e.g., `I\hbox'). Otherwise just continue,
and I'll forget about whatever was undefined.


! Package inputenc Error: Unicode character –ö (U+041A)
(inputenc)                not set up for use with LaTeX.

See the inputenc package documentation for explanation.
Type  H <return>  for immediate help.
 ...                                              
                                                  
l.1 \chapter{–ö
               –æ–Ω—Å—Ç—Ä—É–∫—Ç–æ—Ä—Å–∫–∞—è —á–∞—Å—Ç—å}
You may provide a definition with
\DeclareUnicodeCharacter 


! Package inputenc Error: Unicode character –æ (U+043E)
(inputenc)                not set up for use with LaTeX.

See the inputenc package documentation for explanation.
Type  H <return>  for immediate help.
 ...                                              
                                                  
l.1 \chapter{–ö–æ
                 –Ω—Å—Ç—Ä—É–∫—Ç–æ—Ä—Å–∫–∞—è —á–∞—Å—Ç—å}
You may provide a definition with
\DeclareUnicodeCharacter 


! Package inputenc Error: Unicode character –Ω (U+043D)
(inputenc)                not set up for use with LaTeX.

See the inputenc package documentation for explanation.
Type  H <return>  for immediate help.
 ...                                              
                                                  
l.1 \chapter{–ö–æ–Ω
                   —Å—Ç—Ä—É–∫—Ç–æ—Ä—Å–∫–∞—è —á–∞—Å—Ç—å}
You may provide a definition with
\DeclareUnicodeCharacter 


! Package inputenc Error: Unicode character —Å (U+0441)
(inputenc)                not set up for use with LaTeX.

See the inputenc package documentation for explanation.
Type  H <return>  for immediate help.
 ...                                              
                                                  
l.1 \chapter{–ö–æ–Ω—Å
                     —Ç—Ä—É–∫—Ç–æ—Ä—Å–∫–∞—è —á–∞—Å—Ç—å}
You may provide a definition with
\DeclareUnicodeCharacter 


! Package inputenc Error: Unicode character —Ç (U+0442)
(inputenc)                not set up for use with LaTeX.

See the inputenc package documentation for explanation.
Type  H <return>  for immediate help.
 ...                                              
                                                  
l.1 \chapter{–ö–æ–Ω—Å—Ç
                       —Ä—É–∫—Ç–æ—Ä—Å–∫–∞—è —á–∞—Å—Ç—å}
You may provide a definition with
\DeclareUnicodeCharacter 


! Package inputenc Error: Unicode character —Ä (U+0440)
(inputenc)                not set up for use with LaTeX.

See the inputenc package documentation for explanation.
Type  H <return>  for immediate help.
 ...                                              
                                                  
l.1 \chapter{–ö–æ–Ω—Å—Ç—Ä
                         —É–∫—Ç–æ—Ä—Å–∫–∞—è —á–∞—Å—Ç—å}
You may provide a definition with
\DeclareUnicodeCharacter 


! Package inputenc Error: Unicode character —É (U+0443)
(inputenc)                not set up for use with LaTeX.

See the inputenc package documentation for explanation.
Type  H <return>  for immediate help.
 ...                                              
                                                  
l.1 \chapter{–ö–æ–Ω—Å—Ç—Ä—É
                           –∫—Ç–æ—Ä—Å–∫–∞—è —á–∞—Å—Ç—å}
You may provide a definition with
\DeclareUnicodeCharacter 


! Package inputenc Error: Unicode character –∫ (U+043A)
(inputenc)                not set up for use with LaTeX.

See the inputenc package documentation for explanation.
Type  H <return>  for immediate help.
 ...                                              
                                                  
l.1 \chapter{–ö–æ–Ω—Å—Ç—Ä—É–∫
                             —Ç–æ—Ä—Å–∫–∞—è —á–∞—Å—Ç—å}
You may provide a definition with
\DeclareUnicodeCharacter 


! Package inputenc Error: Unicode character —Ç (U+0442)
(inputenc)                not set up for use with LaTeX.

See the inputenc package documentation for explanation.
Type  H <return>  for immediate help.
 ...                                              
                                                  
l.1 \chapter{–ö–æ–Ω—Å—Ç—Ä—É–∫—Ç
                               –æ—Ä—Å–∫–∞—è —á–∞—Å—Ç—å}
You may provide a definition with
\DeclareUnicodeCharacter 


! Package inputenc Error: Unicode character –æ (U+043E)
(inputenc)                not set up for use with LaTeX.

See the inputenc package documentation for explanation.
Type  H <return>  for immediate help.
 ...                                              
                                                  
l.1 \chapter{–ö–æ–Ω—Å—Ç—Ä—É–∫—Ç–æ
                                 —Ä—Å–∫–∞—è —á–∞—Å—Ç—å}
You may provide a definition with
\DeclareUnicodeCharacter 


! Package inputenc Error: Unicode character —Ä (U+0440)
(inputenc)                not set up for use with LaTeX.

See the inputenc package documentation for explanation.
Type  H <return>  for immediate help.
 ...                                              
                                                  
l.1 \chapter{–ö–æ–Ω—Å—Ç—Ä—É–∫—Ç–æ—Ä
                                   —Å–∫–∞—è —á–∞—Å—Ç—å}
You may provide a definition with
\DeclareUnicodeCharacter 


! Package inputenc Error: Unicode character —Å (U+0441)
(inputenc)                not set up for use with LaTeX.

See the inputenc package documentation for explanation.
Type  H <return>  for immediate help.
 ...                                              
                                                  
l.1 \chapter{–ö–æ–Ω—Å—Ç—Ä—É–∫—Ç–æ—Ä—Å
                                     –∫–∞—è —á–∞—Å—Ç—å}
You may provide a definition with
\DeclareUnicodeCharacter 


! Package inputenc Error: Unicode character –∫ (U+043A)
(inputenc)                not set up for use with LaTeX.

See the inputenc package documentation for explanation.
Type  H <return>  for immediate help.
 ...                                              
                                                  
l.1 \chapter{–ö–æ–Ω—Å—Ç—Ä—É–∫—Ç–æ—Ä—Å–∫
                                       –∞—è —á–∞—Å—Ç—å}
You may provide a definition with
\DeclareUnicodeCharacter 


! Package inputenc Error: Unicode character –∞ (U+0430)
(inputenc)                not set up for use with LaTeX.

See the inputenc package documentation for explanation.
Type  H <return>  for immediate help.
 ...                                              
                                                  
l.1 \chapter{–ö–æ–Ω—Å—Ç—Ä—É–∫—Ç–æ—Ä—Å–∫–∞
                                         —è —á–∞—Å—Ç—å}
You may provide a definition with
\DeclareUnicodeCharacter 


! Package inputenc Error: Unicode character —è (U+044F)
(inputenc)                not set up for use with LaTeX.

See the inputenc package documentation for explanation.
Type  H <return>  for immediate help.
 ...                                              
                                                  
l.1 \chapter{–ö–æ–Ω—Å—Ç—Ä—É–∫—Ç–æ—Ä—Å–∫–∞—è
                                            —á–∞—Å—Ç—å}
You may provide a definition with
\DeclareUnicodeCharacter 


! Package inputenc Error: Unicode character —á (U+0447)
(inputenc)                not set up for use with LaTeX.

See the inputenc package documentation for explanation.
Type  H <return>  for immediate help.
 ...                                              
                                                  
l.1 \chapter{–ö–æ–Ω—Å—Ç—Ä—É–∫—Ç–æ—Ä—Å–∫–∞—è —á
                                              –∞—Å—Ç—å}
You may provide a definition with
\DeclareUnicodeCharacter 


! Package inputenc Error: Unicode character –∞ (U+0430)
(inputenc)                not set up for use with LaTeX.

See the inputenc package documentation for explanation.
Type  H <return>  for immediate help.
 ...                                              
                                                  
l.1 \chapter{–ö–æ–Ω—Å—Ç—Ä—É–∫—Ç–æ—Ä—Å–∫–∞—è —á–∞
                                                —Å—Ç—å}
You may provide a definition with
\DeclareUnicodeCharacter 


! Package inputenc Error: Unicode character —Å (U+0441)
(inputenc)                not set up for use with LaTeX.

See the inputenc package documentation for explanation.
Type  H <return>  for immediate help.
 ...                                              
                                                  
l.1 \chapter{–ö–æ–Ω—Å—Ç—Ä—É–∫—Ç–æ—Ä—Å–∫–∞—è —á–∞—Å
                                                  —Ç—å}
You may provide a definition with
\DeclareUnicodeCharacter 


! Package inputenc Error: Unicode character —Ç (U+0442)
(inputenc)                not set up for use with LaTeX.

See the inputenc package documentation for explanation.
Type  H <return>  for immediate help.
 ...                                              
                                                  
l.1 ...ter{–ö–æ–Ω—Å—Ç—Ä—É–∫—Ç–æ—Ä—Å–∫–∞—è —á–∞—Å—Ç
                                                  —å}
You may provide a definition with
\DeclareUnicodeCharacter 


! Package inputenc Error: Unicode character —å (U+044C)
(inputenc)                not set up for use with LaTeX.

See the inputenc package documentation for explanation.
Type  H <return>  for immediate help.
 ...                                              
                                                  
l.1 ...r{–ö–æ–Ω—Å—Ç—Ä—É–∫—Ç–æ—Ä—Å–∫–∞—è —á–∞—Å—Ç—å
                                                  }
You may provide a definition with
\DeclareUnicodeCharacter 


! Package inputenc Error: Unicode character –í (U+0412)
(inputenc)                not set up for use with LaTeX.

See the inputenc package documentation for explanation.
Type  H <return>  for immediate help.
 ...                                              
                                                  
l.28 –í
        –¥–∞–Ω–Ω–æ–º —Ä–∞–∑–¥–µ–ª–µ –±—ã–ª–∏ —Ä–∞—Å—Å–º–æ—Ç—Ä–µ–Ω—ã —Å—Ö–µ–º...

You may provide a definition with
\DeclareUnicodeCharacter 


! Package inputenc Error: Unicode character –¥ (U+0434)
(inputenc)                not set up for use with LaTeX.

See the inputenc package documentation for explanation.
Type  H <return>  for immediate help.
 ...                                              
                                                  
l.28 –í –¥
          –∞–Ω–Ω–æ–º —Ä–∞–∑–¥–µ–ª–µ –±—ã–ª–∏ —Ä–∞—Å—Å–º–æ—Ç—Ä–µ–Ω—ã —Å—Ö–µ–º...

You may provide a definition with
\DeclareUnicodeCharacter 


! Package inputenc Error: Unicode character –∞ (U+0430)
(inputenc)                not set up for use with LaTeX.

See the inputenc package documentation for explanation.
Type  H <return>  for immediate help.
 ...                                              
                                                  
l.28 –í –¥–∞
            –Ω–Ω–æ–º —Ä–∞–∑–¥–µ–ª–µ –±—ã–ª–∏ —Ä–∞—Å—Å–º–æ—Ç—Ä–µ–Ω—ã —Å—Ö–µ–º...

You may provide a definition with
\DeclareUnicodeCharacter 


! Package inputenc Error: Unicode character –Ω (U+043D)
(inputenc)                not set up for use with LaTeX.

See the inputenc package documentation for explanation.
Type  H <return>  for immediate help.
 ...                                              
                                                  
l.28 –í –¥–∞–Ω
              –Ω–æ–º —Ä–∞–∑–¥–µ–ª–µ –±—ã–ª–∏ —Ä–∞—Å—Å–º–æ—Ç—Ä–µ–Ω—ã —Å—Ö–µ–º...

You may provide a definition with
\DeclareUnicodeCharacter 


! Package inputenc Error: Unicode character –Ω (U+043D)
(inputenc)                not set up for use with LaTeX.

See the inputenc package documentation for explanation.
Type  H <return>  for immediate help.
 ...                                              
                                                  
l.28 –í –¥–∞–Ω–Ω
                –æ–º —Ä–∞–∑–¥–µ–ª–µ –±—ã–ª–∏ —Ä–∞—Å—Å–º–æ—Ç—Ä–µ–Ω—ã —Å—Ö–µ–º...

You may provide a definition with
\DeclareUnicodeCharacter 


! Package inputenc Error: Unicode character –æ (U+043E)
(inputenc)                not set up for use with LaTeX.

See the inputenc package documentation for explanation.
Type  H <return>  for immediate help.
 ...                                              
                                                  
l.28 –í –¥–∞–Ω–Ω–æ
                  –º —Ä–∞–∑–¥–µ–ª–µ –±—ã–ª–∏ —Ä–∞—Å—Å–º–æ—Ç—Ä–µ–Ω—ã —Å—Ö–µ–º...

You may provide a definition with
\DeclareUnicodeCharacter 


! Package inputenc Error: Unicode character –º (U+043C)
(inputenc)                not set up for use with LaTeX.

See the inputenc package documentation for explanation.
Type  H <return>  for immediate help.
 ...                                              
                                                  
l.28 –í –¥–∞–Ω–Ω–æ–º
                     —Ä–∞–∑–¥–µ–ª–µ –±—ã–ª–∏ —Ä–∞—Å—Å–º–æ—Ç—Ä–µ–Ω—ã —Å—Ö–µ–º...

You may provide a definition with
\DeclareUnicodeCharacter 


! Package inputenc Error: Unicode character —Ä (U+0440)
(inputenc)                not set up for use with LaTeX.

See the inputenc package documentation for explanation.
Type  H <return>  for immediate help.
 ...                                              
                                                  
l.28 –í –¥–∞–Ω–Ω–æ–º —Ä
                       –∞–∑–¥–µ–ª–µ –±—ã–ª–∏ —Ä–∞—Å—Å–º–æ—Ç—Ä–µ–Ω—ã —Å—Ö–µ–º...

You may provide a definition with
\DeclareUnicodeCharacter 


! Package inputenc Error: Unicode character –∞ (U+0430)
(inputenc)                not set up for use with LaTeX.

See the inputenc package documentation for explanation.
Type  H <return>  for immediate help.
 ...                                              
                                                  
l.28 –í –¥–∞–Ω–Ω–æ–º —Ä–∞
                         –∑–¥–µ–ª–µ –±—ã–ª–∏ —Ä–∞—Å—Å–º–æ—Ç—Ä–µ–Ω—ã —Å—Ö–µ–º...

You may provide a definition with
\DeclareUnicodeCharacter 


! Package inputenc Error: Unicode character –∑ (U+0437)
(inputenc)                not set up for use with LaTeX.

See the inputenc package documentation for explanation.
Type  H <return>  for immediate help.
 ...                                              
                                                  
l.28 –í –¥–∞–Ω–Ω–æ–º —Ä–∞–∑
                           –¥–µ–ª–µ –±—ã–ª–∏ —Ä–∞—Å—Å–º–æ—Ç—Ä–µ–Ω—ã —Å—Ö–µ–º...

You may provide a definition with
\DeclareUnicodeCharacter 


! Package inputenc Error: Unicode character –¥ (U+0434)
(inputenc)                not set up for use with LaTeX.

See the inputenc package documentation for explanation.
Type  H <return>  for immediate help.
 ...                                              
                                                  
l.28 –í –¥–∞–Ω–Ω–æ–º —Ä–∞–∑–¥
                             –µ–ª–µ –±—ã–ª–∏ —Ä–∞—Å—Å–º–æ—Ç—Ä–µ–Ω—ã —Å—Ö–µ–º...

You may provide a definition with
\DeclareUnicodeCharacter 


! Package inputenc Error: Unicode character –µ (U+0435)
(inputenc)                not set up for use with LaTeX.

See the inputenc package documentation for explanation.
Type  H <return>  for immediate help.
 ...                                              
                                                  
l.28 –í –¥–∞–Ω–Ω–æ–º —Ä–∞–∑–¥–µ
                               –ª–µ –±—ã–ª–∏ —Ä–∞—Å—Å–º–æ—Ç—Ä–µ–Ω—ã —Å—Ö–µ–º...

You may provide a definition with
\DeclareUnicodeCharacter 


! Package inputenc Error: Unicode character –ª (U+043B)
(inputenc)                not set up for use with LaTeX.

See the inputenc package documentation for explanation.
Type  H <return>  for immediate help.
 ...                                              
                                                  
l.28 –í –¥–∞–Ω–Ω–æ–º —Ä–∞–∑–¥–µ–ª
                                 –µ –±—ã–ª–∏ —Ä–∞—Å—Å–º–æ—Ç—Ä–µ–Ω—ã —Å—Ö–µ–º...

You may provide a definition with
\DeclareUnicodeCharacter 


! Package inputenc Error: Unicode character –µ (U+0435)
(inputenc)                not set up for use with LaTeX.

See the inputenc package documentation for explanation.
Type  H <return>  for immediate help.
 ...                                              
                                                  
l.28 –í –¥–∞–Ω–Ω–æ–º —Ä–∞–∑–¥–µ–ª–µ
                                    –±—ã–ª–∏ —Ä–∞—Å—Å–º–æ—Ç—Ä–µ–Ω—ã —Å—Ö–µ–º...

You may provide a definition with
\DeclareUnicodeCharacter 


! Package inputenc Error: Unicode character –± (U+0431)
(inputenc)                not set up for use with LaTeX.

See the inputenc package documentation for explanation.
Type  H <return>  for immediate help.
 ...                                              
                                                  
l.28 –í –¥–∞–Ω–Ω–æ–º —Ä–∞–∑–¥–µ–ª–µ –±
                                      —ã–ª–∏ —Ä–∞—Å—Å–º–æ—Ç—Ä–µ–Ω—ã —Å—Ö–µ–º...

You may provide a definition with
\DeclareUnicodeCharacter 


! Package inputenc Error: Unicode character —ã (U+044B)
(inputenc)                not set up for use with LaTeX.

See the inputenc package documentation for explanation.
Type  H <return>  for immediate help.
 ...                                              
                                                  
l.28 –í –¥–∞–Ω–Ω–æ–º —Ä–∞–∑–¥–µ–ª–µ –±—ã
                                        –ª–∏ —Ä–∞—Å—Å–º–æ—Ç—Ä–µ–Ω—ã —Å—Ö–µ–º...

You may provide a definition with
\DeclareUnicodeCharacter 


! Package inputenc Error: Unicode character –ª (U+043B)
(inputenc)                not set up for use with LaTeX.

See the inputenc package documentation for explanation.
Type  H <return>  for immediate help.
 ...                                              
                                                  
l.28 –í –¥–∞–Ω–Ω–æ–º —Ä–∞–∑–¥–µ–ª–µ –±—ã–ª
                                          –∏ —Ä–∞—Å—Å–º–æ—Ç—Ä–µ–Ω—ã —Å—Ö–µ–º...

You may provide a definition with
\DeclareUnicodeCharacter 


! Package inputenc Error: Unicode character –∏ (U+0438)
(inputenc)                not set up for use with LaTeX.

See the inputenc package documentation for explanation.
Type  H <return>  for immediate help.
 ...                                              
                                                  
l.28 –í –¥–∞–Ω–Ω–æ–º —Ä–∞–∑–¥–µ–ª–µ –±—ã–ª–∏
                                             —Ä–∞—Å—Å–º–æ—Ç—Ä–µ–Ω—ã —Å—Ö–µ–º...

You may provide a definition with
\DeclareUnicodeCharacter 


! Package inputenc Error: Unicode character —Ä (U+0440)
(inputenc)                not set up for use with LaTeX.

See the inputenc package documentation for explanation.
Type  H <return>  for immediate help.
 ...                                              
                                                  
l.28 –í –¥–∞–Ω–Ω–æ–º —Ä–∞–∑–¥–µ–ª–µ –±—ã–ª–∏ —Ä
                                               –∞—Å—Å–º–æ—Ç—Ä–µ–Ω—ã —Å—Ö–µ–º...

You may provide a definition with
\DeclareUnicodeCharacter 


! Package inputenc Error: Unicode character –∞ (U+0430)
(inputenc)                not set up for use with LaTeX.

See the inputenc package documentation for explanation.
Type  H <return>  for immediate help.
 ...                                              
                                                  
l.28 –í –¥–∞–Ω–Ω–æ–º —Ä–∞–∑–¥–µ–ª–µ –±—ã–ª–∏ —Ä–∞
                                                 —Å—Å–º–æ—Ç—Ä–µ–Ω—ã —Å—Ö–µ–º...

You may provide a definition with
\DeclareUnicodeCharacter 


! Package inputenc Error: Unicode character —Å (U+0441)
(inputenc)                not set up for use with LaTeX.

See the inputenc package documentation for explanation.
Type  H <return>  for immediate help.
 ...                                              
                                                  
l.28 ...¥–∞–Ω–Ω–æ–º —Ä–∞–∑–¥–µ–ª–µ –±—ã–ª–∏ —Ä–∞—Å
                                                  —Å–º–æ—Ç—Ä–µ–Ω—ã —Å—Ö–µ–º—...

You may provide a definition with
\DeclareUnicodeCharacter 


! Package inputenc Error: Unicode character —Å (U+0441)
(inputenc)                not set up for use with LaTeX.

See the inputenc package documentation for explanation.
Type  H <return>  for immediate help.
 ...                                              
                                                  
l.28 ...∞–Ω–Ω–æ–º —Ä–∞–∑–¥–µ–ª–µ –±—ã–ª–∏ —Ä–∞—Å—Å
                                                  –º–æ—Ç—Ä–µ–Ω—ã —Å—Ö–µ–º—ã ...

You may provide a definition with
\DeclareUnicodeCharacter 


! Package inputenc Error: Unicode character –º (U+043C)
(inputenc)                not set up for use with LaTeX.

See the inputenc package documentation for explanation.
Type  H <return>  for immediate help.
 ...                                              
                                                  
l.28 ...Ω–Ω–æ–º —Ä–∞–∑–¥–µ–ª–µ –±—ã–ª–∏ —Ä–∞—Å—Å–º
                                                  –æ—Ç—Ä–µ–Ω—ã —Å—Ö–µ–º—ã –∞...

You may provide a definition with
\DeclareUnicodeCharacter 


! Package inputenc Error: Unicode character –æ (U+043E)
(inputenc)                not set up for use with LaTeX.

See the inputenc package documentation for explanation.
Type  H <return>  for immediate help.
 ...                                              
                                                  
l.28 ...Ω–æ–º —Ä–∞–∑–¥–µ–ª–µ –±—ã–ª–∏ —Ä–∞—Å—Å–º–æ
                                                  —Ç—Ä–µ–Ω—ã —Å—Ö–µ–º—ã –∞–ª...

You may provide a definition with
\DeclareUnicodeCharacter 


! Package inputenc Error: Unicode character —Ç (U+0442)
(inputenc)                not set up for use with LaTeX.

See the inputenc package documentation for explanation.
Type  H <return>  for immediate help.
 ...                                              
                                                  
l.28 ...æ–º —Ä–∞–∑–¥–µ–ª–µ –±—ã–ª–∏ —Ä–∞—Å—Å–º–æ—Ç
                                                  —Ä–µ–Ω—ã —Å—Ö–µ–º—ã –∞–ª–≥...

You may provide a definition with
\DeclareUnicodeCharacter 


! Package inputenc Error: Unicode character —Ä (U+0440)
(inputenc)                not set up for use with LaTeX.

See the inputenc package documentation for explanation.
Type  H <return>  for immediate help.
 ...                                              
                                                  
l.28 ...º —Ä–∞–∑–¥–µ–ª–µ –±—ã–ª–∏ —Ä–∞—Å—Å–º–æ—Ç—Ä
                                                  –µ–Ω—ã —Å—Ö–µ–º—ã –∞–ª–≥–æ...

You may provide a definition with
\DeclareUnicodeCharacter 


! Package inputenc Error: Unicode character –µ (U+0435)
(inputenc)                not set up for use with LaTeX.

See the inputenc package documentation for explanation.
Type  H <return>  for immediate help.
 ...                                              
                                                  
l.28 ...—Ä–∞–∑–¥–µ–ª–µ –±—ã–ª–∏ —Ä–∞—Å—Å–º–æ—Ç—Ä–µ
                                                  –Ω—ã —Å—Ö–µ–º—ã –∞–ª–≥–æ—Ä...

You may provide a definition with
\DeclareUnicodeCharacter 


! Package inputenc Error: Unicode character –Ω (U+043D)
(inputenc)                not set up for use with LaTeX.

See the inputenc package documentation for explanation.
Type  H <return>  for immediate help.
 ...                                              
                                                  
l.28 ...–∞–∑–¥–µ–ª–µ –±—ã–ª–∏ —Ä–∞—Å—Å–º–æ—Ç—Ä–µ–Ω
                                                  —ã —Å—Ö–µ–º—ã –∞–ª–≥–æ—Ä–∏...

You may provide a definition with
\DeclareUnicodeCharacter 


! Package inputenc Error: Unicode character —ã (U+044B)
(inputenc)                not set up for use with LaTeX.

See the inputenc package documentation for explanation.
Type  H <return>  for immediate help.
 ...                                              
                                                  
l.28 ...–∑–¥–µ–ª–µ –±—ã–ª–∏ —Ä–∞—Å—Å–º–æ—Ç—Ä–µ–Ω—ã
                                                   —Å—Ö–µ–º—ã –∞–ª–≥–æ—Ä–∏—Ç...

You may provide a definition with
\DeclareUnicodeCharacter 


! Package inputenc Error: Unicode character —Å (U+0441)
(inputenc)                not set up for use with LaTeX.

See the inputenc package documentation for explanation.
Type  H <return>  for immediate help.
 ...                                              
                                                  
l.28 ...¥–µ–ª–µ –±—ã–ª–∏ —Ä–∞—Å—Å–º–æ—Ç—Ä–µ–Ω—ã —Å
                                                  —Ö–µ–º—ã –∞–ª–≥–æ—Ä–∏—Ç–º–...

You may provide a definition with
\DeclareUnicodeCharacter 


! Package inputenc Error: Unicode character —Ö (U+0445)
(inputenc)                not set up for use with LaTeX.

See the inputenc package documentation for explanation.
Type  H <return>  for immediate help.
 ...                                              
                                                  
l.28 ...µ–ª–µ –±—ã–ª–∏ —Ä–∞—Å—Å–º–æ—Ç—Ä–µ–Ω—ã —Å—Ö
                                                  –µ–º—ã –∞–ª–≥–æ—Ä–∏—Ç–º–∞ ...

You may provide a definition with
\DeclareUnicodeCharacter 


! Package inputenc Error: Unicode character –µ (U+0435)
(inputenc)                not set up for use with LaTeX.

See the inputenc package documentation for explanation.
Type  H <return>  for immediate help.
 ...                                              
                                                  
l.28 ...ª–µ –±—ã–ª–∏ —Ä–∞—Å—Å–º–æ—Ç—Ä–µ–Ω—ã —Å—Ö–µ
                                                  –º—ã –∞–ª–≥–æ—Ä–∏—Ç–º–∞ –ø...

You may provide a definition with
\DeclareUnicodeCharacter 


! Package inputenc Error: Unicode character –º (U+043C)
(inputenc)                not set up for use with LaTeX.

See the inputenc package documentation for explanation.
Type  H <return>  for immediate help.
 ...                                              
                                                  
l.28 ...µ –±—ã–ª–∏ —Ä–∞—Å—Å–º–æ—Ç—Ä–µ–Ω—ã —Å—Ö–µ–º
                                                  —ã –∞–ª–≥–æ—Ä–∏—Ç–º–∞ –ø–æ...

You may provide a definition with
\DeclareUnicodeCharacter 


! Package inputenc Error: Unicode character —ã (U+044B)
(inputenc)                not set up for use with LaTeX.

See the inputenc package documentation for explanation.
Type  H <return>  for immediate help.
 ...                                              
                                                  
l.28 ...–±—ã–ª–∏ —Ä–∞—Å—Å–º–æ—Ç—Ä–µ–Ω—ã —Å—Ö–µ–º—ã
                                                   –∞–ª–≥–æ—Ä–∏—Ç–º–∞ –ø–æ–ª...

You may provide a definition with
\DeclareUnicodeCharacter 


! Package inputenc Error: Unicode character –∞ (U+0430)
(inputenc)                not set up for use with LaTeX.

See the inputenc package documentation for explanation.
Type  H <return>  for immediate help.
 ...                                              
                                                  
l.28 ...ã–ª–∏ —Ä–∞—Å—Å–º–æ—Ç—Ä–µ–Ω—ã —Å—Ö–µ–º—ã –∞
                                                  –ª–≥–æ—Ä–∏—Ç–º–∞ –ø–æ–ª–Ω–...

You may provide a definition with
\DeclareUnicodeCharacter 


! Package inputenc Error: Unicode character –ª (U+043B)
(inputenc)                not set up for use with LaTeX.

See the inputenc package documentation for explanation.
Type  H <return>  for immediate help.
 ...                                              
                                                  
l.28 ...ª–∏ —Ä–∞—Å—Å–º–æ—Ç—Ä–µ–Ω—ã —Å—Ö–µ–º—ã –∞–ª
                                                  –≥–æ—Ä–∏—Ç–º–∞ –ø–æ–ª–Ω–æ–...

You may provide a definition with
\DeclareUnicodeCharacter 


! Package inputenc Error: Unicode character –≥ (U+0433)
(inputenc)                not set up for use with LaTeX.

See the inputenc package documentation for explanation.
Type  H <return>  for immediate help.
 ...                                              
                                                  
l.28 ...∏ —Ä–∞—Å—Å–º–æ—Ç—Ä–µ–Ω—ã —Å—Ö–µ–º—ã –∞–ª–≥
                                                  –æ—Ä–∏—Ç–º–∞ –ø–æ–ª–Ω–æ–≥–...

You may provide a definition with
\DeclareUnicodeCharacter 


! Package inputenc Error: Unicode character –æ (U+043E)
(inputenc)                not set up for use with LaTeX.

See the inputenc package documentation for explanation.
Type  H <return>  for immediate help.
 ...                                              
                                                  
l.28 ...—Ä–∞—Å—Å–º–æ—Ç—Ä–µ–Ω—ã —Å—Ö–µ–º—ã –∞–ª–≥–æ
                                                  —Ä–∏—Ç–º–∞ –ø–æ–ª–Ω–æ–≥–æ ...

You may provide a definition with
\DeclareUnicodeCharacter 


! Package inputenc Error: Unicode character —Ä (U+0440)
(inputenc)                not set up for use with LaTeX.

See the inputenc package documentation for explanation.
Type  H <return>  for immediate help.
 ...                                              
                                                  
l.28 ...–∞—Å—Å–º–æ—Ç—Ä–µ–Ω—ã —Å—Ö–µ–º—ã –∞–ª–≥–æ—Ä
                                                  –∏—Ç–º–∞ –ø–æ–ª–Ω–æ–≥–æ –ø...

You may provide a definition with
\DeclareUnicodeCharacter 


! Package inputenc Error: Unicode character –∏ (U+0438)
(inputenc)                not set up for use with LaTeX.

See the inputenc package documentation for explanation.
Type  H <return>  for immediate help.
 ...                                              
                                                  
l.28 ...—Å—Å–º–æ—Ç—Ä–µ–Ω—ã —Å—Ö–µ–º—ã –∞–ª–≥–æ—Ä–∏
                                                  —Ç–º–∞ –ø–æ–ª–Ω–æ–≥–æ –ø–µ...

You may provide a definition with
\DeclareUnicodeCharacter 


! Package inputenc Error: Unicode character —Ç (U+0442)
(inputenc)                not set up for use with LaTeX.

See the inputenc package documentation for explanation.
Type  H <return>  for immediate help.
 ...                                              
                                                  
l.28 ...—Å–º–æ—Ç—Ä–µ–Ω—ã —Å—Ö–µ–º—ã –∞–ª–≥–æ—Ä–∏—Ç
                                                  –º–∞ –ø–æ–ª–Ω–æ–≥–æ –ø–µ—Ä...

You may provide a definition with
\DeclareUnicodeCharacter 


! Package inputenc Error: Unicode character –º (U+043C)
(inputenc)                not set up for use with LaTeX.

See the inputenc package documentation for explanation.
Type  H <return>  for immediate help.
 ...                                              
                                                  
l.28 ...–º–æ—Ç—Ä–µ–Ω—ã —Å—Ö–µ–º—ã –∞–ª–≥–æ—Ä–∏—Ç–º
                                                  –∞ –ø–æ–ª–Ω–æ–≥–æ –ø–µ—Ä–µ...

You may provide a definition with
\DeclareUnicodeCharacter 


! Package inputenc Error: Unicode character –∞ (U+0430)
(inputenc)                not set up for use with LaTeX.

See the inputenc package documentation for explanation.
Type  H <return>  for immediate help.
 ...                                              
                                                  
l.28 ...–æ—Ç—Ä–µ–Ω—ã —Å—Ö–µ–º—ã –∞–ª–≥–æ—Ä–∏—Ç–º–∞
                                                   –ø–æ–ª–Ω–æ–≥–æ –ø–µ—Ä–µ–±...

You may provide a definition with
\DeclareUnicodeCharacter 


! Package inputenc Error: Unicode character –ø (U+043F)
(inputenc)                not set up for use with LaTeX.

See the inputenc package documentation for explanation.
Type  H <return>  for immediate help.
 ...                                              
                                                  
l.28 ...Ç—Ä–µ–Ω—ã —Å—Ö–µ–º—ã –∞–ª–≥–æ—Ä–∏—Ç–º–∞ –ø
                                                  –æ–ª–Ω–æ–≥–æ –ø–µ—Ä–µ–±–æ—...

You may provide a definition with
\DeclareUnicodeCharacter 


! Package inputenc Error: Unicode character –æ (U+043E)
(inputenc)                not set up for use with LaTeX.

See the inputenc package documentation for explanation.
Type  H <return>  for immediate help.
 ...                                              
                                                  
l.28 ...Ä–µ–Ω—ã —Å—Ö–µ–º—ã –∞–ª–≥–æ—Ä–∏—Ç–º–∞ –ø–æ
                                                  –ª–Ω–æ–≥–æ –ø–µ—Ä–µ–±–æ—Ä–...

You may provide a definition with
\DeclareUnicodeCharacter 


! Package inputenc Error: Unicode character –ª (U+043B)
(inputenc)                not set up for use with LaTeX.

See the inputenc package documentation for explanation.
Type  H <return>  for immediate help.
 ...                                              
                                                  
l.28 ...µ–Ω—ã —Å—Ö–µ–º—ã –∞–ª–≥–æ—Ä–∏—Ç–º–∞ –ø–æ–ª
                                                  –Ω–æ–≥–æ –ø–µ—Ä–µ–±–æ—Ä–∞ ...

You may provide a definition with
\DeclareUnicodeCharacter 


! Package inputenc Error: Unicode character –Ω (U+043D)
(inputenc)                not set up for use with LaTeX.

See the inputenc package documentation for explanation.
Type  H <return>  for immediate help.
 ...                                              
                                                  
l.28 ...Ω—ã —Å—Ö–µ–º—ã –∞–ª–≥–æ—Ä–∏—Ç–º–∞ –ø–æ–ª–Ω
                                                  –æ–≥–æ –ø–µ—Ä–µ–±–æ—Ä–∞ \r...

You may provide a definition with
\DeclareUnicodeCharacter 


! Package inputenc Error: Unicode character –æ (U+043E)
(inputenc)                not set up for use with LaTeX.

See the inputenc package documentation for explanation.
Type  H <return>  for immediate help.
 ...                                              
                                                  
l.28 ...ã —Å—Ö–µ–º—ã –∞–ª–≥–æ—Ä–∏—Ç–º–∞ –ø–æ–ª–Ω–æ
                                                  –≥–æ –ø–µ—Ä–µ–±–æ—Ä–∞ \ref...

You may provide a definition with
\DeclareUnicodeCharacter 


! Package inputenc Error: Unicode character –≥ (U+0433)
(inputenc)                not set up for use with LaTeX.

See the inputenc package documentation for explanation.
Type  H <return>  for immediate help.
 ...                                              
                                                  
l.28 ...—Å—Ö–µ–º—ã –∞–ª–≥–æ—Ä–∏—Ç–º–∞ –ø–æ–ª–Ω–æ–≥
                                                  –æ –ø–µ—Ä–µ–±–æ—Ä–∞ \ref{r...

You may provide a definition with
\DeclareUnicodeCharacter 


! Package inputenc Error: Unicode character –æ (U+043E)
(inputenc)                not set up for use with LaTeX.

See the inputenc package documentation for explanation.
Type  H <return>  for immediate help.
 ...                                              
                                                  
l.28 ...—Ö–µ–º—ã –∞–ª–≥–æ—Ä–∏—Ç–º–∞ –ø–æ–ª–Ω–æ–≥–æ
                                                   –ø–µ—Ä–µ–±–æ—Ä–∞ \ref{ref...

You may provide a definition with
\DeclareUnicodeCharacter 


! Package inputenc Error: Unicode character –ø (U+043F)
(inputenc)                not set up for use with LaTeX.

See the inputenc package documentation for explanation.
Type  H <return>  for immediate help.
 ...                                              
                                                  
l.28 ...µ–º—ã –∞–ª–≥–æ—Ä–∏—Ç–º–∞ –ø–æ–ª–Ω–æ–≥–æ –ø
                                                  –µ—Ä–µ–±–æ—Ä–∞ \ref{ref:d0}
You may provide a definition with
\DeclareUnicodeCharacter 


! Package inputenc Error: Unicode character –µ (U+0435)
(inputenc)                not set up for use with LaTeX.

See the inputenc package documentation for explanation.
Type  H <return>  for immediate help.
 ...                                              
                                                  
l.28 ...º—ã –∞–ª–≥–æ—Ä–∏—Ç–º–∞ –ø–æ–ª–Ω–æ–≥–æ –ø–µ
                                                  —Ä–µ–±–æ—Ä–∞ \ref{ref:d0}
You may provide a definition with
\DeclareUnicodeCharacter 


! Package inputenc Error: Unicode character —Ä (U+0440)
(inputenc)                not set up for use with LaTeX.

See the inputenc package documentation for explanation.
Type  H <return>  for immediate help.
 ...                                              
                                                  
l.28 ...ã –∞–ª–≥–æ—Ä–∏—Ç–º–∞ –ø–æ–ª–Ω–æ–≥–æ –ø–µ—Ä
                                                  –µ–±–æ—Ä–∞ \ref{ref:d0}
You may provide a definition with
\DeclareUnicodeCharacter 


! Package inputenc Error: Unicode character –µ (U+0435)
(inputenc)                not set up for use with LaTeX.

See the inputenc package documentation for explanation.
Type  H <return>  for immediate help.
 ...                                              
                                                  
l.28 ...–∞–ª–≥–æ—Ä–∏—Ç–º–∞ –ø–æ–ª–Ω–æ–≥–æ –ø–µ—Ä–µ
                                                  –±–æ—Ä–∞ \ref{ref:d0}
You may provide a definition with
\DeclareUnicodeCharacter 


! Package inputenc Error: Unicode character –± (U+0431)
(inputenc)                not set up for use with LaTeX.

See the inputenc package documentation for explanation.
Type  H <return>  for immediate help.
 ...                                              
                                                  
l.28 ...–ª–≥–æ—Ä–∏—Ç–º–∞ –ø–æ–ª–Ω–æ–≥–æ –ø–µ—Ä–µ–±
                                                  –æ—Ä–∞ \ref{ref:d0}
You may provide a definition with
\DeclareUnicodeCharacter 


! Package inputenc Error: Unicode character –æ (U+043E)
(inputenc)                not set up for use with LaTeX.

See the inputenc package documentation for explanation.
Type  H <return>  for immediate help.
 ...                                              
                                                  
l.28 ...–≥–æ—Ä–∏—Ç–º–∞ –ø–æ–ª–Ω–æ–≥–æ –ø–µ—Ä–µ–±–æ
                                                  —Ä–∞ \ref{ref:d0}
You may provide a definition with
\DeclareUnicodeCharacter 


! Package inputenc Error: Unicode character —Ä (U+0440)
(inputenc)                not set up for use with LaTeX.

See the inputenc package documentation for explanation.
Type  H <return>  for immediate help.
 ...                                              
                                                  
l.28 ...–æ—Ä–∏—Ç–º–∞ –ø–æ–ª–Ω–æ–≥–æ –ø–µ—Ä–µ–±–æ—Ä
                                                  –∞ \ref{ref:d0}
You may provide a definition with
\DeclareUnicodeCharacter 


! Package inputenc Error: Unicode character –∞ (U+0430)
(inputenc)                not set up for use with LaTeX.

See the inputenc package documentation for explanation.
Type  H <return>  for immediate help.
 ...                                              
                                                  
l.28 ...—Ä–∏—Ç–º–∞ –ø–æ–ª–Ω–æ–≥–æ –ø–µ—Ä–µ–±–æ—Ä–∞
                                                   \ref{ref:d0}
You may provide a definition with
\DeclareUnicodeCharacter 


! LaTeX Error: Missing \begin{document}.

See the LaTeX manual or LaTeX Companion for explanation.
Type  H <return>  for immediate help.
 ...                                              
                                                  
l.28 ...–æ–ª–Ω–æ–≥–æ –ø–µ—Ä–µ–±–æ—Ä–∞ \ref{ref:d0}
                                                  
You're in trouble here.  Try typing  <return>  to proceed.
If that doesn't work, type  X <return>  to quit.

! Undefined control sequence.
<write> ...g: Reference `ref:d0' on page \thepage 
                                                  \space undefined\on@line .
l.28 ...–æ–ª–Ω–æ–≥–æ –ø–µ—Ä–µ–±–æ—Ä–∞ \ref{ref:d0}
                                                  
The control sequence at the end of the top line
of your error message was never \def'ed. If you have
misspelled it (e.g., `\hobx'), type `I' and the correct
spelling (e.g., `I\hbox'). Otherwise just continue,
and I'll forget about whatever was undefined.


LaTeX Warning: Reference `ref:d0' on page  undefined on input line 28.


! Package inputenc Error: Unicode character –∏ (U+0438)
(inputenc)                not set up for use with LaTeX.

See the inputenc package documentation for explanation.
Type  H <return>  for immediate help.
 ...                                              
                                                  
l.29 –∏
        —Å—Ö–µ–º–∞ –º—É—Ä–∞–≤—å–∏–Ω–æ–≥–æ –∞–ª–≥–æ—Ä–∏—Ç–º–∞ \ref{ref:d1}.
You may provide a definition with
\DeclareUnicodeCharacter 


! Package inputenc Error: Unicode character —Å (U+0441)
(inputenc)                not set up for use with LaTeX.

See the inputenc package documentation for explanation.
Type  H <return>  for immediate help.
 ...                                              
                                                  
l.29 –∏ —Å
          —Ö–µ–º–∞ –º—É—Ä–∞–≤—å–∏–Ω–æ–≥–æ –∞–ª–≥–æ—Ä–∏—Ç–º–∞ \ref{ref:d1}.
You may provide a definition with
\DeclareUnicodeCharacter 


! Package inputenc Error: Unicode character —Ö (U+0445)
(inputenc)                not set up for use with LaTeX.

See the inputenc package documentation for explanation.
Type  H <return>  for immediate help.
 ...                                              
                                                  
l.29 –∏ —Å—Ö
            –µ–º–∞ –º—É—Ä–∞–≤—å–∏–Ω–æ–≥–æ –∞–ª–≥–æ—Ä–∏—Ç–º–∞ \ref{ref:d1}.
You may provide a definition with
\DeclareUnicodeCharacter 


! Package inputenc Error: Unicode character –µ (U+0435)
(inputenc)                not set up for use with LaTeX.

See the inputenc package documentation for explanation.
Type  H <return>  for immediate help.
 ...                                              
                                                  
l.29 –∏ —Å—Ö–µ
              –º–∞ –º—É—Ä–∞–≤—å–∏–Ω–æ–≥–æ –∞–ª–≥–æ—Ä–∏—Ç–º–∞ \ref{ref:d1}.
You may provide a definition with
\DeclareUnicodeCharacter 


! Package inputenc Error: Unicode character –º (U+043C)
(inputenc)                not set up for use with LaTeX.

See the inputenc package documentation for explanation.
Type  H <return>  for immediate help.
 ...                                              
                                                  
l.29 –∏ —Å—Ö–µ–º
                –∞ –º—É—Ä–∞–≤—å–∏–Ω–æ–≥–æ –∞–ª–≥–æ—Ä–∏—Ç–º–∞ \ref{ref:d1}.
You may provide a definition with
\DeclareUnicodeCharacter 


! Package inputenc Error: Unicode character –∞ (U+0430)
(inputenc)                not set up for use with LaTeX.

See the inputenc package documentation for explanation.
Type  H <return>  for immediate help.
 ...                                              
                                                  
l.29 –∏ —Å—Ö–µ–º–∞
                   –º—É—Ä–∞–≤—å–∏–Ω–æ–≥–æ –∞–ª–≥–æ—Ä–∏—Ç–º–∞ \ref{ref:d1}.
You may provide a definition with
\DeclareUnicodeCharacter 


! Package inputenc Error: Unicode character –º (U+043C)
(inputenc)                not set up for use with LaTeX.

See the inputenc package documentation for explanation.
Type  H <return>  for immediate help.
 ...                                              
                                                  
l.29 –∏ —Å—Ö–µ–º–∞ –º
                     —É—Ä–∞–≤—å–∏–Ω–æ–≥–æ –∞–ª–≥–æ—Ä–∏—Ç–º–∞ \ref{ref:d1}.
You may provide a definition with
\DeclareUnicodeCharacter 


! Package inputenc Error: Unicode character —É (U+0443)
(inputenc)                not set up for use with LaTeX.

See the inputenc package documentation for explanation.
Type  H <return>  for immediate help.
 ...                                              
                                                  
l.29 –∏ —Å—Ö–µ–º–∞ –º—É
                       —Ä–∞–≤—å–∏–Ω–æ–≥–æ –∞–ª–≥–æ—Ä–∏—Ç–º–∞ \ref{ref:d1}.
You may provide a definition with
\DeclareUnicodeCharacter 


! Package inputenc Error: Unicode character —Ä (U+0440)
(inputenc)                not set up for use with LaTeX.

See the inputenc package documentation for explanation.
Type  H <return>  for immediate help.
 ...                                              
                                                  
l.29 –∏ —Å—Ö–µ–º–∞ –º—É—Ä
                         –∞–≤—å–∏–Ω–æ–≥–æ –∞–ª–≥–æ—Ä–∏—Ç–º–∞ \ref{ref:d1}.
You may provide a definition with
\DeclareUnicodeCharacter 


! Package inputenc Error: Unicode character –∞ (U+0430)
(inputenc)                not set up for use with LaTeX.

See the inputenc package documentation for explanation.
Type  H <return>  for immediate help.
 ...                                              
                                                  
l.29 –∏ —Å—Ö–µ–º–∞ –º—É—Ä–∞
                           –≤—å–∏–Ω–æ–≥–æ –∞–ª–≥–æ—Ä–∏—Ç–º–∞ \ref{ref:d1}.
You may provide a definition with
\DeclareUnicodeCharacter 


! Package inputenc Error: Unicode character –≤ (U+0432)
(inputenc)                not set up for use with LaTeX.

See the inputenc package documentation for explanation.
Type  H <return>  for immediate help.
 ...                                              
                                                  
l.29 –∏ —Å—Ö–µ–º–∞ –º—É—Ä–∞–≤
                             —å–∏–Ω–æ–≥–æ –∞–ª–≥–æ—Ä–∏—Ç–º–∞ \ref{ref:d1}.
You may provide a definition with
\DeclareUnicodeCharacter 


! Package inputenc Error: Unicode character —å (U+044C)
(inputenc)                not set up for use with LaTeX.

See the inputenc package documentation for explanation.
Type  H <return>  for immediate help.
 ...                                              
                                                  
l.29 –∏ —Å—Ö–µ–º–∞ –º—É—Ä–∞–≤—å
                               –∏–Ω–æ–≥–æ –∞–ª–≥–æ—Ä–∏—Ç–º–∞ \ref{ref:d1}.
You may provide a definition with
\DeclareUnicodeCharacter 


! Package inputenc Error: Unicode character –∏ (U+0438)
(inputenc)                not set up for use with LaTeX.

See the inputenc package documentation for explanation.
Type  H <return>  for immediate help.
 ...                                              
                                                  
l.29 –∏ —Å—Ö–µ–º–∞ –º—É—Ä–∞–≤—å–∏
                                 –Ω–æ–≥–æ –∞–ª–≥–æ—Ä–∏—Ç–º–∞ \ref{ref:d1}.
You may provide a definition with
\DeclareUnicodeCharacter 


! Package inputenc Error: Unicode character –Ω (U+043D)
(inputenc)                not set up for use with LaTeX.

See the inputenc package documentation for explanation.
Type  H <return>  for immediate help.
 ...                                              
                                                  
l.29 –∏ —Å—Ö–µ–º–∞ –º—É—Ä–∞–≤—å–∏–Ω
                                   –æ–≥–æ –∞–ª–≥–æ—Ä–∏—Ç–º–∞ \ref{ref:d1}.
You may provide a definition with
\DeclareUnicodeCharacter 


! Package inputenc Error: Unicode character –æ (U+043E)
(inputenc)                not set up for use with LaTeX.

See the inputenc package documentation for explanation.
Type  H <return>  for immediate help.
 ...                                              
                                                  
l.29 –∏ —Å—Ö–µ–º–∞ –º—É—Ä–∞–≤—å–∏–Ω–æ
                                     –≥–æ –∞–ª–≥–æ—Ä–∏—Ç–º–∞ \ref{ref:d1}.
You may provide a definition with
\DeclareUnicodeCharacter 


! Package inputenc Error: Unicode character –≥ (U+0433)
(inputenc)                not set up for use with LaTeX.

See the inputenc package documentation for explanation.
Type  H <return>  for immediate help.
 ...                                              
                                                  
l.29 –∏ —Å—Ö–µ–º–∞ –º—É—Ä–∞–≤—å–∏–Ω–æ–≥
                                       –æ –∞–ª–≥–æ—Ä–∏—Ç–º–∞ \ref{ref:d1}.
You may provide a definition with
\DeclareUnicodeCharacter 


! Package inputenc Error: Unicode character –æ (U+043E)
(inputenc)                not set up for use with LaTeX.

See the inputenc package documentation for explanation.
Type  H <return>  for immediate help.
 ...                                              
                                                  
l.29 –∏ —Å—Ö–µ–º–∞ –º—É—Ä–∞–≤—å–∏–Ω–æ–≥–æ
                                          –∞–ª–≥–æ—Ä–∏—Ç–º–∞ \ref{ref:d1}.
You may provide a definition with
\DeclareUnicodeCharacter 


! Package inputenc Error: Unicode character –∞ (U+0430)
(inputenc)                not set up for use with LaTeX.

See the inputenc package documentation for explanation.
Type  H <return>  for immediate help.
 ...                                              
                                                  
l.29 –∏ —Å—Ö–µ–º–∞ –º—É—Ä–∞–≤—å–∏–Ω–æ–≥–æ –∞
                                            –ª–≥–æ—Ä–∏—Ç–º–∞ \ref{ref:d1}.
You may provide a definition with
\DeclareUnicodeCharacter 


! Package inputenc Error: Unicode character –ª (U+043B)
(inputenc)                not set up for use with LaTeX.

See the inputenc package documentation for explanation.
Type  H <return>  for immediate help.
 ...                                              
                                                  
l.29 –∏ —Å—Ö–µ–º–∞ –º—É—Ä–∞–≤—å–∏–Ω–æ–≥–æ –∞–ª
                                              –≥–æ—Ä–∏—Ç–º–∞ \ref{ref:d1}.
(That makes 100 errors; please try again.) 
Here is how much of TeX's memory you used:
 46 strings out of 480616
 748 string characters out of 5906381
 239630 words of memory out of 6000000
 16040 multiletter control sequences out of 15000+600000
 532646 words of font info for 25 fonts, out of 8000000 for 9000
 1137 hyphenation exceptions out of 8191
 17i,2n,15p,168b,89s stack positions out of 5000i,500n,10000p,200000b,80000s

!  ==> Fatal error occurred, no output PDF file produced!
