This is pdfTeX, Version 3.14159265-2.6-1.40.21 (TeX Live 2020) (preloaded format=pdflatex 2021.11.11)  28 NOV 2021 15:13
entering extended mode
 restricted \write18 enabled.
 %&-line parsing enabled.
**preamble.inc.tex
(./preamble.inc.tex
LaTeX2e <2020-02-02> patch level 5
L3 programming layer <2020-04-06>
! Undefined control sequence.
l.3 \lstset
           { %
The control sequence at the end of the top line
of your error message was never \def'ed. If you have
misspelled it (e.g., `\hobx'), type `I' and the correct
spelling (e.g., `I\hbox'). Otherwise just continue,
and I'll forget about whatever was undefined.


! LaTeX Error: Missing \begin{document}.

See the LaTeX manual or LaTeX Companion for explanation.
Type  H <return>  for immediate help.
 ...                                              
                                                  
l.4 	l
      anguage=c++,                 % –≤—ã–±–æ—Ä —è–∑—ã–∫–∞ –¥–ª—è –ø–æ–¥—Å–≤...

You're in trouble here.  Try typing  <return>  to proceed.
If that doesn't work, type  X <return>  to quit.

Missing character: There is no l in font nullfont!
Missing character: There is no a in font nullfont!
Missing character: There is no n in font nullfont!
Missing character: There is no g in font nullfont!
Missing character: There is no u in font nullfont!
Missing character: There is no a in font nullfont!
Missing character: There is no g in font nullfont!
Missing character: There is no e in font nullfont!
Missing character: There is no = in font nullfont!
Missing character: There is no c in font nullfont!
Missing character: There is no + in font nullfont!
Missing character: There is no + in font nullfont!
Missing character: There is no , in font nullfont!
Missing character: There is no b in font nullfont!
Missing character: There is no a in font nullfont!
Missing character: There is no s in font nullfont!
Missing character: There is no i in font nullfont!
Missing character: There is no c in font nullfont!
Missing character: There is no s in font nullfont!
Missing character: There is no t in font nullfont!
Missing character: There is no y in font nullfont!
Missing character: There is no l in font nullfont!
Missing character: There is no e in font nullfont!
Missing character: There is no = in font nullfont!
! Undefined control sequence.
l.5 	basicstyle=\small
                      \sffamily, % —Ä–∞–∑–º–µ—Ä –∏ –Ω–∞—á–µ—Ä—Ç–∞–Ω–∏–µ —à—Ä...
The control sequence at the end of the top line
of your error message was never \def'ed. If you have
misspelled it (e.g., `\hobx'), type `I' and the correct
spelling (e.g., `I\hbox'). Otherwise just continue,
and I'll forget about whatever was undefined.

! Undefined control sequence.
l.7 	numberstyle=\tiny
                      ,           % —Ä–∞–∑–º–µ—Ä —à—Ä–∏—Ñ—Ç–∞ –¥–ª—è –Ω–æ–º–...
The control sequence at the end of the top line
of your error message was never \def'ed. If you have
misspelled it (e.g., `\hobx'), type `I' and the correct
spelling (e.g., `I\hbox'). Otherwise just continue,
and I'll forget about whatever was undefined.


Overfull \hbox (20.0pt too wide) in paragraph at lines 4--20
[]
 []


Overfull \hbox (2.77779pt too wide) in paragraph at lines 4--20
\OT1/cmss/m/n/10 ,
 []


Overfull \hbox (21.61113pt too wide) in paragraph at lines 4--20
\OT1/cmss/m/n/10 num-
 []


Overfull \hbox (41.19452pt too wide) in paragraph at lines 4--20
\OT1/cmss/m/n/10 bers=left,
 []


Overfull \hbox (21.61113pt too wide) in paragraph at lines 4--20
\OT1/cmss/m/n/10 num-
 []


Overfull \hbox (16.63892pt too wide) in paragraph at lines 4--20
\OT1/cmss/m/n/10 ber-
 []


Overfull \hbox (29.1667pt too wide) in paragraph at lines 4--20
\OT1/cmss/m/n/10 style=,
 []


Overfull \hbox (20.38889pt too wide) in paragraph at lines 4--20
\OT1/cmss/m/n/10 step-
 []


Overfull \hbox (21.61113pt too wide) in paragraph at lines 4--20
\OT1/cmss/m/n/10 num-
 []


Overfull \hbox (28.86119pt too wide) in paragraph at lines 4--20
\OT1/cmss/m/n/10 ber=1,
 []


Overfull \hbox (21.61113pt too wide) in paragraph at lines 4--20
\OT1/cmss/m/n/10 num-
 []


Overfull \hbox (51.08342pt too wide) in paragraph at lines 4--20
\OT1/cmss/m/n/10 bersep=5pt,
 []


Overfull \hbox (27.72224pt too wide) in paragraph at lines 4--20
\OT1/cmss/m/n/10 shows-
 []


Overfull \hbox (51.77785pt too wide) in paragraph at lines 4--20
\OT1/cmss/m/n/10 paces=false,
 []


Overfull \hbox (23.88892pt too wide) in paragraph at lines 4--20
\OT1/cmss/m/n/10 show-
 []


Overfull \hbox (79.02788pt too wide) in paragraph at lines 4--20
\OT1/cmss/m/n/10 stringspaces=false,
 []


Overfull \hbox (67.05566pt too wide) in paragraph at lines 4--20
\OT1/cmss/m/n/10 showtabs=false,
 []


Overfull \hbox (57.44455pt too wide) in paragraph at lines 4--20
\OT1/cmss/m/n/10 frame=single,
 []


Overfull \hbox (16.91669pt too wide) in paragraph at lines 4--20
\OT1/cmss/m/n/10 tab-
 []


Overfull \hbox (30.56949pt too wide) in paragraph at lines 4--20
\OT1/cmss/m/n/10 size=2,
 []


Overfull \hbox (17.75002pt too wide) in paragraph at lines 4--20
\OT1/cmss/m/n/10 cap-
 []


Overfull \hbox (19.50002pt too wide) in paragraph at lines 4--20
\OT1/cmss/m/n/10 tion-
 []


Overfull \hbox (28.4445pt too wide) in paragraph at lines 4--20
\OT1/cmss/m/n/10 pos=t,
 []


Overfull \hbox (25.77783pt too wide) in paragraph at lines 4--20
\OT1/cmss/m/n/10 break-
 []


Overfull \hbox (45.41672pt too wide) in paragraph at lines 4--20
\OT1/cmss/m/n/10 lines=true,
 []


Overfull \hbox (59.91675pt too wide) in paragraph at lines 4--20
\OT1/cmss/m/n/10 breakatwhites-
 []


Overfull \hbox (47.94452pt too wide) in paragraph at lines 4--20
\OT1/cmss/m/n/10 pace=false,
 []


Overfull \hbox (11.6111pt too wide) in paragraph at lines 4--20
\OT1/cmss/m/n/10 es-
 []


Overfull \hbox (30.0278pt too wide) in paragraph at lines 4--20
\OT1/cmss/m/n/10 capein-
 []


Overfull \hbox (45.83342pt too wide) in paragraph at lines 4--20
\OT1/cmss/m/n/10 side=#**)
 []


! LaTeX Error: \usepackage before \documentclass.

See the LaTeX manual or LaTeX Companion for explanation.
Type  H <return>  for immediate help.
 ...                                              
                                                  
l.22 \usepackage{
                 titlesec, blindtext, color} % –ø–æ–¥–∫–ª—é—á–∞–µ–º –Ω—É–∂–Ω...

\usepackage may only appear in the document preamble, i.e.,
between \documentclass and \begin{document}.

! Undefined control sequence.
l.23 \definecolor
                 {gray75}{gray}{0.75} % –æ–ø—Ä–µ–¥–µ–ª—è–µ–º —Ü–≤–µ—Ç
The control sequence at the end of the top line
of your error message was never \def'ed. If you have
misspelled it (e.g., `\hobx'), type `I' and the correct
spelling (e.g., `I\hbox'). Otherwise just continue,
and I'll forget about whatever was undefined.


! LaTeX Error: Missing \begin{document}.

See the LaTeX manual or LaTeX Companion for explanation.
Type  H <return>  for immediate help.
 ...                                              
                                                  
l.23 \definecolor{g
                   ray75}{gray}{0.75} % –æ–ø—Ä–µ–¥–µ–ª—è–µ–º —Ü–≤–µ—Ç
You're in trouble here.  Try typing  <return>  to proceed.
If that doesn't work, type  X <return>  to quit.

Missing character: There is no g in font nullfont!
Missing character: There is no r in font nullfont!
Missing character: There is no a in font nullfont!
Missing character: There is no y in font nullfont!
Missing character: There is no 7 in font nullfont!
Missing character: There is no 5 in font nullfont!
Missing character: There is no g in font nullfont!
Missing character: There is no r in font nullfont!
Missing character: There is no a in font nullfont!
Missing character: There is no y in font nullfont!
Missing character: There is no 0 in font nullfont!
Missing character: There is no . in font nullfont!
Missing character: There is no 7 in font nullfont!
Missing character: There is no 5 in font nullfont!
! Undefined control sequence.
l.26 \titleformat
                 {\chapter}[hang]{\Huge\bfseries}{\thechapter\hsp\textcolor{...
The control sequence at the end of the top line
of your error message was never \def'ed. If you have
misspelled it (e.g., `\hobx'), type `I' and the correct
spelling (e.g., `I\hbox'). Otherwise just continue,
and I'll forget about whatever was undefined.

! Undefined control sequence.
l.26 \titleformat{\chapter
                          }[hang]{\Huge\bfseries}{\thechapter\hsp\textcolor{...
The control sequence at the end of the top line
of your error message was never \def'ed. If you have
misspelled it (e.g., `\hobx'), type `I' and the correct
spelling (e.g., `I\hbox'). Otherwise just continue,
and I'll forget about whatever was undefined.

Missing character: There is no [ in font nullfont!
Missing character: There is no h in font nullfont!
Missing character: There is no a in font nullfont!
Missing character: There is no n in font nullfont!
Missing character: There is no g in font nullfont!
Missing character: There is no ] in font nullfont!
! Undefined control sequence.
l.26 \titleformat{\chapter}[hang]{\Huge
                                       \bfseries}{\thechapter\hsp\textcolor{...
The control sequence at the end of the top line
of your error message was never \def'ed. If you have
misspelled it (e.g., `\hobx'), type `I' and the correct
spelling (e.g., `I\hbox'). Otherwise just continue,
and I'll forget about whatever was undefined.

! Undefined control sequence.
l.26 ...chapter}[hang]{\Huge\bfseries}{\thechapter
                                                  \hsp\textcolor{gray75}{|}\...
The control sequence at the end of the top line
of your error message was never \def'ed. If you have
misspelled it (e.g., `\hobx'), type `I' and the correct
spelling (e.g., `I\hbox'). Otherwise just continue,
and I'll forget about whatever was undefined.

! Undefined control sequence.
l.26 ...{\Huge\bfseries}{\thechapter\hsp\textcolor
                                                  {gray75}{|}\hsp}{0pt}{\Hug...
The control sequence at the end of the top line
of your error message was never \def'ed. If you have
misspelled it (e.g., `\hobx'), type `I' and the correct
spelling (e.g., `I\hbox'). Otherwise just continue,
and I'll forget about whatever was undefined.

Missing character: There is no g in font nullfont!
Missing character: There is no r in font nullfont!
Missing character: There is no a in font nullfont!
Missing character: There is no y in font nullfont!
Missing character: There is no 7 in font nullfont!
Missing character: There is no 5 in font nullfont!
Missing character: There is no | in font nullfont!
Missing character: There is no 0 in font nullfont!
Missing character: There is no p in font nullfont!
Missing character: There is no t in font nullfont!
! Undefined control sequence.
l.26 ...r\hsp\textcolor{gray75}{|}\hsp}{0pt}{\Huge
                                                  \bfseries}
The control sequence at the end of the top line
of your error message was never \def'ed. If you have
misspelled it (e.g., `\hobx'), type `I' and the correct
spelling (e.g., `I\hbox'). Otherwise just continue,
and I'll forget about whatever was undefined.


Overfull \hbox (20.0pt too wide) in paragraph at lines 23--27
[]
 []


! LaTeX Error: \usepackage before \documentclass.

See the LaTeX manual or LaTeX Companion for explanation.
Type  H <return>  for immediate help.
 ...                                              
                                                  
l.30 \usepackage{
                 pgfplots}
\usepackage may only appear in the document preamble, i.e.,
between \documentclass and \begin{document}.


! LaTeX Error: \usepackage before \documentclass.

See the LaTeX manual or LaTeX Companion for explanation.
Type  H <return>  for immediate help.
 ...                                              
                                                  
l.31 \usepackage{
                 filecontents}
\usepackage may only appear in the document preamble, i.e.,
between \documentclass and \begin{document}.

! Undefined control sequence.
l.32 \usetikzlibrary
                    {datavisualization}
The control sequence at the end of the top line
of your error message was never \def'ed. If you have
misspelled it (e.g., `\hobx'), type `I' and the correct
spelling (e.g., `I\hbox'). Otherwise just continue,
and I'll forget about whatever was undefined.


! LaTeX Error: Missing \begin{document}.

See the LaTeX manual or LaTeX Companion for explanation.
Type  H <return>  for immediate help.
 ...                                              
                                                  
l.32 \usetikzlibrary{d
                      atavisualization}
You're in trouble here.  Try typing  <return>  to proceed.
If that doesn't work, type  X <return>  to quit.

Missing character: There is no d in font nullfont!
Missing character: There is no a in font nullfont!
Missing character: There is no t in font nullfont!
Missing character: There is no a in font nullfont!
Missing character: There is no v in font nullfont!
Missing character: There is no i in font nullfont!
Missing character: There is no s in font nullfont!
Missing character: There is no u in font nullfont!
Missing character: There is no a in font nullfont!
Missing character: There is no l in font nullfont!
Missing character: There is no i in font nullfont!
Missing character: There is no z in font nullfont!
Missing character: There is no a in font nullfont!
Missing character: There is no t in font nullfont!
Missing character: There is no i in font nullfont!
Missing character: There is no o in font nullfont!
Missing character: There is no n in font nullfont!
! Undefined control sequence.
l.33 \usetikzlibrary
                    {datavisualization.formats.functions}
The control sequence at the end of the top line
of your error message was never \def'ed. If you have
misspelled it (e.g., `\hobx'), type `I' and the correct
spelling (e.g., `I\hbox'). Otherwise just continue,
and I'll forget about whatever was undefined.

Missing character: There is no d in font nullfont!
Missing character: There is no a in font nullfont!
Missing character: There is no t in font nullfont!
Missing character: There is no a in font nullfont!
Missing character: There is no v in font nullfont!
Missing character: There is no i in font nullfont!
Missing character: There is no s in font nullfont!
Missing character: There is no u in font nullfont!
Missing character: There is no a in font nullfont!
Missing character: There is no l in font nullfont!
Missing character: There is no i in font nullfont!
Missing character: There is no z in font nullfont!
Missing character: There is no a in font nullfont!
Missing character: There is no t in font nullfont!
Missing character: There is no i in font nullfont!
Missing character: There is no o in font nullfont!
Missing character: There is no n in font nullfont!
Missing character: There is no . in font nullfont!
Missing character: There is no f in font nullfont!
Missing character: There is no o in font nullfont!
Missing character: There is no r in font nullfont!
Missing character: There is no m in font nullfont!
Missing character: There is no a in font nullfont!
Missing character: There is no t in font nullfont!
Missing character: There is no s in font nullfont!
Missing character: There is no . in font nullfont!
Missing character: There is no f in font nullfont!
Missing character: There is no u in font nullfont!
Missing character: There is no n in font nullfont!
Missing character: There is no c in font nullfont!
Missing character: There is no t in font nullfont!
Missing character: There is no i in font nullfont!
Missing character: There is no o in font nullfont!
Missing character: There is no n in font nullfont!
Missing character: There is no s in font nullfont!

Overfull \hbox (20.0pt too wide) in paragraph at lines 32--34
[]
 []

)
! Emergency stop.
<*> preamble.inc.tex
                    
*** (job aborted, no legal \end found)

 
Here is how much of TeX's memory you used:
 23 strings out of 480616
 460 string characters out of 5906381
 240630 words of memory out of 6000000
 16017 multiletter control sequences out of 15000+600000
 532951 words of font info for 26 fonts, out of 8000000 for 9000
 1137 hyphenation exceptions out of 8191
 12i,1n,15p,155b,62s stack positions out of 5000i,500n,10000p,200000b,80000s
!  ==> Fatal error occurred, no output PDF file produced!
