This is pdfTeX, Version 3.141592653-2.6-1.40.22 (TeX Live 2021) (preloaded format=pdflatex 2022.1.27)  17 FEB 2022 18:54
entering extended mode
 restricted \write18 enabled.
 %&-line parsing enabled.
**2.PartAnalis.tex
(./2.PartAnalis.tex
LaTeX2e <2020-10-01> patch level 4
L3 programming layer <2021-05-07>
! Undefined control sequence.
l.1 \chapter
            {–ê–Ω–∞–ª–∏–∑ –ø—Ä–µ–¥–º–µ—Ç–Ω–æ–π –æ–±–ª–∞—Å—Ç–∏}\label{Analis}
The control sequence at the end of the top line
of your error message was never \def'ed. If you have
misspelled it (e.g., `\hobx'), type `I' and the correct
spelling (e.g., `I\hbox'). Otherwise just continue,
and I'll forget about whatever was undefined.


! Package inputenc Error: Unicode character –ê (U+0410)
(inputenc)                not set up for use with LaTeX.

See the inputenc package documentation for explanation.
Type  H <return>  for immediate help.
 ...                                              
                                                  
l.1 \chapter{–ê
               –Ω–∞–ª–∏–∑ –ø—Ä–µ–¥–º–µ—Ç–Ω–æ–π –æ–±–ª–∞—Å—Ç–∏}\label{Analis}
You may provide a definition with
\DeclareUnicodeCharacter 


! Package inputenc Error: Unicode character –Ω (U+043D)
(inputenc)                not set up for use with LaTeX.

See the inputenc package documentation for explanation.
Type  H <return>  for immediate help.
 ...                                              
                                                  
l.1 \chapter{–ê–Ω
                 –∞–ª–∏–∑ –ø—Ä–µ–¥–º–µ—Ç–Ω–æ–π –æ–±–ª–∞—Å—Ç–∏}\label{Analis}
You may provide a definition with
\DeclareUnicodeCharacter 


! Package inputenc Error: Unicode character –∞ (U+0430)
(inputenc)                not set up for use with LaTeX.

See the inputenc package documentation for explanation.
Type  H <return>  for immediate help.
 ...                                              
                                                  
l.1 \chapter{–ê–Ω–∞
                   –ª–∏–∑ –ø—Ä–µ–¥–º–µ—Ç–Ω–æ–π –æ–±–ª–∞—Å—Ç–∏}\label{Analis}
You may provide a definition with
\DeclareUnicodeCharacter 


! Package inputenc Error: Unicode character –ª (U+043B)
(inputenc)                not set up for use with LaTeX.

See the inputenc package documentation for explanation.
Type  H <return>  for immediate help.
 ...                                              
                                                  
l.1 \chapter{–ê–Ω–∞–ª
                     –∏–∑ –ø—Ä–µ–¥–º–µ—Ç–Ω–æ–π –æ–±–ª–∞—Å—Ç–∏}\label{Analis}
You may provide a definition with
\DeclareUnicodeCharacter 


! Package inputenc Error: Unicode character –∏ (U+0438)
(inputenc)                not set up for use with LaTeX.

See the inputenc package documentation for explanation.
Type  H <return>  for immediate help.
 ...                                              
                                                  
l.1 \chapter{–ê–Ω–∞–ª–∏
                       –∑ –ø—Ä–µ–¥–º–µ—Ç–Ω–æ–π –æ–±–ª–∞—Å—Ç–∏}\label{Analis}
You may provide a definition with
\DeclareUnicodeCharacter 


! Package inputenc Error: Unicode character –∑ (U+0437)
(inputenc)                not set up for use with LaTeX.

See the inputenc package documentation for explanation.
Type  H <return>  for immediate help.
 ...                                              
                                                  
l.1 \chapter{–ê–Ω–∞–ª–∏–∑
                          –ø—Ä–µ–¥–º–µ—Ç–Ω–æ–π –æ–±–ª–∞—Å—Ç–∏}\label{Analis}
You may provide a definition with
\DeclareUnicodeCharacter 


! Package inputenc Error: Unicode character –ø (U+043F)
(inputenc)                not set up for use with LaTeX.

See the inputenc package documentation for explanation.
Type  H <return>  for immediate help.
 ...                                              
                                                  
l.1 \chapter{–ê–Ω–∞–ª–∏–∑ –ø
                            —Ä–µ–¥–º–µ—Ç–Ω–æ–π –æ–±–ª–∞—Å—Ç–∏}\label{Analis}
You may provide a definition with
\DeclareUnicodeCharacter 


! Package inputenc Error: Unicode character —Ä (U+0440)
(inputenc)                not set up for use with LaTeX.

See the inputenc package documentation for explanation.
Type  H <return>  for immediate help.
 ...                                              
                                                  
l.1 \chapter{–ê–Ω–∞–ª–∏–∑ –ø—Ä
                              –µ–¥–º–µ—Ç–Ω–æ–π –æ–±–ª–∞—Å—Ç–∏}\label{Analis}
You may provide a definition with
\DeclareUnicodeCharacter 


! Package inputenc Error: Unicode character –µ (U+0435)
(inputenc)                not set up for use with LaTeX.

See the inputenc package documentation for explanation.
Type  H <return>  for immediate help.
 ...                                              
                                                  
l.1 \chapter{–ê–Ω–∞–ª–∏–∑ –ø—Ä–µ
                                –¥–º–µ—Ç–Ω–æ–π –æ–±–ª–∞—Å—Ç–∏}\label{Analis}
You may provide a definition with
\DeclareUnicodeCharacter 


! Package inputenc Error: Unicode character –¥ (U+0434)
(inputenc)                not set up for use with LaTeX.

See the inputenc package documentation for explanation.
Type  H <return>  for immediate help.
 ...                                              
                                                  
l.1 \chapter{–ê–Ω–∞–ª–∏–∑ –ø—Ä–µ–¥
                                  –º–µ—Ç–Ω–æ–π –æ–±–ª–∞—Å—Ç–∏}\label{Analis}
You may provide a definition with
\DeclareUnicodeCharacter 


! Package inputenc Error: Unicode character –º (U+043C)
(inputenc)                not set up for use with LaTeX.

See the inputenc package documentation for explanation.
Type  H <return>  for immediate help.
 ...                                              
                                                  
l.1 \chapter{–ê–Ω–∞–ª–∏–∑ –ø—Ä–µ–¥–º
                                    –µ—Ç–Ω–æ–π –æ–±–ª–∞—Å—Ç–∏}\label{Analis}
You may provide a definition with
\DeclareUnicodeCharacter 


! Package inputenc Error: Unicode character –µ (U+0435)
(inputenc)                not set up for use with LaTeX.

See the inputenc package documentation for explanation.
Type  H <return>  for immediate help.
 ...                                              
                                                  
l.1 \chapter{–ê–Ω–∞–ª–∏–∑ –ø—Ä–µ–¥–º–µ
                                      —Ç–Ω–æ–π –æ–±–ª–∞—Å—Ç–∏}\label{Analis}
You may provide a definition with
\DeclareUnicodeCharacter 


! Package inputenc Error: Unicode character —Ç (U+0442)
(inputenc)                not set up for use with LaTeX.

See the inputenc package documentation for explanation.
Type  H <return>  for immediate help.
 ...                                              
                                                  
l.1 \chapter{–ê–Ω–∞–ª–∏–∑ –ø—Ä–µ–¥–º–µ—Ç
                                        –Ω–æ–π –æ–±–ª–∞—Å—Ç–∏}\label{Analis}
You may provide a definition with
\DeclareUnicodeCharacter 


! Package inputenc Error: Unicode character –Ω (U+043D)
(inputenc)                not set up for use with LaTeX.

See the inputenc package documentation for explanation.
Type  H <return>  for immediate help.
 ...                                              
                                                  
l.1 \chapter{–ê–Ω–∞–ª–∏–∑ –ø—Ä–µ–¥–º–µ—Ç–Ω
                                          –æ–π –æ–±–ª–∞—Å—Ç–∏}\label{Analis}
You may provide a definition with
\DeclareUnicodeCharacter 


! Package inputenc Error: Unicode character –æ (U+043E)
(inputenc)                not set up for use with LaTeX.

See the inputenc package documentation for explanation.
Type  H <return>  for immediate help.
 ...                                              
                                                  
l.1 \chapter{–ê–Ω–∞–ª–∏–∑ –ø—Ä–µ–¥–º–µ—Ç–Ω–æ
                                            –π –æ–±–ª–∞—Å—Ç–∏}\label{Analis}
You may provide a definition with
\DeclareUnicodeCharacter 


! Package inputenc Error: Unicode character –π (U+0439)
(inputenc)                not set up for use with LaTeX.

See the inputenc package documentation for explanation.
Type  H <return>  for immediate help.
 ...                                              
                                                  
l.1 \chapter{–ê–Ω–∞–ª–∏–∑ –ø—Ä–µ–¥–º–µ—Ç–Ω–æ–π
                                               –æ–±–ª–∞—Å—Ç–∏}\label{Analis}
You may provide a definition with
\DeclareUnicodeCharacter 


! Package inputenc Error: Unicode character –æ (U+043E)
(inputenc)                not set up for use with LaTeX.

See the inputenc package documentation for explanation.
Type  H <return>  for immediate help.
 ...                                              
                                                  
l.1 \chapter{–ê–Ω–∞–ª–∏–∑ –ø—Ä–µ–¥–º–µ—Ç–Ω–æ–π –æ
                                                 –±–ª–∞—Å—Ç–∏}\label{Analis}
You may provide a definition with
\DeclareUnicodeCharacter 


! Package inputenc Error: Unicode character –± (U+0431)
(inputenc)                not set up for use with LaTeX.

See the inputenc package documentation for explanation.
Type  H <return>  for immediate help.
 ...                                              
                                                  
l.1 ...pter{–ê–Ω–∞–ª–∏–∑ –ø—Ä–µ–¥–º–µ—Ç–Ω–æ–π –æ–±
                                                  –ª–∞—Å—Ç–∏}\label{Analis}
You may provide a definition with
\DeclareUnicodeCharacter 


! Package inputenc Error: Unicode character –ª (U+043B)
(inputenc)                not set up for use with LaTeX.

See the inputenc package documentation for explanation.
Type  H <return>  for immediate help.
 ...                                              
                                                  
l.1 ...er{–ê–Ω–∞–ª–∏–∑ –ø—Ä–µ–¥–º–µ—Ç–Ω–æ–π –æ–±–ª
                                                  –∞—Å—Ç–∏}\label{Analis}
You may provide a definition with
\DeclareUnicodeCharacter 


! Package inputenc Error: Unicode character –∞ (U+0430)
(inputenc)                not set up for use with LaTeX.

See the inputenc package documentation for explanation.
Type  H <return>  for immediate help.
 ...                                              
                                                  
l.1 ...{–ê–Ω–∞–ª–∏–∑ –ø—Ä–µ–¥–º–µ—Ç–Ω–æ–π –æ–±–ª–∞
                                                  —Å—Ç–∏}\label{Analis}
You may provide a definition with
\DeclareUnicodeCharacter 


! Package inputenc Error: Unicode character —Å (U+0441)
(inputenc)                not set up for use with LaTeX.

See the inputenc package documentation for explanation.
Type  H <return>  for immediate help.
 ...                                              
                                                  
l.1 ...ê–Ω–∞–ª–∏–∑ –ø—Ä–µ–¥–º–µ—Ç–Ω–æ–π –æ–±–ª–∞—Å
                                                  —Ç–∏}\label{Analis}
You may provide a definition with
\DeclareUnicodeCharacter 


! Package inputenc Error: Unicode character —Ç (U+0442)
(inputenc)                not set up for use with LaTeX.

See the inputenc package documentation for explanation.
Type  H <return>  for immediate help.
 ...                                              
                                                  
l.1 ...Ω–∞–ª–∏–∑ –ø—Ä–µ–¥–º–µ—Ç–Ω–æ–π –æ–±–ª–∞—Å—Ç
                                                  –∏}\label{Analis}
You may provide a definition with
\DeclareUnicodeCharacter 


! Package inputenc Error: Unicode character –∏ (U+0438)
(inputenc)                not set up for use with LaTeX.

See the inputenc package documentation for explanation.
Type  H <return>  for immediate help.
 ...                                              
                                                  
l.1 ...∞–ª–∏–∑ –ø—Ä–µ–¥–º–µ—Ç–Ω–æ–π –æ–±–ª–∞—Å—Ç–∏
                                                  }\label{Analis}
You may provide a definition with
\DeclareUnicodeCharacter 

! Undefined control sequence.
l.3 \section
            {–ò—Å—Ç–æ—Ä–∏—è –ø—Ä–æ—Ç–æ–∫–æ–ª–∞}\label{actualnost}
The control sequence at the end of the top line
of your error message was never \def'ed. If you have
misspelled it (e.g., `\hobx'), type `I' and the correct
spelling (e.g., `I\hbox'). Otherwise just continue,
and I'll forget about whatever was undefined.


! Package inputenc Error: Unicode character –ò (U+0418)
(inputenc)                not set up for use with LaTeX.

See the inputenc package documentation for explanation.
Type  H <return>  for immediate help.
 ...                                              
                                                  
l.3 \section{–ò
               —Å—Ç–æ—Ä–∏—è –ø—Ä–æ—Ç–æ–∫–æ–ª–∞}\label{actualnost}
You may provide a definition with
\DeclareUnicodeCharacter 


! Package inputenc Error: Unicode character —Å (U+0441)
(inputenc)                not set up for use with LaTeX.

See the inputenc package documentation for explanation.
Type  H <return>  for immediate help.
 ...                                              
                                                  
l.3 \section{–ò—Å
                 —Ç–æ—Ä–∏—è –ø—Ä–æ—Ç–æ–∫–æ–ª–∞}\label{actualnost}
You may provide a definition with
\DeclareUnicodeCharacter 


! Package inputenc Error: Unicode character —Ç (U+0442)
(inputenc)                not set up for use with LaTeX.

See the inputenc package documentation for explanation.
Type  H <return>  for immediate help.
 ...                                              
                                                  
l.3 \section{–ò—Å—Ç
                   –æ—Ä–∏—è –ø—Ä–æ—Ç–æ–∫–æ–ª–∞}\label{actualnost}
You may provide a definition with
\DeclareUnicodeCharacter 


! Package inputenc Error: Unicode character –æ (U+043E)
(inputenc)                not set up for use with LaTeX.

See the inputenc package documentation for explanation.
Type  H <return>  for immediate help.
 ...                                              
                                                  
l.3 \section{–ò—Å—Ç–æ
                     —Ä–∏—è –ø—Ä–æ—Ç–æ–∫–æ–ª–∞}\label{actualnost}
You may provide a definition with
\DeclareUnicodeCharacter 


! Package inputenc Error: Unicode character —Ä (U+0440)
(inputenc)                not set up for use with LaTeX.

See the inputenc package documentation for explanation.
Type  H <return>  for immediate help.
 ...                                              
                                                  
l.3 \section{–ò—Å—Ç–æ—Ä
                       –∏—è –ø—Ä–æ—Ç–æ–∫–æ–ª–∞}\label{actualnost}
You may provide a definition with
\DeclareUnicodeCharacter 


! Package inputenc Error: Unicode character –∏ (U+0438)
(inputenc)                not set up for use with LaTeX.

See the inputenc package documentation for explanation.
Type  H <return>  for immediate help.
 ...                                              
                                                  
l.3 \section{–ò—Å—Ç–æ—Ä–∏
                         —è –ø—Ä–æ—Ç–æ–∫–æ–ª–∞}\label{actualnost}
You may provide a definition with
\DeclareUnicodeCharacter 


! Package inputenc Error: Unicode character —è (U+044F)
(inputenc)                not set up for use with LaTeX.

See the inputenc package documentation for explanation.
Type  H <return>  for immediate help.
 ...                                              
                                                  
l.3 \section{–ò—Å—Ç–æ—Ä–∏—è
                            –ø—Ä–æ—Ç–æ–∫–æ–ª–∞}\label{actualnost}
You may provide a definition with
\DeclareUnicodeCharacter 


! Package inputenc Error: Unicode character –ø (U+043F)
(inputenc)                not set up for use with LaTeX.

See the inputenc package documentation for explanation.
Type  H <return>  for immediate help.
 ...                                              
                                                  
l.3 \section{–ò—Å—Ç–æ—Ä–∏—è –ø
                              —Ä–æ—Ç–æ–∫–æ–ª–∞}\label{actualnost}
You may provide a definition with
\DeclareUnicodeCharacter 


! Package inputenc Error: Unicode character —Ä (U+0440)
(inputenc)                not set up for use with LaTeX.

See the inputenc package documentation for explanation.
Type  H <return>  for immediate help.
 ...                                              
                                                  
l.3 \section{–ò—Å—Ç–æ—Ä–∏—è –ø—Ä
                                –æ—Ç–æ–∫–æ–ª–∞}\label{actualnost}
You may provide a definition with
\DeclareUnicodeCharacter 


! Package inputenc Error: Unicode character –æ (U+043E)
(inputenc)                not set up for use with LaTeX.

See the inputenc package documentation for explanation.
Type  H <return>  for immediate help.
 ...                                              
                                                  
l.3 \section{–ò—Å—Ç–æ—Ä–∏—è –ø—Ä–æ
                                  —Ç–æ–∫–æ–ª–∞}\label{actualnost}
You may provide a definition with
\DeclareUnicodeCharacter 


! Package inputenc Error: Unicode character —Ç (U+0442)
(inputenc)                not set up for use with LaTeX.

See the inputenc package documentation for explanation.
Type  H <return>  for immediate help.
 ...                                              
                                                  
l.3 \section{–ò—Å—Ç–æ—Ä–∏—è –ø—Ä–æ—Ç
                                    –æ–∫–æ–ª–∞}\label{actualnost}
You may provide a definition with
\DeclareUnicodeCharacter 


! Package inputenc Error: Unicode character –æ (U+043E)
(inputenc)                not set up for use with LaTeX.

See the inputenc package documentation for explanation.
Type  H <return>  for immediate help.
 ...                                              
                                                  
l.3 \section{–ò—Å—Ç–æ—Ä–∏—è –ø—Ä–æ—Ç–æ
                                      –∫–æ–ª–∞}\label{actualnost}
You may provide a definition with
\DeclareUnicodeCharacter 


! Package inputenc Error: Unicode character –∫ (U+043A)
(inputenc)                not set up for use with LaTeX.

See the inputenc package documentation for explanation.
Type  H <return>  for immediate help.
 ...                                              
                                                  
l.3 \section{–ò—Å—Ç–æ—Ä–∏—è –ø—Ä–æ—Ç–æ–∫
                                        –æ–ª–∞}\label{actualnost}
You may provide a definition with
\DeclareUnicodeCharacter 


! Package inputenc Error: Unicode character –æ (U+043E)
(inputenc)                not set up for use with LaTeX.

See the inputenc package documentation for explanation.
Type  H <return>  for immediate help.
 ...                                              
                                                  
l.3 \section{–ò—Å—Ç–æ—Ä–∏—è –ø—Ä–æ—Ç–æ–∫–æ
                                          –ª–∞}\label{actualnost}
You may provide a definition with
\DeclareUnicodeCharacter 


! Package inputenc Error: Unicode character –ª (U+043B)
(inputenc)                not set up for use with LaTeX.

See the inputenc package documentation for explanation.
Type  H <return>  for immediate help.
 ...                                              
                                                  
l.3 \section{–ò—Å—Ç–æ—Ä–∏—è –ø—Ä–æ—Ç–æ–∫–æ–ª
                                            –∞}\label{actualnost}
You may provide a definition with
\DeclareUnicodeCharacter 


! Package inputenc Error: Unicode character –∞ (U+0430)
(inputenc)                not set up for use with LaTeX.

See the inputenc package documentation for explanation.
Type  H <return>  for immediate help.
 ...                                              
                                                  
l.3 \section{–ò—Å—Ç–æ—Ä–∏—è –ø—Ä–æ—Ç–æ–∫–æ–ª–∞
                                              }\label{actualnost}
You may provide a definition with
\DeclareUnicodeCharacter 


! Package inputenc Error: Unicode character –í (U+0412)
(inputenc)                not set up for use with LaTeX.

See the inputenc package documentation for explanation.
Type  H <return>  for immediate help.
 ...                                              
                                                  
l.5 –í
       —Å–µ—Ä–µ–¥–∏–Ω–µ 90—Ö –∫–æ–º–ø–∞–Ω–∏—è Netscape —Ä–∞–∑—Ä–∞–±–∞—Ç—ã–≤–...

You may provide a definition with
\DeclareUnicodeCharacter 


! Package inputenc Error: Unicode character —Å (U+0441)
(inputenc)                not set up for use with LaTeX.

See the inputenc package documentation for explanation.
Type  H <return>  for immediate help.
 ...                                              
                                                  
l.5 –í —Å
         –µ—Ä–µ–¥–∏–Ω–µ 90—Ö –∫–æ–º–ø–∞–Ω–∏—è Netscape —Ä–∞–∑—Ä–∞–±–∞—Ç—ã–≤–...

You may provide a definition with
\DeclareUnicodeCharacter 


! Package inputenc Error: Unicode character –µ (U+0435)
(inputenc)                not set up for use with LaTeX.

See the inputenc package documentation for explanation.
Type  H <return>  for immediate help.
 ...                                              
                                                  
l.5 –í —Å–µ
           —Ä–µ–¥–∏–Ω–µ 90—Ö –∫–æ–º–ø–∞–Ω–∏—è Netscape —Ä–∞–∑—Ä–∞–±–∞—Ç—ã–≤–...

You may provide a definition with
\DeclareUnicodeCharacter 


! Package inputenc Error: Unicode character —Ä (U+0440)
(inputenc)                not set up for use with LaTeX.

See the inputenc package documentation for explanation.
Type  H <return>  for immediate help.
 ...                                              
                                                  
l.5 –í —Å–µ—Ä
             –µ–¥–∏–Ω–µ 90—Ö –∫–æ–º–ø–∞–Ω–∏—è Netscape —Ä–∞–∑—Ä–∞–±–∞—Ç—ã–≤–...

You may provide a definition with
\DeclareUnicodeCharacter 


! Package inputenc Error: Unicode character –µ (U+0435)
(inputenc)                not set up for use with LaTeX.

See the inputenc package documentation for explanation.
Type  H <return>  for immediate help.
 ...                                              
                                                  
l.5 –í —Å–µ—Ä–µ
               –¥–∏–Ω–µ 90—Ö –∫–æ–º–ø–∞–Ω–∏—è Netscape —Ä–∞–∑—Ä–∞–±–∞—Ç—ã–≤–...

You may provide a definition with
\DeclareUnicodeCharacter 


! Package inputenc Error: Unicode character –¥ (U+0434)
(inputenc)                not set up for use with LaTeX.

See the inputenc package documentation for explanation.
Type  H <return>  for immediate help.
 ...                                              
                                                  
l.5 –í —Å–µ—Ä–µ–¥
                 –∏–Ω–µ 90—Ö –∫–æ–º–ø–∞–Ω–∏—è Netscape —Ä–∞–∑—Ä–∞–±–∞—Ç—ã–≤–...

You may provide a definition with
\DeclareUnicodeCharacter 


! Package inputenc Error: Unicode character –∏ (U+0438)
(inputenc)                not set up for use with LaTeX.

See the inputenc package documentation for explanation.
Type  H <return>  for immediate help.
 ...                                              
                                                  
l.5 –í —Å–µ—Ä–µ–¥–∏
                   –Ω–µ 90—Ö –∫–æ–º–ø–∞–Ω–∏—è Netscape —Ä–∞–∑—Ä–∞–±–∞—Ç—ã–≤–...

You may provide a definition with
\DeclareUnicodeCharacter 


! Package inputenc Error: Unicode character –Ω (U+043D)
(inputenc)                not set up for use with LaTeX.

See the inputenc package documentation for explanation.
Type  H <return>  for immediate help.
 ...                                              
                                                  
l.5 –í —Å–µ—Ä–µ–¥–∏–Ω
                     –µ 90—Ö –∫–æ–º–ø–∞–Ω–∏—è Netscape —Ä–∞–∑—Ä–∞–±–∞—Ç—ã–≤–...

You may provide a definition with
\DeclareUnicodeCharacter 


! Package inputenc Error: Unicode character –µ (U+0435)
(inputenc)                not set up for use with LaTeX.

See the inputenc package documentation for explanation.
Type  H <return>  for immediate help.
 ...                                              
                                                  
l.5 –í —Å–µ—Ä–µ–¥–∏–Ω–µ
                        90—Ö –∫–æ–º–ø–∞–Ω–∏—è Netscape —Ä–∞–∑—Ä–∞–±–∞—Ç—ã–≤–...

You may provide a definition with
\DeclareUnicodeCharacter 


! LaTeX Error: Missing \begin{document}.

See the LaTeX manual or LaTeX Companion for explanation.
Type  H <return>  for immediate help.
 ...                                              
                                                  
l.5 –í —Å–µ—Ä–µ–¥–∏–Ω–µ 9
                         0—Ö –∫–æ–º–ø–∞–Ω–∏—è Netscape —Ä–∞–∑—Ä–∞–±–∞—Ç—ã–≤–...

You're in trouble here.  Try typing  <return>  to proceed.
If that doesn't work, type  X <return>  to quit.

Missing character: There is no 9 in font nullfont!
Missing character: There is no 0 in font nullfont!

! Package inputenc Error: Unicode character —Ö (U+0445)
(inputenc)                not set up for use with LaTeX.

See the inputenc package documentation for explanation.
Type  H <return>  for immediate help.
 ...                                              
                                                  
l.5 –í —Å–µ—Ä–µ–¥–∏–Ω–µ 90—Ö
                             –∫–æ–º–ø–∞–Ω–∏—è Netscape —Ä–∞–∑—Ä–∞–±–∞—Ç—ã–≤–...

You may provide a definition with
\DeclareUnicodeCharacter 


! Package inputenc Error: Unicode character –∫ (U+043A)
(inputenc)                not set up for use with LaTeX.

See the inputenc package documentation for explanation.
Type  H <return>  for immediate help.
 ...                                              
                                                  
l.5 –í —Å–µ—Ä–µ–¥–∏–Ω–µ 90—Ö –∫
                               –æ–º–ø–∞–Ω–∏—è Netscape —Ä–∞–∑—Ä–∞–±–∞—Ç—ã–≤–...

You may provide a definition with
\DeclareUnicodeCharacter 


! Package inputenc Error: Unicode character –æ (U+043E)
(inputenc)                not set up for use with LaTeX.

See the inputenc package documentation for explanation.
Type  H <return>  for immediate help.
 ...                                              
                                                  
l.5 –í —Å–µ—Ä–µ–¥–∏–Ω–µ 90—Ö –∫–æ
                                 –º–ø–∞–Ω–∏—è Netscape —Ä–∞–∑—Ä–∞–±–∞—Ç—ã–≤–...

You may provide a definition with
\DeclareUnicodeCharacter 


! Package inputenc Error: Unicode character –º (U+043C)
(inputenc)                not set up for use with LaTeX.

See the inputenc package documentation for explanation.
Type  H <return>  for immediate help.
 ...                                              
                                                  
l.5 –í —Å–µ—Ä–µ–¥–∏–Ω–µ 90—Ö –∫–æ–º
                                   –ø–∞–Ω–∏—è Netscape —Ä–∞–∑—Ä–∞–±–∞—Ç—ã–≤–...

You may provide a definition with
\DeclareUnicodeCharacter 


! Package inputenc Error: Unicode character –ø (U+043F)
(inputenc)                not set up for use with LaTeX.

See the inputenc package documentation for explanation.
Type  H <return>  for immediate help.
 ...                                              
                                                  
l.5 –í —Å–µ—Ä–µ–¥–∏–Ω–µ 90—Ö –∫–æ–º–ø
                                     –∞–Ω–∏—è Netscape —Ä–∞–∑—Ä–∞–±–∞—Ç—ã–≤–...

You may provide a definition with
\DeclareUnicodeCharacter 


! Package inputenc Error: Unicode character –∞ (U+0430)
(inputenc)                not set up for use with LaTeX.

See the inputenc package documentation for explanation.
Type  H <return>  for immediate help.
 ...                                              
                                                  
l.5 –í —Å–µ—Ä–µ–¥–∏–Ω–µ 90—Ö –∫–æ–º–ø–∞
                                       –Ω–∏—è Netscape —Ä–∞–∑—Ä–∞–±–∞—Ç—ã–≤–...

You may provide a definition with
\DeclareUnicodeCharacter 


! Package inputenc Error: Unicode character –Ω (U+043D)
(inputenc)                not set up for use with LaTeX.

See the inputenc package documentation for explanation.
Type  H <return>  for immediate help.
 ...                                              
                                                  
l.5 –í —Å–µ—Ä–µ–¥–∏–Ω–µ 90—Ö –∫–æ–º–ø–∞–Ω
                                         –∏—è Netscape —Ä–∞–∑—Ä–∞–±–∞—Ç—ã–≤–...

You may provide a definition with
\DeclareUnicodeCharacter 


! Package inputenc Error: Unicode character –∏ (U+0438)
(inputenc)                not set up for use with LaTeX.

See the inputenc package documentation for explanation.
Type  H <return>  for immediate help.
 ...                                              
                                                  
l.5 –í —Å–µ—Ä–µ–¥–∏–Ω–µ 90—Ö –∫–æ–º–ø–∞–Ω–∏
                                           —è Netscape —Ä–∞–∑—Ä–∞–±–∞—Ç—ã–≤–...

You may provide a definition with
\DeclareUnicodeCharacter 


! Package inputenc Error: Unicode character —è (U+044F)
(inputenc)                not set up for use with LaTeX.

See the inputenc package documentation for explanation.
Type  H <return>  for immediate help.
 ...                                              
                                                  
l.5 –í —Å–µ—Ä–µ–¥–∏–Ω–µ 90—Ö –∫–æ–º–ø–∞–Ω–∏—è
                                              Netscape —Ä–∞–∑—Ä–∞–±–∞—Ç—ã–≤–...

You may provide a definition with
\DeclareUnicodeCharacter 

Missing character: There is no N in font nullfont!
Missing character: There is no e in font nullfont!
Missing character: There is no t in font nullfont!
Missing character: There is no s in font nullfont!
Missing character: There is no c in font nullfont!
Missing character: There is no a in font nullfont!
Missing character: There is no p in font nullfont!
Missing character: There is no e in font nullfont!

! Package inputenc Error: Unicode character —Ä (U+0440)
(inputenc)                not set up for use with LaTeX.

See the inputenc package documentation for explanation.
Type  H <return>  for immediate help.
 ...                                              
                                                  
l.5 ...µ–¥–∏–Ω–µ 90—Ö –∫–æ–º–ø–∞–Ω–∏—è Netscape —Ä
                                                  –∞–∑—Ä–∞–±–∞—Ç—ã–≤–∞–µ—Ç –...

You may provide a definition with
\DeclareUnicodeCharacter 


! Package inputenc Error: Unicode character –∞ (U+0430)
(inputenc)                not set up for use with LaTeX.

See the inputenc package documentation for explanation.
Type  H <return>  for immediate help.
 ...                                              
                                                  
l.5 ...¥–∏–Ω–µ 90—Ö –∫–æ–º–ø–∞–Ω–∏—è Netscape —Ä–∞
                                                  –∑—Ä–∞–±–∞—Ç—ã–≤–∞–µ—Ç –ø—...

You may provide a definition with
\DeclareUnicodeCharacter 


! Package inputenc Error: Unicode character –∑ (U+0437)
(inputenc)                not set up for use with LaTeX.

See the inputenc package documentation for explanation.
Type  H <return>  for immediate help.
 ...                                              
                                                  
l.5 ...∏–Ω–µ 90—Ö –∫–æ–º–ø–∞–Ω–∏—è Netscape —Ä–∞–∑
                                                  —Ä–∞–±–∞—Ç—ã–≤–∞–µ—Ç –ø—Ä–...

You may provide a definition with
\DeclareUnicodeCharacter 


! Package inputenc Error: Unicode character —Ä (U+0440)
(inputenc)                not set up for use with LaTeX.

See the inputenc package documentation for explanation.
Type  H <return>  for immediate help.
 ...                                              
                                                  
l.5 ...Ω–µ 90—Ö –∫–æ–º–ø–∞–Ω–∏—è Netscape —Ä–∞–∑—Ä
                                                  –∞–±–∞—Ç—ã–≤–∞–µ—Ç –ø—Ä–æ—...

You may provide a definition with
\DeclareUnicodeCharacter 


! Package inputenc Error: Unicode character –∞ (U+0430)
(inputenc)                not set up for use with LaTeX.

See the inputenc package documentation for explanation.
Type  H <return>  for immediate help.
 ...                                              
                                                  
l.5 ...µ 90—Ö –∫–æ–º–ø–∞–Ω–∏—è Netscape —Ä–∞–∑—Ä–∞
                                                  –±–∞—Ç—ã–≤–∞–µ—Ç –ø—Ä–æ—Ç–...

You may provide a definition with
\DeclareUnicodeCharacter 


! Package inputenc Error: Unicode character –± (U+0431)
(inputenc)                not set up for use with LaTeX.

See the inputenc package documentation for explanation.
Type  H <return>  for immediate help.
 ...                                              
                                                  
l.5 ...90—Ö –∫–æ–º–ø–∞–Ω–∏—è Netscape —Ä–∞–∑—Ä–∞–±
                                                  –∞—Ç—ã–≤–∞–µ—Ç –ø—Ä–æ—Ç–æ–...

You may provide a definition with
\DeclareUnicodeCharacter 


! Package inputenc Error: Unicode character –∞ (U+0430)
(inputenc)                not set up for use with LaTeX.

See the inputenc package documentation for explanation.
Type  H <return>  for immediate help.
 ...                                              
                                                  
l.5 ...—Ö –∫–æ–º–ø–∞–Ω–∏—è Netscape —Ä–∞–∑—Ä–∞–±–∞
                                                  —Ç—ã–≤–∞–µ—Ç –ø—Ä–æ—Ç–æ–∫–...

You may provide a definition with
\DeclareUnicodeCharacter 


! Package inputenc Error: Unicode character —Ç (U+0442)
(inputenc)                not set up for use with LaTeX.

See the inputenc package documentation for explanation.
Type  H <return>  for immediate help.
 ...                                              
                                                  
l.5 ... –∫–æ–º–ø–∞–Ω–∏—è Netscape —Ä–∞–∑—Ä–∞–±–∞—Ç
                                                  —ã–≤–∞–µ—Ç –ø—Ä–æ—Ç–æ–∫–æ–...

You may provide a definition with
\DeclareUnicodeCharacter 


! Package inputenc Error: Unicode character —ã (U+044B)
(inputenc)                not set up for use with LaTeX.

See the inputenc package documentation for explanation.
Type  H <return>  for immediate help.
 ...                                              
                                                  
l.5 ...∫–æ–º–ø–∞–Ω–∏—è Netscape —Ä–∞–∑—Ä–∞–±–∞—Ç—ã
                                                  –≤–∞–µ—Ç –ø—Ä–æ—Ç–æ–∫–æ–ª,...

You may provide a definition with
\DeclareUnicodeCharacter 


! Package inputenc Error: Unicode character –≤ (U+0432)
(inputenc)                not set up for use with LaTeX.

See the inputenc package documentation for explanation.
Type  H <return>  for immediate help.
 ...                                              
                                                  
l.5 ...æ–º–ø–∞–Ω–∏—è Netscape —Ä–∞–∑—Ä–∞–±–∞—Ç—ã–≤
                                                  –∞–µ—Ç –ø—Ä–æ—Ç–æ–∫–æ–ª, –...

You may provide a definition with
\DeclareUnicodeCharacter 


! Package inputenc Error: Unicode character –∞ (U+0430)
(inputenc)                not set up for use with LaTeX.

See the inputenc package documentation for explanation.
Type  H <return>  for immediate help.
 ...                                              
                                                  
l.5 ...º–ø–∞–Ω–∏—è Netscape —Ä–∞–∑—Ä–∞–±–∞—Ç—ã–≤–∞
                                                  –µ—Ç –ø—Ä–æ—Ç–æ–∫–æ–ª, –ø–...

You may provide a definition with
\DeclareUnicodeCharacter 


! Package inputenc Error: Unicode character –µ (U+0435)
(inputenc)                not set up for use with LaTeX.

See the inputenc package documentation for explanation.
Type  H <return>  for immediate help.
 ...                                              
                                                  
l.5 ...ø–∞–Ω–∏—è Netscape —Ä–∞–∑—Ä–∞–±–∞—Ç—ã–≤–∞–µ
                                                  —Ç –ø—Ä–æ—Ç–æ–∫–æ–ª, –ø–æ–...

You may provide a definition with
\DeclareUnicodeCharacter 


! Package inputenc Error: Unicode character —Ç (U+0442)
(inputenc)                not set up for use with LaTeX.

See the inputenc package documentation for explanation.
Type  H <return>  for immediate help.
 ...                                              
                                                  
l.5 ...∞–Ω–∏—è Netscape —Ä–∞–∑—Ä–∞–±–∞—Ç—ã–≤–∞–µ—Ç
                                                   –ø—Ä–æ—Ç–æ–∫–æ–ª, –ø–æ–≤—...

You may provide a definition with
\DeclareUnicodeCharacter 


! Package inputenc Error: Unicode character –ø (U+043F)
(inputenc)                not set up for use with LaTeX.

See the inputenc package documentation for explanation.
Type  H <return>  for immediate help.
 ...                                              
                                                  
l.5 ...–∏—è Netscape —Ä–∞–∑—Ä–∞–±–∞—Ç—ã–≤–∞–µ—Ç –ø
                                                  —Ä–æ—Ç–æ–∫–æ–ª, –ø–æ–≤—ã—à...

You may provide a definition with
\DeclareUnicodeCharacter 


! Package inputenc Error: Unicode character —Ä (U+0440)
(inputenc)                not set up for use with LaTeX.

See the inputenc package documentation for explanation.
Type  H <return>  for immediate help.
 ...                                              
                                                  
l.5 ...—è Netscape —Ä–∞–∑—Ä–∞–±–∞—Ç—ã–≤–∞–µ—Ç –ø—Ä
                                                  –æ—Ç–æ–∫–æ–ª, –ø–æ–≤—ã—à–∞...

You may provide a definition with
\DeclareUnicodeCharacter 


! Package inputenc Error: Unicode character –æ (U+043E)
(inputenc)                not set up for use with LaTeX.

See the inputenc package documentation for explanation.
Type  H <return>  for immediate help.
 ...                                              
                                                  
l.5 ... Netscape —Ä–∞–∑—Ä–∞–±–∞—Ç—ã–≤–∞–µ—Ç –ø—Ä–æ
                                                  —Ç–æ–∫–æ–ª, –ø–æ–≤—ã—à–∞—é...

You may provide a definition with
\DeclareUnicodeCharacter 


! Package inputenc Error: Unicode character —Ç (U+0442)
(inputenc)                not set up for use with LaTeX.

See the inputenc package documentation for explanation.
Type  H <return>  for immediate help.
 ...                                              
                                                  
l.5 ...etscape —Ä–∞–∑—Ä–∞–±–∞—Ç—ã–≤–∞–µ—Ç –ø—Ä–æ—Ç
                                                  –æ–∫–æ–ª, –ø–æ–≤—ã—à–∞—é—â...

You may provide a definition with
\DeclareUnicodeCharacter 


! Package inputenc Error: Unicode character –æ (U+043E)
(inputenc)                not set up for use with LaTeX.

See the inputenc package documentation for explanation.
Type  H <return>  for immediate help.
 ...                                              
                                                  
l.5 ...scape —Ä–∞–∑—Ä–∞–±–∞—Ç—ã–≤–∞–µ—Ç –ø—Ä–æ—Ç–æ
                                                  –∫–æ–ª, –ø–æ–≤—ã—à–∞—é—â–∏...

You may provide a definition with
\DeclareUnicodeCharacter 


! Package inputenc Error: Unicode character –∫ (U+043A)
(inputenc)                not set up for use with LaTeX.

See the inputenc package documentation for explanation.
Type  H <return>  for immediate help.
 ...                                              
                                                  
l.5 ...ape —Ä–∞–∑—Ä–∞–±–∞—Ç—ã–≤–∞–µ—Ç –ø—Ä–æ—Ç–æ–∫
                                                  –æ–ª, –ø–æ–≤—ã—à–∞—é—â–∏–π...

You may provide a definition with
\DeclareUnicodeCharacter 


! Package inputenc Error: Unicode character –æ (U+043E)
(inputenc)                not set up for use with LaTeX.

See the inputenc package documentation for explanation.
Type  H <return>  for immediate help.
 ...                                              
                                                  
l.5 ...e —Ä–∞–∑—Ä–∞–±–∞—Ç—ã–≤–∞–µ—Ç –ø—Ä–æ—Ç–æ–∫–æ
                                                  –ª, –ø–æ–≤—ã—à–∞—é—â–∏–π –...

You may provide a definition with
\DeclareUnicodeCharacter 


! Package inputenc Error: Unicode character –ª (U+043B)
(inputenc)                not set up for use with LaTeX.

See the inputenc package documentation for explanation.
Type  H <return>  for immediate help.
 ...                                              
                                                  
l.5 ...—Ä–∞–∑—Ä–∞–±–∞—Ç—ã–≤–∞–µ—Ç –ø—Ä–æ—Ç–æ–∫–æ–ª
                                                  , –ø–æ–≤—ã—à–∞—é—â–∏–π –±–...

You may provide a definition with
\DeclareUnicodeCharacter 

Missing character: There is no , in font nullfont!

! Package inputenc Error: Unicode character –ø (U+043F)
(inputenc)                not set up for use with LaTeX.

See the inputenc package documentation for explanation.
Type  H <return>  for immediate help.
 ...                                              
                                                  
l.5 ...–∑—Ä–∞–±–∞—Ç—ã–≤–∞–µ—Ç –ø—Ä–æ—Ç–æ–∫–æ–ª, –ø
                                                  –æ–≤—ã—à–∞—é—â–∏–π –±–µ–∑–...

You may provide a definition with
\DeclareUnicodeCharacter 


! Package inputenc Error: Unicode character –æ (U+043E)
(inputenc)                not set up for use with LaTeX.

See the inputenc package documentation for explanation.
Type  H <return>  for immediate help.
 ...                                              
                                                  
l.5 ...—Ä–∞–±–∞—Ç—ã–≤–∞–µ—Ç –ø—Ä–æ—Ç–æ–∫–æ–ª, –ø–æ
                                                  –≤—ã—à–∞—é—â–∏–π –±–µ–∑–æ–...

You may provide a definition with
\DeclareUnicodeCharacter 


! Package inputenc Error: Unicode character –≤ (U+0432)
(inputenc)                not set up for use with LaTeX.

See the inputenc package documentation for explanation.
Type  H <return>  for immediate help.
 ...                                              
                                                  
l.5 ...–∞–±–∞—Ç—ã–≤–∞–µ—Ç –ø—Ä–æ—Ç–æ–∫–æ–ª, –ø–æ–≤
                                                  —ã—à–∞—é—â–∏–π –±–µ–∑–æ–ø–...

You may provide a definition with
\DeclareUnicodeCharacter 


! Package inputenc Error: Unicode character —ã (U+044B)
(inputenc)                not set up for use with LaTeX.

See the inputenc package documentation for explanation.
Type  H <return>  for immediate help.
 ...                                              
                                                  
l.5 ...–±–∞—Ç—ã–≤–∞–µ—Ç –ø—Ä–æ—Ç–æ–∫–æ–ª, –ø–æ–≤—ã
                                                  —à–∞—é—â–∏–π –±–µ–∑–æ–ø–∞—...

You may provide a definition with
\DeclareUnicodeCharacter 


! Package inputenc Error: Unicode character —à (U+0448)
(inputenc)                not set up for use with LaTeX.

See the inputenc package documentation for explanation.
Type  H <return>  for immediate help.
 ...                                              
                                                  
l.5 ...–∞—Ç—ã–≤–∞–µ—Ç –ø—Ä–æ—Ç–æ–∫–æ–ª, –ø–æ–≤—ã—à
                                                  –∞—é—â–∏–π –±–µ–∑–æ–ø–∞—Å–...

You may provide a definition with
\DeclareUnicodeCharacter 


! Package inputenc Error: Unicode character –∞ (U+0430)
(inputenc)                not set up for use with LaTeX.

See the inputenc package documentation for explanation.
Type  H <return>  for immediate help.
 ...                                              
                                                  
l.5 ...—Ç—ã–≤–∞–µ—Ç –ø—Ä–æ—Ç–æ–∫–æ–ª, –ø–æ–≤—ã—à–∞
                                                  —é—â–∏–π –±–µ–∑–æ–ø–∞—Å–Ω–...

You may provide a definition with
\DeclareUnicodeCharacter 


! Package inputenc Error: Unicode character —é (U+044E)
(inputenc)                not set up for use with LaTeX.

See the inputenc package documentation for explanation.
Type  H <return>  for immediate help.
 ...                                              
                                                  
l.5 ...—ã–≤–∞–µ—Ç –ø—Ä–æ—Ç–æ–∫–æ–ª, –ø–æ–≤—ã—à–∞—é
                                                  —â–∏–π –±–µ–∑–æ–ø–∞—Å–Ω–æ—...

You may provide a definition with
\DeclareUnicodeCharacter 


! Package inputenc Error: Unicode character —â (U+0449)
(inputenc)                not set up for use with LaTeX.

See the inputenc package documentation for explanation.
Type  H <return>  for immediate help.
 ...                                              
                                                  
l.5 ...–≤–∞–µ—Ç –ø—Ä–æ—Ç–æ–∫–æ–ª, –ø–æ–≤—ã—à–∞—é—â
                                                  –∏–π –±–µ–∑–æ–ø–∞—Å–Ω–æ—Å—...

You may provide a definition with
\DeclareUnicodeCharacter 


! Package inputenc Error: Unicode character –∏ (U+0438)
(inputenc)                not set up for use with LaTeX.

See the inputenc package documentation for explanation.
Type  H <return>  for immediate help.
 ...                                              
                                                  
l.5 ...–∞–µ—Ç –ø—Ä–æ—Ç–æ–∫–æ–ª, –ø–æ–≤—ã—à–∞—é—â–∏
                                                  –π –±–µ–∑–æ–ø–∞—Å–Ω–æ—Å—Ç—...

You may provide a definition with
\DeclareUnicodeCharacter 


! Package inputenc Error: Unicode character –π (U+0439)
(inputenc)                not set up for use with LaTeX.

See the inputenc package documentation for explanation.
Type  H <return>  for immediate help.
 ...                                              
                                                  
l.5 ...–µ—Ç –ø—Ä–æ—Ç–æ–∫–æ–ª, –ø–æ–≤—ã—à–∞—é—â–∏–π
                                                   –±–µ–∑–æ–ø–∞—Å–Ω–æ—Å—Ç—å ...

You may provide a definition with
\DeclareUnicodeCharacter 


! Package inputenc Error: Unicode character –± (U+0431)
(inputenc)                not set up for use with LaTeX.

See the inputenc package documentation for explanation.
Type  H <return>  for immediate help.
 ...                                              
                                                  
l.5 ...Ç –ø—Ä–æ—Ç–æ–∫–æ–ª, –ø–æ–≤—ã—à–∞—é—â–∏–π –±
                                                  –µ–∑–æ–ø–∞—Å–Ω–æ—Å—Ç—å —ç–...

You may provide a definition with
\DeclareUnicodeCharacter 


! Package inputenc Error: Unicode character –µ (U+0435)
(inputenc)                not set up for use with LaTeX.

See the inputenc package documentation for explanation.
Type  H <return>  for immediate help.
 ...                                              
                                                  
l.5 ...–ø—Ä–æ—Ç–æ–∫–æ–ª, –ø–æ–≤—ã—à–∞—é—â–∏–π –±–µ
                                                  –∑–æ–ø–∞—Å–Ω–æ—Å—Ç—å —ç–ª–...

You may provide a definition with
\DeclareUnicodeCharacter 


! Package inputenc Error: Unicode character –∑ (U+0437)
(inputenc)                not set up for use with LaTeX.

See the inputenc package documentation for explanation.
Type  H <return>  for immediate help.
 ...                                              
                                                  
l.5 ...—Ä–æ—Ç–æ–∫–æ–ª, –ø–æ–≤—ã—à–∞—é—â–∏–π –±–µ–∑
                                                  –æ–ø–∞—Å–Ω–æ—Å—Ç—å —ç–ª–µ–...

You may provide a definition with
\DeclareUnicodeCharacter 


! Package inputenc Error: Unicode character –æ (U+043E)
(inputenc)                not set up for use with LaTeX.

See the inputenc package documentation for explanation.
Type  H <return>  for immediate help.
 ...                                              
                                                  
l.5 ...–æ—Ç–æ–∫–æ–ª, –ø–æ–≤—ã—à–∞—é—â–∏–π –±–µ–∑–æ
                                                  –ø–∞—Å–Ω–æ—Å—Ç—å —ç–ª–µ–∫—...

You may provide a definition with
\DeclareUnicodeCharacter 


! Package inputenc Error: Unicode character –ø (U+043F)
(inputenc)                not set up for use with LaTeX.

See the inputenc package documentation for explanation.
Type  H <return>  for immediate help.
 ...                                              
                                                  
l.5 ...—Ç–æ–∫–æ–ª, –ø–æ–≤—ã—à–∞—é—â–∏–π –±–µ–∑–æ–ø
                                                  –∞—Å–Ω–æ—Å—Ç—å —ç–ª–µ–∫—Ç—...

You may provide a definition with
\DeclareUnicodeCharacter 


! Package inputenc Error: Unicode character –∞ (U+0430)
(inputenc)                not set up for use with LaTeX.

See the inputenc package documentation for explanation.
Type  H <return>  for immediate help.
 ...                                              
                                                  
l.5 ...–æ–∫–æ–ª, –ø–æ–≤—ã—à–∞—é—â–∏–π –±–µ–∑–æ–ø–∞
                                                  —Å–Ω–æ—Å—Ç—å —ç–ª–µ–∫—Ç—Ä–...

You may provide a definition with
\DeclareUnicodeCharacter 


! Package inputenc Error: Unicode character —Å (U+0441)
(inputenc)                not set up for use with LaTeX.

See the inputenc package documentation for explanation.
Type  H <return>  for immediate help.
 ...                                              
                                                  
l.5 ...–∫–æ–ª, –ø–æ–≤—ã—à–∞—é—â–∏–π –±–µ–∑–æ–ø–∞—Å
                                                  –Ω–æ—Å—Ç—å —ç–ª–µ–∫—Ç—Ä–æ–...

You may provide a definition with
\DeclareUnicodeCharacter 


! Package inputenc Error: Unicode character –Ω (U+043D)
(inputenc)                not set up for use with LaTeX.

See the inputenc package documentation for explanation.
Type  H <return>  for immediate help.
 ...                                              
                                                  
l.5 ...–æ–ª, –ø–æ–≤—ã—à–∞—é—â–∏–π –±–µ–∑–æ–ø–∞—Å–Ω
                                                  –æ—Å—Ç—å —ç–ª–µ–∫—Ç—Ä–æ–Ω–...

You may provide a definition with
\DeclareUnicodeCharacter 


! Package inputenc Error: Unicode character –æ (U+043E)
(inputenc)                not set up for use with LaTeX.

See the inputenc package documentation for explanation.
Type  H <return>  for immediate help.
 ...                                              
                                                  
l.5 ...–ª, –ø–æ–≤—ã—à–∞—é—â–∏–π –±–µ–∑–æ–ø–∞—Å–Ω–æ
                                                  —Å—Ç—å —ç–ª–µ–∫—Ç—Ä–æ–Ω–Ω—...
(That makes 100 errors; please try again.) 
Here is how much of TeX's memory you used:
 43 strings out of 478862
 737 string characters out of 5858945
 286481 words of memory out of 6000000
 17777 multiletter control sequences out of 15000+600000
 403430 words of font info for 27 fonts, out of 8000000 for 9000
 1137 hyphenation exceptions out of 8191
 12i,0n,13p,598b,32s stack positions out of 5000i,500n,10000p,200000b,80000s

!  ==> Fatal error occurred, no output PDF file produced!
