This is pdfTeX, Version 3.141592653-2.6-1.40.22 (TeX Live 2021) (preloaded format=pdflatex 2022.1.27)  17 FEB 2022 18:54
entering extended mode
 restricted \write18 enabled.
 %&-line parsing enabled.
**3.PartClassification.tex
(./3.PartClassification.tex
LaTeX2e <2020-10-01> patch level 4
L3 programming layer <2021-05-07>
! Undefined control sequence.
l.1 \chapter
            {–ö–ª–∞—Å—Å–∏—Ñ–∏–∫–∞—Ü–∏—è —Å—É—â–µ—Å—Ç–≤—É—é—â–∏—Ö \\ —Ä–µ—à–µ...
The control sequence at the end of the top line
of your error message was never \def'ed. If you have
misspelled it (e.g., `\hobx'), type `I' and the correct
spelling (e.g., `I\hbox'). Otherwise just continue,
and I'll forget about whatever was undefined.


! Package inputenc Error: Unicode character –ö (U+041A)
(inputenc)                not set up for use with LaTeX.

See the inputenc package documentation for explanation.
Type  H <return>  for immediate help.
 ...                                              
                                                  
l.1 \chapter{–ö
               –ª–∞—Å—Å–∏—Ñ–∏–∫–∞—Ü–∏—è —Å—É—â–µ—Å—Ç–≤—É—é—â–∏—Ö \\ —Ä–µ—à–µ...

You may provide a definition with
\DeclareUnicodeCharacter 


! Package inputenc Error: Unicode character –ª (U+043B)
(inputenc)                not set up for use with LaTeX.

See the inputenc package documentation for explanation.
Type  H <return>  for immediate help.
 ...                                              
                                                  
l.1 \chapter{–ö–ª
                 –∞—Å—Å–∏—Ñ–∏–∫–∞—Ü–∏—è —Å—É—â–µ—Å—Ç–≤—É—é—â–∏—Ö \\ —Ä–µ—à–µ...

You may provide a definition with
\DeclareUnicodeCharacter 


! Package inputenc Error: Unicode character –∞ (U+0430)
(inputenc)                not set up for use with LaTeX.

See the inputenc package documentation for explanation.
Type  H <return>  for immediate help.
 ...                                              
                                                  
l.1 \chapter{–ö–ª–∞
                   —Å—Å–∏—Ñ–∏–∫–∞—Ü–∏—è —Å—É—â–µ—Å—Ç–≤—É—é—â–∏—Ö \\ —Ä–µ—à–µ...

You may provide a definition with
\DeclareUnicodeCharacter 


! Package inputenc Error: Unicode character —Å (U+0441)
(inputenc)                not set up for use with LaTeX.

See the inputenc package documentation for explanation.
Type  H <return>  for immediate help.
 ...                                              
                                                  
l.1 \chapter{–ö–ª–∞—Å
                     —Å–∏—Ñ–∏–∫–∞—Ü–∏—è —Å—É—â–µ—Å—Ç–≤—É—é—â–∏—Ö \\ —Ä–µ—à–µ...

You may provide a definition with
\DeclareUnicodeCharacter 


! Package inputenc Error: Unicode character —Å (U+0441)
(inputenc)                not set up for use with LaTeX.

See the inputenc package documentation for explanation.
Type  H <return>  for immediate help.
 ...                                              
                                                  
l.1 \chapter{–ö–ª–∞—Å—Å
                       –∏—Ñ–∏–∫–∞—Ü–∏—è —Å—É—â–µ—Å—Ç–≤—É—é—â–∏—Ö \\ —Ä–µ—à–µ...

You may provide a definition with
\DeclareUnicodeCharacter 


! Package inputenc Error: Unicode character –∏ (U+0438)
(inputenc)                not set up for use with LaTeX.

See the inputenc package documentation for explanation.
Type  H <return>  for immediate help.
 ...                                              
                                                  
l.1 \chapter{–ö–ª–∞—Å—Å–∏
                         —Ñ–∏–∫–∞—Ü–∏—è —Å—É—â–µ—Å—Ç–≤—É—é—â–∏—Ö \\ —Ä–µ—à–µ...

You may provide a definition with
\DeclareUnicodeCharacter 


! Package inputenc Error: Unicode character —Ñ (U+0444)
(inputenc)                not set up for use with LaTeX.

See the inputenc package documentation for explanation.
Type  H <return>  for immediate help.
 ...                                              
                                                  
l.1 \chapter{–ö–ª–∞—Å—Å–∏—Ñ
                           –∏–∫–∞—Ü–∏—è —Å—É—â–µ—Å—Ç–≤—É—é—â–∏—Ö \\ —Ä–µ—à–µ...

You may provide a definition with
\DeclareUnicodeCharacter 


! Package inputenc Error: Unicode character –∏ (U+0438)
(inputenc)                not set up for use with LaTeX.

See the inputenc package documentation for explanation.
Type  H <return>  for immediate help.
 ...                                              
                                                  
l.1 \chapter{–ö–ª–∞—Å—Å–∏—Ñ–∏
                             –∫–∞—Ü–∏—è —Å—É—â–µ—Å—Ç–≤—É—é—â–∏—Ö \\ —Ä–µ—à–µ...

You may provide a definition with
\DeclareUnicodeCharacter 


! Package inputenc Error: Unicode character –∫ (U+043A)
(inputenc)                not set up for use with LaTeX.

See the inputenc package documentation for explanation.
Type  H <return>  for immediate help.
 ...                                              
                                                  
l.1 \chapter{–ö–ª–∞—Å—Å–∏—Ñ–∏–∫
                               –∞—Ü–∏—è —Å—É—â–µ—Å—Ç–≤—É—é—â–∏—Ö \\ —Ä–µ—à–µ...

You may provide a definition with
\DeclareUnicodeCharacter 


! Package inputenc Error: Unicode character –∞ (U+0430)
(inputenc)                not set up for use with LaTeX.

See the inputenc package documentation for explanation.
Type  H <return>  for immediate help.
 ...                                              
                                                  
l.1 \chapter{–ö–ª–∞—Å—Å–∏—Ñ–∏–∫–∞
                                 —Ü–∏—è —Å—É—â–µ—Å—Ç–≤—É—é—â–∏—Ö \\ —Ä–µ—à–µ...

You may provide a definition with
\DeclareUnicodeCharacter 


! Package inputenc Error: Unicode character —Ü (U+0446)
(inputenc)                not set up for use with LaTeX.

See the inputenc package documentation for explanation.
Type  H <return>  for immediate help.
 ...                                              
                                                  
l.1 \chapter{–ö–ª–∞—Å—Å–∏—Ñ–∏–∫–∞—Ü
                                   –∏—è —Å—É—â–µ—Å—Ç–≤—É—é—â–∏—Ö \\ —Ä–µ—à–µ...

You may provide a definition with
\DeclareUnicodeCharacter 


! Package inputenc Error: Unicode character –∏ (U+0438)
(inputenc)                not set up for use with LaTeX.

See the inputenc package documentation for explanation.
Type  H <return>  for immediate help.
 ...                                              
                                                  
l.1 \chapter{–ö–ª–∞—Å—Å–∏—Ñ–∏–∫–∞—Ü–∏
                                     —è —Å—É—â–µ—Å—Ç–≤—É—é—â–∏—Ö \\ —Ä–µ—à–µ...

You may provide a definition with
\DeclareUnicodeCharacter 


! Package inputenc Error: Unicode character —è (U+044F)
(inputenc)                not set up for use with LaTeX.

See the inputenc package documentation for explanation.
Type  H <return>  for immediate help.
 ...                                              
                                                  
l.1 \chapter{–ö–ª–∞—Å—Å–∏—Ñ–∏–∫–∞—Ü–∏—è
                                        —Å—É—â–µ—Å—Ç–≤—É—é—â–∏—Ö \\ —Ä–µ—à–µ...

You may provide a definition with
\DeclareUnicodeCharacter 


! Package inputenc Error: Unicode character —Å (U+0441)
(inputenc)                not set up for use with LaTeX.

See the inputenc package documentation for explanation.
Type  H <return>  for immediate help.
 ...                                              
                                                  
l.1 \chapter{–ö–ª–∞—Å—Å–∏—Ñ–∏–∫–∞—Ü–∏—è —Å
                                          —É—â–µ—Å—Ç–≤—É—é—â–∏—Ö \\ —Ä–µ—à–µ...

You may provide a definition with
\DeclareUnicodeCharacter 


! Package inputenc Error: Unicode character —É (U+0443)
(inputenc)                not set up for use with LaTeX.

See the inputenc package documentation for explanation.
Type  H <return>  for immediate help.
 ...                                              
                                                  
l.1 \chapter{–ö–ª–∞—Å—Å–∏—Ñ–∏–∫–∞—Ü–∏—è —Å—É
                                            —â–µ—Å—Ç–≤—É—é—â–∏—Ö \\ —Ä–µ—à–µ...

You may provide a definition with
\DeclareUnicodeCharacter 


! Package inputenc Error: Unicode character —â (U+0449)
(inputenc)                not set up for use with LaTeX.

See the inputenc package documentation for explanation.
Type  H <return>  for immediate help.
 ...                                              
                                                  
l.1 \chapter{–ö–ª–∞—Å—Å–∏—Ñ–∏–∫–∞—Ü–∏—è —Å—É—â
                                              –µ—Å—Ç–≤—É—é—â–∏—Ö \\ —Ä–µ—à–µ...

You may provide a definition with
\DeclareUnicodeCharacter 


! Package inputenc Error: Unicode character –µ (U+0435)
(inputenc)                not set up for use with LaTeX.

See the inputenc package documentation for explanation.
Type  H <return>  for immediate help.
 ...                                              
                                                  
l.1 \chapter{–ö–ª–∞—Å—Å–∏—Ñ–∏–∫–∞—Ü–∏—è —Å—É—â–µ
                                                —Å—Ç–≤—É—é—â–∏—Ö \\ —Ä–µ—à–µ...

You may provide a definition with
\DeclareUnicodeCharacter 


! Package inputenc Error: Unicode character —Å (U+0441)
(inputenc)                not set up for use with LaTeX.

See the inputenc package documentation for explanation.
Type  H <return>  for immediate help.
 ...                                              
                                                  
l.1 \chapter{–ö–ª–∞—Å—Å–∏—Ñ–∏–∫–∞—Ü–∏—è —Å—É—â–µ—Å
                                                  —Ç–≤—É—é—â–∏—Ö \\ —Ä–µ—à–µ...

You may provide a definition with
\DeclareUnicodeCharacter 


! Package inputenc Error: Unicode character —Ç (U+0442)
(inputenc)                not set up for use with LaTeX.

See the inputenc package documentation for explanation.
Type  H <return>  for immediate help.
 ...                                              
                                                  
l.1 ...ter{–ö–ª–∞—Å—Å–∏—Ñ–∏–∫–∞—Ü–∏—è —Å—É—â–µ—Å—Ç
                                                  –≤—É—é—â–∏—Ö \\ —Ä–µ—à–µ–Ω...

You may provide a definition with
\DeclareUnicodeCharacter 


! Package inputenc Error: Unicode character –≤ (U+0432)
(inputenc)                not set up for use with LaTeX.

See the inputenc package documentation for explanation.
Type  H <return>  for immediate help.
 ...                                              
                                                  
l.1 ...r{–ö–ª–∞—Å—Å–∏—Ñ–∏–∫–∞—Ü–∏—è —Å—É—â–µ—Å—Ç–≤
                                                  —É—é—â–∏—Ö \\ —Ä–µ—à–µ–Ω–∏...

You may provide a definition with
\DeclareUnicodeCharacter 


! Package inputenc Error: Unicode character —É (U+0443)
(inputenc)                not set up for use with LaTeX.

See the inputenc package documentation for explanation.
Type  H <return>  for immediate help.
 ...                                              
                                                  
l.1 ...–ö–ª–∞—Å—Å–∏—Ñ–∏–∫–∞—Ü–∏—è —Å—É—â–µ—Å—Ç–≤—É
                                                  —é—â–∏—Ö \\ —Ä–µ—à–µ–Ω–∏–π...

You may provide a definition with
\DeclareUnicodeCharacter 


! Package inputenc Error: Unicode character —é (U+044E)
(inputenc)                not set up for use with LaTeX.

See the inputenc package documentation for explanation.
Type  H <return>  for immediate help.
 ...                                              
                                                  
l.1 ...–ª–∞—Å—Å–∏—Ñ–∏–∫–∞—Ü–∏—è —Å—É—â–µ—Å—Ç–≤—É—é
                                                  —â–∏—Ö \\ —Ä–µ—à–µ–Ω–∏–π}\...

You may provide a definition with
\DeclareUnicodeCharacter 


! Package inputenc Error: Unicode character —â (U+0449)
(inputenc)                not set up for use with LaTeX.

See the inputenc package documentation for explanation.
Type  H <return>  for immediate help.
 ...                                              
                                                  
l.1 ...–∞—Å—Å–∏—Ñ–∏–∫–∞—Ü–∏—è —Å—É—â–µ—Å—Ç–≤—É—é—â
                                                  –∏—Ö \\ —Ä–µ—à–µ–Ω–∏–π}\la...

You may provide a definition with
\DeclareUnicodeCharacter 


! Package inputenc Error: Unicode character –∏ (U+0438)
(inputenc)                not set up for use with LaTeX.

See the inputenc package documentation for explanation.
Type  H <return>  for immediate help.
 ...                                              
                                                  
l.1 ...—Å—Å–∏—Ñ–∏–∫–∞—Ü–∏—è —Å—É—â–µ—Å—Ç–≤—É—é—â–∏
                                                  —Ö \\ —Ä–µ—à–µ–Ω–∏–π}\labe...

You may provide a definition with
\DeclareUnicodeCharacter 


! Package inputenc Error: Unicode character —Ö (U+0445)
(inputenc)                not set up for use with LaTeX.

See the inputenc package documentation for explanation.
Type  H <return>  for immediate help.
 ...                                              
                                                  
l.1 ...—Å–∏—Ñ–∏–∫–∞—Ü–∏—è —Å—É—â–µ—Å—Ç–≤—É—é—â–∏—Ö
                                                   \\ —Ä–µ—à–µ–Ω–∏–π}\label{...

You may provide a definition with
\DeclareUnicodeCharacter 


! LaTeX Error: There's no line here to end.

See the LaTeX manual or LaTeX Companion for explanation.
Type  H <return>  for immediate help.
 ...                                              
                                                  
l.1 ...Ñ–∏–∫–∞—Ü–∏—è —Å—É—â–µ—Å—Ç–≤—É—é—â–∏—Ö \\ —
                                                  Ä–µ—à–µ–Ω–∏–π}\label{Class...

Your command was ignored.
Type  I <command> <return>  to replace it with another command,
or  <return>  to continue without it.


! Package inputenc Error: Unicode character —Ä (U+0440)
(inputenc)                not set up for use with LaTeX.

See the inputenc package documentation for explanation.
Type  H <return>  for immediate help.
 ...                                              
                                                  
l.1 ...–∏–∫–∞—Ü–∏—è —Å—É—â–µ—Å—Ç–≤—É—é—â–∏—Ö \\ —Ä
                                                  –µ—à–µ–Ω–∏–π}\label{Classi...

You may provide a definition with
\DeclareUnicodeCharacter 


! Package inputenc Error: Unicode character –µ (U+0435)
(inputenc)                not set up for use with LaTeX.

See the inputenc package documentation for explanation.
Type  H <return>  for immediate help.
 ...                                              
                                                  
l.1 ...–∫–∞—Ü–∏—è —Å—É—â–µ—Å—Ç–≤—É—é—â–∏—Ö \\ —Ä–µ
                                                  —à–µ–Ω–∏–π}\label{Classifi...

You may provide a definition with
\DeclareUnicodeCharacter 


! Package inputenc Error: Unicode character —à (U+0448)
(inputenc)                not set up for use with LaTeX.

See the inputenc package documentation for explanation.
Type  H <return>  for immediate help.
 ...                                              
                                                  
l.1 ...–∞—Ü–∏—è —Å—É—â–µ—Å—Ç–≤—É—é—â–∏—Ö \\ —Ä–µ—à
                                                  –µ–Ω–∏–π}\label{Classifica...

You may provide a definition with
\DeclareUnicodeCharacter 


! Package inputenc Error: Unicode character –µ (U+0435)
(inputenc)                not set up for use with LaTeX.

See the inputenc package documentation for explanation.
Type  H <return>  for immediate help.
 ...                                              
                                                  
l.1 ...—Ü–∏—è —Å—É—â–µ—Å—Ç–≤—É—é—â–∏—Ö \\ —Ä–µ—à–µ
                                                  –Ω–∏–π}\label{Classification}

You may provide a definition with
\DeclareUnicodeCharacter 


! Package inputenc Error: Unicode character –Ω (U+043D)
(inputenc)                not set up for use with LaTeX.

See the inputenc package documentation for explanation.
Type  H <return>  for immediate help.
 ...                                              
                                                  
l.1 ...–∏—è —Å—É—â–µ—Å—Ç–≤—É—é—â–∏—Ö \\ —Ä–µ—à–µ–Ω
                                                  –∏–π}\label{Classification}
You may provide a definition with
\DeclareUnicodeCharacter 


! Package inputenc Error: Unicode character –∏ (U+0438)
(inputenc)                not set up for use with LaTeX.

See the inputenc package documentation for explanation.
Type  H <return>  for immediate help.
 ...                                              
                                                  
l.1 ...—è —Å—É—â–µ—Å—Ç–≤—É—é—â–∏—Ö \\ —Ä–µ—à–µ–Ω–∏
                                                  –π}\label{Classification}
You may provide a definition with
\DeclareUnicodeCharacter 


! Package inputenc Error: Unicode character –π (U+0439)
(inputenc)                not set up for use with LaTeX.

See the inputenc package documentation for explanation.
Type  H <return>  for immediate help.
 ...                                              
                                                  
l.1 ... —Å—É—â–µ—Å—Ç–≤—É—é—â–∏—Ö \\ —Ä–µ—à–µ–Ω–∏–π
                                                  }\label{Classification}
You may provide a definition with
\DeclareUnicodeCharacter 

! Undefined control sequence.
l.4 \section
            {–ü–æ—à–∞–≥–æ–≤—ã–π –ø—Ä–æ—Ü–µ—Å—Å —Ä—É–∫–æ–ø–æ–∂–∞—Ç–∏—è –≤ TLS...
The control sequence at the end of the top line
of your error message was never \def'ed. If you have
misspelled it (e.g., `\hobx'), type `I' and the correct
spelling (e.g., `I\hbox'). Otherwise just continue,
and I'll forget about whatever was undefined.


! Package inputenc Error: Unicode character –ü (U+041F)
(inputenc)                not set up for use with LaTeX.

See the inputenc package documentation for explanation.
Type  H <return>  for immediate help.
 ...                                              
                                                  
l.4 \section{–ü
               –æ—à–∞–≥–æ–≤—ã–π –ø—Ä–æ—Ü–µ—Å—Å —Ä—É–∫–æ–ø–æ–∂–∞—Ç–∏—è –≤ TLS...

You may provide a definition with
\DeclareUnicodeCharacter 


! Package inputenc Error: Unicode character –æ (U+043E)
(inputenc)                not set up for use with LaTeX.

See the inputenc package documentation for explanation.
Type  H <return>  for immediate help.
 ...                                              
                                                  
l.4 \section{–ü–æ
                 —à–∞–≥–æ–≤—ã–π –ø—Ä–æ—Ü–µ—Å—Å —Ä—É–∫–æ–ø–æ–∂–∞—Ç–∏—è –≤ TLS...

You may provide a definition with
\DeclareUnicodeCharacter 


! Package inputenc Error: Unicode character —à (U+0448)
(inputenc)                not set up for use with LaTeX.

See the inputenc package documentation for explanation.
Type  H <return>  for immediate help.
 ...                                              
                                                  
l.4 \section{–ü–æ—à
                   –∞–≥–æ–≤—ã–π –ø—Ä–æ—Ü–µ—Å—Å —Ä—É–∫–æ–ø–æ–∂–∞—Ç–∏—è –≤ TLS...

You may provide a definition with
\DeclareUnicodeCharacter 


! Package inputenc Error: Unicode character –∞ (U+0430)
(inputenc)                not set up for use with LaTeX.

See the inputenc package documentation for explanation.
Type  H <return>  for immediate help.
 ...                                              
                                                  
l.4 \section{–ü–æ—à–∞
                     –≥–æ–≤—ã–π –ø—Ä–æ—Ü–µ—Å—Å —Ä—É–∫–æ–ø–æ–∂–∞—Ç–∏—è –≤ TLS...

You may provide a definition with
\DeclareUnicodeCharacter 


! Package inputenc Error: Unicode character –≥ (U+0433)
(inputenc)                not set up for use with LaTeX.

See the inputenc package documentation for explanation.
Type  H <return>  for immediate help.
 ...                                              
                                                  
l.4 \section{–ü–æ—à–∞–≥
                       –æ–≤—ã–π –ø—Ä–æ—Ü–µ—Å—Å —Ä—É–∫–æ–ø–æ–∂–∞—Ç–∏—è –≤ TLS...

You may provide a definition with
\DeclareUnicodeCharacter 


! Package inputenc Error: Unicode character –æ (U+043E)
(inputenc)                not set up for use with LaTeX.

See the inputenc package documentation for explanation.
Type  H <return>  for immediate help.
 ...                                              
                                                  
l.4 \section{–ü–æ—à–∞–≥–æ
                         –≤—ã–π –ø—Ä–æ—Ü–µ—Å—Å —Ä—É–∫–æ–ø–æ–∂–∞—Ç–∏—è –≤ TLS...

You may provide a definition with
\DeclareUnicodeCharacter 


! Package inputenc Error: Unicode character –≤ (U+0432)
(inputenc)                not set up for use with LaTeX.

See the inputenc package documentation for explanation.
Type  H <return>  for immediate help.
 ...                                              
                                                  
l.4 \section{–ü–æ—à–∞–≥–æ–≤
                           —ã–π –ø—Ä–æ—Ü–µ—Å—Å —Ä—É–∫–æ–ø–æ–∂–∞—Ç–∏—è –≤ TLS...

You may provide a definition with
\DeclareUnicodeCharacter 


! Package inputenc Error: Unicode character —ã (U+044B)
(inputenc)                not set up for use with LaTeX.

See the inputenc package documentation for explanation.
Type  H <return>  for immediate help.
 ...                                              
                                                  
l.4 \section{–ü–æ—à–∞–≥–æ–≤—ã
                             –π –ø—Ä–æ—Ü–µ—Å—Å —Ä—É–∫–æ–ø–æ–∂–∞—Ç–∏—è –≤ TLS...

You may provide a definition with
\DeclareUnicodeCharacter 


! Package inputenc Error: Unicode character –π (U+0439)
(inputenc)                not set up for use with LaTeX.

See the inputenc package documentation for explanation.
Type  H <return>  for immediate help.
 ...                                              
                                                  
l.4 \section{–ü–æ—à–∞–≥–æ–≤—ã–π
                                –ø—Ä–æ—Ü–µ—Å—Å —Ä—É–∫–æ–ø–æ–∂–∞—Ç–∏—è –≤ TLS...

You may provide a definition with
\DeclareUnicodeCharacter 


! Package inputenc Error: Unicode character –ø (U+043F)
(inputenc)                not set up for use with LaTeX.

See the inputenc package documentation for explanation.
Type  H <return>  for immediate help.
 ...                                              
                                                  
l.4 \section{–ü–æ—à–∞–≥–æ–≤—ã–π –ø
                                  —Ä–æ—Ü–µ—Å—Å —Ä—É–∫–æ–ø–æ–∂–∞—Ç–∏—è –≤ TLS...

You may provide a definition with
\DeclareUnicodeCharacter 


! Package inputenc Error: Unicode character —Ä (U+0440)
(inputenc)                not set up for use with LaTeX.

See the inputenc package documentation for explanation.
Type  H <return>  for immediate help.
 ...                                              
                                                  
l.4 \section{–ü–æ—à–∞–≥–æ–≤—ã–π –ø—Ä
                                    –æ—Ü–µ—Å—Å —Ä—É–∫–æ–ø–æ–∂–∞—Ç–∏—è –≤ TLS...

You may provide a definition with
\DeclareUnicodeCharacter 


! Package inputenc Error: Unicode character –æ (U+043E)
(inputenc)                not set up for use with LaTeX.

See the inputenc package documentation for explanation.
Type  H <return>  for immediate help.
 ...                                              
                                                  
l.4 \section{–ü–æ—à–∞–≥–æ–≤—ã–π –ø—Ä–æ
                                      —Ü–µ—Å—Å —Ä—É–∫–æ–ø–æ–∂–∞—Ç–∏—è –≤ TLS...

You may provide a definition with
\DeclareUnicodeCharacter 


! Package inputenc Error: Unicode character —Ü (U+0446)
(inputenc)                not set up for use with LaTeX.

See the inputenc package documentation for explanation.
Type  H <return>  for immediate help.
 ...                                              
                                                  
l.4 \section{–ü–æ—à–∞–≥–æ–≤—ã–π –ø—Ä–æ—Ü
                                        –µ—Å—Å —Ä—É–∫–æ–ø–æ–∂–∞—Ç–∏—è –≤ TLS...

You may provide a definition with
\DeclareUnicodeCharacter 


! Package inputenc Error: Unicode character –µ (U+0435)
(inputenc)                not set up for use with LaTeX.

See the inputenc package documentation for explanation.
Type  H <return>  for immediate help.
 ...                                              
                                                  
l.4 \section{–ü–æ—à–∞–≥–æ–≤—ã–π –ø—Ä–æ—Ü–µ
                                          —Å—Å —Ä—É–∫–æ–ø–æ–∂–∞—Ç–∏—è –≤ TLS...

You may provide a definition with
\DeclareUnicodeCharacter 


! Package inputenc Error: Unicode character —Å (U+0441)
(inputenc)                not set up for use with LaTeX.

See the inputenc package documentation for explanation.
Type  H <return>  for immediate help.
 ...                                              
                                                  
l.4 \section{–ü–æ—à–∞–≥–æ–≤—ã–π –ø—Ä–æ—Ü–µ—Å
                                            —Å —Ä—É–∫–æ–ø–æ–∂–∞—Ç–∏—è –≤ TLS...

You may provide a definition with
\DeclareUnicodeCharacter 


! Package inputenc Error: Unicode character —Å (U+0441)
(inputenc)                not set up for use with LaTeX.

See the inputenc package documentation for explanation.
Type  H <return>  for immediate help.
 ...                                              
                                                  
l.4 \section{–ü–æ—à–∞–≥–æ–≤—ã–π –ø—Ä–æ—Ü–µ—Å—Å
                                               —Ä—É–∫–æ–ø–æ–∂–∞—Ç–∏—è –≤ TLS...

You may provide a definition with
\DeclareUnicodeCharacter 


! Package inputenc Error: Unicode character —Ä (U+0440)
(inputenc)                not set up for use with LaTeX.

See the inputenc package documentation for explanation.
Type  H <return>  for immediate help.
 ...                                              
                                                  
l.4 \section{–ü–æ—à–∞–≥–æ–≤—ã–π –ø—Ä–æ—Ü–µ—Å—Å —Ä
                                                 —É–∫–æ–ø–æ–∂–∞—Ç–∏—è –≤ TLS...

You may provide a definition with
\DeclareUnicodeCharacter 


! Package inputenc Error: Unicode character —É (U+0443)
(inputenc)                not set up for use with LaTeX.

See the inputenc package documentation for explanation.
Type  H <return>  for immediate help.
 ...                                              
                                                  
l.4 ...tion{–ü–æ—à–∞–≥–æ–≤—ã–π –ø—Ä–æ—Ü–µ—Å—Å —Ä—É
                                                  –∫–æ–ø–æ–∂–∞—Ç–∏—è –≤ TLS ...

You may provide a definition with
\DeclareUnicodeCharacter 


! Package inputenc Error: Unicode character –∫ (U+043A)
(inputenc)                not set up for use with LaTeX.

See the inputenc package documentation for explanation.
Type  H <return>  for immediate help.
 ...                                              
                                                  
l.4 ...on{–ü–æ—à–∞–≥–æ–≤—ã–π –ø—Ä–æ—Ü–µ—Å—Å —Ä—É–∫
                                                  –æ–ø–æ–∂–∞—Ç–∏—è –≤ TLS 1.2}
You may provide a definition with
\DeclareUnicodeCharacter 


! Package inputenc Error: Unicode character –æ (U+043E)
(inputenc)                not set up for use with LaTeX.

See the inputenc package documentation for explanation.
Type  H <return>  for immediate help.
 ...                                              
                                                  
l.4 ...{–ü–æ—à–∞–≥–æ–≤—ã–π –ø—Ä–æ—Ü–µ—Å—Å —Ä—É–∫–æ
                                                  –ø–æ–∂–∞—Ç–∏—è –≤ TLS 1.2}
You may provide a definition with
\DeclareUnicodeCharacter 


! Package inputenc Error: Unicode character –ø (U+043F)
(inputenc)                not set up for use with LaTeX.

See the inputenc package documentation for explanation.
Type  H <return>  for immediate help.
 ...                                              
                                                  
l.4 ...ü–æ—à–∞–≥–æ–≤—ã–π –ø—Ä–æ—Ü–µ—Å—Å —Ä—É–∫–æ–ø
                                                  –æ–∂–∞—Ç–∏—è –≤ TLS 1.2}
You may provide a definition with
\DeclareUnicodeCharacter 


! Package inputenc Error: Unicode character –æ (U+043E)
(inputenc)                not set up for use with LaTeX.

See the inputenc package documentation for explanation.
Type  H <return>  for immediate help.
 ...                                              
                                                  
l.4 ...æ—à–∞–≥–æ–≤—ã–π –ø—Ä–æ—Ü–µ—Å—Å —Ä—É–∫–æ–ø–æ
                                                  –∂–∞—Ç–∏—è –≤ TLS 1.2}
You may provide a definition with
\DeclareUnicodeCharacter 


! Package inputenc Error: Unicode character –∂ (U+0436)
(inputenc)                not set up for use with LaTeX.

See the inputenc package documentation for explanation.
Type  H <return>  for immediate help.
 ...                                              
                                                  
l.4 ...à–∞–≥–æ–≤—ã–π –ø—Ä–æ—Ü–µ—Å—Å —Ä—É–∫–æ–ø–æ–∂
                                                  –∞—Ç–∏—è –≤ TLS 1.2}
You may provide a definition with
\DeclareUnicodeCharacter 


! Package inputenc Error: Unicode character –∞ (U+0430)
(inputenc)                not set up for use with LaTeX.

See the inputenc package documentation for explanation.
Type  H <return>  for immediate help.
 ...                                              
                                                  
l.4 ...∞–≥–æ–≤—ã–π –ø—Ä–æ—Ü–µ—Å—Å —Ä—É–∫–æ–ø–æ–∂–∞
                                                  —Ç–∏—è –≤ TLS 1.2}
You may provide a definition with
\DeclareUnicodeCharacter 


! Package inputenc Error: Unicode character —Ç (U+0442)
(inputenc)                not set up for use with LaTeX.

See the inputenc package documentation for explanation.
Type  H <return>  for immediate help.
 ...                                              
                                                  
l.4 ...≥–æ–≤—ã–π –ø—Ä–æ—Ü–µ—Å—Å —Ä—É–∫–æ–ø–æ–∂–∞—Ç
                                                  –∏—è –≤ TLS 1.2}
You may provide a definition with
\DeclareUnicodeCharacter 


! Package inputenc Error: Unicode character –∏ (U+0438)
(inputenc)                not set up for use with LaTeX.

See the inputenc package documentation for explanation.
Type  H <return>  for immediate help.
 ...                                              
                                                  
l.4 ...æ–≤—ã–π –ø—Ä–æ—Ü–µ—Å—Å —Ä—É–∫–æ–ø–æ–∂–∞—Ç–∏
                                                  —è –≤ TLS 1.2}
You may provide a definition with
\DeclareUnicodeCharacter 


! Package inputenc Error: Unicode character —è (U+044F)
(inputenc)                not set up for use with LaTeX.

See the inputenc package documentation for explanation.
Type  H <return>  for immediate help.
 ...                                              
                                                  
l.4 ...≤—ã–π –ø—Ä–æ—Ü–µ—Å—Å —Ä—É–∫–æ–ø–æ–∂–∞—Ç–∏—è
                                                   –≤ TLS 1.2}
You may provide a definition with
\DeclareUnicodeCharacter 


! Package inputenc Error: Unicode character –≤ (U+0432)
(inputenc)                not set up for use with LaTeX.

See the inputenc package documentation for explanation.
Type  H <return>  for immediate help.
 ...                                              
                                                  
l.4 ...–π –ø—Ä–æ—Ü–µ—Å—Å —Ä—É–∫–æ–ø–æ–∂–∞—Ç–∏—è –≤
                                                   TLS 1.2}
You may provide a definition with
\DeclareUnicodeCharacter 


! LaTeX Error: Missing \begin{document}.

See the LaTeX manual or LaTeX Companion for explanation.
Type  H <return>  for immediate help.
 ...                                              
                                                  
l.4 ... –ø—Ä–æ—Ü–µ—Å—Å —Ä—É–∫–æ–ø–æ–∂–∞—Ç–∏—è –≤ T
                                                  LS 1.2}
You're in trouble here.  Try typing  <return>  to proceed.
If that doesn't work, type  X <return>  to quit.

Missing character: There is no T in font nullfont!
Missing character: There is no L in font nullfont!
Missing character: There is no S in font nullfont!
Missing character: There is no 1 in font nullfont!
Missing character: There is no . in font nullfont!
Missing character: There is no 2 in font nullfont!

Overfull \hbox (20.0pt too wide) in paragraph at lines 4--5
[]
 []


! LaTeX Error: Missing \begin{document}.

See the LaTeX manual or LaTeX Companion for explanation.
Type  H <return>  for immediate help.
 ...                                              
                                                  
l.9 \begin{enumerate}
                     
You're in trouble here.  Try typing  <return>  to proceed.
If that doesn't work, type  X <return>  to quit.


Overfull \hbox (20.0pt too wide) in paragraph at lines 9--9
[] 
 []


! Package inputenc Error: Unicode character –ü (U+041F)
(inputenc)                not set up for use with LaTeX.

See the inputenc package documentation for explanation.
Type  H <return>  for immediate help.
 ...                                              
                                                  
l.11 \item –ü
             –µ—Ä–≤–æ–µ —Å–æ–æ–±—â–µ–Ω–∏–µ –Ω–∞–∑—ã–≤–∞–µ—Ç—Å—è ¬´Client Hel...

You may provide a definition with
\DeclareUnicodeCharacter 


! Package inputenc Error: Unicode character –µ (U+0435)
(inputenc)                not set up for use with LaTeX.

See the inputenc package documentation for explanation.
Type  H <return>  for immediate help.
 ...                                              
                                                  
l.11 \item –ü–µ
               —Ä–≤–æ–µ —Å–æ–æ–±—â–µ–Ω–∏–µ –Ω–∞–∑—ã–≤–∞–µ—Ç—Å—è ¬´Client Hel...

You may provide a definition with
\DeclareUnicodeCharacter 


! Package inputenc Error: Unicode character —Ä (U+0440)
(inputenc)                not set up for use with LaTeX.

See the inputenc package documentation for explanation.
Type  H <return>  for immediate help.
 ...                                              
                                                  
l.11 \item –ü–µ—Ä
                 –≤–æ–µ —Å–æ–æ–±—â–µ–Ω–∏–µ –Ω–∞–∑—ã–≤–∞–µ—Ç—Å—è ¬´Client Hel...

You may provide a definition with
\DeclareUnicodeCharacter 


! Package inputenc Error: Unicode character –≤ (U+0432)
(inputenc)                not set up for use with LaTeX.

See the inputenc package documentation for explanation.
Type  H <return>  for immediate help.
 ...                                              
                                                  
l.11 \item –ü–µ—Ä–≤
                   –æ–µ —Å–æ–æ–±—â–µ–Ω–∏–µ –Ω–∞–∑—ã–≤–∞–µ—Ç—Å—è ¬´Client Hel...

You may provide a definition with
\DeclareUnicodeCharacter 


! Package inputenc Error: Unicode character –æ (U+043E)
(inputenc)                not set up for use with LaTeX.

See the inputenc package documentation for explanation.
Type  H <return>  for immediate help.
 ...                                              
                                                  
l.11 \item –ü–µ—Ä–≤–æ
                     –µ —Å–æ–æ–±—â–µ–Ω–∏–µ –Ω–∞–∑—ã–≤–∞–µ—Ç—Å—è ¬´Client Hel...

You may provide a definition with
\DeclareUnicodeCharacter 


! Package inputenc Error: Unicode character –µ (U+0435)
(inputenc)                not set up for use with LaTeX.

See the inputenc package documentation for explanation.
Type  H <return>  for immediate help.
 ...                                              
                                                  
l.11 \item –ü–µ—Ä–≤–æ–µ
                        —Å–æ–æ–±—â–µ–Ω–∏–µ –Ω–∞–∑—ã–≤–∞–µ—Ç—Å—è ¬´Client Hel...

You may provide a definition with
\DeclareUnicodeCharacter 


! Package inputenc Error: Unicode character —Å (U+0441)
(inputenc)                not set up for use with LaTeX.

See the inputenc package documentation for explanation.
Type  H <return>  for immediate help.
 ...                                              
                                                  
l.11 \item –ü–µ—Ä–≤–æ–µ —Å
                          –æ–æ–±—â–µ–Ω–∏–µ –Ω–∞–∑—ã–≤–∞–µ—Ç—Å—è ¬´Client Hel...

You may provide a definition with
\DeclareUnicodeCharacter 


! Package inputenc Error: Unicode character –æ (U+043E)
(inputenc)                not set up for use with LaTeX.

See the inputenc package documentation for explanation.
Type  H <return>  for immediate help.
 ...                                              
                                                  
l.11 \item –ü–µ—Ä–≤–æ–µ —Å–æ
                            –æ–±—â–µ–Ω–∏–µ –Ω–∞–∑—ã–≤–∞–µ—Ç—Å—è ¬´Client Hel...

You may provide a definition with
\DeclareUnicodeCharacter 


! Package inputenc Error: Unicode character –æ (U+043E)
(inputenc)                not set up for use with LaTeX.

See the inputenc package documentation for explanation.
Type  H <return>  for immediate help.
 ...                                              
                                                  
l.11 \item –ü–µ—Ä–≤–æ–µ —Å–æ–æ
                              –±—â–µ–Ω–∏–µ –Ω–∞–∑—ã–≤–∞–µ—Ç—Å—è ¬´Client Hel...

You may provide a definition with
\DeclareUnicodeCharacter 


! Package inputenc Error: Unicode character –± (U+0431)
(inputenc)                not set up for use with LaTeX.

See the inputenc package documentation for explanation.
Type  H <return>  for immediate help.
 ...                                              
                                                  
l.11 \item –ü–µ—Ä–≤–æ–µ —Å–æ–æ–±
                                —â–µ–Ω–∏–µ –Ω–∞–∑—ã–≤–∞–µ—Ç—Å—è ¬´Client Hel...

You may provide a definition with
\DeclareUnicodeCharacter 


! Package inputenc Error: Unicode character —â (U+0449)
(inputenc)                not set up for use with LaTeX.

See the inputenc package documentation for explanation.
Type  H <return>  for immediate help.
 ...                                              
                                                  
l.11 \item –ü–µ—Ä–≤–æ–µ —Å–æ–æ–±—â
                                  –µ–Ω–∏–µ –Ω–∞–∑—ã–≤–∞–µ—Ç—Å—è ¬´Client Hel...

You may provide a definition with
\DeclareUnicodeCharacter 


! Package inputenc Error: Unicode character –µ (U+0435)
(inputenc)                not set up for use with LaTeX.

See the inputenc package documentation for explanation.
Type  H <return>  for immediate help.
 ...                                              
                                                  
l.11 \item –ü–µ—Ä–≤–æ–µ —Å–æ–æ–±—â–µ
                                    –Ω–∏–µ –Ω–∞–∑—ã–≤–∞–µ—Ç—Å—è ¬´Client Hel...

You may provide a definition with
\DeclareUnicodeCharacter 


! Package inputenc Error: Unicode character –Ω (U+043D)
(inputenc)                not set up for use with LaTeX.

See the inputenc package documentation for explanation.
Type  H <return>  for immediate help.
 ...                                              
                                                  
l.11 \item –ü–µ—Ä–≤–æ–µ —Å–æ–æ–±—â–µ–Ω
                                      –∏–µ –Ω–∞–∑—ã–≤–∞–µ—Ç—Å—è ¬´Client Hel...

You may provide a definition with
\DeclareUnicodeCharacter 


! Package inputenc Error: Unicode character –∏ (U+0438)
(inputenc)                not set up for use with LaTeX.

See the inputenc package documentation for explanation.
Type  H <return>  for immediate help.
 ...                                              
                                                  
l.11 \item –ü–µ—Ä–≤–æ–µ —Å–æ–æ–±—â–µ–Ω–∏
                                        –µ –Ω–∞–∑—ã–≤–∞–µ—Ç—Å—è ¬´Client Hel...

You may provide a definition with
\DeclareUnicodeCharacter 


! Package inputenc Error: Unicode character –µ (U+0435)
(inputenc)                not set up for use with LaTeX.

See the inputenc package documentation for explanation.
Type  H <return>  for immediate help.
 ...                                              
                                                  
l.11 \item –ü–µ—Ä–≤–æ–µ —Å–æ–æ–±—â–µ–Ω–∏–µ
                                           –Ω–∞–∑—ã–≤–∞–µ—Ç—Å—è ¬´Client Hel...

You may provide a definition with
\DeclareUnicodeCharacter 


! Package inputenc Error: Unicode character –Ω (U+043D)
(inputenc)                not set up for use with LaTeX.

See the inputenc package documentation for explanation.
Type  H <return>  for immediate help.
 ...                                              
                                                  
l.11 \item –ü–µ—Ä–≤–æ–µ —Å–æ–æ–±—â–µ–Ω–∏–µ –Ω
                                             –∞–∑—ã–≤–∞–µ—Ç—Å—è ¬´Client Hel...

You may provide a definition with
\DeclareUnicodeCharacter 


! Package inputenc Error: Unicode character –∞ (U+0430)
(inputenc)                not set up for use with LaTeX.

See the inputenc package documentation for explanation.
Type  H <return>  for immediate help.
 ...                                              
                                                  
l.11 \item –ü–µ—Ä–≤–æ–µ —Å–æ–æ–±—â–µ–Ω–∏–µ –Ω–∞
                                               –∑—ã–≤–∞–µ—Ç—Å—è ¬´Client Hel...

You may provide a definition with
\DeclareUnicodeCharacter 


! Package inputenc Error: Unicode character –∑ (U+0437)
(inputenc)                not set up for use with LaTeX.

See the inputenc package documentation for explanation.
Type  H <return>  for immediate help.
 ...                                              
                                                  
l.11 \item –ü–µ—Ä–≤–æ–µ —Å–æ–æ–±—â–µ–Ω–∏–µ –Ω–∞–∑
                                                 —ã–≤–∞–µ—Ç—Å—è ¬´Client Hel...

You may provide a definition with
\DeclareUnicodeCharacter 


! Package inputenc Error: Unicode character —ã (U+044B)
(inputenc)                not set up for use with LaTeX.

See the inputenc package documentation for explanation.
Type  H <return>  for immediate help.
 ...                                              
                                                  
l.11 ...m –ü–µ—Ä–≤–æ–µ —Å–æ–æ–±—â–µ–Ω–∏–µ –Ω–∞–∑—ã
                                                  –≤–∞–µ—Ç—Å—è ¬´Client Hell...

You may provide a definition with
\DeclareUnicodeCharacter 


! Package inputenc Error: Unicode character –≤ (U+0432)
(inputenc)                not set up for use with LaTeX.

See the inputenc package documentation for explanation.
Type  H <return>  for immediate help.
 ...                                              
                                                  
l.11 ...–ü–µ—Ä–≤–æ–µ —Å–æ–æ–±—â–µ–Ω–∏–µ –Ω–∞–∑—ã–≤
                                                  –∞–µ—Ç—Å—è ¬´Client Hello¬...

You may provide a definition with
\DeclareUnicodeCharacter 


! Package inputenc Error: Unicode character –∞ (U+0430)
(inputenc)                not set up for use with LaTeX.

See the inputenc package documentation for explanation.
Type  H <return>  for immediate help.
 ...                                              
                                                  
l.11 ...–µ—Ä–≤–æ–µ —Å–æ–æ–±—â–µ–Ω–∏–µ –Ω–∞–∑—ã–≤–∞
                                                  –µ—Ç—Å—è ¬´Client Hello¬ª....

You may provide a definition with
\DeclareUnicodeCharacter 


! Package inputenc Error: Unicode character –µ (U+0435)
(inputenc)                not set up for use with LaTeX.

See the inputenc package documentation for explanation.
Type  H <return>  for immediate help.
 ...                                              
                                                  
l.11 ...—Ä–≤–æ–µ —Å–æ–æ–±—â–µ–Ω–∏–µ –Ω–∞–∑—ã–≤–∞–µ
                                                  —Ç—Å—è ¬´Client Hello¬ª. –...

You may provide a definition with
\DeclareUnicodeCharacter 


! Package inputenc Error: Unicode character —Ç (U+0442)
(inputenc)                not set up for use with LaTeX.

See the inputenc package documentation for explanation.
Type  H <return>  for immediate help.
 ...                                              
                                                  
l.11 ...–≤–æ–µ —Å–æ–æ–±—â–µ–Ω–∏–µ –Ω–∞–∑—ã–≤–∞–µ—Ç
                                                  —Å—è ¬´Client Hello¬ª. –í ...

You may provide a definition with
\DeclareUnicodeCharacter 


! Package inputenc Error: Unicode character —Å (U+0441)
(inputenc)                not set up for use with LaTeX.

See the inputenc package documentation for explanation.
Type  H <return>  for immediate help.
 ...                                              
                                                  
l.11 ...–æ–µ —Å–æ–æ–±—â–µ–Ω–∏–µ –Ω–∞–∑—ã–≤–∞–µ—Ç—Å
                                                  —è ¬´Client Hello¬ª. –í —ç...

You may provide a definition with
\DeclareUnicodeCharacter 


! Package inputenc Error: Unicode character —è (U+044F)
(inputenc)                not set up for use with LaTeX.

See the inputenc package documentation for explanation.
Type  H <return>  for immediate help.
 ...                                              
                                                  
l.11 ...–µ —Å–æ–æ–±—â–µ–Ω–∏–µ –Ω–∞–∑—ã–≤–∞–µ—Ç—Å—è
                                                   ¬´Client Hello¬ª. –í —ç—Ç...

You may provide a definition with
\DeclareUnicodeCharacter 


! LaTeX Error: Command \guillemotleft unavailable in encoding .

See the LaTeX manual or LaTeX Companion for explanation.
Type  H <return>  for immediate help.
 ...                                              
                                                  
l.11 ...—Å–æ–æ–±—â–µ–Ω–∏–µ –Ω–∞–∑—ã–≤–∞–µ—Ç—Å—è ¬´
                                                  Client Hello¬ª. –í —ç—Ç–æ–...

Your command was ignored.
Type  I <command> <return>  to replace it with another command,
or  <return>  to continue without it.

Missing character: There is no C in font nullfont!
Missing character: There is no l in font nullfont!
Missing character: There is no i in font nullfont!
Missing character: There is no e in font nullfont!
Missing character: There is no n in font nullfont!
Missing character: There is no t in font nullfont!
Missing character: There is no H in font nullfont!
Missing character: There is no e in font nullfont!
Missing character: There is no l in font nullfont!
Missing character: There is no l in font nullfont!
Missing character: There is no o in font nullfont!

! LaTeX Error: Command \guillemotright unavailable in encoding .

See the LaTeX manual or LaTeX Companion for explanation.
Type  H <return>  for immediate help.
 ...                                              
                                                  
l.11 ...–∏–µ –Ω–∞–∑—ã–≤–∞–µ—Ç—Å—è ¬´Client Hello¬ª
                                                  . –í —ç—Ç–æ–º —Å–æ–æ–±—â–µ...

Your command was ignored.
Type  I <command> <return>  to replace it with another command,
or  <return>  to continue without it.

Missing character: There is no . in font nullfont!

! Package inputenc Error: Unicode character –í (U+0412)
(inputenc)                not set up for use with LaTeX.

See the inputenc package documentation for explanation.
Type  H <return>  for immediate help.
 ...                                              
                                                  
l.11 ... –Ω–∞–∑—ã–≤–∞–µ—Ç—Å—è ¬´Client Hello¬ª. –í
                                                   —ç—Ç–æ–º —Å–æ–æ–±—â–µ–Ω–∏...

You may provide a definition with
\DeclareUnicodeCharacter 


! Package inputenc Error: Unicode character —ç (U+044D)
(inputenc)                not set up for use with LaTeX.

See the inputenc package documentation for explanation.
Type  H <return>  for immediate help.
 ...                                              
                                                  
l.11 ...–∞–∑—ã–≤–∞–µ—Ç—Å—è ¬´Client Hello¬ª. –í —ç
                                                  —Ç–æ–º —Å–æ–æ–±—â–µ–Ω–∏–∏ ...

You may provide a definition with
\DeclareUnicodeCharacter 


! Package inputenc Error: Unicode character —Ç (U+0442)
(inputenc)                not set up for use with LaTeX.

See the inputenc package documentation for explanation.
Type  H <return>  for immediate help.
 ...                                              
                                                  
l.11 ...–∑—ã–≤–∞–µ—Ç—Å—è ¬´Client Hello¬ª. –í —ç—Ç
                                                  –æ–º —Å–æ–æ–±—â–µ–Ω–∏–∏ –ø...

You may provide a definition with
\DeclareUnicodeCharacter 


! Package inputenc Error: Unicode character –æ (U+043E)
(inputenc)                not set up for use with LaTeX.

See the inputenc package documentation for explanation.
Type  H <return>  for immediate help.
 ...                                              
                                                  
l.11 ...—ã–≤–∞–µ—Ç—Å—è ¬´Client Hello¬ª. –í —ç—Ç–æ
                                                  –º —Å–æ–æ–±—â–µ–Ω–∏–∏ –ø–µ...

You may provide a definition with
\DeclareUnicodeCharacter 


! Package inputenc Error: Unicode character –º (U+043C)
(inputenc)                not set up for use with LaTeX.

See the inputenc package documentation for explanation.
Type  H <return>  for immediate help.
 ...                                              
                                                  
l.11 ...–≤–∞–µ—Ç—Å—è ¬´Client Hello¬ª. –í —ç—Ç–æ–º
                                                   —Å–æ–æ–±—â–µ–Ω–∏–∏ –ø–µ—Ä...

You may provide a definition with
\DeclareUnicodeCharacter 


! Package inputenc Error: Unicode character —Å (U+0441)
(inputenc)                not set up for use with LaTeX.

See the inputenc package documentation for explanation.
Type  H <return>  for immediate help.
 ...                                              
                                                  
l.11 ...∞–µ—Ç—Å—è ¬´Client Hello¬ª. –í —ç—Ç–æ–º —Å
                                                  –æ–æ–±—â–µ–Ω–∏–∏ –ø–µ—Ä–µ—...

You may provide a definition with
\DeclareUnicodeCharacter 


! Package inputenc Error: Unicode character –æ (U+043E)
(inputenc)                not set up for use with LaTeX.

See the inputenc package documentation for explanation.
Type  H <return>  for immediate help.
 ...                                              
                                                  
l.11 ...µ—Ç—Å—è ¬´Client Hello¬ª. –í —ç—Ç–æ–º —Å–æ
                                                  –æ–±—â–µ–Ω–∏–∏ –ø–µ—Ä–µ—á–...

You may provide a definition with
\DeclareUnicodeCharacter 


! Package inputenc Error: Unicode character –æ (U+043E)
(inputenc)                not set up for use with LaTeX.

See the inputenc package documentation for explanation.
Type  H <return>  for immediate help.
 ...                                              
                                                  
l.11 ...Ç—Å—è ¬´Client Hello¬ª. –í —ç—Ç–æ–º —Å–æ–æ
                                                  –±—â–µ–Ω–∏–∏ –ø–µ—Ä–µ—á–∏—...

You may provide a definition with
\DeclareUnicodeCharacter 


! Package inputenc Error: Unicode character –± (U+0431)
(inputenc)                not set up for use with LaTeX.

See the inputenc package documentation for explanation.
Type  H <return>  for immediate help.
 ...                                              
                                                  
l.11 ...Å—è ¬´Client Hello¬ª. –í —ç—Ç–æ–º —Å–æ–æ–±
                                                  —â–µ–Ω–∏–∏ –ø–µ—Ä–µ—á–∏—Å–...

You may provide a definition with
\DeclareUnicodeCharacter 


! Package inputenc Error: Unicode character —â (U+0449)
(inputenc)                not set up for use with LaTeX.

See the inputenc package documentation for explanation.
Type  H <return>  for immediate help.
 ...                                              
                                                  
l.11 ...è ¬´Client Hello¬ª. –í —ç—Ç–æ–º —Å–æ–æ–±—â
                                                  –µ–Ω–∏–∏ –ø–µ—Ä–µ—á–∏—Å–ª–...

You may provide a definition with
\DeclareUnicodeCharacter 


! Package inputenc Error: Unicode character –µ (U+0435)
(inputenc)                not set up for use with LaTeX.

See the inputenc package documentation for explanation.
Type  H <return>  for immediate help.
 ...                                              
                                                  
l.11 ...¬´Client Hello¬ª. –í —ç—Ç–æ–º —Å–æ–æ–±—â–µ
                                                  –Ω–∏–∏ –ø–µ—Ä–µ—á–∏—Å–ª–µ–...

You may provide a definition with
\DeclareUnicodeCharacter 


! Package inputenc Error: Unicode character –Ω (U+043D)
(inputenc)                not set up for use with LaTeX.

See the inputenc package documentation for explanation.
Type  H <return>  for immediate help.
 ...                                              
                                                  
l.11 ...Client Hello¬ª. –í —ç—Ç–æ–º —Å–æ–æ–±—â–µ–Ω
                                                  –∏–∏ –ø–µ—Ä–µ—á–∏—Å–ª–µ–Ω—...

You may provide a definition with
\DeclareUnicodeCharacter 


! Package inputenc Error: Unicode character –∏ (U+0438)
(inputenc)                not set up for use with LaTeX.

See the inputenc package documentation for explanation.
Type  H <return>  for immediate help.
 ...                                              
                                                  
l.11 ...ient Hello¬ª. –í —ç—Ç–æ–º —Å–æ–æ–±—â–µ–Ω–∏
                                                  –∏ –ø–µ—Ä–µ—á–∏—Å–ª–µ–Ω—ã ...

You may provide a definition with
\DeclareUnicodeCharacter 


! Package inputenc Error: Unicode character –∏ (U+0438)
(inputenc)                not set up for use with LaTeX.

See the inputenc package documentation for explanation.
Type  H <return>  for immediate help.
 ...                                              
                                                  
l.11 ...nt Hello¬ª. –í —ç—Ç–æ–º —Å–æ–æ–±—â–µ–Ω–∏–∏
                                                   –ø–µ—Ä–µ—á–∏—Å–ª–µ–Ω—ã –≤...

You may provide a definition with
\DeclareUnicodeCharacter 


! Package inputenc Error: Unicode character –ø (U+043F)
(inputenc)                not set up for use with LaTeX.

See the inputenc package documentation for explanation.
Type  H <return>  for immediate help.
 ...                                              
                                                  
l.11 ...Hello¬ª. –í —ç—Ç–æ–º —Å–æ–æ–±—â–µ–Ω–∏–∏ –ø
                                                  –µ—Ä–µ—á–∏—Å–ª–µ–Ω—ã –≤–æ–...

You may provide a definition with
\DeclareUnicodeCharacter 


! Package inputenc Error: Unicode character –µ (U+0435)
(inputenc)                not set up for use with LaTeX.

See the inputenc package documentation for explanation.
Type  H <return>  for immediate help.
 ...                                              
                                                  
l.11 ...llo¬ª. –í —ç—Ç–æ–º —Å–æ–æ–±—â–µ–Ω–∏–∏ –ø–µ
                                                  —Ä–µ—á–∏—Å–ª–µ–Ω—ã –≤–æ–∑–...

You may provide a definition with
\DeclareUnicodeCharacter 


! Package inputenc Error: Unicode character —Ä (U+0440)
(inputenc)                not set up for use with LaTeX.

See the inputenc package documentation for explanation.
Type  H <return>  for immediate help.
 ...                                              
                                                  
l.11 ...o¬ª. –í —ç—Ç–æ–º —Å–æ–æ–±—â–µ–Ω–∏–∏ –ø–µ—Ä
                                                  –µ—á–∏—Å–ª–µ–Ω—ã –≤–æ–∑–º–...

You may provide a definition with
\DeclareUnicodeCharacter 


! Package inputenc Error: Unicode character –µ (U+0435)
(inputenc)                not set up for use with LaTeX.

See the inputenc package documentation for explanation.
Type  H <return>  for immediate help.
 ...                                              
                                                  
l.11 ...ª. –í —ç—Ç–æ–º —Å–æ–æ–±—â–µ–Ω–∏–∏ –ø–µ—Ä–µ
                                                  —á–∏—Å–ª–µ–Ω—ã –≤–æ–∑–º–æ–...

You may provide a definition with
\DeclareUnicodeCharacter 


! Package inputenc Error: Unicode character —á (U+0447)
(inputenc)                not set up for use with LaTeX.

See the inputenc package documentation for explanation.
Type  H <return>  for immediate help.
 ...                                              
                                                  
l.11 ... –í —ç—Ç–æ–º —Å–æ–æ–±—â–µ–Ω–∏–∏ –ø–µ—Ä–µ—á
                                                  –∏—Å–ª–µ–Ω—ã –≤–æ–∑–º–æ–∂–...

You may provide a definition with
\DeclareUnicodeCharacter 


! Package inputenc Error: Unicode character –∏ (U+0438)
(inputenc)                not set up for use with LaTeX.

See the inputenc package documentation for explanation.
Type  H <return>  for immediate help.
 ...                                              
                                                  
l.11 ...í —ç—Ç–æ–º —Å–æ–æ–±—â–µ–Ω–∏–∏ –ø–µ—Ä–µ—á–∏
                                                  —Å–ª–µ–Ω—ã –≤–æ–∑–º–æ–∂–Ω–...

You may provide a definition with
\DeclareUnicodeCharacter 


! Package inputenc Error: Unicode character —Å (U+0441)
(inputenc)                not set up for use with LaTeX.

See the inputenc package documentation for explanation.
Type  H <return>  for immediate help.
 ...                                              
                                                  
l.11 ...—ç—Ç–æ–º —Å–æ–æ–±—â–µ–Ω–∏–∏ –ø–µ—Ä–µ—á–∏—Å
                                                  –ª–µ–Ω—ã –≤–æ–∑–º–æ–∂–Ω–æ—...

You may provide a definition with
\DeclareUnicodeCharacter 


! Package inputenc Error: Unicode character –ª (U+043B)
(inputenc)                not set up for use with LaTeX.

See the inputenc package documentation for explanation.
Type  H <return>  for immediate help.
 ...                                              
                                                  
l.11 ...—Ç–æ–º —Å–æ–æ–±—â–µ–Ω–∏–∏ –ø–µ—Ä–µ—á–∏—Å–ª
                                                  –µ–Ω—ã –≤–æ–∑–º–æ–∂–Ω–æ—Å—...

You may provide a definition with
\DeclareUnicodeCharacter 


! Package inputenc Error: Unicode character –µ (U+0435)
(inputenc)                not set up for use with LaTeX.

See the inputenc package documentation for explanation.
Type  H <return>  for immediate help.
 ...                                              
                                                  
l.11 ...–æ–º —Å–æ–æ–±—â–µ–Ω–∏–∏ –ø–µ—Ä–µ—á–∏—Å–ª–µ
                                                  –Ω—ã –≤–æ–∑–º–æ–∂–Ω–æ—Å—Ç–...

You may provide a definition with
\DeclareUnicodeCharacter 


! Package inputenc Error: Unicode character –Ω (U+043D)
(inputenc)                not set up for use with LaTeX.

See the inputenc package documentation for explanation.
Type  H <return>  for immediate help.
 ...                                              
                                                  
l.11 ...–º —Å–æ–æ–±—â–µ–Ω–∏–∏ –ø–µ—Ä–µ—á–∏—Å–ª–µ–Ω
                                                  —ã –≤–æ–∑–º–æ–∂–Ω–æ—Å—Ç–∏ ...

You may provide a definition with
\DeclareUnicodeCharacter 


! Package inputenc Error: Unicode character —ã (U+044B)
(inputenc)                not set up for use with LaTeX.

See the inputenc package documentation for explanation.
Type  H <return>  for immediate help.
 ...                                              
                                                  
l.11 ... —Å–æ–æ–±—â–µ–Ω–∏–∏ –ø–µ—Ä–µ—á–∏—Å–ª–µ–Ω—ã
                                                   –≤–æ–∑–º–æ–∂–Ω–æ—Å—Ç–∏ –∫...

You may provide a definition with
\DeclareUnicodeCharacter 


! Package inputenc Error: Unicode character –≤ (U+0432)
(inputenc)                not set up for use with LaTeX.

See the inputenc package documentation for explanation.
Type  H <return>  for immediate help.
 ...                                              
                                                  
l.11 ...–æ–æ–±—â–µ–Ω–∏–∏ –ø–µ—Ä–µ—á–∏—Å–ª–µ–Ω—ã –≤
                                                  –æ–∑–º–æ–∂–Ω–æ—Å—Ç–∏ –∫–ª–...

You may provide a definition with
\DeclareUnicodeCharacter 


! Package inputenc Error: Unicode character –æ (U+043E)
(inputenc)                not set up for use with LaTeX.

See the inputenc package documentation for explanation.
Type  H <return>  for immediate help.
 ...                                              
                                                  
l.11 ...–æ–±—â–µ–Ω–∏–∏ –ø–µ—Ä–µ—á–∏—Å–ª–µ–Ω—ã –≤–æ
                                                  –∑–º–æ–∂–Ω–æ—Å—Ç–∏ –∫–ª–∏–...

You may provide a definition with
\DeclareUnicodeCharacter 


! Package inputenc Error: Unicode character –∑ (U+0437)
(inputenc)                not set up for use with LaTeX.

See the inputenc package documentation for explanation.
Type  H <return>  for immediate help.
 ...                                              
                                                  
l.11 ...–±—â–µ–Ω–∏–∏ –ø–µ—Ä–µ—á–∏—Å–ª–µ–Ω—ã –≤–æ–∑
                                                  –º–æ–∂–Ω–æ—Å—Ç–∏ –∫–ª–∏–µ–...

You may provide a definition with
\DeclareUnicodeCharacter 


! Package inputenc Error: Unicode character –º (U+043C)
(inputenc)                not set up for use with LaTeX.

See the inputenc package documentation for explanation.
Type  H <return>  for immediate help.
 ...                                              
                                                  
l.11 ...—â–µ–Ω–∏–∏ –ø–µ—Ä–µ—á–∏—Å–ª–µ–Ω—ã –≤–æ–∑–º
                                                  –æ–∂–Ω–æ—Å—Ç–∏ –∫–ª–∏–µ–Ω—...

You may provide a definition with
\DeclareUnicodeCharacter 


! Package inputenc Error: Unicode character –æ (U+043E)
(inputenc)                not set up for use with LaTeX.

See the inputenc package documentation for explanation.
Type  H <return>  for immediate help.
 ...                                              
                                                  
l.11 ...–µ–Ω–∏–∏ –ø–µ—Ä–µ—á–∏—Å–ª–µ–Ω—ã –≤–æ–∑–º–æ
                                                  –∂–Ω–æ—Å—Ç–∏ –∫–ª–∏–µ–Ω—Ç–...

You may provide a definition with
\DeclareUnicodeCharacter 


! Package inputenc Error: Unicode character –∂ (U+0436)
(inputenc)                not set up for use with LaTeX.

See the inputenc package documentation for explanation.
Type  H <return>  for immediate help.
 ...                                              
                                                  
l.11 ...–Ω–∏–∏ –ø–µ—Ä–µ—á–∏—Å–ª–µ–Ω—ã –≤–æ–∑–º–æ–∂
                                                  –Ω–æ—Å—Ç–∏ –∫–ª–∏–µ–Ω—Ç–∞,...

You may provide a definition with
\DeclareUnicodeCharacter 


! Package inputenc Error: Unicode character –Ω (U+043D)
(inputenc)                not set up for use with LaTeX.

See the inputenc package documentation for explanation.
Type  H <return>  for immediate help.
 ...                                              
                                                  
l.11 ...–∏–∏ –ø–µ—Ä–µ—á–∏—Å–ª–µ–Ω—ã –≤–æ–∑–º–æ–∂–Ω
                                                  –æ—Å—Ç–∏ –∫–ª–∏–µ–Ω—Ç–∞, —...

You may provide a definition with
\DeclareUnicodeCharacter 


! Package inputenc Error: Unicode character –æ (U+043E)
(inputenc)                not set up for use with LaTeX.

See the inputenc package documentation for explanation.
Type  H <return>  for immediate help.
 ...                                              
                                                  
l.11 ...–∏ –ø–µ—Ä–µ—á–∏—Å–ª–µ–Ω—ã –≤–æ–∑–º–æ–∂–Ω–æ
                                                  —Å—Ç–∏ –∫–ª–∏–µ–Ω—Ç–∞, —á—...

You may provide a definition with
\DeclareUnicodeCharacter 


! Package inputenc Error: Unicode character —Å (U+0441)
(inputenc)                not set up for use with LaTeX.

See the inputenc package documentation for explanation.
Type  H <return>  for immediate help.
 ...                                              
                                                  
l.11 ... –ø–µ—Ä–µ—á–∏—Å–ª–µ–Ω—ã –≤–æ–∑–º–æ–∂–Ω–æ—Å
                                                  —Ç–∏ –∫–ª–∏–µ–Ω—Ç–∞, —á—Ç–...

You may provide a definition with
\DeclareUnicodeCharacter 


! Package inputenc Error: Unicode character —Ç (U+0442)
(inputenc)                not set up for use with LaTeX.

See the inputenc package documentation for explanation.
Type  H <return>  for immediate help.
 ...                                              
                                                  
l.11 ...ø–µ—Ä–µ—á–∏—Å–ª–µ–Ω—ã –≤–æ–∑–º–æ–∂–Ω–æ—Å—Ç
                                                  –∏ –∫–ª–∏–µ–Ω—Ç–∞, —á—Ç–æ–...

You may provide a definition with
\DeclareUnicodeCharacter 


! Package inputenc Error: Unicode character –∏ (U+0438)
(inputenc)                not set up for use with LaTeX.

See the inputenc package documentation for explanation.
Type  H <return>  for immediate help.
 ...                                              
                                                  
l.11 ...µ—Ä–µ—á–∏—Å–ª–µ–Ω—ã –≤–æ–∑–º–æ–∂–Ω–æ—Å—Ç–∏
                                                   –∫–ª–∏–µ–Ω—Ç–∞, —á—Ç–æ–±—...

You may provide a definition with
\DeclareUnicodeCharacter 


! Package inputenc Error: Unicode character –∫ (U+043A)
(inputenc)                not set up for use with LaTeX.

See the inputenc package documentation for explanation.
Type  H <return>  for immediate help.
 ...                                              
                                                  
l.11 ...–µ—á–∏—Å–ª–µ–Ω—ã –≤–æ–∑–º–æ–∂–Ω–æ—Å—Ç–∏ –∫
                                                  –ª–∏–µ–Ω—Ç–∞, —á—Ç–æ–±—ã —...

You may provide a definition with
\DeclareUnicodeCharacter 


! Package inputenc Error: Unicode character –ª (U+043B)
(inputenc)                not set up for use with LaTeX.

See the inputenc package documentation for explanation.
Type  H <return>  for immediate help.
 ...                                              
                                                  
l.11 ...—á–∏—Å–ª–µ–Ω—ã –≤–æ–∑–º–æ–∂–Ω–æ—Å—Ç–∏ –∫–ª
                                                  –∏–µ–Ω—Ç–∞, —á—Ç–æ–±—ã —Å–...

You may provide a definition with
\DeclareUnicodeCharacter 


! Package inputenc Error: Unicode character –∏ (U+0438)
(inputenc)                not set up for use with LaTeX.

See the inputenc package documentation for explanation.
Type  H <return>  for immediate help.
 ...                                              
                                                  
l.11 ...–∏—Å–ª–µ–Ω—ã –≤–æ–∑–º–æ–∂–Ω–æ—Å—Ç–∏ –∫–ª–∏
                                                  –µ–Ω—Ç–∞, —á—Ç–æ–±—ã —Å–µ—...

You may provide a definition with
\DeclareUnicodeCharacter 


! Package inputenc Error: Unicode character –µ (U+0435)
(inputenc)                not set up for use with LaTeX.

See the inputenc package documentation for explanation.
Type  H <return>  for immediate help.
 ...                                              
                                                  
l.11 ...—Å–ª–µ–Ω—ã –≤–æ–∑–º–æ–∂–Ω–æ—Å—Ç–∏ –∫–ª–∏–µ
                                                  –Ω—Ç–∞, —á—Ç–æ–±—ã —Å–µ—Ä–...

You may provide a definition with
\DeclareUnicodeCharacter 


! Package inputenc Error: Unicode character –Ω (U+043D)
(inputenc)                not set up for use with LaTeX.

See the inputenc package documentation for explanation.
Type  H <return>  for immediate help.
 ...                                              
                                                  
l.11 ...–ª–µ–Ω—ã –≤–æ–∑–º–æ–∂–Ω–æ—Å—Ç–∏ –∫–ª–∏–µ–Ω
                                                  —Ç–∞, —á—Ç–æ–±—ã —Å–µ—Ä–≤–...

You may provide a definition with
\DeclareUnicodeCharacter 


! Package inputenc Error: Unicode character —Ç (U+0442)
(inputenc)                not set up for use with LaTeX.

See the inputenc package documentation for explanation.
Type  H <return>  for immediate help.
 ...                                              
                                                  
l.11 ...–µ–Ω—ã –≤–æ–∑–º–æ–∂–Ω–æ—Å—Ç–∏ –∫–ª–∏–µ–Ω—Ç
                                                  –∞, —á—Ç–æ–±—ã —Å–µ—Ä–≤–µ—...

You may provide a definition with
\DeclareUnicodeCharacter 


! Package inputenc Error: Unicode character –∞ (U+0430)
(inputenc)                not set up for use with LaTeX.

See the inputenc package documentation for explanation.
Type  H <return>  for immediate help.
 ...                                              
                                                  
l.11 ...–Ω—ã –≤–æ–∑–º–æ–∂–Ω–æ—Å—Ç–∏ –∫–ª–∏–µ–Ω—Ç–∞
                                                  , —á—Ç–æ–±—ã —Å–µ—Ä–≤–µ—Ä ...

You may provide a definition with
\DeclareUnicodeCharacter 

Missing character: There is no , in font nullfont!

! Package inputenc Error: Unicode character —á (U+0447)
(inputenc)                not set up for use with LaTeX.

See the inputenc package documentation for explanation.
Type  H <return>  for immediate help.
 ...                                              
                                                  
l.11 ... –≤–æ–∑–º–æ–∂–Ω–æ—Å—Ç–∏ –∫–ª–∏–µ–Ω—Ç–∞, —á
                                                  —Ç–æ–±—ã —Å–µ—Ä–≤–µ—Ä –º–æ...

You may provide a definition with
\DeclareUnicodeCharacter 


! Package inputenc Error: Unicode character —Ç (U+0442)
(inputenc)                not set up for use with LaTeX.

See the inputenc package documentation for explanation.
Type  H <return>  for immediate help.
 ...                                              
                                                  
l.11 ...≤–æ–∑–º–æ–∂–Ω–æ—Å—Ç–∏ –∫–ª–∏–µ–Ω—Ç–∞, —á—Ç
                                                  –æ–±—ã —Å–µ—Ä–≤–µ—Ä –º–æ–≥...

You may provide a definition with
\DeclareUnicodeCharacter 


! Package inputenc Error: Unicode character –æ (U+043E)
(inputenc)                not set up for use with LaTeX.

See the inputenc package documentation for explanation.
Type  H <return>  for immediate help.
 ...                                              
                                                  
l.11 ...æ–∑–º–æ–∂–Ω–æ—Å—Ç–∏ –∫–ª–∏–µ–Ω—Ç–∞, —á—Ç–æ
                                                  –±—ã —Å–µ—Ä–≤–µ—Ä –º–æ–≥ –...

You may provide a definition with
\DeclareUnicodeCharacter 


! Package inputenc Error: Unicode character –± (U+0431)
(inputenc)                not set up for use with LaTeX.

See the inputenc package documentation for explanation.
Type  H <return>  for immediate help.
 ...                                              
                                                  
l.11 ...∑–º–æ–∂–Ω–æ—Å—Ç–∏ –∫–ª–∏–µ–Ω—Ç–∞, —á—Ç–æ–±
                                                  —ã —Å–µ—Ä–≤–µ—Ä –º–æ–≥ –≤—...

You may provide a definition with
\DeclareUnicodeCharacter 


! Package inputenc Error: Unicode character —ã (U+044B)
(inputenc)                not set up for use with LaTeX.

See the inputenc package documentation for explanation.
Type  H <return>  for immediate help.
 ...                                              
                                                  
l.11 ...º–æ–∂–Ω–æ—Å—Ç–∏ –∫–ª–∏–µ–Ω—Ç–∞, —á—Ç–æ–±—ã
                                                   —Å–µ—Ä–≤–µ—Ä –º–æ–≥ –≤—ã–...

You may provide a definition with
\DeclareUnicodeCharacter 


! Package inputenc Error: Unicode character —Å (U+0441)
(inputenc)                not set up for use with LaTeX.

See the inputenc package documentation for explanation.
Type  H <return>  for immediate help.
 ...                                              
                                                  
l.11 ...–∂–Ω–æ—Å—Ç–∏ –∫–ª–∏–µ–Ω—Ç–∞, —á—Ç–æ–±—ã —Å
                                                  –µ—Ä–≤–µ—Ä –º–æ–≥ –≤—ã–±—Ä...

You may provide a definition with
\DeclareUnicodeCharacter 


! Package inputenc Error: Unicode character –µ (U+0435)
(inputenc)                not set up for use with LaTeX.

See the inputenc package documentation for explanation.
Type  H <return>  for immediate help.
 ...                                              
                                                  
l.11 ...–Ω–æ—Å—Ç–∏ –∫–ª–∏–µ–Ω—Ç–∞, —á—Ç–æ–±—ã —Å–µ
                                                  —Ä–≤–µ—Ä –º–æ–≥ –≤—ã–±—Ä–∞...

You may provide a definition with
\DeclareUnicodeCharacter 


! Package inputenc Error: Unicode character —Ä (U+0440)
(inputenc)                not set up for use with LaTeX.

See the inputenc package documentation for explanation.
Type  H <return>  for immediate help.
 ...                                              
                                                  
l.11 ...–æ—Å—Ç–∏ –∫–ª–∏–µ–Ω—Ç–∞, —á—Ç–æ–±—ã —Å–µ—Ä
                                                  –≤–µ—Ä –º–æ–≥ –≤—ã–±—Ä–∞—Ç...

You may provide a definition with
\DeclareUnicodeCharacter 


! Package inputenc Error: Unicode character –≤ (U+0432)
(inputenc)                not set up for use with LaTeX.

See the inputenc package documentation for explanation.
Type  H <return>  for immediate help.
 ...                                              
                                                  
l.11 ...—Å—Ç–∏ –∫–ª–∏–µ–Ω—Ç–∞, —á—Ç–æ–±—ã —Å–µ—Ä–≤
                                                  –µ—Ä –º–æ–≥ –≤—ã–±—Ä–∞—Ç—å...

You may provide a definition with
\DeclareUnicodeCharacter 


! Package inputenc Error: Unicode character –µ (U+0435)
(inputenc)                not set up for use with LaTeX.

See the inputenc package documentation for explanation.
Type  H <return>  for immediate help.
 ...                                              
                                                  
l.11 ...—Ç–∏ –∫–ª–∏–µ–Ω—Ç–∞, —á—Ç–æ–±—ã —Å–µ—Ä–≤–µ
                                                  —Ä –º–æ–≥ –≤—ã–±—Ä–∞—Ç—å —...

You may provide a definition with
\DeclareUnicodeCharacter 


! Package inputenc Error: Unicode character —Ä (U+0440)
(inputenc)                not set up for use with LaTeX.

See the inputenc package documentation for explanation.
Type  H <return>  for immediate help.
 ...                                              
                                                  
l.11 ...–∏ –∫–ª–∏–µ–Ω—Ç–∞, —á—Ç–æ–±—ã —Å–µ—Ä–≤–µ—Ä
                                                   –º–æ–≥ –≤—ã–±—Ä–∞—Ç—å —à–...

You may provide a definition with
\DeclareUnicodeCharacter 


! Package inputenc Error: Unicode character –º (U+043C)
(inputenc)                not set up for use with LaTeX.

See the inputenc package documentation for explanation.
Type  H <return>  for immediate help.
 ...                                              
                                                  
l.11 ...–∫–ª–∏–µ–Ω—Ç–∞, —á—Ç–æ–±—ã —Å–µ—Ä–≤–µ—Ä –º
                                                  –æ–≥ –≤—ã–±—Ä–∞—Ç—å —à–∏—Ñ...

You may provide a definition with
\DeclareUnicodeCharacter 


! Package inputenc Error: Unicode character –æ (U+043E)
(inputenc)                not set up for use with LaTeX.

See the inputenc package documentation for explanation.
Type  H <return>  for immediate help.
 ...                                              
                                                  
l.11 ...–ª–∏–µ–Ω—Ç–∞, —á—Ç–æ–±—ã —Å–µ—Ä–≤–µ—Ä –º–æ
                                                  –≥ –≤—ã–±—Ä–∞—Ç—å —à–∏—Ñ—Ä...

You may provide a definition with
\DeclareUnicodeCharacter 


! Package inputenc Error: Unicode character –≥ (U+0433)
(inputenc)                not set up for use with LaTeX.

See the inputenc package documentation for explanation.
Type  H <return>  for immediate help.
 ...                                              
                                                  
l.11 ...–∏–µ–Ω—Ç–∞, —á—Ç–æ–±—ã —Å–µ—Ä–≤–µ—Ä –º–æ–≥
                                                   –≤—ã–±—Ä–∞—Ç—å —à–∏—Ñ—Ä–æ...

You may provide a definition with
\DeclareUnicodeCharacter 


! Package inputenc Error: Unicode character –≤ (U+0432)
(inputenc)                not set up for use with LaTeX.

See the inputenc package documentation for explanation.
Type  H <return>  for immediate help.
 ...                                              
                                                  
l.11 ...µ–Ω—Ç–∞, —á—Ç–æ–±—ã —Å–µ—Ä–≤–µ—Ä –º–æ–≥ –≤
                                                  —ã–±—Ä–∞—Ç—å —à–∏—Ñ—Ä–æ–Ω–...

You may provide a definition with
\DeclareUnicodeCharacter 


! Package inputenc Error: Unicode character —ã (U+044B)
(inputenc)                not set up for use with LaTeX.

See the inputenc package documentation for explanation.
Type  H <return>  for immediate help.
 ...                                              
                                                  
l.11 ...Ω—Ç–∞, —á—Ç–æ–±—ã —Å–µ—Ä–≤–µ—Ä –º–æ–≥ –≤—ã
                                                  –±—Ä–∞—Ç—å —à–∏—Ñ—Ä–æ–Ω–∞–...

You may provide a definition with
\DeclareUnicodeCharacter 


! Package inputenc Error: Unicode character –± (U+0431)
(inputenc)                not set up for use with LaTeX.

See the inputenc package documentation for explanation.
Type  H <return>  for immediate help.
 ...                                              
                                                  
l.11 ...Ç–∞, —á—Ç–æ–±—ã —Å–µ—Ä–≤–µ—Ä –º–æ–≥ –≤—ã–±
                                                  —Ä–∞—Ç—å —à–∏—Ñ—Ä–æ–Ω–∞–±–...

You may provide a definition with
\DeclareUnicodeCharacter 


! Package inputenc Error: Unicode character —Ä (U+0440)
(inputenc)                not set up for use with LaTeX.

See the inputenc package documentation for explanation.
Type  H <return>  for immediate help.
 ...                                              
                                                  
l.11 ...∞, —á—Ç–æ–±—ã —Å–µ—Ä–≤–µ—Ä –º–æ–≥ –≤—ã–±—Ä
                                                  –∞—Ç—å —à–∏—Ñ—Ä–æ–Ω–∞–±–æ—...

You may provide a definition with
\DeclareUnicodeCharacter 


! Package inputenc Error: Unicode character –∞ (U+0430)
(inputenc)                not set up for use with LaTeX.

See the inputenc package documentation for explanation.
Type  H <return>  for immediate help.
 ...                                              
                                                  
l.11 ... —á—Ç–æ–±—ã —Å–µ—Ä–≤–µ—Ä –º–æ–≥ –≤—ã–±—Ä–∞
                                                  —Ç—å —à–∏—Ñ—Ä–æ–Ω–∞–±–æ—Ä,...

You may provide a definition with
\DeclareUnicodeCharacter 


! Package inputenc Error: Unicode character —Ç (U+0442)
(inputenc)                not set up for use with LaTeX.

See the inputenc package documentation for explanation.
Type  H <return>  for immediate help.
 ...                                              
                                                  
l.11 ...á—Ç–æ–±—ã —Å–µ—Ä–≤–µ—Ä –º–æ–≥ –≤—ã–±—Ä–∞—Ç
                                                  —å —à–∏—Ñ—Ä–æ–Ω–∞–±–æ—Ä, –...

You may provide a definition with
\DeclareUnicodeCharacter 


! Package inputenc Error: Unicode character —å (U+044C)
(inputenc)                not set up for use with LaTeX.

See the inputenc package documentation for explanation.
Type  H <return>  for immediate help.
 ...                                              
                                                  
l.11 ...Ç–æ–±—ã —Å–µ—Ä–≤–µ—Ä –º–æ–≥ –≤—ã–±—Ä–∞—Ç—å
                                                   —à–∏—Ñ—Ä–æ–Ω–∞–±–æ—Ä, –∫–...

You may provide a definition with
\DeclareUnicodeCharacter 


! Package inputenc Error: Unicode character —à (U+0448)
(inputenc)                not set up for use with LaTeX.

See the inputenc package documentation for explanation.
Type  H <return>  for immediate help.
 ...                                              
                                                  
l.11 ...–±—ã —Å–µ—Ä–≤–µ—Ä –º–æ–≥ –≤—ã–±—Ä–∞—Ç—å —à
                                                  –∏—Ñ—Ä–æ–Ω–∞–±–æ—Ä, –∫–æ—Ç...

You may provide a definition with
\DeclareUnicodeCharacter 


! Package inputenc Error: Unicode character –∏ (U+0438)
(inputenc)                not set up for use with LaTeX.

See the inputenc package documentation for explanation.
Type  H <return>  for immediate help.
 ...                                              
                                                  
l.11 ...—ã —Å–µ—Ä–≤–µ—Ä –º–æ–≥ –≤—ã–±—Ä–∞—Ç—å —à–∏
                                                  —Ñ—Ä–æ–Ω–∞–±–æ—Ä, –∫–æ—Ç–æ...

You may provide a definition with
\DeclareUnicodeCharacter 


! Package inputenc Error: Unicode character —Ñ (U+0444)
(inputenc)                not set up for use with LaTeX.

See the inputenc package documentation for explanation.
Type  H <return>  for immediate help.
 ...                                              
                                                  
l.11 ... —Å–µ—Ä–≤–µ—Ä –º–æ–≥ –≤—ã–±—Ä–∞—Ç—å —à–∏—Ñ
                                                  —Ä–æ–Ω–∞–±–æ—Ä, –∫–æ—Ç–æ—Ä...

You may provide a definition with
\DeclareUnicodeCharacter 


! Package inputenc Error: Unicode character —Ä (U+0440)
(inputenc)                not set up for use with LaTeX.

See the inputenc package documentation for explanation.
Type  H <return>  for immediate help.
 ...                                              
                                                  
l.11 ...Å–µ—Ä–≤–µ—Ä –º–æ–≥ –≤—ã–±—Ä–∞—Ç—å —à–∏—Ñ—Ä
                                                  –æ–Ω–∞–±–æ—Ä, –∫–æ—Ç–æ—Ä—ã...

You may provide a definition with
\DeclareUnicodeCharacter 


! Package inputenc Error: Unicode character –æ (U+043E)
(inputenc)                not set up for use with LaTeX.

See the inputenc package documentation for explanation.
Type  H <return>  for immediate help.
 ...                                              
                                                  
l.11 ...µ—Ä–≤–µ—Ä –º–æ–≥ –≤—ã–±—Ä–∞—Ç—å —à–∏—Ñ—Ä–æ
                                                  –Ω–∞–±–æ—Ä, –∫–æ—Ç–æ—Ä—ã–π...

You may provide a definition with
\DeclareUnicodeCharacter 


! Package inputenc Error: Unicode character –Ω (U+043D)
(inputenc)                not set up for use with LaTeX.

See the inputenc package documentation for explanation.
Type  H <return>  for immediate help.
 ...                                              
                                                  
l.11 ...Ä–≤–µ—Ä –º–æ–≥ –≤—ã–±—Ä–∞—Ç—å —à–∏—Ñ—Ä–æ–Ω
                                                  –∞–±–æ—Ä, –∫–æ—Ç–æ—Ä—ã–π –...

You may provide a definition with
\DeclareUnicodeCharacter 


! Package inputenc Error: Unicode character –∞ (U+0430)
(inputenc)                not set up for use with LaTeX.

See the inputenc package documentation for explanation.
Type  H <return>  for immediate help.
 ...                                              
                                                  
l.11 ...≤–µ—Ä –º–æ–≥ –≤—ã–±—Ä–∞—Ç—å —à–∏—Ñ—Ä–æ–Ω–∞
                                                  –±–æ—Ä, –∫–æ—Ç–æ—Ä—ã–π –±—...

You may provide a definition with
\DeclareUnicodeCharacter 


! Package inputenc Error: Unicode character –± (U+0431)
(inputenc)                not set up for use with LaTeX.

See the inputenc package documentation for explanation.
Type  H <return>  for immediate help.
 ...                                              
                                                  
l.11 ...µ—Ä –º–æ–≥ –≤—ã–±—Ä–∞—Ç—å —à–∏—Ñ—Ä–æ–Ω–∞–±
                                                  –æ—Ä, –∫–æ—Ç–æ—Ä—ã–π –±—É–...

You may provide a definition with
\DeclareUnicodeCharacter 


! Package inputenc Error: Unicode character –æ (U+043E)
(inputenc)                not set up for use with LaTeX.

See the inputenc package documentation for explanation.
Type  H <return>  for immediate help.
 ...                                              
                                                  
l.11 ...Ä –º–æ–≥ –≤—ã–±—Ä–∞—Ç—å —à–∏—Ñ—Ä–æ–Ω–∞–±–æ
                                                  —Ä, –∫–æ—Ç–æ—Ä—ã–π –±—É–¥–...
(That makes 100 errors; please try again.) 
Here is how much of TeX's memory you used:
 56 strings out of 478862
 880 string characters out of 5858945
 286481 words of memory out of 6000000
 17790 multiletter control sequences out of 15000+600000
 403430 words of font info for 27 fonts, out of 8000000 for 9000
 1137 hyphenation exceptions out of 8191
 12i,1n,13p,607b,102s stack positions out of 5000i,500n,10000p,200000b,80000s

!  ==> Fatal error occurred, no output PDF file produced!
