This is pdfTeX, Version 3.141592653-2.6-1.40.22 (TeX Live 2021) (preloaded format=pdflatex 2022.1.27)  2 MAR 2022 02:26
entering extended mode
 restricted \write18 enabled.
 %&-line parsing enabled.
**02-analysis.tex
(./02-analysis.tex
LaTeX2e <2020-10-01> patch level 4
L3 programming layer <2021-05-07>
! Undefined control sequence.
l.1 \chapter
            {–ê–Ω–∞–ª–∏–∑ –ø—Ä–µ–¥–º–µ—Ç–Ω–æ–π –æ–±–ª–∞—Å—Ç–∏}
The control sequence at the end of the top line
of your error message was never \def'ed. If you have
misspelled it (e.g., `\hobx'), type `I' and the correct
spelling (e.g., `I\hbox'). Otherwise just continue,
and I'll forget about whatever was undefined.


! Package inputenc Error: Unicode character –ê (U+0410)
(inputenc)                not set up for use with LaTeX.

See the inputenc package documentation for explanation.
Type  H <return>  for immediate help.
 ...                                              
                                                  
l.1 \chapter{–ê
               –Ω–∞–ª–∏–∑ –ø—Ä–µ–¥–º–µ—Ç–Ω–æ–π –æ–±–ª–∞—Å—Ç–∏}
You may provide a definition with
\DeclareUnicodeCharacter 


! Package inputenc Error: Unicode character –Ω (U+043D)
(inputenc)                not set up for use with LaTeX.

See the inputenc package documentation for explanation.
Type  H <return>  for immediate help.
 ...                                              
                                                  
l.1 \chapter{–ê–Ω
                 –∞–ª–∏–∑ –ø—Ä–µ–¥–º–µ—Ç–Ω–æ–π –æ–±–ª–∞—Å—Ç–∏}
You may provide a definition with
\DeclareUnicodeCharacter 


! Package inputenc Error: Unicode character –∞ (U+0430)
(inputenc)                not set up for use with LaTeX.

See the inputenc package documentation for explanation.
Type  H <return>  for immediate help.
 ...                                              
                                                  
l.1 \chapter{–ê–Ω–∞
                   –ª–∏–∑ –ø—Ä–µ–¥–º–µ—Ç–Ω–æ–π –æ–±–ª–∞—Å—Ç–∏}
You may provide a definition with
\DeclareUnicodeCharacter 


! Package inputenc Error: Unicode character –ª (U+043B)
(inputenc)                not set up for use with LaTeX.

See the inputenc package documentation for explanation.
Type  H <return>  for immediate help.
 ...                                              
                                                  
l.1 \chapter{–ê–Ω–∞–ª
                     –∏–∑ –ø—Ä–µ–¥–º–µ—Ç–Ω–æ–π –æ–±–ª–∞—Å—Ç–∏}
You may provide a definition with
\DeclareUnicodeCharacter 


! Package inputenc Error: Unicode character –∏ (U+0438)
(inputenc)                not set up for use with LaTeX.

See the inputenc package documentation for explanation.
Type  H <return>  for immediate help.
 ...                                              
                                                  
l.1 \chapter{–ê–Ω–∞–ª–∏
                       –∑ –ø—Ä–µ–¥–º–µ—Ç–Ω–æ–π –æ–±–ª–∞—Å—Ç–∏}
You may provide a definition with
\DeclareUnicodeCharacter 


! Package inputenc Error: Unicode character –∑ (U+0437)
(inputenc)                not set up for use with LaTeX.

See the inputenc package documentation for explanation.
Type  H <return>  for immediate help.
 ...                                              
                                                  
l.1 \chapter{–ê–Ω–∞–ª–∏–∑
                          –ø—Ä–µ–¥–º–µ—Ç–Ω–æ–π –æ–±–ª–∞—Å—Ç–∏}
You may provide a definition with
\DeclareUnicodeCharacter 


! Package inputenc Error: Unicode character –ø (U+043F)
(inputenc)                not set up for use with LaTeX.

See the inputenc package documentation for explanation.
Type  H <return>  for immediate help.
 ...                                              
                                                  
l.1 \chapter{–ê–Ω–∞–ª–∏–∑ –ø
                            —Ä–µ–¥–º–µ—Ç–Ω–æ–π –æ–±–ª–∞—Å—Ç–∏}
You may provide a definition with
\DeclareUnicodeCharacter 


! Package inputenc Error: Unicode character —Ä (U+0440)
(inputenc)                not set up for use with LaTeX.

See the inputenc package documentation for explanation.
Type  H <return>  for immediate help.
 ...                                              
                                                  
l.1 \chapter{–ê–Ω–∞–ª–∏–∑ –ø—Ä
                              –µ–¥–º–µ—Ç–Ω–æ–π –æ–±–ª–∞—Å—Ç–∏}
You may provide a definition with
\DeclareUnicodeCharacter 


! Package inputenc Error: Unicode character –µ (U+0435)
(inputenc)                not set up for use with LaTeX.

See the inputenc package documentation for explanation.
Type  H <return>  for immediate help.
 ...                                              
                                                  
l.1 \chapter{–ê–Ω–∞–ª–∏–∑ –ø—Ä–µ
                                –¥–º–µ—Ç–Ω–æ–π –æ–±–ª–∞—Å—Ç–∏}
You may provide a definition with
\DeclareUnicodeCharacter 


! Package inputenc Error: Unicode character –¥ (U+0434)
(inputenc)                not set up for use with LaTeX.

See the inputenc package documentation for explanation.
Type  H <return>  for immediate help.
 ...                                              
                                                  
l.1 \chapter{–ê–Ω–∞–ª–∏–∑ –ø—Ä–µ–¥
                                  –º–µ—Ç–Ω–æ–π –æ–±–ª–∞—Å—Ç–∏}
You may provide a definition with
\DeclareUnicodeCharacter 


! Package inputenc Error: Unicode character –º (U+043C)
(inputenc)                not set up for use with LaTeX.

See the inputenc package documentation for explanation.
Type  H <return>  for immediate help.
 ...                                              
                                                  
l.1 \chapter{–ê–Ω–∞–ª–∏–∑ –ø—Ä–µ–¥–º
                                    –µ—Ç–Ω–æ–π –æ–±–ª–∞—Å—Ç–∏}
You may provide a definition with
\DeclareUnicodeCharacter 


! Package inputenc Error: Unicode character –µ (U+0435)
(inputenc)                not set up for use with LaTeX.

See the inputenc package documentation for explanation.
Type  H <return>  for immediate help.
 ...                                              
                                                  
l.1 \chapter{–ê–Ω–∞–ª–∏–∑ –ø—Ä–µ–¥–º–µ
                                      —Ç–Ω–æ–π –æ–±–ª–∞—Å—Ç–∏}
You may provide a definition with
\DeclareUnicodeCharacter 


! Package inputenc Error: Unicode character —Ç (U+0442)
(inputenc)                not set up for use with LaTeX.

See the inputenc package documentation for explanation.
Type  H <return>  for immediate help.
 ...                                              
                                                  
l.1 \chapter{–ê–Ω–∞–ª–∏–∑ –ø—Ä–µ–¥–º–µ—Ç
                                        –Ω–æ–π –æ–±–ª–∞—Å—Ç–∏}
You may provide a definition with
\DeclareUnicodeCharacter 


! Package inputenc Error: Unicode character –Ω (U+043D)
(inputenc)                not set up for use with LaTeX.

See the inputenc package documentation for explanation.
Type  H <return>  for immediate help.
 ...                                              
                                                  
l.1 \chapter{–ê–Ω–∞–ª–∏–∑ –ø—Ä–µ–¥–º–µ—Ç–Ω
                                          –æ–π –æ–±–ª–∞—Å—Ç–∏}
You may provide a definition with
\DeclareUnicodeCharacter 


! Package inputenc Error: Unicode character –æ (U+043E)
(inputenc)                not set up for use with LaTeX.

See the inputenc package documentation for explanation.
Type  H <return>  for immediate help.
 ...                                              
                                                  
l.1 \chapter{–ê–Ω–∞–ª–∏–∑ –ø—Ä–µ–¥–º–µ—Ç–Ω–æ
                                            –π –æ–±–ª–∞—Å—Ç–∏}
You may provide a definition with
\DeclareUnicodeCharacter 


! Package inputenc Error: Unicode character –π (U+0439)
(inputenc)                not set up for use with LaTeX.

See the inputenc package documentation for explanation.
Type  H <return>  for immediate help.
 ...                                              
                                                  
l.1 \chapter{–ê–Ω–∞–ª–∏–∑ –ø—Ä–µ–¥–º–µ—Ç–Ω–æ–π
                                               –æ–±–ª–∞—Å—Ç–∏}
You may provide a definition with
\DeclareUnicodeCharacter 


! Package inputenc Error: Unicode character –æ (U+043E)
(inputenc)                not set up for use with LaTeX.

See the inputenc package documentation for explanation.
Type  H <return>  for immediate help.
 ...                                              
                                                  
l.1 \chapter{–ê–Ω–∞–ª–∏–∑ –ø—Ä–µ–¥–º–µ—Ç–Ω–æ–π –æ
                                                 –±–ª–∞—Å—Ç–∏}
You may provide a definition with
\DeclareUnicodeCharacter 


! Package inputenc Error: Unicode character –± (U+0431)
(inputenc)                not set up for use with LaTeX.

See the inputenc package documentation for explanation.
Type  H <return>  for immediate help.
 ...                                              
                                                  
l.1 ...pter{–ê–Ω–∞–ª–∏–∑ –ø—Ä–µ–¥–º–µ—Ç–Ω–æ–π –æ–±
                                                  –ª–∞—Å—Ç–∏}
You may provide a definition with
\DeclareUnicodeCharacter 


! Package inputenc Error: Unicode character –ª (U+043B)
(inputenc)                not set up for use with LaTeX.

See the inputenc package documentation for explanation.
Type  H <return>  for immediate help.
 ...                                              
                                                  
l.1 ...er{–ê–Ω–∞–ª–∏–∑ –ø—Ä–µ–¥–º–µ—Ç–Ω–æ–π –æ–±–ª
                                                  –∞—Å—Ç–∏}
You may provide a definition with
\DeclareUnicodeCharacter 


! Package inputenc Error: Unicode character –∞ (U+0430)
(inputenc)                not set up for use with LaTeX.

See the inputenc package documentation for explanation.
Type  H <return>  for immediate help.
 ...                                              
                                                  
l.1 ...{–ê–Ω–∞–ª–∏–∑ –ø—Ä–µ–¥–º–µ—Ç–Ω–æ–π –æ–±–ª–∞
                                                  —Å—Ç–∏}
You may provide a definition with
\DeclareUnicodeCharacter 


! Package inputenc Error: Unicode character —Å (U+0441)
(inputenc)                not set up for use with LaTeX.

See the inputenc package documentation for explanation.
Type  H <return>  for immediate help.
 ...                                              
                                                  
l.1 ...ê–Ω–∞–ª–∏–∑ –ø—Ä–µ–¥–º–µ—Ç–Ω–æ–π –æ–±–ª–∞—Å
                                                  —Ç–∏}
You may provide a definition with
\DeclareUnicodeCharacter 


! Package inputenc Error: Unicode character —Ç (U+0442)
(inputenc)                not set up for use with LaTeX.

See the inputenc package documentation for explanation.
Type  H <return>  for immediate help.
 ...                                              
                                                  
l.1 ...Ω–∞–ª–∏–∑ –ø—Ä–µ–¥–º–µ—Ç–Ω–æ–π –æ–±–ª–∞—Å—Ç
                                                  –∏}
You may provide a definition with
\DeclareUnicodeCharacter 


! Package inputenc Error: Unicode character –∏ (U+0438)
(inputenc)                not set up for use with LaTeX.

See the inputenc package documentation for explanation.
Type  H <return>  for immediate help.
 ...                                              
                                                  
l.1 ...∞–ª–∏–∑ –ø—Ä–µ–¥–º–µ—Ç–Ω–æ–π –æ–±–ª–∞—Å—Ç–∏
                                                  }
You may provide a definition with
\DeclareUnicodeCharacter 


! Package inputenc Error: Unicode character –ò (U+0418)
(inputenc)                not set up for use with LaTeX.

See the inputenc package documentation for explanation.
Type  H <return>  for immediate help.
 ...                                              
                                                  
l.3 –ò
      –∑–æ–±—Ä–∞–∂–µ–Ω–∏—è –∏ –∏–ª–ª—é—Å—Ç—Ä–∞—Ü–∏–∏ —Å—Ç–∞–ª–∏ –∏—Å–ø–æ–ª—å...

You may provide a definition with
\DeclareUnicodeCharacter 


! Package inputenc Error: Unicode character –∑ (U+0437)
(inputenc)                not set up for use with LaTeX.

See the inputenc package documentation for explanation.
Type  H <return>  for immediate help.
 ...                                              
                                                  
l.3 –ò–∑
        –æ–±—Ä–∞–∂–µ–Ω–∏—è –∏ –∏–ª–ª—é—Å—Ç—Ä–∞—Ü–∏–∏ —Å—Ç–∞–ª–∏ –∏—Å–ø–æ–ª—å...

You may provide a definition with
\DeclareUnicodeCharacter 


! Package inputenc Error: Unicode character –æ (U+043E)
(inputenc)                not set up for use with LaTeX.

See the inputenc package documentation for explanation.
Type  H <return>  for immediate help.
 ...                                              
                                                  
l.3 –ò–∑–æ
          –±—Ä–∞–∂–µ–Ω–∏—è –∏ –∏–ª–ª—é—Å—Ç—Ä–∞—Ü–∏–∏ —Å—Ç–∞–ª–∏ –∏—Å–ø–æ–ª—å...

You may provide a definition with
\DeclareUnicodeCharacter 


! Package inputenc Error: Unicode character –± (U+0431)
(inputenc)                not set up for use with LaTeX.

See the inputenc package documentation for explanation.
Type  H <return>  for immediate help.
 ...                                              
                                                  
l.3 –ò–∑–æ–±
            —Ä–∞–∂–µ–Ω–∏—è –∏ –∏–ª–ª—é—Å—Ç—Ä–∞—Ü–∏–∏ —Å—Ç–∞–ª–∏ –∏—Å–ø–æ–ª—å...

You may provide a definition with
\DeclareUnicodeCharacter 


! Package inputenc Error: Unicode character —Ä (U+0440)
(inputenc)                not set up for use with LaTeX.

See the inputenc package documentation for explanation.
Type  H <return>  for immediate help.
 ...                                              
                                                  
l.3 –ò–∑–æ–±—Ä
              –∞–∂–µ–Ω–∏—è –∏ –∏–ª–ª—é—Å—Ç—Ä–∞—Ü–∏–∏ —Å—Ç–∞–ª–∏ –∏—Å–ø–æ–ª—å...

You may provide a definition with
\DeclareUnicodeCharacter 


! Package inputenc Error: Unicode character –∞ (U+0430)
(inputenc)                not set up for use with LaTeX.

See the inputenc package documentation for explanation.
Type  H <return>  for immediate help.
 ...                                              
                                                  
l.3 –ò–∑–æ–±—Ä–∞
                –∂–µ–Ω–∏—è –∏ –∏–ª–ª—é—Å—Ç—Ä–∞—Ü–∏–∏ —Å—Ç–∞–ª–∏ –∏—Å–ø–æ–ª—å...

You may provide a definition with
\DeclareUnicodeCharacter 


! Package inputenc Error: Unicode character –∂ (U+0436)
(inputenc)                not set up for use with LaTeX.

See the inputenc package documentation for explanation.
Type  H <return>  for immediate help.
 ...                                              
                                                  
l.3 –ò–∑–æ–±—Ä–∞–∂
                  –µ–Ω–∏—è –∏ –∏–ª–ª—é—Å—Ç—Ä–∞—Ü–∏–∏ —Å—Ç–∞–ª–∏ –∏—Å–ø–æ–ª—å...

You may provide a definition with
\DeclareUnicodeCharacter 


! Package inputenc Error: Unicode character –µ (U+0435)
(inputenc)                not set up for use with LaTeX.

See the inputenc package documentation for explanation.
Type  H <return>  for immediate help.
 ...                                              
                                                  
l.3 –ò–∑–æ–±—Ä–∞–∂–µ
                    –Ω–∏—è –∏ –∏–ª–ª—é—Å—Ç—Ä–∞—Ü–∏–∏ —Å—Ç–∞–ª–∏ –∏—Å–ø–æ–ª—å...

You may provide a definition with
\DeclareUnicodeCharacter 


! Package inputenc Error: Unicode character –Ω (U+043D)
(inputenc)                not set up for use with LaTeX.

See the inputenc package documentation for explanation.
Type  H <return>  for immediate help.
 ...                                              
                                                  
l.3 –ò–∑–æ–±—Ä–∞–∂–µ–Ω
                      –∏—è –∏ –∏–ª–ª—é—Å—Ç—Ä–∞—Ü–∏–∏ —Å—Ç–∞–ª–∏ –∏—Å–ø–æ–ª—å...

You may provide a definition with
\DeclareUnicodeCharacter 


! Package inputenc Error: Unicode character –∏ (U+0438)
(inputenc)                not set up for use with LaTeX.

See the inputenc package documentation for explanation.
Type  H <return>  for immediate help.
 ...                                              
                                                  
l.3 –ò–∑–æ–±—Ä–∞–∂–µ–Ω–∏
                        —è –∏ –∏–ª–ª—é—Å—Ç—Ä–∞—Ü–∏–∏ —Å—Ç–∞–ª–∏ –∏—Å–ø–æ–ª—å...

You may provide a definition with
\DeclareUnicodeCharacter 


! Package inputenc Error: Unicode character —è (U+044F)
(inputenc)                not set up for use with LaTeX.

See the inputenc package documentation for explanation.
Type  H <return>  for immediate help.
 ...                                              
                                                  
l.3 –ò–∑–æ–±—Ä–∞–∂–µ–Ω–∏—è
                           –∏ –∏–ª–ª—é—Å—Ç—Ä–∞—Ü–∏–∏ —Å—Ç–∞–ª–∏ –∏—Å–ø–æ–ª—å...

You may provide a definition with
\DeclareUnicodeCharacter 


! Package inputenc Error: Unicode character –∏ (U+0438)
(inputenc)                not set up for use with LaTeX.

See the inputenc package documentation for explanation.
Type  H <return>  for immediate help.
 ...                                              
                                                  
l.3 –ò–∑–æ–±—Ä–∞–∂–µ–Ω–∏—è –∏
                              –∏–ª–ª—é—Å—Ç—Ä–∞—Ü–∏–∏ —Å—Ç–∞–ª–∏ –∏—Å–ø–æ–ª—å...

You may provide a definition with
\DeclareUnicodeCharacter 


! Package inputenc Error: Unicode character –∏ (U+0438)
(inputenc)                not set up for use with LaTeX.

See the inputenc package documentation for explanation.
Type  H <return>  for immediate help.
 ...                                              
                                                  
l.3 –ò–∑–æ–±—Ä–∞–∂–µ–Ω–∏—è –∏ –∏
                                –ª–ª—é—Å—Ç—Ä–∞—Ü–∏–∏ —Å—Ç–∞–ª–∏ –∏—Å–ø–æ–ª—å...

You may provide a definition with
\DeclareUnicodeCharacter 


! Package inputenc Error: Unicode character –ª (U+043B)
(inputenc)                not set up for use with LaTeX.

See the inputenc package documentation for explanation.
Type  H <return>  for immediate help.
 ...                                              
                                                  
l.3 –ò–∑–æ–±—Ä–∞–∂–µ–Ω–∏—è –∏ –∏–ª
                                  –ª—é—Å—Ç—Ä–∞—Ü–∏–∏ —Å—Ç–∞–ª–∏ –∏—Å–ø–æ–ª—å...

You may provide a definition with
\DeclareUnicodeCharacter 


! Package inputenc Error: Unicode character –ª (U+043B)
(inputenc)                not set up for use with LaTeX.

See the inputenc package documentation for explanation.
Type  H <return>  for immediate help.
 ...                                              
                                                  
l.3 –ò–∑–æ–±—Ä–∞–∂–µ–Ω–∏—è –∏ –∏–ª–ª
                                    —é—Å—Ç—Ä–∞—Ü–∏–∏ —Å—Ç–∞–ª–∏ –∏—Å–ø–æ–ª—å...

You may provide a definition with
\DeclareUnicodeCharacter 


! Package inputenc Error: Unicode character —é (U+044E)
(inputenc)                not set up for use with LaTeX.

See the inputenc package documentation for explanation.
Type  H <return>  for immediate help.
 ...                                              
                                                  
l.3 –ò–∑–æ–±—Ä–∞–∂–µ–Ω–∏—è –∏ –∏–ª–ª—é
                                      —Å—Ç—Ä–∞—Ü–∏–∏ —Å—Ç–∞–ª–∏ –∏—Å–ø–æ–ª—å...

You may provide a definition with
\DeclareUnicodeCharacter 


! Package inputenc Error: Unicode character —Å (U+0441)
(inputenc)                not set up for use with LaTeX.

See the inputenc package documentation for explanation.
Type  H <return>  for immediate help.
 ...                                              
                                                  
l.3 –ò–∑–æ–±—Ä–∞–∂–µ–Ω–∏—è –∏ –∏–ª–ª—é—Å
                                        —Ç—Ä–∞—Ü–∏–∏ —Å—Ç–∞–ª–∏ –∏—Å–ø–æ–ª—å...

You may provide a definition with
\DeclareUnicodeCharacter 


! Package inputenc Error: Unicode character —Ç (U+0442)
(inputenc)                not set up for use with LaTeX.

See the inputenc package documentation for explanation.
Type  H <return>  for immediate help.
 ...                                              
                                                  
l.3 –ò–∑–æ–±—Ä–∞–∂–µ–Ω–∏—è –∏ –∏–ª–ª—é—Å—Ç
                                          —Ä–∞—Ü–∏–∏ —Å—Ç–∞–ª–∏ –∏—Å–ø–æ–ª—å...

You may provide a definition with
\DeclareUnicodeCharacter 


! Package inputenc Error: Unicode character —Ä (U+0440)
(inputenc)                not set up for use with LaTeX.

See the inputenc package documentation for explanation.
Type  H <return>  for immediate help.
 ...                                              
                                                  
l.3 –ò–∑–æ–±—Ä–∞–∂–µ–Ω–∏—è –∏ –∏–ª–ª—é—Å—Ç—Ä
                                            –∞—Ü–∏–∏ —Å—Ç–∞–ª–∏ –∏—Å–ø–æ–ª—å...

You may provide a definition with
\DeclareUnicodeCharacter 


! Package inputenc Error: Unicode character –∞ (U+0430)
(inputenc)                not set up for use with LaTeX.

See the inputenc package documentation for explanation.
Type  H <return>  for immediate help.
 ...                                              
                                                  
l.3 –ò–∑–æ–±—Ä–∞–∂–µ–Ω–∏—è –∏ –∏–ª–ª—é—Å—Ç—Ä–∞
                                              —Ü–∏–∏ —Å—Ç–∞–ª–∏ –∏—Å–ø–æ–ª—å...

You may provide a definition with
\DeclareUnicodeCharacter 


! Package inputenc Error: Unicode character —Ü (U+0446)
(inputenc)                not set up for use with LaTeX.

See the inputenc package documentation for explanation.
Type  H <return>  for immediate help.
 ...                                              
                                                  
l.3 –ò–∑–æ–±—Ä–∞–∂–µ–Ω–∏—è –∏ –∏–ª–ª—é—Å—Ç—Ä–∞—Ü
                                                –∏–∏ —Å—Ç–∞–ª–∏ –∏—Å–ø–æ–ª—å...

You may provide a definition with
\DeclareUnicodeCharacter 


! Package inputenc Error: Unicode character –∏ (U+0438)
(inputenc)                not set up for use with LaTeX.

See the inputenc package documentation for explanation.
Type  H <return>  for immediate help.
 ...                                              
                                                  
l.3 –ò–∑–æ–±—Ä–∞–∂–µ–Ω–∏—è –∏ –∏–ª–ª—é—Å—Ç—Ä–∞—Ü–∏
                                                  –∏ —Å—Ç–∞–ª–∏ –∏—Å–ø–æ–ª—å...

You may provide a definition with
\DeclareUnicodeCharacter 


! Package inputenc Error: Unicode character –∏ (U+0438)
(inputenc)                not set up for use with LaTeX.

See the inputenc package documentation for explanation.
Type  H <return>  for immediate help.
 ...                                              
                                                  
l.3 ...æ–±—Ä–∞–∂–µ–Ω–∏—è –∏ –∏–ª–ª—é—Å—Ç—Ä–∞—Ü–∏–∏
                                                   —Å—Ç–∞–ª–∏ –∏—Å–ø–æ–ª—å–∑...

You may provide a definition with
\DeclareUnicodeCharacter 


! Package inputenc Error: Unicode character —Å (U+0441)
(inputenc)                not set up for use with LaTeX.

See the inputenc package documentation for explanation.
Type  H <return>  for immediate help.
 ...                                              
                                                  
l.3 ...—Ä–∞–∂–µ–Ω–∏—è –∏ –∏–ª–ª—é—Å—Ç—Ä–∞—Ü–∏–∏ —Å
                                                  —Ç–∞–ª–∏ –∏—Å–ø–æ–ª—å–∑–æ–...

You may provide a definition with
\DeclareUnicodeCharacter 


! Package inputenc Error: Unicode character —Ç (U+0442)
(inputenc)                not set up for use with LaTeX.

See the inputenc package documentation for explanation.
Type  H <return>  for immediate help.
 ...                                              
                                                  
l.3 ...–∞–∂–µ–Ω–∏—è –∏ –∏–ª–ª—é—Å—Ç—Ä–∞—Ü–∏–∏ —Å—Ç
                                                  –∞–ª–∏ –∏—Å–ø–æ–ª—å–∑–æ–≤–...

You may provide a definition with
\DeclareUnicodeCharacter 


! Package inputenc Error: Unicode character –∞ (U+0430)
(inputenc)                not set up for use with LaTeX.

See the inputenc package documentation for explanation.
Type  H <return>  for immediate help.
 ...                                              
                                                  
l.3 ...–∂–µ–Ω–∏—è –∏ –∏–ª–ª—é—Å—Ç—Ä–∞—Ü–∏–∏ —Å—Ç–∞
                                                  –ª–∏ –∏—Å–ø–æ–ª—å–∑–æ–≤–∞—...

You may provide a definition with
\DeclareUnicodeCharacter 


! Package inputenc Error: Unicode character –ª (U+043B)
(inputenc)                not set up for use with LaTeX.

See the inputenc package documentation for explanation.
Type  H <return>  for immediate help.
 ...                                              
                                                  
l.3 ...–µ–Ω–∏—è –∏ –∏–ª–ª—é—Å—Ç—Ä–∞—Ü–∏–∏ —Å—Ç–∞–ª
                                                  –∏ –∏—Å–ø–æ–ª—å–∑–æ–≤–∞—Ç—...

You may provide a definition with
\DeclareUnicodeCharacter 


! Package inputenc Error: Unicode character –∏ (U+0438)
(inputenc)                not set up for use with LaTeX.

See the inputenc package documentation for explanation.
Type  H <return>  for immediate help.
 ...                                              
                                                  
l.3 ...–Ω–∏—è –∏ –∏–ª–ª—é—Å—Ç—Ä–∞—Ü–∏–∏ —Å—Ç–∞–ª–∏
                                                   –∏—Å–ø–æ–ª—å–∑–æ–≤–∞—Ç—å—...

You may provide a definition with
\DeclareUnicodeCharacter 


! Package inputenc Error: Unicode character –∏ (U+0438)
(inputenc)                not set up for use with LaTeX.

See the inputenc package documentation for explanation.
Type  H <return>  for immediate help.
 ...                                              
                                                  
l.3 ...∏—è –∏ –∏–ª–ª—é—Å—Ç—Ä–∞—Ü–∏–∏ —Å—Ç–∞–ª–∏ –∏
                                                  —Å–ø–æ–ª—å–∑–æ–≤–∞—Ç—å—Å—è...

You may provide a definition with
\DeclareUnicodeCharacter 


! Package inputenc Error: Unicode character —Å (U+0441)
(inputenc)                not set up for use with LaTeX.

See the inputenc package documentation for explanation.
Type  H <return>  for immediate help.
 ...                                              
                                                  
l.3 ...è –∏ –∏–ª–ª—é—Å—Ç—Ä–∞—Ü–∏–∏ —Å—Ç–∞–ª–∏ –∏—Å
                                                  –ø–æ–ª—å–∑–æ–≤–∞—Ç—å—Å—è –...

You may provide a definition with
\DeclareUnicodeCharacter 


! Package inputenc Error: Unicode character –ø (U+043F)
(inputenc)                not set up for use with LaTeX.

See the inputenc package documentation for explanation.
Type  H <return>  for immediate help.
 ...                                              
                                                  
l.3 ...–∏ –∏–ª–ª—é—Å—Ç—Ä–∞—Ü–∏–∏ —Å—Ç–∞–ª–∏ –∏—Å–ø
                                                  –æ–ª—å–∑–æ–≤–∞—Ç—å—Å—è –ø–...

You may provide a definition with
\DeclareUnicodeCharacter 


! Package inputenc Error: Unicode character –æ (U+043E)
(inputenc)                not set up for use with LaTeX.

See the inputenc package documentation for explanation.
Type  H <return>  for immediate help.
 ...                                              
                                                  
l.3 ... –∏–ª–ª—é—Å—Ç—Ä–∞—Ü–∏–∏ —Å—Ç–∞–ª–∏ –∏—Å–ø–æ
                                                  –ª—å–∑–æ–≤–∞—Ç—å—Å—è –ø–æ–...

You may provide a definition with
\DeclareUnicodeCharacter 


! Package inputenc Error: Unicode character –ª (U+043B)
(inputenc)                not set up for use with LaTeX.

See the inputenc package documentation for explanation.
Type  H <return>  for immediate help.
 ...                                              
                                                  
l.3 ...∏–ª–ª—é—Å—Ç—Ä–∞—Ü–∏–∏ —Å—Ç–∞–ª–∏ –∏—Å–ø–æ–ª
                                                  —å–∑–æ–≤–∞—Ç—å—Å—è –ø–æ–≤—...

You may provide a definition with
\DeclareUnicodeCharacter 


! Package inputenc Error: Unicode character —å (U+044C)
(inputenc)                not set up for use with LaTeX.

See the inputenc package documentation for explanation.
Type  H <return>  for immediate help.
 ...                                              
                                                  
l.3 ...ª–ª—é—Å—Ç—Ä–∞—Ü–∏–∏ —Å—Ç–∞–ª–∏ –∏—Å–ø–æ–ª—å
                                                  –∑–æ–≤–∞—Ç—å—Å—è –ø–æ–≤—Å–...

You may provide a definition with
\DeclareUnicodeCharacter 


! Package inputenc Error: Unicode character –∑ (U+0437)
(inputenc)                not set up for use with LaTeX.

See the inputenc package documentation for explanation.
Type  H <return>  for immediate help.
 ...                                              
                                                  
l.3 ...ª—é—Å—Ç—Ä–∞—Ü–∏–∏ —Å—Ç–∞–ª–∏ –∏—Å–ø–æ–ª—å–∑
                                                  –æ–≤–∞—Ç—å—Å—è –ø–æ–≤—Å–µ–...

You may provide a definition with
\DeclareUnicodeCharacter 


! Package inputenc Error: Unicode character –æ (U+043E)
(inputenc)                not set up for use with LaTeX.

See the inputenc package documentation for explanation.
Type  H <return>  for immediate help.
 ...                                              
                                                  
l.3 ...é—Å—Ç—Ä–∞—Ü–∏–∏ —Å—Ç–∞–ª–∏ –∏—Å–ø–æ–ª—å–∑–æ
                                                  –≤–∞—Ç—å—Å—è –ø–æ–≤—Å–µ–º–...

You may provide a definition with
\DeclareUnicodeCharacter 


! Package inputenc Error: Unicode character –≤ (U+0432)
(inputenc)                not set up for use with LaTeX.

See the inputenc package documentation for explanation.
Type  H <return>  for immediate help.
 ...                                              
                                                  
l.3 ...Å—Ç—Ä–∞—Ü–∏–∏ —Å—Ç–∞–ª–∏ –∏—Å–ø–æ–ª—å–∑–æ–≤
                                                  –∞—Ç—å—Å—è –ø–æ–≤—Å–µ–º–µ—...

You may provide a definition with
\DeclareUnicodeCharacter 


! Package inputenc Error: Unicode character –∞ (U+0430)
(inputenc)                not set up for use with LaTeX.

See the inputenc package documentation for explanation.
Type  H <return>  for immediate help.
 ...                                              
                                                  
l.3 ...Ç—Ä–∞—Ü–∏–∏ —Å—Ç–∞–ª–∏ –∏—Å–ø–æ–ª—å–∑–æ–≤–∞
                                                  —Ç—å—Å—è –ø–æ–≤—Å–µ–º–µ—Å—...

You may provide a definition with
\DeclareUnicodeCharacter 


! Package inputenc Error: Unicode character —Ç (U+0442)
(inputenc)                not set up for use with LaTeX.

See the inputenc package documentation for explanation.
Type  H <return>  for immediate help.
 ...                                              
                                                  
l.3 ...Ä–∞—Ü–∏–∏ —Å—Ç–∞–ª–∏ –∏—Å–ø–æ–ª—å–∑–æ–≤–∞—Ç
                                                  —å—Å—è –ø–æ–≤—Å–µ–º–µ—Å—Ç–...

You may provide a definition with
\DeclareUnicodeCharacter 


! Package inputenc Error: Unicode character —å (U+044C)
(inputenc)                not set up for use with LaTeX.

See the inputenc package documentation for explanation.
Type  H <return>  for immediate help.
 ...                                              
                                                  
l.3 ...∞—Ü–∏–∏ —Å—Ç–∞–ª–∏ –∏—Å–ø–æ–ª—å–∑–æ–≤–∞—Ç—å
                                                  —Å—è –ø–æ–≤—Å–µ–º–µ—Å—Ç–Ω–...

You may provide a definition with
\DeclareUnicodeCharacter 


! Package inputenc Error: Unicode character —Å (U+0441)
(inputenc)                not set up for use with LaTeX.

See the inputenc package documentation for explanation.
Type  H <return>  for immediate help.
 ...                                              
                                                  
l.3 ...Ü–∏–∏ —Å—Ç–∞–ª–∏ –∏—Å–ø–æ–ª—å–∑–æ–≤–∞—Ç—å—Å
                                                  —è –ø–æ–≤—Å–µ–º–µ—Å—Ç–Ω–æ ...

You may provide a definition with
\DeclareUnicodeCharacter 


! Package inputenc Error: Unicode character —è (U+044F)
(inputenc)                not set up for use with LaTeX.

See the inputenc package documentation for explanation.
Type  H <return>  for immediate help.
 ...                                              
                                                  
l.3 ...∏–∏ —Å—Ç–∞–ª–∏ –∏—Å–ø–æ–ª—å–∑–æ–≤–∞—Ç—å—Å—è
                                                   –ø–æ–≤—Å–µ–º–µ—Å—Ç–Ω–æ --...

You may provide a definition with
\DeclareUnicodeCharacter 


! Package inputenc Error: Unicode character –ø (U+043F)
(inputenc)                not set up for use with LaTeX.

See the inputenc package documentation for explanation.
Type  H <return>  for immediate help.
 ...                                              
                                                  
l.3 ... —Å—Ç–∞–ª–∏ –∏—Å–ø–æ–ª—å–∑–æ–≤–∞—Ç—å—Å—è –ø
                                                  –æ–≤—Å–µ–º–µ—Å—Ç–Ω–æ --- –...

You may provide a definition with
\DeclareUnicodeCharacter 


! Package inputenc Error: Unicode character –æ (U+043E)
(inputenc)                not set up for use with LaTeX.

See the inputenc package documentation for explanation.
Type  H <return>  for immediate help.
 ...                                              
                                                  
l.3 ...Å—Ç–∞–ª–∏ –∏—Å–ø–æ–ª—å–∑–æ–≤–∞—Ç—å—Å—è –ø–æ
                                                  –≤—Å–µ–º–µ—Å—Ç–Ω–æ --- –≤–...

You may provide a definition with
\DeclareUnicodeCharacter 


! Package inputenc Error: Unicode character –≤ (U+0432)
(inputenc)                not set up for use with LaTeX.

See the inputenc package documentation for explanation.
Type  H <return>  for immediate help.
 ...                                              
                                                  
l.3 ...Ç–∞–ª–∏ –∏—Å–ø–æ–ª—å–∑–æ–≤–∞—Ç—å—Å—è –ø–æ–≤
                                                  —Å–µ–º–µ—Å—Ç–Ω–æ --- –≤–æ–...

You may provide a definition with
\DeclareUnicodeCharacter 


! Package inputenc Error: Unicode character —Å (U+0441)
(inputenc)                not set up for use with LaTeX.

See the inputenc package documentation for explanation.
Type  H <return>  for immediate help.
 ...                                              
                                                  
l.3 ...∞–ª–∏ –∏—Å–ø–æ–ª—å–∑–æ–≤–∞—Ç—å—Å—è –ø–æ–≤—Å
                                                  –µ–º–µ—Å—Ç–Ω–æ --- –≤–æ–∑–...

You may provide a definition with
\DeclareUnicodeCharacter 


! Package inputenc Error: Unicode character –µ (U+0435)
(inputenc)                not set up for use with LaTeX.

See the inputenc package documentation for explanation.
Type  H <return>  for immediate help.
 ...                                              
                                                  
l.3 ...ª–∏ –∏—Å–ø–æ–ª—å–∑–æ–≤–∞—Ç—å—Å—è –ø–æ–≤—Å–µ
                                                  –º–µ—Å—Ç–Ω–æ --- –≤–æ–∑–Ω–...

You may provide a definition with
\DeclareUnicodeCharacter 


! Package inputenc Error: Unicode character –º (U+043C)
(inputenc)                not set up for use with LaTeX.

See the inputenc package documentation for explanation.
Type  H <return>  for immediate help.
 ...                                              
                                                  
l.3 ...∏ –∏—Å–ø–æ–ª—å–∑–æ–≤–∞—Ç—å—Å—è –ø–æ–≤—Å–µ–º
                                                  –µ—Å—Ç–Ω–æ --- –≤–æ–∑–Ω–∏–...

You may provide a definition with
\DeclareUnicodeCharacter 


! Package inputenc Error: Unicode character –µ (U+0435)
(inputenc)                not set up for use with LaTeX.

See the inputenc package documentation for explanation.
Type  H <return>  for immediate help.
 ...                                              
                                                  
l.3 ...–∏—Å–ø–æ–ª—å–∑–æ–≤–∞—Ç—å—Å—è –ø–æ–≤—Å–µ–º–µ
                                                  —Å—Ç–Ω–æ --- –≤–æ–∑–Ω–∏–∫–...

You may provide a definition with
\DeclareUnicodeCharacter 


! Package inputenc Error: Unicode character —Å (U+0441)
(inputenc)                not set up for use with LaTeX.

See the inputenc package documentation for explanation.
Type  H <return>  for immediate help.
 ...                                              
                                                  
l.3 ...—Å–ø–æ–ª—å–∑–æ–≤–∞—Ç—å—Å—è –ø–æ–≤—Å–µ–º–µ—Å
                                                  —Ç–Ω–æ --- –≤–æ–∑–Ω–∏–∫–ª–...

You may provide a definition with
\DeclareUnicodeCharacter 


! Package inputenc Error: Unicode character —Ç (U+0442)
(inputenc)                not set up for use with LaTeX.

See the inputenc package documentation for explanation.
Type  H <return>  for immediate help.
 ...                                              
                                                  
l.3 ...–ø–æ–ª—å–∑–æ–≤–∞—Ç—å—Å—è –ø–æ–≤—Å–µ–º–µ—Å—Ç
                                                  –Ω–æ --- –≤–æ–∑–Ω–∏–∫–ª–∞ ...

You may provide a definition with
\DeclareUnicodeCharacter 


! Package inputenc Error: Unicode character –Ω (U+043D)
(inputenc)                not set up for use with LaTeX.

See the inputenc package documentation for explanation.
Type  H <return>  for immediate help.
 ...                                              
                                                  
l.3 ...–æ–ª—å–∑–æ–≤–∞—Ç—å—Å—è –ø–æ–≤—Å–µ–º–µ—Å—Ç–Ω
                                                  –æ --- –≤–æ–∑–Ω–∏–∫–ª–∞ –ø...

You may provide a definition with
\DeclareUnicodeCharacter 


! Package inputenc Error: Unicode character –æ (U+043E)
(inputenc)                not set up for use with LaTeX.

See the inputenc package documentation for explanation.
Type  H <return>  for immediate help.
 ...                                              
                                                  
l.3 ...–ª—å–∑–æ–≤–∞—Ç—å—Å—è –ø–æ–≤—Å–µ–º–µ—Å—Ç–Ω–æ
                                                   --- –≤–æ–∑–Ω–∏–∫–ª–∞ –ø—Ä...

You may provide a definition with
\DeclareUnicodeCharacter 


! LaTeX Error: Missing \begin{document}.

See the LaTeX manual or LaTeX Companion for explanation.
Type  H <return>  for immediate help.
 ...                                              
                                                  
l.3 ...—å–∑–æ–≤–∞—Ç—å—Å—è –ø–æ–≤—Å–µ–º–µ—Å—Ç–Ω–æ -
                                                  -- –≤–æ–∑–Ω–∏–∫–ª–∞ –ø—Ä–æ...

You're in trouble here.  Try typing  <return>  to proceed.
If that doesn't work, type  X <return>  to quit.

Missing character: There is no - in font nullfont!
Missing character: There is no - in font nullfont!
Missing character: There is no - in font nullfont!

! Package inputenc Error: Unicode character –≤ (U+0432)
(inputenc)                not set up for use with LaTeX.

See the inputenc package documentation for explanation.
Type  H <return>  for immediate help.
 ...                                              
                                                  
l.3 ...æ–≤–∞—Ç—å—Å—è –ø–æ–≤—Å–µ–º–µ—Å—Ç–Ω–æ --- –≤
                                                  –æ–∑–Ω–∏–∫–ª–∞ –ø—Ä–æ–±–ª–...

You may provide a definition with
\DeclareUnicodeCharacter 


! Package inputenc Error: Unicode character –æ (U+043E)
(inputenc)                not set up for use with LaTeX.

See the inputenc package documentation for explanation.
Type  H <return>  for immediate help.
 ...                                              
                                                  
l.3 ...≤–∞—Ç—å—Å—è –ø–æ–≤—Å–µ–º–µ—Å—Ç–Ω–æ --- –≤–æ
                                                  –∑–Ω–∏–∫–ª–∞ –ø—Ä–æ–±–ª–µ–...

You may provide a definition with
\DeclareUnicodeCharacter 


! Package inputenc Error: Unicode character –∑ (U+0437)
(inputenc)                not set up for use with LaTeX.

See the inputenc package documentation for explanation.
Type  H <return>  for immediate help.
 ...                                              
                                                  
l.3 ...∞—Ç—å—Å—è –ø–æ–≤—Å–µ–º–µ—Å—Ç–Ω–æ --- –≤–æ–∑
                                                  –Ω–∏–∫–ª–∞ –ø—Ä–æ–±–ª–µ–º–...

You may provide a definition with
\DeclareUnicodeCharacter 


! Package inputenc Error: Unicode character –Ω (U+043D)
(inputenc)                not set up for use with LaTeX.

See the inputenc package documentation for explanation.
Type  H <return>  for immediate help.
 ...                                              
                                                  
l.3 ...Ç—å—Å—è –ø–æ–≤—Å–µ–º–µ—Å—Ç–Ω–æ --- –≤–æ–∑–Ω
                                                  –∏–∫–ª–∞ –ø—Ä–æ–±–ª–µ–º–∞,...

You may provide a definition with
\DeclareUnicodeCharacter 


! Package inputenc Error: Unicode character –∏ (U+0438)
(inputenc)                not set up for use with LaTeX.

See the inputenc package documentation for explanation.
Type  H <return>  for immediate help.
 ...                                              
                                                  
l.3 ...å—Å—è –ø–æ–≤—Å–µ–º–µ—Å—Ç–Ω–æ --- –≤–æ–∑–Ω–∏
                                                  –∫–ª–∞ –ø—Ä–æ–±–ª–µ–º–∞, —...

You may provide a definition with
\DeclareUnicodeCharacter 


! Package inputenc Error: Unicode character –∫ (U+043A)
(inputenc)                not set up for use with LaTeX.

See the inputenc package documentation for explanation.
Type  H <return>  for immediate help.
 ...                                              
                                                  
l.3 ...Å—è –ø–æ–≤—Å–µ–º–µ—Å—Ç–Ω–æ --- –≤–æ–∑–Ω–∏–∫
                                                  –ª–∞ –ø—Ä–æ–±–ª–µ–º–∞, —Å–...

You may provide a definition with
\DeclareUnicodeCharacter 


! Package inputenc Error: Unicode character –ª (U+043B)
(inputenc)                not set up for use with LaTeX.

See the inputenc package documentation for explanation.
Type  H <return>  for immediate help.
 ...                                              
                                                  
l.3 ...è –ø–æ–≤—Å–µ–º–µ—Å—Ç–Ω–æ --- –≤–æ–∑–Ω–∏–∫–ª
                                                  –∞ –ø—Ä–æ–±–ª–µ–º–∞, —Å–≤—...

You may provide a definition with
\DeclareUnicodeCharacter 


! Package inputenc Error: Unicode character –∞ (U+0430)
(inputenc)                not set up for use with LaTeX.

See the inputenc package documentation for explanation.
Type  H <return>  for immediate help.
 ...                                              
                                                  
l.3 ...–ø–æ–≤—Å–µ–º–µ—Å—Ç–Ω–æ --- –≤–æ–∑–Ω–∏–∫–ª–∞
                                                   –ø—Ä–æ–±–ª–µ–º–∞, —Å–≤—è–...

You may provide a definition with
\DeclareUnicodeCharacter 


! Package inputenc Error: Unicode character –ø (U+043F)
(inputenc)                not set up for use with LaTeX.

See the inputenc package documentation for explanation.
Type  H <return>  for immediate help.
 ...                                              
                                                  
l.3 ...æ–≤—Å–µ–º–µ—Å—Ç–Ω–æ --- –≤–æ–∑–Ω–∏–∫–ª–∞ –ø
                                                  —Ä–æ–±–ª–µ–º–∞, —Å–≤—è–∑–∞...

You may provide a definition with
\DeclareUnicodeCharacter 


! Package inputenc Error: Unicode character —Ä (U+0440)
(inputenc)                not set up for use with LaTeX.

See the inputenc package documentation for explanation.
Type  H <return>  for immediate help.
 ...                                              
                                                  
l.3 ...≤—Å–µ–º–µ—Å—Ç–Ω–æ --- –≤–æ–∑–Ω–∏–∫–ª–∞ –ø—Ä
                                                  –æ–±–ª–µ–º–∞, —Å–≤—è–∑–∞–Ω...

You may provide a definition with
\DeclareUnicodeCharacter 


! Package inputenc Error: Unicode character –æ (U+043E)
(inputenc)                not set up for use with LaTeX.

See the inputenc package documentation for explanation.
Type  H <return>  for immediate help.
 ...                                              
                                                  
l.3 ...Å–µ–º–µ—Å—Ç–Ω–æ --- –≤–æ–∑–Ω–∏–∫–ª–∞ –ø—Ä–æ
                                                  –±–ª–µ–º–∞, —Å–≤—è–∑–∞–Ω–Ω...

You may provide a definition with
\DeclareUnicodeCharacter 


! Package inputenc Error: Unicode character –± (U+0431)
(inputenc)                not set up for use with LaTeX.

See the inputenc package documentation for explanation.
Type  H <return>  for immediate help.
 ...                                              
                                                  
l.3 ...µ–º–µ—Å—Ç–Ω–æ --- –≤–æ–∑–Ω–∏–∫–ª–∞ –ø—Ä–æ–±
                                                  –ª–µ–º–∞, —Å–≤—è–∑–∞–Ω–Ω–∞...

You may provide a definition with
\DeclareUnicodeCharacter 


! Package inputenc Error: Unicode character –ª (U+043B)
(inputenc)                not set up for use with LaTeX.

See the inputenc package documentation for explanation.
Type  H <return>  for immediate help.
 ...                                              
                                                  
l.3 ...º–µ—Å—Ç–Ω–æ --- –≤–æ–∑–Ω–∏–∫–ª–∞ –ø—Ä–æ–±–ª
                                                  –µ–º–∞, —Å–≤—è–∑–∞–Ω–Ω–∞—è...

You may provide a definition with
\DeclareUnicodeCharacter 


! Package inputenc Error: Unicode character –µ (U+0435)
(inputenc)                not set up for use with LaTeX.

See the inputenc package documentation for explanation.
Type  H <return>  for immediate help.
 ...                                              
                                                  
l.3 ...µ—Å—Ç–Ω–æ --- –≤–æ–∑–Ω–∏–∫–ª–∞ –ø—Ä–æ–±–ª–µ
                                                  –º–∞, —Å–≤—è–∑–∞–Ω–Ω–∞—è —...

You may provide a definition with
\DeclareUnicodeCharacter 


! Package inputenc Error: Unicode character –º (U+043C)
(inputenc)                not set up for use with LaTeX.

See the inputenc package documentation for explanation.
Type  H <return>  for immediate help.
 ...                                              
                                                  
l.3 ...Å—Ç–Ω–æ --- –≤–æ–∑–Ω–∏–∫–ª–∞ –ø—Ä–æ–±–ª–µ–º
                                                  –∞, —Å–≤—è–∑–∞–Ω–Ω–∞—è —Å ...

You may provide a definition with
\DeclareUnicodeCharacter 


! Package inputenc Error: Unicode character –∞ (U+0430)
(inputenc)                not set up for use with LaTeX.

See the inputenc package documentation for explanation.
Type  H <return>  for immediate help.
 ...                                              
                                                  
l.3 ...Ç–Ω–æ --- –≤–æ–∑–Ω–∏–∫–ª–∞ –ø—Ä–æ–±–ª–µ–º–∞
                                                  , —Å–≤—è–∑–∞–Ω–Ω–∞—è —Å –∏...

You may provide a definition with
\DeclareUnicodeCharacter 

Missing character: There is no , in font nullfont!

! Package inputenc Error: Unicode character —Å (U+0441)
(inputenc)                not set up for use with LaTeX.

See the inputenc package documentation for explanation.
Type  H <return>  for immediate help.
 ...                                              
                                                  
l.3 ...æ --- –≤–æ–∑–Ω–∏–∫–ª–∞ –ø—Ä–æ–±–ª–µ–º–∞, —Å
                                                  –≤—è–∑–∞–Ω–Ω–∞—è —Å –∏—Ö –...

You may provide a definition with
\DeclareUnicodeCharacter 


! Package inputenc Error: Unicode character –≤ (U+0432)
(inputenc)                not set up for use with LaTeX.

See the inputenc package documentation for explanation.
Type  H <return>  for immediate help.
 ...                                              
                                                  
l.3 ...--- –≤–æ–∑–Ω–∏–∫–ª–∞ –ø—Ä–æ–±–ª–µ–º–∞, —Å–≤
                                                  —è–∑–∞–Ω–Ω–∞—è —Å –∏—Ö –±–...

You may provide a definition with
\DeclareUnicodeCharacter 


! Package inputenc Error: Unicode character —è (U+044F)
(inputenc)                not set up for use with LaTeX.

See the inputenc package documentation for explanation.
Type  H <return>  for immediate help.
 ...                                              
                                                  
l.3 ...- –≤–æ–∑–Ω–∏–∫–ª–∞ –ø—Ä–æ–±–ª–µ–º–∞, —Å–≤—è
                                                  –∑–∞–Ω–Ω–∞—è —Å –∏—Ö –±–æ–...

You may provide a definition with
\DeclareUnicodeCharacter 


! Package inputenc Error: Unicode character –∑ (U+0437)
(inputenc)                not set up for use with LaTeX.

See the inputenc package documentation for explanation.
Type  H <return>  for immediate help.
 ...                                              
                                                  
l.3 ...–≤–æ–∑–Ω–∏–∫–ª–∞ –ø—Ä–æ–±–ª–µ–º–∞, —Å–≤—è–∑
                                                  –∞–Ω–Ω–∞—è —Å –∏—Ö –±–æ–ª—...

You may provide a definition with
\DeclareUnicodeCharacter 


! Package inputenc Error: Unicode character –∞ (U+0430)
(inputenc)                not set up for use with LaTeX.

See the inputenc package documentation for explanation.
Type  H <return>  for immediate help.
 ...                                              
                                                  
l.3 ...–æ–∑–Ω–∏–∫–ª–∞ –ø—Ä–æ–±–ª–µ–º–∞, —Å–≤—è–∑–∞
                                                  –Ω–Ω–∞—è —Å –∏—Ö –±–æ–ª—å—...

You may provide a definition with
\DeclareUnicodeCharacter 


! Package inputenc Error: Unicode character –Ω (U+043D)
(inputenc)                not set up for use with LaTeX.

See the inputenc package documentation for explanation.
Type  H <return>  for immediate help.
 ...                                              
                                                  
l.3 ...–∑–Ω–∏–∫–ª–∞ –ø—Ä–æ–±–ª–µ–º–∞, —Å–≤—è–∑–∞–Ω
                                                  –Ω–∞—è —Å –∏—Ö –±–æ–ª—å—à–...
(That makes 100 errors; please try again.) 
Here is how much of TeX's memory you used:
 41 strings out of 478862
 723 string characters out of 5858945
 286481 words of memory out of 6000000
 17775 multiletter control sequences out of 15000+600000
 403430 words of font info for 27 fonts, out of 8000000 for 9000
 1137 hyphenation exceptions out of 8191
 12i,0n,13p,921b,32s stack positions out of 5000i,500n,10000p,200000b,80000s

!  ==> Fatal error occurred, no output PDF file produced!
