This is pdfTeX, Version 3.14159265-2.6-1.40.21 (TeX Live 2020) (preloaded format=pdflatex 2021.11.11)  7 DEC 2021 19:30
entering extended mode
 restricted \write18 enabled.
 %&-line parsing enabled.
**1-intro.tex
(./1-intro.tex
LaTeX2e <2020-02-02> patch level 5
L3 programming layer <2020-04-06>
! Undefined control sequence.
l.1 \Introduction
                 
The control sequence at the end of the top line
of your error message was never \def'ed. If you have
misspelled it (e.g., `\hobx'), type `I' and the correct
spelling (e.g., `I\hbox'). Otherwise just continue,
and I'll forget about whatever was undefined.


! Package inputenc Error: Unicode character –í (U+0412)
(inputenc)                not set up for use with LaTeX.

See the inputenc package documentation for explanation.
Type  H <return>  for immediate help.
 ...                                              
                                                  
l.2 –í
       –¥–∞–Ω–Ω–æ–π –ª–∞–±–æ—Ä–∞—Ç–æ—Ä–Ω–æ–π —Ä–∞–±–æ—Ç–µ –±—É–¥–µ—Ç —Ä–∞—Å—...

You may provide a definition with
\DeclareUnicodeCharacter 


! Package inputenc Error: Unicode character –¥ (U+0434)
(inputenc)                not set up for use with LaTeX.

See the inputenc package documentation for explanation.
Type  H <return>  for immediate help.
 ...                                              
                                                  
l.2 –í –¥
         –∞–Ω–Ω–æ–π –ª–∞–±–æ—Ä–∞—Ç–æ—Ä–Ω–æ–π —Ä–∞–±–æ—Ç–µ –±—É–¥–µ—Ç —Ä–∞—Å—...

You may provide a definition with
\DeclareUnicodeCharacter 


! Package inputenc Error: Unicode character –∞ (U+0430)
(inputenc)                not set up for use with LaTeX.

See the inputenc package documentation for explanation.
Type  H <return>  for immediate help.
 ...                                              
                                                  
l.2 –í –¥–∞
           –Ω–Ω–æ–π –ª–∞–±–æ—Ä–∞—Ç–æ—Ä–Ω–æ–π —Ä–∞–±–æ—Ç–µ –±—É–¥–µ—Ç —Ä–∞—Å—...

You may provide a definition with
\DeclareUnicodeCharacter 


! Package inputenc Error: Unicode character –Ω (U+043D)
(inputenc)                not set up for use with LaTeX.

See the inputenc package documentation for explanation.
Type  H <return>  for immediate help.
 ...                                              
                                                  
l.2 –í –¥–∞–Ω
             –Ω–æ–π –ª–∞–±–æ—Ä–∞—Ç–æ—Ä–Ω–æ–π —Ä–∞–±–æ—Ç–µ –±—É–¥–µ—Ç —Ä–∞—Å—...

You may provide a definition with
\DeclareUnicodeCharacter 


! Package inputenc Error: Unicode character –Ω (U+043D)
(inputenc)                not set up for use with LaTeX.

See the inputenc package documentation for explanation.
Type  H <return>  for immediate help.
 ...                                              
                                                  
l.2 –í –¥–∞–Ω–Ω
               –æ–π –ª–∞–±–æ—Ä–∞—Ç–æ—Ä–Ω–æ–π —Ä–∞–±–æ—Ç–µ –±—É–¥–µ—Ç —Ä–∞—Å—...

You may provide a definition with
\DeclareUnicodeCharacter 


! Package inputenc Error: Unicode character –æ (U+043E)
(inputenc)                not set up for use with LaTeX.

See the inputenc package documentation for explanation.
Type  H <return>  for immediate help.
 ...                                              
                                                  
l.2 –í –¥–∞–Ω–Ω–æ
                 –π –ª–∞–±–æ—Ä–∞—Ç–æ—Ä–Ω–æ–π —Ä–∞–±–æ—Ç–µ –±—É–¥–µ—Ç —Ä–∞—Å—...

You may provide a definition with
\DeclareUnicodeCharacter 


! Package inputenc Error: Unicode character –π (U+0439)
(inputenc)                not set up for use with LaTeX.

See the inputenc package documentation for explanation.
Type  H <return>  for immediate help.
 ...                                              
                                                  
l.2 –í –¥–∞–Ω–Ω–æ–π
                    –ª–∞–±–æ—Ä–∞—Ç–æ—Ä–Ω–æ–π —Ä–∞–±–æ—Ç–µ –±—É–¥–µ—Ç —Ä–∞—Å—...

You may provide a definition with
\DeclareUnicodeCharacter 


! Package inputenc Error: Unicode character –ª (U+043B)
(inputenc)                not set up for use with LaTeX.

See the inputenc package documentation for explanation.
Type  H <return>  for immediate help.
 ...                                              
                                                  
l.2 –í –¥–∞–Ω–Ω–æ–π –ª
                      –∞–±–æ—Ä–∞—Ç–æ—Ä–Ω–æ–π —Ä–∞–±–æ—Ç–µ –±—É–¥–µ—Ç —Ä–∞—Å—...

You may provide a definition with
\DeclareUnicodeCharacter 


! Package inputenc Error: Unicode character –∞ (U+0430)
(inputenc)                not set up for use with LaTeX.

See the inputenc package documentation for explanation.
Type  H <return>  for immediate help.
 ...                                              
                                                  
l.2 –í –¥–∞–Ω–Ω–æ–π –ª–∞
                        –±–æ—Ä–∞—Ç–æ—Ä–Ω–æ–π —Ä–∞–±–æ—Ç–µ –±—É–¥–µ—Ç —Ä–∞—Å—...

You may provide a definition with
\DeclareUnicodeCharacter 


! Package inputenc Error: Unicode character –± (U+0431)
(inputenc)                not set up for use with LaTeX.

See the inputenc package documentation for explanation.
Type  H <return>  for immediate help.
 ...                                              
                                                  
l.2 –í –¥–∞–Ω–Ω–æ–π –ª–∞–±
                          –æ—Ä–∞—Ç–æ—Ä–Ω–æ–π —Ä–∞–±–æ—Ç–µ –±—É–¥–µ—Ç —Ä–∞—Å—...

You may provide a definition with
\DeclareUnicodeCharacter 


! Package inputenc Error: Unicode character –æ (U+043E)
(inputenc)                not set up for use with LaTeX.

See the inputenc package documentation for explanation.
Type  H <return>  for immediate help.
 ...                                              
                                                  
l.2 –í –¥–∞–Ω–Ω–æ–π –ª–∞–±–æ
                            —Ä–∞—Ç–æ—Ä–Ω–æ–π —Ä–∞–±–æ—Ç–µ –±—É–¥–µ—Ç —Ä–∞—Å—...

You may provide a definition with
\DeclareUnicodeCharacter 


! Package inputenc Error: Unicode character —Ä (U+0440)
(inputenc)                not set up for use with LaTeX.

See the inputenc package documentation for explanation.
Type  H <return>  for immediate help.
 ...                                              
                                                  
l.2 –í –¥–∞–Ω–Ω–æ–π –ª–∞–±–æ—Ä
                              –∞—Ç–æ—Ä–Ω–æ–π —Ä–∞–±–æ—Ç–µ –±—É–¥–µ—Ç —Ä–∞—Å—...

You may provide a definition with
\DeclareUnicodeCharacter 


! Package inputenc Error: Unicode character –∞ (U+0430)
(inputenc)                not set up for use with LaTeX.

See the inputenc package documentation for explanation.
Type  H <return>  for immediate help.
 ...                                              
                                                  
l.2 –í –¥–∞–Ω–Ω–æ–π –ª–∞–±–æ—Ä–∞
                                —Ç–æ—Ä–Ω–æ–π —Ä–∞–±–æ—Ç–µ –±—É–¥–µ—Ç —Ä–∞—Å—...

You may provide a definition with
\DeclareUnicodeCharacter 


! Package inputenc Error: Unicode character —Ç (U+0442)
(inputenc)                not set up for use with LaTeX.

See the inputenc package documentation for explanation.
Type  H <return>  for immediate help.
 ...                                              
                                                  
l.2 –í –¥–∞–Ω–Ω–æ–π –ª–∞–±–æ—Ä–∞—Ç
                                  –æ—Ä–Ω–æ–π —Ä–∞–±–æ—Ç–µ –±—É–¥–µ—Ç —Ä–∞—Å—...

You may provide a definition with
\DeclareUnicodeCharacter 


! Package inputenc Error: Unicode character –æ (U+043E)
(inputenc)                not set up for use with LaTeX.

See the inputenc package documentation for explanation.
Type  H <return>  for immediate help.
 ...                                              
                                                  
l.2 –í –¥–∞–Ω–Ω–æ–π –ª–∞–±–æ—Ä–∞—Ç–æ
                                    —Ä–Ω–æ–π —Ä–∞–±–æ—Ç–µ –±—É–¥–µ—Ç —Ä–∞—Å—...

You may provide a definition with
\DeclareUnicodeCharacter 


! Package inputenc Error: Unicode character —Ä (U+0440)
(inputenc)                not set up for use with LaTeX.

See the inputenc package documentation for explanation.
Type  H <return>  for immediate help.
 ...                                              
                                                  
l.2 –í –¥–∞–Ω–Ω–æ–π –ª–∞–±–æ—Ä–∞—Ç–æ—Ä
                                      –Ω–æ–π —Ä–∞–±–æ—Ç–µ –±—É–¥–µ—Ç —Ä–∞—Å—...

You may provide a definition with
\DeclareUnicodeCharacter 


! Package inputenc Error: Unicode character –Ω (U+043D)
(inputenc)                not set up for use with LaTeX.

See the inputenc package documentation for explanation.
Type  H <return>  for immediate help.
 ...                                              
                                                  
l.2 –í –¥–∞–Ω–Ω–æ–π –ª–∞–±–æ—Ä–∞—Ç–æ—Ä–Ω
                                        –æ–π —Ä–∞–±–æ—Ç–µ –±—É–¥–µ—Ç —Ä–∞—Å—...

You may provide a definition with
\DeclareUnicodeCharacter 


! Package inputenc Error: Unicode character –æ (U+043E)
(inputenc)                not set up for use with LaTeX.

See the inputenc package documentation for explanation.
Type  H <return>  for immediate help.
 ...                                              
                                                  
l.2 –í –¥–∞–Ω–Ω–æ–π –ª–∞–±–æ—Ä–∞—Ç–æ—Ä–Ω–æ
                                          –π —Ä–∞–±–æ—Ç–µ –±—É–¥–µ—Ç —Ä–∞—Å—...

You may provide a definition with
\DeclareUnicodeCharacter 


! Package inputenc Error: Unicode character –π (U+0439)
(inputenc)                not set up for use with LaTeX.

See the inputenc package documentation for explanation.
Type  H <return>  for immediate help.
 ...                                              
                                                  
l.2 –í –¥–∞–Ω–Ω–æ–π –ª–∞–±–æ—Ä–∞—Ç–æ—Ä–Ω–æ–π
                                             —Ä–∞–±–æ—Ç–µ –±—É–¥–µ—Ç —Ä–∞—Å—...

You may provide a definition with
\DeclareUnicodeCharacter 


! Package inputenc Error: Unicode character —Ä (U+0440)
(inputenc)                not set up for use with LaTeX.

See the inputenc package documentation for explanation.
Type  H <return>  for immediate help.
 ...                                              
                                                  
l.2 –í –¥–∞–Ω–Ω–æ–π –ª–∞–±–æ—Ä–∞—Ç–æ—Ä–Ω–æ–π —Ä
                                               –∞–±–æ—Ç–µ –±—É–¥–µ—Ç —Ä–∞—Å—...

You may provide a definition with
\DeclareUnicodeCharacter 


! Package inputenc Error: Unicode character –∞ (U+0430)
(inputenc)                not set up for use with LaTeX.

See the inputenc package documentation for explanation.
Type  H <return>  for immediate help.
 ...                                              
                                                  
l.2 –í –¥–∞–Ω–Ω–æ–π –ª–∞–±–æ—Ä–∞—Ç–æ—Ä–Ω–æ–π —Ä–∞
                                                 –±–æ—Ç–µ –±—É–¥–µ—Ç —Ä–∞—Å—...

You may provide a definition with
\DeclareUnicodeCharacter 


! Package inputenc Error: Unicode character –± (U+0431)
(inputenc)                not set up for use with LaTeX.

See the inputenc package documentation for explanation.
Type  H <return>  for immediate help.
 ...                                              
                                                  
l.2 ...¥–∞–Ω–Ω–æ–π –ª–∞–±–æ—Ä–∞—Ç–æ—Ä–Ω–æ–π —Ä–∞–±
                                                  –æ—Ç–µ –±—É–¥–µ—Ç —Ä–∞—Å—Å...

You may provide a definition with
\DeclareUnicodeCharacter 


! Package inputenc Error: Unicode character –æ (U+043E)
(inputenc)                not set up for use with LaTeX.

See the inputenc package documentation for explanation.
Type  H <return>  for immediate help.
 ...                                              
                                                  
l.2 ...∞–Ω–Ω–æ–π –ª–∞–±–æ—Ä–∞—Ç–æ—Ä–Ω–æ–π —Ä–∞–±–æ
                                                  —Ç–µ –±—É–¥–µ—Ç —Ä–∞—Å—Å–º...

You may provide a definition with
\DeclareUnicodeCharacter 


! Package inputenc Error: Unicode character —Ç (U+0442)
(inputenc)                not set up for use with LaTeX.

See the inputenc package documentation for explanation.
Type  H <return>  for immediate help.
 ...                                              
                                                  
l.2 ...Ω–Ω–æ–π –ª–∞–±–æ—Ä–∞—Ç–æ—Ä–Ω–æ–π —Ä–∞–±–æ—Ç
                                                  –µ –±—É–¥–µ—Ç —Ä–∞—Å—Å–º–æ...

You may provide a definition with
\DeclareUnicodeCharacter 


! Package inputenc Error: Unicode character –µ (U+0435)
(inputenc)                not set up for use with LaTeX.

See the inputenc package documentation for explanation.
Type  H <return>  for immediate help.
 ...                                              
                                                  
l.2 ...Ω–æ–π –ª–∞–±–æ—Ä–∞—Ç–æ—Ä–Ω–æ–π —Ä–∞–±–æ—Ç–µ
                                                   –±—É–¥–µ—Ç —Ä–∞—Å—Å–º–æ—Ç...

You may provide a definition with
\DeclareUnicodeCharacter 


! Package inputenc Error: Unicode character –± (U+0431)
(inputenc)                not set up for use with LaTeX.

See the inputenc package documentation for explanation.
Type  H <return>  for immediate help.
 ...                                              
                                                  
l.2 ...–π –ª–∞–±–æ—Ä–∞—Ç–æ—Ä–Ω–æ–π —Ä–∞–±–æ—Ç–µ –±
                                                  —É–¥–µ—Ç —Ä–∞—Å—Å–º–æ—Ç—Ä–...

You may provide a definition with
\DeclareUnicodeCharacter 


! Package inputenc Error: Unicode character —É (U+0443)
(inputenc)                not set up for use with LaTeX.

See the inputenc package documentation for explanation.
Type  H <return>  for immediate help.
 ...                                              
                                                  
l.2 ... –ª–∞–±–æ—Ä–∞—Ç–æ—Ä–Ω–æ–π —Ä–∞–±–æ—Ç–µ –±—É
                                                  –¥–µ—Ç —Ä–∞—Å—Å–º–æ—Ç—Ä–µ–Ω–æ

You may provide a definition with
\DeclareUnicodeCharacter 


! Package inputenc Error: Unicode character –¥ (U+0434)
(inputenc)                not set up for use with LaTeX.

See the inputenc package documentation for explanation.
Type  H <return>  for immediate help.
 ...                                              
                                                  
l.2 ...ª–∞–±–æ—Ä–∞—Ç–æ—Ä–Ω–æ–π —Ä–∞–±–æ—Ç–µ –±—É–¥
                                                  –µ—Ç —Ä–∞—Å—Å–º–æ—Ç—Ä–µ–Ω–æ
You may provide a definition with
\DeclareUnicodeCharacter 


! Package inputenc Error: Unicode character –µ (U+0435)
(inputenc)                not set up for use with LaTeX.

See the inputenc package documentation for explanation.
Type  H <return>  for immediate help.
 ...                                              
                                                  
l.2 ...∞–±–æ—Ä–∞—Ç–æ—Ä–Ω–æ–π —Ä–∞–±–æ—Ç–µ –±—É–¥–µ
                                                  —Ç —Ä–∞—Å—Å–º–æ—Ç—Ä–µ–Ω–æ
You may provide a definition with
\DeclareUnicodeCharacter 


! Package inputenc Error: Unicode character —Ç (U+0442)
(inputenc)                not set up for use with LaTeX.

See the inputenc package documentation for explanation.
Type  H <return>  for immediate help.
 ...                                              
                                                  
l.2 ...±–æ—Ä–∞—Ç–æ—Ä–Ω–æ–π —Ä–∞–±–æ—Ç–µ –±—É–¥–µ—Ç
                                                   —Ä–∞—Å—Å–º–æ—Ç—Ä–µ–Ω–æ
You may provide a definition with
\DeclareUnicodeCharacter 


! Package inputenc Error: Unicode character —Ä (U+0440)
(inputenc)                not set up for use with LaTeX.

See the inputenc package documentation for explanation.
Type  H <return>  for immediate help.
 ...                                              
                                                  
l.2 ...—Ä–∞—Ç–æ—Ä–Ω–æ–π —Ä–∞–±–æ—Ç–µ –±—É–¥–µ—Ç —Ä
                                                  –∞—Å—Å–º–æ—Ç—Ä–µ–Ω–æ
You may provide a definition with
\DeclareUnicodeCharacter 


! Package inputenc Error: Unicode character –∞ (U+0430)
(inputenc)                not set up for use with LaTeX.

See the inputenc package documentation for explanation.
Type  H <return>  for immediate help.
 ...                                              
                                                  
l.2 ...–∞—Ç–æ—Ä–Ω–æ–π —Ä–∞–±–æ—Ç–µ –±—É–¥–µ—Ç —Ä–∞
                                                  —Å—Å–º–æ—Ç—Ä–µ–Ω–æ
You may provide a definition with
\DeclareUnicodeCharacter 


! Package inputenc Error: Unicode character —Å (U+0441)
(inputenc)                not set up for use with LaTeX.

See the inputenc package documentation for explanation.
Type  H <return>  for immediate help.
 ...                                              
                                                  
l.2 ...—Ç–æ—Ä–Ω–æ–π —Ä–∞–±–æ—Ç–µ –±—É–¥–µ—Ç —Ä–∞—Å
                                                  —Å–º–æ—Ç—Ä–µ–Ω–æ
You may provide a definition with
\DeclareUnicodeCharacter 


! Package inputenc Error: Unicode character —Å (U+0441)
(inputenc)                not set up for use with LaTeX.

See the inputenc package documentation for explanation.
Type  H <return>  for immediate help.
 ...                                              
                                                  
l.2 ...–æ—Ä–Ω–æ–π —Ä–∞–±–æ—Ç–µ –±—É–¥–µ—Ç —Ä–∞—Å—Å
                                                  –º–æ—Ç—Ä–µ–Ω–æ
You may provide a definition with
\DeclareUnicodeCharacter 


! Package inputenc Error: Unicode character –º (U+043C)
(inputenc)                not set up for use with LaTeX.

See the inputenc package documentation for explanation.
Type  H <return>  for immediate help.
 ...                                              
                                                  
l.2 ...—Ä–Ω–æ–π —Ä–∞–±–æ—Ç–µ –±—É–¥–µ—Ç —Ä–∞—Å—Å–º
                                                  –æ—Ç—Ä–µ–Ω–æ
You may provide a definition with
\DeclareUnicodeCharacter 


! Package inputenc Error: Unicode character –æ (U+043E)
(inputenc)                not set up for use with LaTeX.

See the inputenc package documentation for explanation.
Type  H <return>  for immediate help.
 ...                                              
                                                  
l.2 ...–Ω–æ–π —Ä–∞–±–æ—Ç–µ –±—É–¥–µ—Ç —Ä–∞—Å—Å–º–æ
                                                  —Ç—Ä–µ–Ω–æ
You may provide a definition with
\DeclareUnicodeCharacter 


! Package inputenc Error: Unicode character —Ç (U+0442)
(inputenc)                not set up for use with LaTeX.

See the inputenc package documentation for explanation.
Type  H <return>  for immediate help.
 ...                                              
                                                  
l.2 ...–æ–π —Ä–∞–±–æ—Ç–µ –±—É–¥–µ—Ç —Ä–∞—Å—Å–º–æ—Ç
                                                  —Ä–µ–Ω–æ
You may provide a definition with
\DeclareUnicodeCharacter 


! Package inputenc Error: Unicode character —Ä (U+0440)
(inputenc)                not set up for use with LaTeX.

See the inputenc package documentation for explanation.
Type  H <return>  for immediate help.
 ...                                              
                                                  
l.2 ...–π —Ä–∞–±–æ—Ç–µ –±—É–¥–µ—Ç —Ä–∞—Å—Å–º–æ—Ç—Ä
                                                  –µ–Ω–æ
You may provide a definition with
\DeclareUnicodeCharacter 


! Package inputenc Error: Unicode character –µ (U+0435)
(inputenc)                not set up for use with LaTeX.

See the inputenc package documentation for explanation.
Type  H <return>  for immediate help.
 ...                                              
                                                  
l.2 ... —Ä–∞–±–æ—Ç–µ –±—É–¥–µ—Ç —Ä–∞—Å—Å–º–æ—Ç—Ä–µ
                                                  –Ω–æ
You may provide a definition with
\DeclareUnicodeCharacter 


! Package inputenc Error: Unicode character –Ω (U+043D)
(inputenc)                not set up for use with LaTeX.

See the inputenc package documentation for explanation.
Type  H <return>  for immediate help.
 ...                                              
                                                  
l.2 ...Ä–∞–±–æ—Ç–µ –±—É–¥–µ—Ç —Ä–∞—Å—Å–º–æ—Ç—Ä–µ–Ω
                                                  –æ
You may provide a definition with
\DeclareUnicodeCharacter 


! Package inputenc Error: Unicode character –æ (U+043E)
(inputenc)                not set up for use with LaTeX.

See the inputenc package documentation for explanation.
Type  H <return>  for immediate help.
 ...                                              
                                                  
l.2 ...∞–±–æ—Ç–µ –±—É–¥–µ—Ç —Ä–∞—Å—Å–º–æ—Ç—Ä–µ–Ω–æ
                                                  
You may provide a definition with
\DeclareUnicodeCharacter 


! Package inputenc Error: Unicode character –¶ (U+0426)
(inputenc)                not set up for use with LaTeX.

See the inputenc package documentation for explanation.
Type  H <return>  for immediate help.
 ...                                              
                                                  
l.4 –¶
      –µ–ª—å—é –¥–∞–Ω–Ω–æ–π —Ä–∞–±–æ—Ç—ã —è–≤–ª—è–µ—Ç—Å—è
You may provide a definition with
\DeclareUnicodeCharacter 


! Package inputenc Error: Unicode character –µ (U+0435)
(inputenc)                not set up for use with LaTeX.

See the inputenc package documentation for explanation.
Type  H <return>  for immediate help.
 ...                                              
                                                  
l.4 –¶–µ
        –ª—å—é –¥–∞–Ω–Ω–æ–π —Ä–∞–±–æ—Ç—ã —è–≤–ª—è–µ—Ç—Å—è
You may provide a definition with
\DeclareUnicodeCharacter 


! Package inputenc Error: Unicode character –ª (U+043B)
(inputenc)                not set up for use with LaTeX.

See the inputenc package documentation for explanation.
Type  H <return>  for immediate help.
 ...                                              
                                                  
l.4 –¶–µ–ª
          —å—é –¥–∞–Ω–Ω–æ–π —Ä–∞–±–æ—Ç—ã —è–≤–ª—è–µ—Ç—Å—è
You may provide a definition with
\DeclareUnicodeCharacter 


! Package inputenc Error: Unicode character —å (U+044C)
(inputenc)                not set up for use with LaTeX.

See the inputenc package documentation for explanation.
Type  H <return>  for immediate help.
 ...                                              
                                                  
l.4 –¶–µ–ª—å
            —é –¥–∞–Ω–Ω–æ–π —Ä–∞–±–æ—Ç—ã —è–≤–ª—è–µ—Ç—Å—è
You may provide a definition with
\DeclareUnicodeCharacter 


! Package inputenc Error: Unicode character —é (U+044E)
(inputenc)                not set up for use with LaTeX.

See the inputenc package documentation for explanation.
Type  H <return>  for immediate help.
 ...                                              
                                                  
l.4 –¶–µ–ª—å—é
               –¥–∞–Ω–Ω–æ–π —Ä–∞–±–æ—Ç—ã —è–≤–ª—è–µ—Ç—Å—è
You may provide a definition with
\DeclareUnicodeCharacter 


! Package inputenc Error: Unicode character –¥ (U+0434)
(inputenc)                not set up for use with LaTeX.

See the inputenc package documentation for explanation.
Type  H <return>  for immediate help.
 ...                                              
                                                  
l.4 –¶–µ–ª—å—é –¥
                 –∞–Ω–Ω–æ–π —Ä–∞–±–æ—Ç—ã —è–≤–ª—è–µ—Ç—Å—è
You may provide a definition with
\DeclareUnicodeCharacter 


! Package inputenc Error: Unicode character –∞ (U+0430)
(inputenc)                not set up for use with LaTeX.

See the inputenc package documentation for explanation.
Type  H <return>  for immediate help.
 ...                                              
                                                  
l.4 –¶–µ–ª—å—é –¥–∞
                   –Ω–Ω–æ–π —Ä–∞–±–æ—Ç—ã —è–≤–ª—è–µ—Ç—Å—è
You may provide a definition with
\DeclareUnicodeCharacter 


! Package inputenc Error: Unicode character –Ω (U+043D)
(inputenc)                not set up for use with LaTeX.

See the inputenc package documentation for explanation.
Type  H <return>  for immediate help.
 ...                                              
                                                  
l.4 –¶–µ–ª—å—é –¥–∞–Ω
                     –Ω–æ–π —Ä–∞–±–æ—Ç—ã —è–≤–ª—è–µ—Ç—Å—è
You may provide a definition with
\DeclareUnicodeCharacter 


! Package inputenc Error: Unicode character –Ω (U+043D)
(inputenc)                not set up for use with LaTeX.

See the inputenc package documentation for explanation.
Type  H <return>  for immediate help.
 ...                                              
                                                  
l.4 –¶–µ–ª—å—é –¥–∞–Ω–Ω
                       –æ–π —Ä–∞–±–æ—Ç—ã —è–≤–ª—è–µ—Ç—Å—è
You may provide a definition with
\DeclareUnicodeCharacter 


! Package inputenc Error: Unicode character –æ (U+043E)
(inputenc)                not set up for use with LaTeX.

See the inputenc package documentation for explanation.
Type  H <return>  for immediate help.
 ...                                              
                                                  
l.4 –¶–µ–ª—å—é –¥–∞–Ω–Ω–æ
                         –π —Ä–∞–±–æ—Ç—ã —è–≤–ª—è–µ—Ç—Å—è
You may provide a definition with
\DeclareUnicodeCharacter 


! Package inputenc Error: Unicode character –π (U+0439)
(inputenc)                not set up for use with LaTeX.

See the inputenc package documentation for explanation.
Type  H <return>  for immediate help.
 ...                                              
                                                  
l.4 –¶–µ–ª—å—é –¥–∞–Ω–Ω–æ–π
                            —Ä–∞–±–æ—Ç—ã —è–≤–ª—è–µ—Ç—Å—è
You may provide a definition with
\DeclareUnicodeCharacter 


! Package inputenc Error: Unicode character —Ä (U+0440)
(inputenc)                not set up for use with LaTeX.

See the inputenc package documentation for explanation.
Type  H <return>  for immediate help.
 ...                                              
                                                  
l.4 –¶–µ–ª—å—é –¥–∞–Ω–Ω–æ–π —Ä
                              –∞–±–æ—Ç—ã —è–≤–ª—è–µ—Ç—Å—è
You may provide a definition with
\DeclareUnicodeCharacter 


! Package inputenc Error: Unicode character –∞ (U+0430)
(inputenc)                not set up for use with LaTeX.

See the inputenc package documentation for explanation.
Type  H <return>  for immediate help.
 ...                                              
                                                  
l.4 –¶–µ–ª—å—é –¥–∞–Ω–Ω–æ–π —Ä–∞
                                –±–æ—Ç—ã —è–≤–ª—è–µ—Ç—Å—è
You may provide a definition with
\DeclareUnicodeCharacter 


! Package inputenc Error: Unicode character –± (U+0431)
(inputenc)                not set up for use with LaTeX.

See the inputenc package documentation for explanation.
Type  H <return>  for immediate help.
 ...                                              
                                                  
l.4 –¶–µ–ª—å—é –¥–∞–Ω–Ω–æ–π —Ä–∞–±
                                  –æ—Ç—ã —è–≤–ª—è–µ—Ç—Å—è
You may provide a definition with
\DeclareUnicodeCharacter 


! Package inputenc Error: Unicode character –æ (U+043E)
(inputenc)                not set up for use with LaTeX.

See the inputenc package documentation for explanation.
Type  H <return>  for immediate help.
 ...                                              
                                                  
l.4 –¶–µ–ª—å—é –¥–∞–Ω–Ω–æ–π —Ä–∞–±–æ
                                    —Ç—ã —è–≤–ª—è–µ—Ç—Å—è
You may provide a definition with
\DeclareUnicodeCharacter 


! Package inputenc Error: Unicode character —Ç (U+0442)
(inputenc)                not set up for use with LaTeX.

See the inputenc package documentation for explanation.
Type  H <return>  for immediate help.
 ...                                              
                                                  
l.4 –¶–µ–ª—å—é –¥–∞–Ω–Ω–æ–π —Ä–∞–±–æ—Ç
                                      —ã —è–≤–ª—è–µ—Ç—Å—è
You may provide a definition with
\DeclareUnicodeCharacter 


! Package inputenc Error: Unicode character —ã (U+044B)
(inputenc)                not set up for use with LaTeX.

See the inputenc package documentation for explanation.
Type  H <return>  for immediate help.
 ...                                              
                                                  
l.4 –¶–µ–ª—å—é –¥–∞–Ω–Ω–æ–π —Ä–∞–±–æ—Ç—ã
                                         —è–≤–ª—è–µ—Ç—Å—è
You may provide a definition with
\DeclareUnicodeCharacter 


! Package inputenc Error: Unicode character —è (U+044F)
(inputenc)                not set up for use with LaTeX.

See the inputenc package documentation for explanation.
Type  H <return>  for immediate help.
 ...                                              
                                                  
l.4 –¶–µ–ª—å—é –¥–∞–Ω–Ω–æ–π —Ä–∞–±–æ—Ç—ã —è
                                           –≤–ª—è–µ—Ç—Å—è
You may provide a definition with
\DeclareUnicodeCharacter 


! Package inputenc Error: Unicode character –≤ (U+0432)
(inputenc)                not set up for use with LaTeX.

See the inputenc package documentation for explanation.
Type  H <return>  for immediate help.
 ...                                              
                                                  
l.4 –¶–µ–ª—å—é –¥–∞–Ω–Ω–æ–π —Ä–∞–±–æ—Ç—ã —è–≤
                                             –ª—è–µ—Ç—Å—è
You may provide a definition with
\DeclareUnicodeCharacter 


! Package inputenc Error: Unicode character –ª (U+043B)
(inputenc)                not set up for use with LaTeX.

See the inputenc package documentation for explanation.
Type  H <return>  for immediate help.
 ...                                              
                                                  
l.4 –¶–µ–ª—å—é –¥–∞–Ω–Ω–æ–π —Ä–∞–±–æ—Ç—ã —è–≤–ª
                                               —è–µ—Ç—Å—è
You may provide a definition with
\DeclareUnicodeCharacter 


! Package inputenc Error: Unicode character —è (U+044F)
(inputenc)                not set up for use with LaTeX.

See the inputenc package documentation for explanation.
Type  H <return>  for immediate help.
 ...                                              
                                                  
l.4 –¶–µ–ª—å—é –¥–∞–Ω–Ω–æ–π —Ä–∞–±–æ—Ç—ã —è–≤–ª—è
                                                 –µ—Ç—Å—è
You may provide a definition with
\DeclareUnicodeCharacter 


! Package inputenc Error: Unicode character –µ (U+0435)
(inputenc)                not set up for use with LaTeX.

See the inputenc package documentation for explanation.
Type  H <return>  for immediate help.
 ...                                              
                                                  
l.4 ...–ª—å—é –¥–∞–Ω–Ω–æ–π —Ä–∞–±–æ—Ç—ã —è–≤–ª—è–µ
                                                  —Ç—Å—è
You may provide a definition with
\DeclareUnicodeCharacter 


! Package inputenc Error: Unicode character —Ç (U+0442)
(inputenc)                not set up for use with LaTeX.

See the inputenc package documentation for explanation.
Type  H <return>  for immediate help.
 ...                                              
                                                  
l.4 ...—å—é –¥–∞–Ω–Ω–æ–π —Ä–∞–±–æ—Ç—ã —è–≤–ª—è–µ—Ç
                                                  —Å—è
You may provide a definition with
\DeclareUnicodeCharacter 


! Package inputenc Error: Unicode character —Å (U+0441)
(inputenc)                not set up for use with LaTeX.

See the inputenc package documentation for explanation.
Type  H <return>  for immediate help.
 ...                                              
                                                  
l.4 ...—é –¥–∞–Ω–Ω–æ–π —Ä–∞–±–æ—Ç—ã —è–≤–ª—è–µ—Ç—Å
                                                  —è
You may provide a definition with
\DeclareUnicodeCharacter 


! Package inputenc Error: Unicode character —è (U+044F)
(inputenc)                not set up for use with LaTeX.

See the inputenc package documentation for explanation.
Type  H <return>  for immediate help.
 ...                                              
                                                  
l.4 ... –¥–∞–Ω–Ω–æ–π —Ä–∞–±–æ—Ç—ã —è–≤–ª—è–µ—Ç—Å—è
                                                  
You may provide a definition with
\DeclareUnicodeCharacter 


! Package inputenc Error: Unicode character –í (U+0412)
(inputenc)                not set up for use with LaTeX.

See the inputenc package documentation for explanation.
Type  H <return>  for immediate help.
 ...                                              
                                                  
l.6 –í
       —Ä–∞–º–∫–∞—Ö –≤—ã–ø–æ–ª–Ω–µ–Ω–∏—è —Ä–∞–±–æ—Ç—ã –Ω–µ–æ–±—Ö–æ–¥–∏–º–æ —...

You may provide a definition with
\DeclareUnicodeCharacter 


! Package inputenc Error: Unicode character —Ä (U+0440)
(inputenc)                not set up for use with LaTeX.

See the inputenc package documentation for explanation.
Type  H <return>  for immediate help.
 ...                                              
                                                  
l.6 –í —Ä
         –∞–º–∫–∞—Ö –≤—ã–ø–æ–ª–Ω–µ–Ω–∏—è —Ä–∞–±–æ—Ç—ã –Ω–µ–æ–±—Ö–æ–¥–∏–º–æ —...

You may provide a definition with
\DeclareUnicodeCharacter 


! Package inputenc Error: Unicode character –∞ (U+0430)
(inputenc)                not set up for use with LaTeX.

See the inputenc package documentation for explanation.
Type  H <return>  for immediate help.
 ...                                              
                                                  
l.6 –í —Ä–∞
           –º–∫–∞—Ö –≤—ã–ø–æ–ª–Ω–µ–Ω–∏—è —Ä–∞–±–æ—Ç—ã –Ω–µ–æ–±—Ö–æ–¥–∏–º–æ —...

You may provide a definition with
\DeclareUnicodeCharacter 


! Package inputenc Error: Unicode character –º (U+043C)
(inputenc)                not set up for use with LaTeX.

See the inputenc package documentation for explanation.
Type  H <return>  for immediate help.
 ...                                              
                                                  
l.6 –í —Ä–∞–º
             –∫–∞—Ö –≤—ã–ø–æ–ª–Ω–µ–Ω–∏—è —Ä–∞–±–æ—Ç—ã –Ω–µ–æ–±—Ö–æ–¥–∏–º–æ —...

You may provide a definition with
\DeclareUnicodeCharacter 


! Package inputenc Error: Unicode character –∫ (U+043A)
(inputenc)                not set up for use with LaTeX.

See the inputenc package documentation for explanation.
Type  H <return>  for immediate help.
 ...                                              
                                                  
l.6 –í —Ä–∞–º–∫
               –∞—Ö –≤—ã–ø–æ–ª–Ω–µ–Ω–∏—è —Ä–∞–±–æ—Ç—ã –Ω–µ–æ–±—Ö–æ–¥–∏–º–æ —...

You may provide a definition with
\DeclareUnicodeCharacter 


! Package inputenc Error: Unicode character –∞ (U+0430)
(inputenc)                not set up for use with LaTeX.

See the inputenc package documentation for explanation.
Type  H <return>  for immediate help.
 ...                                              
                                                  
l.6 –í —Ä–∞–º–∫–∞
                 —Ö –≤—ã–ø–æ–ª–Ω–µ–Ω–∏—è —Ä–∞–±–æ—Ç—ã –Ω–µ–æ–±—Ö–æ–¥–∏–º–æ —...

You may provide a definition with
\DeclareUnicodeCharacter 


! Package inputenc Error: Unicode character —Ö (U+0445)
(inputenc)                not set up for use with LaTeX.

See the inputenc package documentation for explanation.
Type  H <return>  for immediate help.
 ...                                              
                                                  
l.6 –í —Ä–∞–º–∫–∞—Ö
                    –≤—ã–ø–æ–ª–Ω–µ–Ω–∏—è —Ä–∞–±–æ—Ç—ã –Ω–µ–æ–±—Ö–æ–¥–∏–º–æ —...

You may provide a definition with
\DeclareUnicodeCharacter 


! Package inputenc Error: Unicode character –≤ (U+0432)
(inputenc)                not set up for use with LaTeX.

See the inputenc package documentation for explanation.
Type  H <return>  for immediate help.
 ...                                              
                                                  
l.6 –í —Ä–∞–º–∫–∞—Ö –≤
                      —ã–ø–æ–ª–Ω–µ–Ω–∏—è —Ä–∞–±–æ—Ç—ã –Ω–µ–æ–±—Ö–æ–¥–∏–º–æ —...

You may provide a definition with
\DeclareUnicodeCharacter 


! Package inputenc Error: Unicode character —ã (U+044B)
(inputenc)                not set up for use with LaTeX.

See the inputenc package documentation for explanation.
Type  H <return>  for immediate help.
 ...                                              
                                                  
l.6 –í —Ä–∞–º–∫–∞—Ö –≤—ã
                        –ø–æ–ª–Ω–µ–Ω–∏—è —Ä–∞–±–æ—Ç—ã –Ω–µ–æ–±—Ö–æ–¥–∏–º–æ —...

You may provide a definition with
\DeclareUnicodeCharacter 


! Package inputenc Error: Unicode character –ø (U+043F)
(inputenc)                not set up for use with LaTeX.

See the inputenc package documentation for explanation.
Type  H <return>  for immediate help.
 ...                                              
                                                  
l.6 –í —Ä–∞–º–∫–∞—Ö –≤—ã–ø
                          –æ–ª–Ω–µ–Ω–∏—è —Ä–∞–±–æ—Ç—ã –Ω–µ–æ–±—Ö–æ–¥–∏–º–æ —...

You may provide a definition with
\DeclareUnicodeCharacter 


! Package inputenc Error: Unicode character –æ (U+043E)
(inputenc)                not set up for use with LaTeX.

See the inputenc package documentation for explanation.
Type  H <return>  for immediate help.
 ...                                              
                                                  
l.6 –í —Ä–∞–º–∫–∞—Ö –≤—ã–ø–æ
                            –ª–Ω–µ–Ω–∏—è —Ä–∞–±–æ—Ç—ã –Ω–µ–æ–±—Ö–æ–¥–∏–º–æ —...

You may provide a definition with
\DeclareUnicodeCharacter 


! Package inputenc Error: Unicode character –ª (U+043B)
(inputenc)                not set up for use with LaTeX.

See the inputenc package documentation for explanation.
Type  H <return>  for immediate help.
 ...                                              
                                                  
l.6 –í —Ä–∞–º–∫–∞—Ö –≤—ã–ø–æ–ª
                              –Ω–µ–Ω–∏—è —Ä–∞–±–æ—Ç—ã –Ω–µ–æ–±—Ö–æ–¥–∏–º–æ —...

You may provide a definition with
\DeclareUnicodeCharacter 


! Package inputenc Error: Unicode character –Ω (U+043D)
(inputenc)                not set up for use with LaTeX.

See the inputenc package documentation for explanation.
Type  H <return>  for immediate help.
 ...                                              
                                                  
l.6 –í —Ä–∞–º–∫–∞—Ö –≤—ã–ø–æ–ª–Ω
                                –µ–Ω–∏—è —Ä–∞–±–æ—Ç—ã –Ω–µ–æ–±—Ö–æ–¥–∏–º–æ —...

You may provide a definition with
\DeclareUnicodeCharacter 


! Package inputenc Error: Unicode character –µ (U+0435)
(inputenc)                not set up for use with LaTeX.

See the inputenc package documentation for explanation.
Type  H <return>  for immediate help.
 ...                                              
                                                  
l.6 –í —Ä–∞–º–∫–∞—Ö –≤—ã–ø–æ–ª–Ω–µ
                                  –Ω–∏—è —Ä–∞–±–æ—Ç—ã –Ω–µ–æ–±—Ö–æ–¥–∏–º–æ —...

You may provide a definition with
\DeclareUnicodeCharacter 


! Package inputenc Error: Unicode character –Ω (U+043D)
(inputenc)                not set up for use with LaTeX.

See the inputenc package documentation for explanation.
Type  H <return>  for immediate help.
 ...                                              
                                                  
l.6 –í —Ä–∞–º–∫–∞—Ö –≤—ã–ø–æ–ª–Ω–µ–Ω
                                    –∏—è —Ä–∞–±–æ—Ç—ã –Ω–µ–æ–±—Ö–æ–¥–∏–º–æ —...

You may provide a definition with
\DeclareUnicodeCharacter 


! Package inputenc Error: Unicode character –∏ (U+0438)
(inputenc)                not set up for use with LaTeX.

See the inputenc package documentation for explanation.
Type  H <return>  for immediate help.
 ...                                              
                                                  
l.6 –í —Ä–∞–º–∫–∞—Ö –≤—ã–ø–æ–ª–Ω–µ–Ω–∏
                                      —è —Ä–∞–±–æ—Ç—ã –Ω–µ–æ–±—Ö–æ–¥–∏–º–æ —...

You may provide a definition with
\DeclareUnicodeCharacter 


! Package inputenc Error: Unicode character —è (U+044F)
(inputenc)                not set up for use with LaTeX.

See the inputenc package documentation for explanation.
Type  H <return>  for immediate help.
 ...                                              
                                                  
l.6 –í —Ä–∞–º–∫–∞—Ö –≤—ã–ø–æ–ª–Ω–µ–Ω–∏—è
                                         —Ä–∞–±–æ—Ç—ã –Ω–µ–æ–±—Ö–æ–¥–∏–º–æ —...

You may provide a definition with
\DeclareUnicodeCharacter 


! Package inputenc Error: Unicode character —Ä (U+0440)
(inputenc)                not set up for use with LaTeX.

See the inputenc package documentation for explanation.
Type  H <return>  for immediate help.
 ...                                              
                                                  
l.6 –í —Ä–∞–º–∫–∞—Ö –≤—ã–ø–æ–ª–Ω–µ–Ω–∏—è —Ä
                                           –∞–±–æ—Ç—ã –Ω–µ–æ–±—Ö–æ–¥–∏–º–æ —...

You may provide a definition with
\DeclareUnicodeCharacter 


! Package inputenc Error: Unicode character –∞ (U+0430)
(inputenc)                not set up for use with LaTeX.

See the inputenc package documentation for explanation.
Type  H <return>  for immediate help.
 ...                                              
                                                  
l.6 –í —Ä–∞–º–∫–∞—Ö –≤—ã–ø–æ–ª–Ω–µ–Ω–∏—è —Ä–∞
                                             –±–æ—Ç—ã –Ω–µ–æ–±—Ö–æ–¥–∏–º–æ —...

You may provide a definition with
\DeclareUnicodeCharacter 


! Package inputenc Error: Unicode character –± (U+0431)
(inputenc)                not set up for use with LaTeX.

See the inputenc package documentation for explanation.
Type  H <return>  for immediate help.
 ...                                              
                                                  
l.6 –í —Ä–∞–º–∫–∞—Ö –≤—ã–ø–æ–ª–Ω–µ–Ω–∏—è —Ä–∞–±
                                               –æ—Ç—ã –Ω–µ–æ–±—Ö–æ–¥–∏–º–æ —...

You may provide a definition with
\DeclareUnicodeCharacter 


! Package inputenc Error: Unicode character –æ (U+043E)
(inputenc)                not set up for use with LaTeX.

See the inputenc package documentation for explanation.
Type  H <return>  for immediate help.
 ...                                              
                                                  
l.6 –í —Ä–∞–º–∫–∞—Ö –≤—ã–ø–æ–ª–Ω–µ–Ω–∏—è —Ä–∞–±–æ
                                                 —Ç—ã –Ω–µ–æ–±—Ö–æ–¥–∏–º–æ —...

You may provide a definition with
\DeclareUnicodeCharacter 


! Package inputenc Error: Unicode character —Ç (U+0442)
(inputenc)                not set up for use with LaTeX.

See the inputenc package documentation for explanation.
Type  H <return>  for immediate help.
 ...                                              
                                                  
l.6 ...Ä–∞–º–∫–∞—Ö –≤—ã–ø–æ–ª–Ω–µ–Ω–∏—è —Ä–∞–±–æ—Ç
                                                  —ã –Ω–µ–æ–±—Ö–æ–¥–∏–º–æ —Ä...

You may provide a definition with
\DeclareUnicodeCharacter 


! Package inputenc Error: Unicode character —ã (U+044B)
(inputenc)                not set up for use with LaTeX.

See the inputenc package documentation for explanation.
Type  H <return>  for immediate help.
 ...                                              
                                                  
l.6 ...∞–º–∫–∞—Ö –≤—ã–ø–æ–ª–Ω–µ–Ω–∏—è —Ä–∞–±–æ—Ç—ã
                                                   –Ω–µ–æ–±—Ö–æ–¥–∏–º–æ —Ä–µ...

You may provide a definition with
\DeclareUnicodeCharacter 


! Package inputenc Error: Unicode character –Ω (U+043D)
(inputenc)                not set up for use with LaTeX.

See the inputenc package documentation for explanation.
Type  H <return>  for immediate help.
 ...                                              
                                                  
l.6 ...–∫–∞—Ö –≤—ã–ø–æ–ª–Ω–µ–Ω–∏—è —Ä–∞–±–æ—Ç—ã –Ω
                                                  –µ–æ–±—Ö–æ–¥–∏–º–æ —Ä–µ—à–...

You may provide a definition with
\DeclareUnicodeCharacter 


! Package inputenc Error: Unicode character –µ (U+0435)
(inputenc)                not set up for use with LaTeX.

See the inputenc package documentation for explanation.
Type  H <return>  for immediate help.
 ...                                              
                                                  
l.6 ...–∞—Ö –≤—ã–ø–æ–ª–Ω–µ–Ω–∏—è —Ä–∞–±–æ—Ç—ã –Ω–µ
                                                  –æ–±—Ö–æ–¥–∏–º–æ —Ä–µ—à–∏—...

You may provide a definition with
\DeclareUnicodeCharacter 


! Package inputenc Error: Unicode character –æ (U+043E)
(inputenc)                not set up for use with LaTeX.

See the inputenc package documentation for explanation.
Type  H <return>  for immediate help.
 ...                                              
                                                  
l.6 ...—Ö –≤—ã–ø–æ–ª–Ω–µ–Ω–∏—è —Ä–∞–±–æ—Ç—ã –Ω–µ–æ
                                                  –±—Ö–æ–¥–∏–º–æ —Ä–µ—à–∏—Ç—...

You may provide a definition with
\DeclareUnicodeCharacter 


! Package inputenc Error: Unicode character –± (U+0431)
(inputenc)                not set up for use with LaTeX.

See the inputenc package documentation for explanation.
Type  H <return>  for immediate help.
 ...                                              
                                                  
l.6 ... –≤—ã–ø–æ–ª–Ω–µ–Ω–∏—è —Ä–∞–±–æ—Ç—ã –Ω–µ–æ–±
                                                  —Ö–æ–¥–∏–º–æ —Ä–µ—à–∏—Ç—å ...

You may provide a definition with
\DeclareUnicodeCharacter 


! Package inputenc Error: Unicode character —Ö (U+0445)
(inputenc)                not set up for use with LaTeX.

See the inputenc package documentation for explanation.
Type  H <return>  for immediate help.
 ...                                              
                                                  
l.6 ...≤—ã–ø–æ–ª–Ω–µ–Ω–∏—è —Ä–∞–±–æ—Ç—ã –Ω–µ–æ–±—Ö
                                                  –æ–¥–∏–º–æ —Ä–µ—à–∏—Ç—å —Å...

You may provide a definition with
\DeclareUnicodeCharacter 


! Package inputenc Error: Unicode character –æ (U+043E)
(inputenc)                not set up for use with LaTeX.

See the inputenc package documentation for explanation.
Type  H <return>  for immediate help.
 ...                                              
                                                  
l.6 ...ã–ø–æ–ª–Ω–µ–Ω–∏—è —Ä–∞–±–æ—Ç—ã –Ω–µ–æ–±—Ö–æ
                                                  –¥–∏–º–æ —Ä–µ—à–∏—Ç—å —Å–ª...

You may provide a definition with
\DeclareUnicodeCharacter 


! Package inputenc Error: Unicode character –¥ (U+0434)
(inputenc)                not set up for use with LaTeX.

See the inputenc package documentation for explanation.
Type  H <return>  for immediate help.
 ...                                              
                                                  
l.6 ...ø–æ–ª–Ω–µ–Ω–∏—è —Ä–∞–±–æ—Ç—ã –Ω–µ–æ–±—Ö–æ–¥
                                                  –∏–º–æ —Ä–µ—à–∏—Ç—å —Å–ª–µ...

You may provide a definition with
\DeclareUnicodeCharacter 


! Package inputenc Error: Unicode character –∏ (U+0438)
(inputenc)                not set up for use with LaTeX.

See the inputenc package documentation for explanation.
Type  H <return>  for immediate help.
 ...                                              
                                                  
l.6 ...æ–ª–Ω–µ–Ω–∏—è —Ä–∞–±–æ—Ç—ã –Ω–µ–æ–±—Ö–æ–¥–∏
                                                  –º–æ —Ä–µ—à–∏—Ç—å —Å–ª–µ–¥...

You may provide a definition with
\DeclareUnicodeCharacter 


! Package inputenc Error: Unicode character –º (U+043C)
(inputenc)                not set up for use with LaTeX.

See the inputenc package documentation for explanation.
Type  H <return>  for immediate help.
 ...                                              
                                                  
l.6 ...ª–Ω–µ–Ω–∏—è —Ä–∞–±–æ—Ç—ã –Ω–µ–æ–±—Ö–æ–¥–∏–º
                                                  –æ —Ä–µ—à–∏—Ç—å —Å–ª–µ–¥—É...

You may provide a definition with
\DeclareUnicodeCharacter 


! Package inputenc Error: Unicode character –æ (U+043E)
(inputenc)                not set up for use with LaTeX.

See the inputenc package documentation for explanation.
Type  H <return>  for immediate help.
 ...                                              
                                                  
l.6 ...Ω–µ–Ω–∏—è —Ä–∞–±–æ—Ç—ã –Ω–µ–æ–±—Ö–æ–¥–∏–º–æ
                                                   —Ä–µ—à–∏—Ç—å —Å–ª–µ–¥—É—é...
(That makes 100 errors; please try again.) 
Here is how much of TeX's memory you used:
 41 strings out of 480616
 706 string characters out of 5906381
 239630 words of memory out of 6000000
 16036 multiletter control sequences out of 15000+600000
 532338 words of font info for 24 fonts, out of 8000000 for 9000
 1137 hyphenation exceptions out of 8191
 12i,0n,15p,136b,14s stack positions out of 5000i,500n,10000p,200000b,80000s

!  ==> Fatal error occurred, no output PDF file produced!
