\BOOKMARK [0][-]{chapter*.3}{\376\377\004\022\004\022\004\025\004\024\004\025\004\035\004\030\004\025}{}% 1
\BOOKMARK [0][-]{chapter.1}{\376\377\004\020\004\075\004\060\004\073\004\070\004\067\000\040\004\077\004\100\004\065\004\064\004\074\004\065\004\102\004\075\004\076\004\071\000\040\004\076\004\061\004\073\004\060\004\101\004\102\004\070}{}% 2
\BOOKMARK [1][-]{section.1.1}{\376\377\004\030\004\101\004\102\004\076\004\100\004\070\004\117\000\040\004\101\004\076\004\067\004\064\004\060\004\075\004\070\004\117}{chapter.1}% 3
\BOOKMARK [1][-]{section.1.2}{\376\377\004\027\004\060\004\064\004\060\004\107\004\070\000,\000\040\004\100\004\065\004\110\004\060\004\116\004\111\004\070\004\065\004\101\004\117\000\040\004\062\000\040\000T\000L\000S}{chapter.1}% 4
\BOOKMARK [1][-]{section.1.3}{\376\377\004\036\004\077\004\070\004\101\004\060\004\075\004\070\004\065\000\040\004\077\004\100\004\076\004\106\004\065\004\064\004\103\004\100\004\113}{chapter.1}% 5
\BOOKMARK [1][-]{section.1.4}{\376\377\004\036\004\061\004\074\004\065\004\075\000\040\004\072\004\073\004\116\004\107\004\060\004\074\004\070}{chapter.1}% 6
\BOOKMARK [1][-]{section.1.5}{\376\377\004\022\004\113\004\062\004\076\004\064}{chapter.1}% 7
\BOOKMARK [0][-]{chapter.2}{\376\377\004\032\004\073\004\060\004\101\004\101\004\070\004\104\004\070\004\072\004\060\004\106\004\070\004\117\000\040\004\101\004\103\004\111\004\065\004\101\004\102\004\062\004\103\004\116\004\111\004\070\004\105\000\040\004\100\004\065\004\110\004\065\004\075\004\070\004\071}{}% 8
\BOOKMARK [1][-]{section.2.1}{\376\377\004\041\004\103\004\111\004\065\004\101\004\102\004\062\004\103\004\116\004\111\004\070\004\065\000\040\004\100\004\065\004\110\004\065\004\075\004\070\004\117}{chapter.2}% 9
\BOOKMARK [2][-]{subsection.2.1.1}{\376\377\004\036\004\061\004\074\004\065\004\075\000\040\004\072\004\073\004\116\004\107\004\060\004\074\004\070\000\040\000D\000i\000f\000f\000i\000e\000\040\040\024\000\040\000H\000e\000l\000l\000m\000a\000n\000,\000\040\000D\000H}{section.2.1}% 10
\BOOKMARK [2][-]{subsection.2.1.2}{\376\377\004\036\004\061\004\074\004\065\004\075\000\040\004\072\004\073\004\116\004\107\004\060\004\074\004\070\000\040\000R\000S\000A}{section.2.1}% 11
\BOOKMARK [1][-]{section.2.2}{\376\377\004\032\004\100\004\070\004\102\004\065\004\100\004\070\004\071\000\040\004\077\004\076\000\040\004\072\004\076\004\073\004\073\004\070\004\107\004\065\004\101\004\102\004\062\004\103\000\040\004\072\004\073\004\116\004\107\004\065\004\071}{chapter.2}% 12
\BOOKMARK [1][-]{section.2.3}{\376\377\004\020\004\072\004\102\004\070\004\062\004\075\004\113\004\065\000\040\004\060\004\102\004\060\004\072\004\070\000\040\004\075\004\060\000\040\004\072\004\100\004\070\004\077\004\102\004\076\004\101\004\070\004\101\004\102\004\065\004\074\004\113}{chapter.2}% 13
\BOOKMARK [2][-]{subsection.2.3.1}{\376\377\004\020\004\102\004\060\004\072\004\060\000\040\000"\004\107\004\065\004\073\004\076\004\062\004\065\004\072\000\040\004\077\004\076\004\101\004\065\004\100\004\065\004\064\004\070\004\075\004\065\000"\000\050\000m\000a\000n\000-\000i\000n\000-\000t\000h\000e\000-\000m\000i\000d\000d\000l\000e\000\040\000a\000t\000t\000a\000c\000k\000\040\040\024\000\040\000M\000I\000T\000M\000\051}{section.2.3}% 14
\BOOKMARK [2][-]{subsection.2.3.2}{\376\377\004\020\004\102\004\060\004\072\004\060\000\040\004\075\004\060\000\040\004\076\004\101\004\075\004\076\004\062\004\065\000\040\004\077\004\076\004\064\004\076\004\061\004\100\004\060\004\075\004\075\004\076\004\063\004\076\000\040\004\076\004\102\004\072\004\100\004\113\004\102\004\076\004\063\004\076\000\040\004\102\004\065\004\072\004\101\004\102\004\060\000\040\000\050\000c\000h\000o\000s\000e\000n\000-\000p\000l\000a\000i\000n\000t\000e\000x\000t\000\040\000a\000t\000t\000a\000c\000k\000\040\040\024\000\040\000C\000P\000A\000\051\000.}{section.2.3}% 15
\BOOKMARK [2][-]{subsection.2.3.3}{\376\377\004\020\004\102\004\060\004\072\004\060\000\040\004\075\004\060\000\040\004\076\004\101\004\075\004\076\004\062\004\065\000\040\004\077\004\076\004\064\004\076\004\061\004\100\004\060\004\075\004\075\004\076\004\063\004\076\000\040\004\067\004\060\004\110\004\070\004\104\004\100\004\076\004\062\004\060\004\075\004\075\004\076\004\063\004\076\000\040\004\102\004\065\004\072\004\101\004\102\004\060\000\040\000\050\000c\000h\000o\000s\000e\000n\000-\000c\000i\000p\000h\000e\000r\000t\000e\000x\000t\000\040\000a\000t\000t\000a\000c\000k\000\040\040\024\000\040\000C\000C\000A\000\051\000.}{section.2.3}% 16
\BOOKMARK [2][-]{subsection.2.3.4}{\376\377\004\020\004\102\004\060\004\072\004\060\000\040\004\075\004\060\000\040\004\076\004\101\004\075\004\076\004\062\004\065\000\040\004\060\004\064\004\060\004\077\004\102\004\070\004\062\004\075\004\076\000\040\004\077\004\076\004\064\004\076\004\061\004\100\004\060\004\075\004\075\004\076\004\063\004\076\000\040\004\067\004\060\004\110\004\070\004\104\004\100\004\076\004\062\004\060\004\075\004\075\004\076\004\063\004\076\000\040\004\102\004\065\004\072\004\101\004\102\004\060\000\040\000\050\000a\000d\000a\000p\000t\000i\000v\000e\000\040\000c\000h\000o\000s\000e\000n\000-\000c\000i\000p\000h\000e\000r\000t\000e\000x\000t\000\040\000a\000t\000t\000a\000c\000k\000\040\040\024\000\040\000C\000C\000A\0002\000\051\000.}{section.2.3}% 17
\BOOKMARK [1][-]{section.2.4}{\376\377\004\022\004\113\004\062\004\076\004\064}{chapter.2}% 18
\BOOKMARK [0][-]{chapter*.9}{\376\377\004\027\004\020\004\032\004\033\004\056\004\047\004\025\004\035\004\030\004\025}{}% 19
\BOOKMARK [0][-]{chapter*.10}{\376\377\004\041\004\037\004\030\004\041\004\036\004\032\000\040\004\030\004\041\004\037\004\036\004\033\004\054\004\027\004\036\004\022\004\020\004\035\004\035\004\053\004\045\000\040\004\030\004\041\004\042\004\036\004\047\004\035\004\030\004\032\004\036\004\022}{}% 20
